#
# There is insufficient memory for the Java Runtime Environment to continue.
# Native memory allocation (mmap) failed to map 97517568 bytes for Failed to commit area from 0x0000000085d00000 to 0x000000008ba00000 of length 97517568.
# Possible reasons:
#   The system is out of physical RAM or swap space
#   The process is running with CompressedOops enabled, and the Java Heap may be blocking the growth of the native heap
# Possible solutions:
#   Reduce memory load on the system
#   Increase physical memory or swap space
#   Check if swap backing store is full
#   Decrease Java heap size (-Xmx/-Xms)
#   Decrease number of Java threads
#   Decrease Java thread stack sizes (-Xss)
#   Set larger code cache with -XX:ReservedCodeCacheSize=
#   JVM is running with Unscaled Compressed Oops mode in which the Java heap is
#     placed in the first 4GB address space. The Java Heap base address is the
#     maximum limit for the native heap growth. Please use -XX:HeapBaseMinAddress
#     to set the Java Heap base and to place the Java Heap above 4GB virtual address.
# This output file may be truncated or incomplete.
#
#  Out of Memory Error (./src/hotspot/os/windows/os_windows.cpp:3301), pid=8460, tid=7708
#
# JRE version: OpenJDK Runtime Environment (11.0.11+9) (build 11.0.11+9-b60-7590822)
# Java VM: OpenJDK 64-Bit Server VM (11.0.11+9-b60-7590822, mixed mode, tiered, compressed oops, g1 gc, windows-amd64)
# No core dump will be written. Minidumps are not enabled by default on client versions of Windows
#

---------------  S U M M A R Y ------------

Command Line: --add-opens=java.base/java.util=ALL-UNNAMED --add-opens=java.base/java.lang=ALL-UNNAMED --add-opens=java.base/java.lang.invoke=ALL-UNNAMED --add-opens=java.base/java.util=ALL-UNNAMED --add-opens=java.prefs/java.util.prefs=ALL-UNNAMED --add-opens=java.prefs/java.util.prefs=ALL-UNNAMED --add-opens=java.base/java.nio.charset=ALL-UNNAMED --add-opens=java.base/java.net=ALL-UNNAMED --add-opens=java.base/java.util.concurrent.atomic=ALL-UNNAMED -Xmx2048m -Dfile.encoding=UTF-8 -Duser.country=US -Duser.language=en -Duser.variant org.gradle.launcher.daemon.bootstrap.GradleDaemon 7.4.2

Host: Intel(R) Core(TM) i3-8130U CPU @ 2.20GHz, 4 cores, 3G,  Windows 10 , 64 bit Build 19041 (10.0.19041.804)
Time: Mon Apr 11 21:38:14 2022 Bangladesh Standard Time elapsed time: 12.812710 seconds (0d 0h 0m 12s)

---------------  T H R E A D  ---------------

Current thread (0x0000014e874f6000):  VMThread "VM Thread" [stack: 0x0000002cffa00000,0x0000002cffb00000] [id=7708]

Stack: [0x0000002cffa00000,0x0000002cffb00000]
[error occurred during error reporting (printing stack bounds), id 0xc0000005, EXCEPTION_ACCESS_VIOLATION (0xc0000005) at pc=0x0000014ef0c30f2d]

Native frames: (J=compiled Java code, j=interpreted, Vv=VM code, C=native code)
V  [jvm.dll+0x5f214a]
V  [jvm.dll+0x726fb5]
V  [jvm.dll+0x7285cd]
V  [jvm.dll+0x728be5]
V  [jvm.dll+0x728b9b]
V  [jvm.dll+0x5f14e8]
V  [jvm.dll+0x5f1c78]
C  [ntdll.dll+0xa1f6f]
C  [ntdll.dll+0x51454]
C  [ntdll.dll+0xa0a9e]
C  0x0000014ef0c30f2d

VM_Operation (0x0000002c81efd3d0): G1CollectForAllocation, mode: safepoint, requested by thread 0x0000014e8a07e800


---------------  P R O C E S S  ---------------

Threads class SMR info:
_java_thread_list=0x0000014e8c4babe0, length=77, elements={
0x0000014eed108000, 0x0000014e874fd000, 0x0000014e87505800, 0x0000014e87557000,
0x0000014e8755b000, 0x0000014e8755d000, 0x0000014e87562000, 0x0000014e87566800,
0x0000014e8756f800, 0x0000014e87fd1000, 0x0000014e89419800, 0x0000014e89867000,
0x0000014e8994b000, 0x0000014e8a056800, 0x0000014e8994c000, 0x0000014e88a30000,
0x0000014e89c89800, 0x0000014e882a6800, 0x0000014e882a7000, 0x0000014e89ed0000,
0x0000014e89ed2800, 0x0000014e89ed4000, 0x0000014e89ed5000, 0x0000014e89ed1000,
0x0000014e89ecf800, 0x0000014e89ed3800, 0x0000014e89ed1800, 0x0000014e89ed6000,
0x0000014e8a07c000, 0x0000014e8a07e000, 0x0000014e8a078000, 0x0000014e8a07d000,
0x0000014e8a07e800, 0x0000014e8a07b800, 0x0000014e8a079000, 0x0000014e8db11800,
0x0000014e8db0e800, 0x0000014e8db10000, 0x0000014e8db0f800, 0x0000014e8db12800,
0x0000014e8db11000, 0x0000014e8db0d000, 0x0000014e8db13800, 0x0000014e8db0d800,
0x0000014e8db15000, 0x0000014e8db1a000, 0x0000014e8db16000, 0x0000014e8db16800,
0x0000014e8db14000, 0x0000014e8db1a800, 0x0000014e8db17800, 0x0000014e8db1b800,
0x0000014e8db18800, 0x0000014e8db19000, 0x0000014e8dab5800, 0x0000014e8dab7800,
0x0000014e8dab6000, 0x0000014e8dab7000, 0x0000014e8dab4800, 0x0000014e8dab8800,
0x0000014e8dab9800, 0x0000014e8dab3800, 0x0000014e8daba000, 0x0000014e8c88a800,
0x0000014e8c88c800, 0x0000014e8c88f000, 0x0000014e8c88d800, 0x0000014e8c891000,
0x0000014e8c890000, 0x0000014e8c88e800, 0x0000014e8c88b000, 0x0000014e8c891800,
0x0000014e8c88c000, 0x0000014e8c895800, 0x0000014e8c898000, 0x0000014e8c894000,
0x0000014e8c895000
}

Java Threads: ( => current thread )
  0x0000014eed108000 JavaThread "main" [_thread_blocked, id=2248, stack(0x0000002cff400000,0x0000002cff500000)]
  0x0000014e874fd000 JavaThread "Reference Handler" daemon [_thread_blocked, id=5560, stack(0x0000002cffb00000,0x0000002cffc00000)]
  0x0000014e87505800 JavaThread "Finalizer" daemon [_thread_blocked, id=7940, stack(0x0000002cffc00000,0x0000002cffd00000)]
  0x0000014e87557000 JavaThread "Signal Dispatcher" daemon [_thread_blocked, id=3048, stack(0x0000002cffd00000,0x0000002cffe00000)]
  0x0000014e8755b000 JavaThread "Attach Listener" daemon [_thread_blocked, id=3856, stack(0x0000002cffe00000,0x0000002cfff00000)]
  0x0000014e8755d000 JavaThread "Service Thread" daemon [_thread_blocked, id=6880, stack(0x0000002cfff00000,0x0000002d00000000)]
  0x0000014e87562000 JavaThread "C2 CompilerThread0" daemon [_thread_blocked, id=5420, stack(0x0000002c80000000,0x0000002c80100000)]
  0x0000014e87566800 JavaThread "C1 CompilerThread0" daemon [_thread_blocked, id=8480, stack(0x0000002c80100000,0x0000002c80200000)]
  0x0000014e8756f800 JavaThread "Sweeper thread" daemon [_thread_blocked, id=8556, stack(0x0000002c80200000,0x0000002c80300000)]
  0x0000014e87fd1000 JavaThread "Common-Cleaner" daemon [_thread_blocked, id=5596, stack(0x0000002c80300000,0x0000002c80400000)]
  0x0000014e89419800 JavaThread "Daemon health stats" [_thread_blocked, id=7156, stack(0x0000002c80600000,0x0000002c80700000)]
  0x0000014e89867000 JavaThread "Incoming local TCP Connector on port 3635" [_thread_in_native, id=3760, stack(0x0000002c80900000,0x0000002c80a00000)]
  0x0000014e8994b000 JavaThread "Daemon periodic checks" [_thread_blocked, id=7240, stack(0x0000002c80a00000,0x0000002c80b00000)]
  0x0000014e8a056800 JavaThread "Daemon" [_thread_blocked, id=5804, stack(0x0000002c80b00000,0x0000002c80c00000)]
  0x0000014e8994c000 JavaThread "Handler for socket connection from /127.0.0.1:3635 to /127.0.0.1:3636" [_thread_in_native, id=2392, stack(0x0000002c80c00000,0x0000002c80d00000)]
  0x0000014e88a30000 JavaThread "Cancel handler" [_thread_blocked, id=7700, stack(0x0000002c80d00000,0x0000002c80e00000)]
  0x0000014e89c89800 JavaThread "Daemon worker" [_thread_blocked, id=8664, stack(0x0000002c80e00000,0x0000002c80f00000)]
  0x0000014e882a6800 JavaThread "Asynchronous log dispatcher for DefaultDaemonConnection: socket connection from /127.0.0.1:3635 to /127.0.0.1:3636" [_thread_blocked, id=9032, stack(0x0000002c80f00000,0x0000002c81000000)]
  0x0000014e882a7000 JavaThread "Stdin handler" [_thread_blocked, id=1380, stack(0x0000002c81000000,0x0000002c81100000)]
  0x0000014e89ed0000 JavaThread "Daemon client event forwarder" [_thread_blocked, id=9148, stack(0x0000002c81100000,0x0000002c81200000)]
  0x0000014e89ed2800 JavaThread "Cache worker for journal cache (C:\Users\Pixel\.gradle\caches\journal-1)" [_thread_blocked, id=9012, stack(0x0000002c81200000,0x0000002c81300000)]
  0x0000014e89ed4000 JavaThread "File lock request listener" [_thread_in_native, id=5712, stack(0x0000002c81300000,0x0000002c81400000)]
  0x0000014e89ed5000 JavaThread "Cache worker for file hash cache (C:\Users\Pixel\.gradle\caches\7.4.2\fileHashes)" [_thread_blocked, id=5788, stack(0x0000002c81400000,0x0000002c81500000)]
  0x0000014e89ed1000 JavaThread "File watcher server" daemon [_thread_in_native, id=4388, stack(0x0000002c81500000,0x0000002c81600000)]
  0x0000014e89ecf800 JavaThread "File watcher consumer" daemon [_thread_blocked, id=1568, stack(0x0000002c81600000,0x0000002c81700000)]
  0x0000014e89ed3800 JavaThread "Cache worker for checksums cache (F:\Apps\SimInformation\.gradle\7.4.2\checksums)" [_thread_blocked, id=8436, stack(0x0000002c81700000,0x0000002c81800000)]
  0x0000014e89ed1800 JavaThread "Cache worker for cache directory md-rule (C:\Users\Pixel\.gradle\caches\7.4.2\md-rule)" [_thread_blocked, id=872, stack(0x0000002c81800000,0x0000002c81900000)]
  0x0000014e89ed6000 JavaThread "Cache worker for file hash cache (F:\Apps\SimInformation\.gradle\7.4.2\fileHashes)" [_thread_blocked, id=7096, stack(0x0000002c81900000,0x0000002c81a00000)]
  0x0000014e8a07c000 JavaThread "Cache worker for cache directory md-supplier (C:\Users\Pixel\.gradle\caches\7.4.2\md-supplier)" [_thread_blocked, id=5176, stack(0x0000002c81a00000,0x0000002c81b00000)]
  0x0000014e8a07e000 JavaThread "Cache worker for execution history cache (C:\Users\Pixel\.gradle\caches\7.4.2\executionHistory)" [_thread_blocked, id=8672, stack(0x0000002c81b00000,0x0000002c81c00000)]
  0x0000014e8a078000 JavaThread "jar transforms" [_thread_blocked, id=8512, stack(0x0000002c81c00000,0x0000002c81d00000)]
  0x0000014e8a07d000 JavaThread "Cache worker for file content cache (C:\Users\Pixel\.gradle\caches\7.4.2\fileContent)" [_thread_blocked, id=568, stack(0x0000002c81d00000,0x0000002c81e00000)]
  0x0000014e8a07e800 JavaThread "jar transforms Thread 2" [_thread_blocked, id=9004, stack(0x0000002c81e00000,0x0000002c81f00000)]
  0x0000014e8a07b800 JavaThread "Cache worker for dependencies-accessors (F:\Apps\SimInformation\.gradle\7.4.2\dependencies-accessors)" [_thread_blocked, id=9008, stack(0x0000002c81f00000,0x0000002c82000000)]
  0x0000014e8a079000 JavaThread "jar transforms Thread 3" [_thread_blocked, id=8592, stack(0x0000002c82000000,0x0000002c82100000)]
  0x0000014e8db11800 JavaThread "Cache worker for Build Output Cleanup Cache (F:\Apps\SimInformation\.gradle\buildOutputCleanup)" [_thread_blocked, id=6136, stack(0x0000002c82100000,0x0000002c82200000)]
  0x0000014e8db0e800 JavaThread "Unconstrained build operations" [_thread_blocked, id=7272, stack(0x0000002c82200000,0x0000002c82300000)]
  0x0000014e8db10000 JavaThread "Unconstrained build operations Thread 2" [_thread_blocked, id=3744, stack(0x0000002c82300000,0x0000002c82400000)]
  0x0000014e8db0f800 JavaThread "Unconstrained build operations Thread 3" [_thread_blocked, id=3676, stack(0x0000002c82400000,0x0000002c82500000)]
  0x0000014e8db12800 JavaThread "Unconstrained build operations Thread 4" [_thread_blocked, id=7920, stack(0x0000002c82500000,0x0000002c82600000)]
  0x0000014e8db11000 JavaThread "Unconstrained build operations Thread 5" [_thread_blocked, id=5956, stack(0x0000002c82600000,0x0000002c82700000)]
  0x0000014e8db0d000 JavaThread "Unconstrained build operations Thread 6" [_thread_blocked, id=8848, stack(0x0000002c82700000,0x0000002c82800000)]
  0x0000014e8db13800 JavaThread "Unconstrained build operations Thread 7" [_thread_blocked, id=5908, stack(0x0000002c82800000,0x0000002c82900000)]
  0x0000014e8db0d800 JavaThread "Unconstrained build operations Thread 8" [_thread_blocked, id=7968, stack(0x0000002c82900000,0x0000002c82a00000)]
  0x0000014e8db15000 JavaThread "Unconstrained build operations Thread 9" [_thread_blocked, id=5160, stack(0x0000002c82a00000,0x0000002c82b00000)]
  0x0000014e8db1a000 JavaThread "Unconstrained build operations Thread 10" [_thread_blocked, id=6712, stack(0x0000002c82b00000,0x0000002c82c00000)]
  0x0000014e8db16000 JavaThread "Unconstrained build operations Thread 11" [_thread_blocked, id=8168, stack(0x0000002c82c00000,0x0000002c82d00000)]
  0x0000014e8db16800 JavaThread "Unconstrained build operations Thread 12" [_thread_blocked, id=9212, stack(0x0000002c82d00000,0x0000002c82e00000)]
  0x0000014e8db14000 JavaThread "Unconstrained build operations Thread 13" [_thread_blocked, id=6500, stack(0x0000002c82e00000,0x0000002c82f00000)]
  0x0000014e8db1a800 JavaThread "Unconstrained build operations Thread 14" [_thread_blocked, id=4752, stack(0x0000002c82f00000,0x0000002c83000000)]
  0x0000014e8db17800 JavaThread "Unconstrained build operations Thread 15" [_thread_blocked, id=7488, stack(0x0000002c83000000,0x0000002c83100000)]
  0x0000014e8db1b800 JavaThread "Unconstrained build operations Thread 16" [_thread_blocked, id=7100, stack(0x0000002c83100000,0x0000002c83200000)]
  0x0000014e8db18800 JavaThread "Unconstrained build operations Thread 17" [_thread_blocked, id=9184, stack(0x0000002c83200000,0x0000002c83300000)]
  0x0000014e8db19000 JavaThread "Unconstrained build operations Thread 18" [_thread_blocked, id=8548, stack(0x0000002c83300000,0x0000002c83400000)]
  0x0000014e8dab5800 JavaThread "Unconstrained build operations Thread 19" [_thread_blocked, id=2212, stack(0x0000002c83400000,0x0000002c83500000)]
  0x0000014e8dab7800 JavaThread "Unconstrained build operations Thread 20" [_thread_blocked, id=1480, stack(0x0000002c83500000,0x0000002c83600000)]
  0x0000014e8dab6000 JavaThread "Unconstrained build operations Thread 21" [_thread_blocked, id=3312, stack(0x0000002c83600000,0x0000002c83700000)]
  0x0000014e8dab7000 JavaThread "Unconstrained build operations Thread 22" [_thread_blocked, id=7016, stack(0x0000002c83700000,0x0000002c83800000)]
  0x0000014e8dab4800 JavaThread "Unconstrained build operations Thread 23" [_thread_blocked, id=3732, stack(0x0000002c83800000,0x0000002c83900000)]
  0x0000014e8dab8800 JavaThread "Unconstrained build operations Thread 24" [_thread_blocked, id=8728, stack(0x0000002c83900000,0x0000002c83a00000)]
  0x0000014e8dab9800 JavaThread "Unconstrained build operations Thread 25" [_thread_blocked, id=7380, stack(0x0000002c83a00000,0x0000002c83b00000)]
  0x0000014e8dab3800 JavaThread "Unconstrained build operations Thread 26" [_thread_blocked, id=2272, stack(0x0000002c83b00000,0x0000002c83c00000)]
  0x0000014e8daba000 JavaThread "Unconstrained build operations Thread 27" [_thread_blocked, id=9076, stack(0x0000002c83c00000,0x0000002c83d00000)]
  0x0000014e8c88a800 JavaThread "Unconstrained build operations Thread 28" [_thread_blocked, id=7204, stack(0x0000002c83d00000,0x0000002c83e00000)]
  0x0000014e8c88c800 JavaThread "Unconstrained build operations Thread 29" [_thread_blocked, id=6932, stack(0x0000002c83e00000,0x0000002c83f00000)]
  0x0000014e8c88f000 JavaThread "Unconstrained build operations Thread 30" [_thread_blocked, id=7216, stack(0x0000002c83f00000,0x0000002c84000000)]
  0x0000014e8c88d800 JavaThread "Unconstrained build operations Thread 31" [_thread_blocked, id=7356, stack(0x0000002c84000000,0x0000002c84100000)]
  0x0000014e8c891000 JavaThread "Unconstrained build operations Thread 32" [_thread_blocked, id=5000, stack(0x0000002c84100000,0x0000002c84200000)]
  0x0000014e8c890000 JavaThread "Unconstrained build operations Thread 33" [_thread_blocked, id=2696, stack(0x0000002c84200000,0x0000002c84300000)]
  0x0000014e8c88e800 JavaThread "Unconstrained build operations Thread 34" [_thread_blocked, id=8912, stack(0x0000002c84300000,0x0000002c84400000)]
  0x0000014e8c88b000 JavaThread "Unconstrained build operations Thread 35" [_thread_blocked, id=1816, stack(0x0000002c84400000,0x0000002c84500000)]
  0x0000014e8c891800 JavaThread "Unconstrained build operations Thread 36" [_thread_blocked, id=1252, stack(0x0000002c84500000,0x0000002c84600000)]
  0x0000014e8c88c000 JavaThread "Unconstrained build operations Thread 37" [_thread_blocked, id=6196, stack(0x0000002c84600000,0x0000002c84700000)]
  0x0000014e8c895800 JavaThread "Unconstrained build operations Thread 38" [_thread_blocked, id=5496, stack(0x0000002c84700000,0x0000002c84800000)]
  0x0000014e8c898000 JavaThread "Unconstrained build operations Thread 39" [_thread_blocked, id=6912, stack(0x0000002c84800000,0x0000002c84900000)]
  0x0000014e8c894000 JavaThread "Unconstrained build operations Thread 40" [_thread_blocked, id=7784, stack(0x0000002c84900000,0x0000002c84a00000)]
  0x0000014e8c895000 JavaThread "jar transforms Thread 4" [_thread_blocked, id=5672, stack(0x0000002c84a00000,0x0000002c84b00000)]

Other Threads:
=>0x0000014e874f6000 VMThread "VM Thread" [stack: 0x0000002cffa00000,0x0000002cffb00000] [id=7708]
  0x0000014e87ffe000 WatcherThread [stack: 0x0000002c80400000,0x0000002c80500000] [id=8836]
  0x0000014eed121000 GCTaskThread "GC Thread#0" [stack: 0x0000002cff500000,0x0000002cff600000] [id=6492]
  0x0000014e88776000 GCTaskThread "GC Thread#1" [stack: 0x0000002c80500000,0x0000002c80600000] [id=9100]
  0x0000014e8984f800 GCTaskThread "GC Thread#2" [stack: 0x0000002c80700000,0x0000002c80800000] [id=4684]
  0x0000014e89c95800 GCTaskThread "GC Thread#3" [stack: 0x0000002c80800000,0x0000002c80900000] [id=3452]
  0x0000014eed154000 ConcurrentGCThread "G1 Main Marker" [stack: 0x0000002cff600000,0x0000002cff700000] [id=7004]
  0x0000014eed155000 ConcurrentGCThread "G1 Conc#0" [stack: 0x0000002cff700000,0x0000002cff800000] [id=3612]
  0x0000014eed1b1000 ConcurrentGCThread "G1 Refine#0" [stack: 0x0000002cff800000,0x0000002cff900000] [id=6456]
  0x0000014eed1b2000 ConcurrentGCThread "G1 Young RemSet Sampling" [stack: 0x0000002cff900000,0x0000002cffa00000] [id=9016]

Threads with active compile tasks:
C2 CompilerThread0  12862 5355       4       org.objectweb.asm.ClassReader::readCode (5109 bytes)

VM state:at safepoint (normal execution)

VM Mutex/Monitor currently owned by a thread:  ([mutex/lock_event])
[0x0000014eed1046f0] Threads_lock - owner thread: 0x0000014e874f6000
[0x0000014eed105fb0] Heap_lock - owner thread: 0x0000014e8a07e800

Heap address: 0x0000000080000000, size: 2048 MB, Compressed Oops mode: 32-bit
Narrow klass base: 0x0000000000000000, Narrow klass shift: 3
Compressed class space size: 1073741824 Address: 0x0000000100000000

Heap:
 garbage-first heap   total 190464K, used 37108K [0x0000000080000000, 0x0000000100000000)
  region size 1024K, 5 young (5120K), 5 survivors (5120K)
 Metaspace       used 49032K, capacity 50159K, committed 50332K, reserved 1093632K
  class space    used 6247K, capacity 6696K, committed 6812K, reserved 1048576K
Heap Regions: E=young(eden), S=young(survivor), O=old, HS=humongous(starts), HC=humongous(continues), CS=collection set, F=free, A=archive, TAMS=top-at-mark-start (previous, next)
|   0|0x0000000080000000, 0x0000000080100000, 0x0000000080100000|100%| O|  |TAMS 0x0000000080100000, 0x0000000080000000| Untracked 
|   1|0x0000000080100000, 0x0000000080200000, 0x0000000080200000|100%| O|  |TAMS 0x0000000080200000, 0x0000000080100000| Untracked 
|   2|0x0000000080200000, 0x0000000080300000, 0x0000000080300000|100%| O|  |TAMS 0x0000000080300000, 0x0000000080200000| Untracked 
|   3|0x0000000080300000, 0x0000000080400000, 0x0000000080400000|100%|HS|  |TAMS 0x0000000080400000, 0x0000000080300000| Complete 
|   4|0x0000000080400000, 0x0000000080500000, 0x0000000080500000|100%|HC|  |TAMS 0x0000000080500000, 0x0000000080400000| Complete 
|   5|0x0000000080500000, 0x0000000080600000, 0x0000000080600000|100%|HC|  |TAMS 0x0000000080600000, 0x0000000080500000| Complete 
|   6|0x0000000080600000, 0x0000000080700000, 0x0000000080700000|100%| O|  |TAMS 0x0000000080700000, 0x0000000080600000| Untracked 
|   7|0x0000000080700000, 0x0000000080800000, 0x0000000080800000|100%| O|  |TAMS 0x0000000080800000, 0x0000000080700000| Untracked 
|   8|0x0000000080800000, 0x0000000080900000, 0x0000000080900000|100%| O|  |TAMS 0x0000000080900000, 0x0000000080800000| Untracked 
|   9|0x0000000080900000, 0x0000000080a00000, 0x0000000080a00000|100%| O|  |TAMS 0x0000000080a00000, 0x0000000080900000| Untracked 
|  10|0x0000000080a00000, 0x0000000080b00000, 0x0000000080b00000|100%| O|  |TAMS 0x0000000080b00000, 0x0000000080a00000| Untracked 
|  11|0x0000000080b00000, 0x0000000080c00000, 0x0000000080c00000|100%| O|  |TAMS 0x0000000080c00000, 0x0000000080b00000| Untracked 
|  12|0x0000000080c00000, 0x0000000080d00000, 0x0000000080d00000|100%| O|  |TAMS 0x0000000080d00000, 0x0000000080c00000| Untracked 
|  13|0x0000000080d00000, 0x0000000080e00000, 0x0000000080e00000|100%| O|  |TAMS 0x0000000080e00000, 0x0000000080d00000| Untracked 
|  14|0x0000000080e00000, 0x0000000080f00000, 0x0000000080f00000|100%| O|  |TAMS 0x0000000080f00000, 0x0000000080e00000| Untracked 
|  15|0x0000000080f00000, 0x0000000081000000, 0x0000000081000000|100%| O|  |TAMS 0x0000000081000000, 0x0000000080f00000| Untracked 
|  16|0x0000000081000000, 0x0000000081100000, 0x0000000081100000|100%| O|  |TAMS 0x0000000081100000, 0x0000000081000000| Untracked 
|  17|0x0000000081100000, 0x0000000081200000, 0x0000000081200000|100%| O|  |TAMS 0x0000000081200000, 0x0000000081100000| Untracked 
|  18|0x0000000081200000, 0x0000000081300000, 0x0000000081300000|100%| O|  |TAMS 0x0000000081300000, 0x0000000081200000| Untracked 
|  19|0x0000000081300000, 0x0000000081400000, 0x0000000081400000|100%| O|  |TAMS 0x00000000813adc00, 0x0000000081300000| Untracked 
|  20|0x0000000081400000, 0x0000000081500000, 0x0000000081500000|100%| O|  |TAMS 0x0000000081400000, 0x0000000081400000| Untracked 
|  21|0x0000000081500000, 0x0000000081600000, 0x0000000081600000|100%| O|  |TAMS 0x0000000081500000, 0x0000000081500000| Untracked 
|  22|0x0000000081600000, 0x0000000081700000, 0x0000000081700000|100%| O|  |TAMS 0x0000000081600000, 0x0000000081600000| Untracked 
|  23|0x0000000081700000, 0x0000000081800000, 0x0000000081800000|100%| O|  |TAMS 0x0000000081700000, 0x0000000081700000| Untracked 
|  24|0x0000000081800000, 0x0000000081900000, 0x0000000081900000|100%| O|  |TAMS 0x0000000081800000, 0x0000000081800000| Untracked 
|  25|0x0000000081900000, 0x0000000081a00000, 0x0000000081a00000|100%| O|  |TAMS 0x0000000081900000, 0x0000000081900000| Untracked 
|  26|0x0000000081a00000, 0x0000000081b00000, 0x0000000081b00000|100%| O|  |TAMS 0x0000000081a00000, 0x0000000081a00000| Untracked 
|  27|0x0000000081b00000, 0x0000000081c00000, 0x0000000081c00000|100%| O|  |TAMS 0x0000000081b00000, 0x0000000081b00000| Untracked 
|  28|0x0000000081c00000, 0x0000000081d00000, 0x0000000081d00000|100%| O|  |TAMS 0x0000000081c00000, 0x0000000081c00000| Untracked 
|  29|0x0000000081d00000, 0x0000000081d00000, 0x0000000081e00000|  0%| F|  |TAMS 0x0000000081d00000, 0x0000000081d00000| Untracked 
|  30|0x0000000081e00000, 0x0000000081f00000, 0x0000000081f00000|100%|HS|  |TAMS 0x0000000081e00000, 0x0000000081e00000| Complete 
|  31|0x0000000081f00000, 0x0000000082000000, 0x0000000082000000|100%| O|  |TAMS 0x0000000081f00000, 0x0000000081f00000| Untracked 
|  32|0x0000000082000000, 0x00000000820a3c00, 0x0000000082100000| 63%| O|  |TAMS 0x0000000082000000, 0x0000000082000000| Untracked 
|  33|0x0000000082100000, 0x0000000082100000, 0x0000000082200000|  0%| F|  |TAMS 0x0000000082100000, 0x0000000082100000| Untracked 
|  34|0x0000000082200000, 0x0000000082200000, 0x0000000082300000|  0%| F|  |TAMS 0x0000000082200000, 0x0000000082200000| Untracked 
|  35|0x0000000082300000, 0x0000000082300000, 0x0000000082400000|  0%| F|  |TAMS 0x0000000082300000, 0x0000000082300000| Untracked 
|  36|0x0000000082400000, 0x0000000082400000, 0x0000000082500000|  0%| F|  |TAMS 0x0000000082400000, 0x0000000082400000| Untracked 
|  37|0x0000000082500000, 0x0000000082500000, 0x0000000082600000|  0%| F|  |TAMS 0x0000000082500000, 0x0000000082500000| Untracked 
|  38|0x0000000082600000, 0x0000000082600000, 0x0000000082700000|  0%| F|  |TAMS 0x0000000082600000, 0x0000000082600000| Untracked 
|  39|0x0000000082700000, 0x0000000082700000, 0x0000000082800000|  0%| F|  |TAMS 0x0000000082700000, 0x0000000082700000| Untracked 
|  40|0x0000000082800000, 0x0000000082800000, 0x0000000082900000|  0%| F|  |TAMS 0x0000000082800000, 0x0000000082800000| Untracked 
|  41|0x0000000082900000, 0x0000000082999570, 0x0000000082a00000| 59%| S|CS|TAMS 0x0000000082900000, 0x0000000082900000| Complete 
|  42|0x0000000082a00000, 0x0000000082b00000, 0x0000000082b00000|100%| S|CS|TAMS 0x0000000082a00000, 0x0000000082a00000| Complete 
|  43|0x0000000082b00000, 0x0000000082b00000, 0x0000000082c00000|  0%| F|  |TAMS 0x0000000082b00000, 0x0000000082b00000| Untracked 
|  44|0x0000000082c00000, 0x0000000082c00000, 0x0000000082d00000|  0%| F|  |TAMS 0x0000000082c00000, 0x0000000082c00000| Untracked 
|  45|0x0000000082d00000, 0x0000000082d00000, 0x0000000082e00000|  0%| F|  |TAMS 0x0000000082d00000, 0x0000000082d00000| Untracked 
|  46|0x0000000082e00000, 0x0000000082f00000, 0x0000000082f00000|100%| S|CS|TAMS 0x0000000082e00000, 0x0000000082e00000| Complete 
|  47|0x0000000082f00000, 0x0000000083000000, 0x0000000083000000|100%| S|CS|TAMS 0x0000000082f00000, 0x0000000082f00000| Complete 
|  48|0x0000000083000000, 0x0000000083100000, 0x0000000083100000|100%| S|CS|TAMS 0x0000000083000000, 0x0000000083000000| Complete 
|  49|0x0000000083100000, 0x0000000083100000, 0x0000000083200000|  0%| F|  |TAMS 0x0000000083100000, 0x0000000083100000| Untracked 
|  50|0x0000000083200000, 0x0000000083200000, 0x0000000083300000|  0%| F|  |TAMS 0x0000000083200000, 0x0000000083200000| Untracked 
|  51|0x0000000083300000, 0x0000000083300000, 0x0000000083400000|  0%| F|  |TAMS 0x0000000083300000, 0x0000000083300000| Untracked 
|  52|0x0000000083400000, 0x0000000083400000, 0x0000000083500000|  0%| F|  |TAMS 0x0000000083400000, 0x0000000083400000| Untracked 
|  53|0x0000000083500000, 0x0000000083500000, 0x0000000083600000|  0%| F|  |TAMS 0x0000000083500000, 0x0000000083500000| Untracked 
|  54|0x0000000083600000, 0x0000000083600000, 0x0000000083700000|  0%| F|  |TAMS 0x0000000083600000, 0x0000000083600000| Untracked 
|  55|0x0000000083700000, 0x0000000083700000, 0x0000000083800000|  0%| F|  |TAMS 0x0000000083700000, 0x0000000083700000| Untracked 
|  56|0x0000000083800000, 0x0000000083800000, 0x0000000083900000|  0%| F|  |TAMS 0x0000000083800000, 0x0000000083800000| Untracked 
|  57|0x0000000083900000, 0x0000000083900000, 0x0000000083a00000|  0%| F|  |TAMS 0x0000000083900000, 0x0000000083900000| Untracked 
|  58|0x0000000083a00000, 0x0000000083a00000, 0x0000000083b00000|  0%| F|  |TAMS 0x0000000083a00000, 0x0000000083a00000| Untracked 
|  59|0x0000000083b00000, 0x0000000083b00000, 0x0000000083c00000|  0%| F|  |TAMS 0x0000000083b00000, 0x0000000083b00000| Untracked 
|  60|0x0000000083c00000, 0x0000000083c00000, 0x0000000083d00000|  0%| F|  |TAMS 0x0000000083c00000, 0x0000000083c00000| Untracked 
|  61|0x0000000083d00000, 0x0000000083d00000, 0x0000000083e00000|  0%| F|  |TAMS 0x0000000083d00000, 0x0000000083d00000| Untracked 
|  62|0x0000000083e00000, 0x0000000083e00000, 0x0000000083f00000|  0%| F|  |TAMS 0x0000000083e00000, 0x0000000083e00000| Untracked 
|  63|0x0000000083f00000, 0x0000000083f00000, 0x0000000084000000|  0%| F|  |TAMS 0x0000000083f00000, 0x0000000083f00000| Untracked 
|  64|0x0000000084000000, 0x0000000084000000, 0x0000000084100000|  0%| F|  |TAMS 0x0000000084000000, 0x0000000084000000| Untracked 
|  65|0x0000000084100000, 0x0000000084100000, 0x0000000084200000|  0%| F|  |TAMS 0x0000000084100000, 0x0000000084100000| Untracked 
|  66|0x0000000084200000, 0x0000000084200000, 0x0000000084300000|  0%| F|  |TAMS 0x0000000084200000, 0x0000000084200000| Untracked 
|  67|0x0000000084300000, 0x0000000084300000, 0x0000000084400000|  0%| F|  |TAMS 0x0000000084300000, 0x0000000084300000| Untracked 
|  68|0x0000000084400000, 0x0000000084400000, 0x0000000084500000|  0%| F|  |TAMS 0x0000000084400000, 0x0000000084400000| Untracked 
|  69|0x0000000084500000, 0x0000000084500000, 0x0000000084600000|  0%| F|  |TAMS 0x0000000084500000, 0x0000000084500000| Untracked 
|  70|0x0000000084600000, 0x0000000084600000, 0x0000000084700000|  0%| F|  |TAMS 0x0000000084600000, 0x0000000084600000| Untracked 
|  71|0x0000000084700000, 0x0000000084700000, 0x0000000084800000|  0%| F|  |TAMS 0x0000000084700000, 0x0000000084700000| Untracked 
|  72|0x0000000084800000, 0x0000000084800000, 0x0000000084900000|  0%| F|  |TAMS 0x0000000084800000, 0x0000000084800000| Untracked 
|  73|0x0000000084900000, 0x0000000084900000, 0x0000000084a00000|  0%| F|  |TAMS 0x0000000084900000, 0x0000000084900000| Untracked 
|  74|0x0000000084a00000, 0x0000000084a00000, 0x0000000084b00000|  0%| F|  |TAMS 0x0000000084a00000, 0x0000000084a00000| Untracked 
|  75|0x0000000084b00000, 0x0000000084b00000, 0x0000000084c00000|  0%| F|  |TAMS 0x0000000084b00000, 0x0000000084b00000| Untracked 
|  76|0x0000000084c00000, 0x0000000084c00000, 0x0000000084d00000|  0%| F|  |TAMS 0x0000000084c00000, 0x0000000084c00000| Untracked 
|  77|0x0000000084d00000, 0x0000000084d00000, 0x0000000084e00000|  0%| F|  |TAMS 0x0000000084d00000, 0x0000000084d00000| Untracked 
|  78|0x0000000084e00000, 0x0000000084e00000, 0x0000000084f00000|  0%| F|  |TAMS 0x0000000084e00000, 0x0000000084e00000| Untracked 
|  79|0x0000000084f00000, 0x0000000084f00000, 0x0000000085000000|  0%| F|  |TAMS 0x0000000084f00000, 0x0000000084f00000| Untracked 
|  80|0x0000000085000000, 0x0000000085000000, 0x0000000085100000|  0%| F|  |TAMS 0x0000000085000000, 0x0000000085000000| Untracked 
|  81|0x0000000085100000, 0x0000000085100000, 0x0000000085200000|  0%| F|  |TAMS 0x0000000085100000, 0x0000000085100000| Untracked 
|  82|0x0000000085200000, 0x0000000085200000, 0x0000000085300000|  0%| F|  |TAMS 0x0000000085200000, 0x0000000085200000| Untracked 
|  83|0x0000000085300000, 0x0000000085300000, 0x0000000085400000|  0%| F|  |TAMS 0x0000000085300000, 0x0000000085300000| Untracked 
|  84|0x0000000085400000, 0x0000000085400000, 0x0000000085500000|  0%| F|  |TAMS 0x0000000085400000, 0x0000000085400000| Untracked 
|  85|0x0000000085500000, 0x0000000085500000, 0x0000000085600000|  0%| F|  |TAMS 0x0000000085500000, 0x0000000085500000| Untracked 
|  86|0x0000000085600000, 0x0000000085600000, 0x0000000085700000|  0%| F|  |TAMS 0x0000000085600000, 0x0000000085600000| Untracked 
|  87|0x0000000085700000, 0x0000000085700000, 0x0000000085800000|  0%| F|  |TAMS 0x0000000085700000, 0x0000000085700000| Untracked 
|  88|0x0000000085800000, 0x0000000085800000, 0x0000000085900000|  0%| F|  |TAMS 0x0000000085800000, 0x0000000085800000| Untracked 
|  89|0x0000000085900000, 0x0000000085900000, 0x0000000085a00000|  0%| F|  |TAMS 0x0000000085900000, 0x0000000085900000| Untracked 
|  90|0x0000000085a00000, 0x0000000085a00000, 0x0000000085b00000|  0%| F|  |TAMS 0x0000000085a00000, 0x0000000085a00000| Untracked 
|  91|0x0000000085b00000, 0x0000000085b00000, 0x0000000085c00000|  0%| F|  |TAMS 0x0000000085b00000, 0x0000000085b00000| Untracked 
|  92|0x0000000085c00000, 0x0000000085c00000, 0x0000000085d00000|  0%| F|  |TAMS 0x0000000085c00000, 0x0000000085c00000| Untracked 

Card table byte_map: [0x0000014e80740000,0x0000014e80b40000] _byte_map_base: 0x0000014e80340000

Marking Bits (Prev, Next): (CMBitMap*) 0x0000014eed14aef8, (CMBitMap*) 0x0000014eed14af30
 Prev Bits: [0x0000014e80f40000, 0x0000014e82f40000)
 Next Bits: [0x0000014e82f40000, 0x0000014e84f40000)

Polling page: 0x0000014eed1f0000

Metaspace:

Usage:
  Non-class:     42.44 MB capacity,    41.78 MB ( 98%) used,   550.28 KB (  1%) free+waste,   128.19 KB ( <1%) overhead. 
      Class:      6.54 MB capacity,     6.10 MB ( 93%) used,   387.25 KB (  6%) free+waste,    61.00 KB ( <1%) overhead. 
       Both:     48.98 MB capacity,    47.88 MB ( 98%) used,   937.53 KB (  2%) free+waste,   189.19 KB ( <1%) overhead. 

Virtual space:
  Non-class space:       44.00 MB reserved,      42.50 MB ( 97%) committed 
      Class space:        1.00 GB reserved,       6.65 MB ( <1%) committed 
             Both:        1.04 GB reserved,      49.15 MB (  5%) committed 

Chunk freelists:
   Non-Class:  57.00 KB
       Class:  24.00 KB
        Both:  81.00 KB

MaxMetaspaceSize: 17179869184.00 GB
CompressedClassSpaceSize: 1.00 GB

CodeHeap 'non-profiled nmethods': size=120064Kb used=2430Kb max_used=2430Kb free=117633Kb
 bounds [0x0000014ef86f0000, 0x0000014ef8960000, 0x0000014effc30000]
CodeHeap 'profiled nmethods': size=120000Kb used=11100Kb max_used=11100Kb free=108899Kb
 bounds [0x0000014ef11c0000, 0x0000014ef1ca0000, 0x0000014ef86f0000]
CodeHeap 'non-nmethods': size=5696Kb used=2222Kb max_used=2276Kb free=3473Kb
 bounds [0x0000014ef0c30000, 0x0000014ef0ea0000, 0x0000014ef11c0000]
 total_blobs=6096 nmethods=5301 adapters=706
 compilation: enabled
              stopped_count=0, restarted_count=0
 full_count=0

Compilation events (20 events):
Event: 12.586 Thread 0x0000014e87566800 5379       2       org.objectweb.asm.ClassReader::readBootstrapMethodsAttribute (131 bytes)
Event: 12.586 Thread 0x0000014e87566800 nmethod 5379 0x0000014ef1c92390 code [0x0000014ef1c925c0, 0x0000014ef1c92c68]
Event: 12.593 Thread 0x0000014e87566800 5381 %     3       java.util.Arrays::binarySearch0 @ 8 (74 bytes)
Event: 12.594 Thread 0x0000014e87566800 nmethod 5381% 0x0000014ef1c93110 code [0x0000014ef1c932e0, 0x0000014ef1c935d8]
Event: 12.641 Thread 0x0000014e87566800 5382       2       java.util.Collections$SingletonSet::contains (9 bytes)
Event: 12.641 Thread 0x0000014e87566800 nmethod 5382 0x0000014ef1c93710 code [0x0000014ef1c938c0, 0x0000014ef1c93a28]
Event: 12.686 Thread 0x0000014e87566800 5384       2       java.util.ArrayList::set (24 bytes)
Event: 12.687 Thread 0x0000014e87566800 nmethod 5384 0x0000014ef1c93b10 code [0x0000014ef1c93d00, 0x0000014ef1c941c8]
Event: 12.688 Thread 0x0000014e87566800 5385       2       java.util.concurrent.atomic.AtomicLong::compareAndSet (13 bytes)
Event: 12.688 Thread 0x0000014e87566800 nmethod 5385 0x0000014ef1c94490 code [0x0000014ef1c94640, 0x0000014ef1c94758]
Event: 12.691 Thread 0x0000014e87566800 5386       2       java.util.concurrent.atomic.AtomicBoolean::<init> (18 bytes)
Event: 12.691 Thread 0x0000014e87566800 nmethod 5386 0x0000014ef1c94810 code [0x0000014ef1c949c0, 0x0000014ef1c94ad8]
Event: 12.695 Thread 0x0000014e87566800 5387       3       java.util.Arrays::binarySearch0 (74 bytes)
Event: 12.696 Thread 0x0000014e87566800 nmethod 5387 0x0000014ef1c94b90 code [0x0000014ef1c94d60, 0x0000014ef1c94ff8]
Event: 12.701 Thread 0x0000014e87566800 5388       2       java.util.concurrent.ThreadPoolExecutor::runStateAtLeast (11 bytes)
Event: 12.701 Thread 0x0000014e87566800 nmethod 5388 0x0000014ef1c95110 code [0x0000014ef1c952c0, 0x0000014ef1c953b8]
Event: 12.701 Thread 0x0000014e87566800 5389       2       java.io.ExpiringCache::entryFor (57 bytes)
Event: 12.702 Thread 0x0000014e87566800 nmethod 5389 0x0000014ef1c95490 code [0x0000014ef1c95660, 0x0000014ef1c95858]
Event: 12.704 Thread 0x0000014e87566800 5390       2       java.io.RandomAccessFile::<init> (263 bytes)
Event: 12.705 Thread 0x0000014e87566800 nmethod 5390 0x0000014ef1c95990 code [0x0000014ef1c95cc0, 0x0000014ef1c96988]

GC Heap History (20 events):
Event: 11.209 GC heap after
{Heap after GC invocations=22 (full 0):
 garbage-first heap   total 78848K, used 33644K [0x0000000080000000, 0x0000000100000000)
  region size 1024K, 2 young (2048K), 2 survivors (2048K)
 Metaspace       used 48975K, capacity 50159K, committed 50332K, reserved 1093632K
  class space    used 6247K, capacity 6696K, committed 6812K, reserved 1048576K
}
Event: 11.301 GC heap before
{Heap before GC invocations=22 (full 0):
 garbage-first heap   total 78848K, used 61292K [0x0000000080000000, 0x0000000100000000)
  region size 1024K, 29 young (29696K), 2 survivors (2048K)
 Metaspace       used 48985K, capacity 50159K, committed 50332K, reserved 1093632K
  class space    used 6247K, capacity 6696K, committed 6812K, reserved 1048576K
}
Event: 11.303 GC heap after
{Heap after GC invocations=23 (full 0):
 garbage-first heap   total 78848K, used 33937K [0x0000000080000000, 0x0000000100000000)
  region size 1024K, 2 young (2048K), 2 survivors (2048K)
 Metaspace       used 48985K, capacity 50159K, committed 50332K, reserved 1093632K
  class space    used 6247K, capacity 6696K, committed 6812K, reserved 1048576K
}
Event: 11.416 GC heap before
{Heap before GC invocations=23 (full 0):
 garbage-first heap   total 78848K, used 61585K [0x0000000080000000, 0x0000000100000000)
  region size 1024K, 30 young (30720K), 2 survivors (2048K)
 Metaspace       used 48998K, capacity 50159K, committed 50332K, reserved 1093632K
  class space    used 6247K, capacity 6696K, committed 6812K, reserved 1048576K
}
Event: 11.418 GC heap after
{Heap after GC invocations=24 (full 0):
 garbage-first heap   total 78848K, used 33978K [0x0000000080000000, 0x0000000100000000)
  region size 1024K, 2 young (2048K), 2 survivors (2048K)
 Metaspace       used 48998K, capacity 50159K, committed 50332K, reserved 1093632K
  class space    used 6247K, capacity 6696K, committed 6812K, reserved 1048576K
}
Event: 11.510 GC heap before
{Heap before GC invocations=24 (full 0):
 garbage-first heap   total 78848K, used 61626K [0x0000000080000000, 0x0000000100000000)
  region size 1024K, 31 young (31744K), 2 survivors (2048K)
 Metaspace       used 49001K, capacity 50159K, committed 50332K, reserved 1093632K
  class space    used 6247K, capacity 6696K, committed 6812K, reserved 1048576K
}
Event: 11.512 GC heap after
{Heap after GC invocations=25 (full 0):
 garbage-first heap   total 78848K, used 34161K [0x0000000080000000, 0x0000000100000000)
  region size 1024K, 2 young (2048K), 2 survivors (2048K)
 Metaspace       used 49001K, capacity 50159K, committed 50332K, reserved 1093632K
  class space    used 6247K, capacity 6696K, committed 6812K, reserved 1048576K
}
Event: 11.627 GC heap before
{Heap before GC invocations=25 (full 0):
 garbage-first heap   total 78848K, used 62833K [0x0000000080000000, 0x0000000100000000)
  region size 1024K, 31 young (31744K), 2 survivors (2048K)
 Metaspace       used 49010K, capacity 50159K, committed 50332K, reserved 1093632K
  class space    used 6247K, capacity 6696K, committed 6812K, reserved 1048576K
}
Event: 11.631 GC heap after
{Heap after GC invocations=26 (full 0):
 garbage-first heap   total 78848K, used 34562K [0x0000000080000000, 0x0000000100000000)
  region size 1024K, 3 young (3072K), 3 survivors (3072K)
 Metaspace       used 49010K, capacity 50159K, committed 50332K, reserved 1093632K
  class space    used 6247K, capacity 6696K, committed 6812K, reserved 1048576K
}
Event: 11.737 GC heap before
{Heap before GC invocations=26 (full 0):
 garbage-first heap   total 78848K, used 63234K [0x0000000080000000, 0x0000000100000000)
  region size 1024K, 33 young (33792K), 3 survivors (3072K)
 Metaspace       used 49012K, capacity 50159K, committed 50332K, reserved 1093632K
  class space    used 6247K, capacity 6696K, committed 6812K, reserved 1048576K
}
Event: 11.807 GC heap after
{Heap after GC invocations=27 (full 0):
 garbage-first heap   total 95232K, used 34667K [0x0000000080000000, 0x0000000100000000)
  region size 1024K, 3 young (3072K), 3 survivors (3072K)
 Metaspace       used 49012K, capacity 50159K, committed 50332K, reserved 1093632K
  class space    used 6247K, capacity 6696K, committed 6812K, reserved 1048576K
}
Event: 12.013 GC heap before
{Heap before GC invocations=27 (full 0):
 garbage-first heap   total 95232K, used 78699K [0x0000000080000000, 0x0000000100000000)
  region size 1024K, 47 young (48128K), 3 survivors (3072K)
 Metaspace       used 49021K, capacity 50159K, committed 50332K, reserved 1093632K
  class space    used 6247K, capacity 6696K, committed 6812K, reserved 1048576K
}
Event: 12.018 GC heap after
{Heap after GC invocations=28 (full 0):
 garbage-first heap   total 95232K, used 34444K [0x0000000080000000, 0x0000000100000000)
  region size 1024K, 2 young (2048K), 2 survivors (2048K)
 Metaspace       used 49021K, capacity 50159K, committed 50332K, reserved 1093632K
  class space    used 6247K, capacity 6696K, committed 6812K, reserved 1048576K
}
Event: 12.173 GC heap before
{Heap before GC invocations=28 (full 0):
 garbage-first heap   total 95232K, used 79500K [0x0000000080000000, 0x0000000100000000)
  region size 1024K, 47 young (48128K), 2 survivors (2048K)
 Metaspace       used 49023K, capacity 50159K, committed 50332K, reserved 1093632K
  class space    used 6247K, capacity 6696K, committed 6812K, reserved 1048576K
}
Event: 12.176 GC heap after
{Heap after GC invocations=29 (full 0):
 garbage-first heap   total 95232K, used 34750K [0x0000000080000000, 0x0000000100000000)
  region size 1024K, 3 young (3072K), 3 survivors (3072K)
 Metaspace       used 49023K, capacity 50159K, committed 50332K, reserved 1093632K
  class space    used 6247K, capacity 6696K, committed 6812K, reserved 1048576K
}
Event: 12.286 GC heap before
{Heap before GC invocations=29 (full 0):
 garbage-first heap   total 95232K, used 79806K [0x0000000080000000, 0x0000000100000000)
  region size 1024K, 47 young (48128K), 3 survivors (3072K)
 Metaspace       used 49025K, capacity 50159K, committed 50332K, reserved 1093632K
  class space    used 6247K, capacity 6696K, committed 6812K, reserved 1048576K
}
Event: 12.289 GC heap after
{Heap after GC invocations=30 (full 0):
 garbage-first heap   total 95232K, used 35183K [0x0000000080000000, 0x0000000100000000)
  region size 1024K, 3 young (3072K), 3 survivors (3072K)
 Metaspace       used 49025K, capacity 50159K, committed 50332K, reserved 1093632K
  class space    used 6247K, capacity 6696K, committed 6812K, reserved 1048576K
}
Event: 12.546 GC heap before
{Heap before GC invocations=30 (full 0):
 garbage-first heap   total 95232K, used 80239K [0x0000000080000000, 0x0000000100000000)
  region size 1024K, 47 young (48128K), 3 survivors (3072K)
 Metaspace       used 49028K, capacity 50159K, committed 50332K, reserved 1093632K
  class space    used 6247K, capacity 6696K, committed 6812K, reserved 1048576K
}
Event: 12.549 GC heap after
{Heap after GC invocations=31 (full 0):
 garbage-first heap   total 95232K, used 34943K [0x0000000080000000, 0x0000000100000000)
  region size 1024K, 3 young (3072K), 3 survivors (3072K)
 Metaspace       used 49028K, capacity 50159K, committed 50332K, reserved 1093632K
  class space    used 6247K, capacity 6696K, committed 6812K, reserved 1048576K
}
Event: 12.713 GC heap before
{Heap before GC invocations=31 (full 0):
 garbage-first heap   total 95232K, used 79999K [0x0000000080000000, 0x0000000100000000)
  region size 1024K, 47 young (48128K), 3 survivors (3072K)
 Metaspace       used 49032K, capacity 50159K, committed 50332K, reserved 1093632K
  class space    used 6247K, capacity 6696K, committed 6812K, reserved 1048576K
}

Deoptimization events (20 events):
Event: 12.352 Thread 0x0000014e8c895000 DEOPT PACKING pc=0x0000014ef1c8971b sp=0x0000002c84afe2c0
Event: 12.352 Thread 0x0000014e8c895000 DEOPT UNPACKING pc=0x0000014ef0c56dde sp=0x0000002c84afd730 mode 0
Event: 12.353 Thread 0x0000014e8c895000 DEOPT PACKING pc=0x0000014ef1c8971b sp=0x0000002c84afe350
Event: 12.353 Thread 0x0000014e8c895000 DEOPT UNPACKING pc=0x0000014ef0c56dde sp=0x0000002c84afd7c0 mode 0
Event: 12.353 Thread 0x0000014e8a079000 DEOPT PACKING pc=0x0000014ef1c8971b sp=0x0000002c820fd6b0
Event: 12.353 Thread 0x0000014e8a079000 DEOPT UNPACKING pc=0x0000014ef0c56dde sp=0x0000002c820fcb20 mode 0
Event: 12.353 Thread 0x0000014e8a078000 DEOPT PACKING pc=0x0000014ef1c8971b sp=0x0000002c81cfdee0
Event: 12.353 Thread 0x0000014e8a078000 DEOPT UNPACKING pc=0x0000014ef0c56dde sp=0x0000002c81cfd350 mode 0
Event: 12.354 Thread 0x0000014e8a07e800 DEOPT PACKING pc=0x0000014ef1c8971b sp=0x0000002c81efdb60
Event: 12.354 Thread 0x0000014e8a07e800 DEOPT UNPACKING pc=0x0000014ef0c56dde sp=0x0000002c81efcfd0 mode 0
Event: 12.355 Thread 0x0000014e8a07e800 DEOPT PACKING pc=0x0000014ef1c8971b sp=0x0000002c81efdcc0
Event: 12.355 Thread 0x0000014e8a07e800 DEOPT UNPACKING pc=0x0000014ef0c56dde sp=0x0000002c81efd130 mode 0
Event: 12.355 Thread 0x0000014e8a079000 DEOPT PACKING pc=0x0000014ef1c8971b sp=0x0000002c820fd810
Event: 12.355 Thread 0x0000014e8a079000 DEOPT UNPACKING pc=0x0000014ef0c56dde sp=0x0000002c820fcc80 mode 0
Event: 12.355 Thread 0x0000014e8a078000 DEOPT PACKING pc=0x0000014ef1c8971b sp=0x0000002c81cfdb80
Event: 12.355 Thread 0x0000014e8a078000 DEOPT UNPACKING pc=0x0000014ef0c56dde sp=0x0000002c81cfcff0 mode 0
Event: 12.356 Thread 0x0000014e8a07e800 DEOPT PACKING pc=0x0000014ef1c8971b sp=0x0000002c81efdad0
Event: 12.356 Thread 0x0000014e8a07e800 DEOPT UNPACKING pc=0x0000014ef0c56dde sp=0x0000002c81efcf40 mode 0
Event: 12.356 Thread 0x0000014e8a078000 DEOPT PACKING pc=0x0000014ef1c8971b sp=0x0000002c81cfdee0
Event: 12.356 Thread 0x0000014e8a078000 DEOPT UNPACKING pc=0x0000014ef0c56dde sp=0x0000002c81cfd350 mode 0

Classes redefined (0 events):
No events

Internal exceptions (20 events):
Event: 11.382 Thread 0x0000014e8c895000 Exception <a 'sun/nio/fs/WindowsException'{0x0000000083aed9f0}> (0x0000000083aed9f0) thrown at [./src/hotspot/share/prims/jni.cpp, line 615]
Event: 11.383 Thread 0x0000014e8c895000 Exception <a 'sun/nio/fs/WindowsException'{0x0000000083aedb90}> (0x0000000083aedb90) thrown at [./src/hotspot/share/prims/jni.cpp, line 615]
Event: 11.415 Thread 0x0000014e8a078000 Exception <a 'sun/nio/fs/WindowsException'{0x000000008317db80}> (0x000000008317db80) thrown at [./src/hotspot/share/prims/jni.cpp, line 615]
Event: 11.452 Thread 0x0000014e8c895000 Exception <a 'sun/nio/fs/WindowsException'{0x000000008446faf0}> (0x000000008446faf0) thrown at [./src/hotspot/share/prims/jni.cpp, line 615]
Event: 12.077 Thread 0x0000014e8a079000 Exception <a 'sun/nio/fs/WindowsException'{0x0000000085a6a570}> (0x0000000085a6a570) thrown at [./src/hotspot/share/prims/jni.cpp, line 615]
Event: 12.114 Thread 0x0000014e8a079000 Exception <a 'sun/nio/fs/WindowsException'{0x0000000085a6a700}> (0x0000000085a6a700) thrown at [./src/hotspot/share/prims/jni.cpp, line 615]
Event: 12.118 Thread 0x0000014e8a079000 Exception <a 'sun/nio/fs/WindowsException'{0x00000000841d5008}> (0x00000000841d5008) thrown at [./src/hotspot/share/prims/jni.cpp, line 615]
Event: 12.193 Thread 0x0000014e8a079000 Exception <a 'sun/nio/fs/WindowsException'{0x0000000085552fe0}> (0x0000000085552fe0) thrown at [./src/hotspot/share/prims/jni.cpp, line 615]
Event: 12.193 Thread 0x0000014e8a079000 Exception <a 'sun/nio/fs/WindowsException'{0x0000000085553180}> (0x0000000085553180) thrown at [./src/hotspot/share/prims/jni.cpp, line 615]
Event: 12.259 Thread 0x0000014e8a079000 Exception <a 'sun/nio/fs/WindowsException'{0x0000000083c7ba10}> (0x0000000083c7ba10) thrown at [./src/hotspot/share/prims/jni.cpp, line 615]
Event: 12.592 Thread 0x0000014e8a079000 Exception <a 'sun/nio/fs/WindowsException'{0x00000000859ea0b0}> (0x00000000859ea0b0) thrown at [./src/hotspot/share/prims/jni.cpp, line 615]
Event: 12.593 Thread 0x0000014e8a079000 Exception <a 'sun/nio/fs/WindowsException'{0x00000000859ea248}> (0x00000000859ea248) thrown at [./src/hotspot/share/prims/jni.cpp, line 615]
Event: 12.620 Thread 0x0000014e8a079000 Exception <a 'sun/nio/fs/WindowsException'{0x00000000856f5f08}> (0x00000000856f5f08) thrown at [./src/hotspot/share/prims/jni.cpp, line 615]
Event: 12.685 Thread 0x0000014e8a079000 Exception <a 'sun/nio/fs/WindowsException'{0x000000008395fff0}> (0x000000008395fff0) thrown at [./src/hotspot/share/prims/jni.cpp, line 615]
Event: 12.685 Thread 0x0000014e8a079000 Exception <a 'sun/nio/fs/WindowsException'{0x0000000083960170}> (0x0000000083960170) thrown at [./src/hotspot/share/prims/jni.cpp, line 615]
Event: 12.688 Thread 0x0000014e8c895000 Exception <a 'sun/nio/fs/WindowsException'{0x00000000839ee9a0}> (0x00000000839ee9a0) thrown at [./src/hotspot/share/prims/jni.cpp, line 615]
Event: 12.689 Thread 0x0000014e8c895000 Exception <a 'sun/nio/fs/WindowsException'{0x00000000839eeb48}> (0x00000000839eeb48) thrown at [./src/hotspot/share/prims/jni.cpp, line 615]
Event: 12.690 Thread 0x0000014e8a079000 Exception <a 'sun/nio/fs/WindowsException'{0x000000008384ab80}> (0x000000008384ab80) thrown at [./src/hotspot/share/prims/jni.cpp, line 615]
Event: 12.699 Thread 0x0000014e8a079000 Exception <a 'sun/nio/fs/WindowsException'{0x0000000083429b58}> (0x0000000083429b58) thrown at [./src/hotspot/share/prims/jni.cpp, line 615]
Event: 12.700 Thread 0x0000014e8a079000 Exception <a 'sun/nio/fs/WindowsException'{0x0000000083429cf0}> (0x0000000083429cf0) thrown at [./src/hotspot/share/prims/jni.cpp, line 615]

Events (20 events):
Event: 11.509 Executing VM operation: G1CollectForAllocation done
Event: 11.510 Executing VM operation: G1CollectForAllocation
Event: 11.512 Executing VM operation: G1CollectForAllocation done
Event: 11.627 Executing VM operation: G1CollectForAllocation
Event: 11.631 Executing VM operation: G1CollectForAllocation done
Event: 11.735 Executing VM operation: G1CollectForAllocation
Event: 11.736 Executing VM operation: G1CollectForAllocation done
Event: 11.737 Executing VM operation: G1CollectForAllocation
Event: 11.807 Executing VM operation: G1CollectForAllocation done
Event: 12.010 Executing VM operation: G1CollectForAllocation
Event: 12.011 Executing VM operation: G1CollectForAllocation done
Event: 12.012 Executing VM operation: G1CollectForAllocation
Event: 12.018 Executing VM operation: G1CollectForAllocation done
Event: 12.173 Executing VM operation: G1CollectForAllocation
Event: 12.176 Executing VM operation: G1CollectForAllocation done
Event: 12.286 Executing VM operation: G1CollectForAllocation
Event: 12.289 Executing VM operation: G1CollectForAllocation done
Event: 12.546 Executing VM operation: G1CollectForAllocation
Event: 12.549 Executing VM operation: G1CollectForAllocation done
Event: 12.713 Executing VM operation: G1CollectForAllocation


Dynamic libraries:
0x00007ff7fb6f0000 - 0x00007ff7fb6fa000 	C:\Program Files\Android\Android Studio\jre\bin\java.exe
0x00007ffd2cbf0000 - 0x00007ffd2cde5000 	C:\Windows\SYSTEM32\ntdll.dll
0x00007ffd2bb90000 - 0x00007ffd2bc4d000 	C:\Windows\System32\KERNEL32.DLL
0x00007ffd2a800000 - 0x00007ffd2aac8000 	C:\Windows\System32\KERNELBASE.dll
0x00007ffd2a5a0000 - 0x00007ffd2a6a0000 	C:\Windows\System32\ucrtbase.dll
0x00007ffd23c10000 - 0x00007ffd23c29000 	C:\Program Files\Android\Android Studio\jre\bin\jli.dll
0x00007ffd22930000 - 0x00007ffd22947000 	C:\Program Files\Android\Android Studio\jre\bin\VCRUNTIME140.dll
0x00007ffd2b150000 - 0x00007ffd2b2f0000 	C:\Windows\System32\USER32.dll
0x00007ffd2aad0000 - 0x00007ffd2aaf2000 	C:\Windows\System32\win32u.dll
0x00007ffd10bb0000 - 0x00007ffd10e4a000 	C:\Windows\WinSxS\amd64_microsoft.windows.common-controls_6595b64144ccf1df_6.0.19041.844_none_ca00b6081b84eb1d\COMCTL32.dll
0x00007ffd2b680000 - 0x00007ffd2b6aa000 	C:\Windows\System32\GDI32.dll
0x00007ffd2a490000 - 0x00007ffd2a59b000 	C:\Windows\System32\gdi32full.dll
0x00007ffd2abb0000 - 0x00007ffd2ac4d000 	C:\Windows\System32\msvcp_win.dll
0x00007ffd2b7f0000 - 0x00007ffd2b88e000 	C:\Windows\System32\msvcrt.dll
0x00007ffd2bae0000 - 0x00007ffd2bb10000 	C:\Windows\System32\IMM32.DLL
0x00007ffd1de70000 - 0x00007ffd1df0d000 	C:\Program Files\Android\Android Studio\jre\bin\msvcp140.dll
0x00007ffcfeda0000 - 0x00007ffcff875000 	C:\Program Files\Android\Android Studio\jre\bin\server\jvm.dll
0x00007ffd2c970000 - 0x00007ffd2ca1c000 	C:\Windows\System32\ADVAPI32.dll
0x00007ffd2c180000 - 0x00007ffd2c21b000 	C:\Windows\System32\sechost.dll
0x00007ffd2ca80000 - 0x00007ffd2cbab000 	C:\Windows\System32\RPCRT4.dll
0x00007ffd2bc50000 - 0x00007ffd2bc58000 	C:\Windows\System32\PSAPI.DLL
0x00007ffd1ec50000 - 0x00007ffd1ec77000 	C:\Windows\SYSTEM32\WINMM.dll
0x00007ffd27c00000 - 0x00007ffd27c09000 	C:\Windows\SYSTEM32\WSOCK32.dll
0x00007ffd27af0000 - 0x00007ffd27afa000 	C:\Windows\SYSTEM32\VERSION.dll
0x00007ffd2b780000 - 0x00007ffd2b7eb000 	C:\Windows\System32\ws2_32.DLL
0x00007ffd28dd0000 - 0x00007ffd28de2000 	C:\Windows\SYSTEM32\kernel.appcore.dll
0x00007ffd27ad0000 - 0x00007ffd27ae1000 	C:\Program Files\Android\Android Studio\jre\bin\verify.dll
0x00007ffd281f0000 - 0x00007ffd283d4000 	C:\Windows\SYSTEM32\DBGHELP.DLL
0x00007ffd18060000 - 0x00007ffd1808c000 	C:\Windows\SYSTEM32\dbgcore.DLL
0x00007ffd2ab00000 - 0x00007ffd2ab80000 	C:\Windows\System32\bcryptPrimitives.dll
0x00007ffd27aa0000 - 0x00007ffd27ac9000 	C:\Program Files\Android\Android Studio\jre\bin\java.dll
0x00007ffd27b40000 - 0x00007ffd27b4b000 	C:\Program Files\Android\Android Studio\jre\bin\jimage.dll
0x00007ffd27a80000 - 0x00007ffd27a98000 	C:\Program Files\Android\Android Studio\jre\bin\zip.dll
0x00007ffd2c220000 - 0x00007ffd2c962000 	C:\Windows\System32\SHELL32.dll
0x00007ffd28620000 - 0x00007ffd28db1000 	C:\Windows\SYSTEM32\windows.storage.dll
0x00007ffd2bd10000 - 0x00007ffd2c065000 	C:\Windows\System32\combase.dll
0x00007ffd29cd0000 - 0x00007ffd29cfc000 	C:\Windows\SYSTEM32\Wldp.dll
0x00007ffd2bc60000 - 0x00007ffd2bd0e000 	C:\Windows\System32\SHCORE.dll
0x00007ffd2ca20000 - 0x00007ffd2ca75000 	C:\Windows\System32\shlwapi.dll
0x00007ffd2a270000 - 0x00007ffd2a28f000 	C:\Windows\SYSTEM32\profapi.dll
0x00007ffd24670000 - 0x00007ffd2468a000 	C:\Program Files\Android\Android Studio\jre\bin\net.dll
0x00007ffd22a90000 - 0x00007ffd22b9b000 	C:\Windows\SYSTEM32\WINHTTP.dll
0x00007ffd29a40000 - 0x00007ffd29aaa000 	C:\Windows\system32\mswsock.dll
0x00007ffd24650000 - 0x00007ffd24664000 	C:\Program Files\Android\Android Studio\jre\bin\nio.dll
0x00007ffd1ef50000 - 0x00007ffd1ef77000 	C:\Users\Pixel\.gradle\native\e1d6ef7f7dcc3fd88c89a11ec53ec762bb8ba0a96d01ffa2cd45eb1d1d8dd5c5\windows-amd64\native-platform.dll
0x00007ffd1da60000 - 0x00007ffd1dba4000 	C:\Users\Pixel\.gradle\native\0d407fdbe67a94daf76414ababcb853783967236a71b16ec16e742cd7a986fd3\windows-amd64\native-platform-file-events.dll
0x00007ffd27a70000 - 0x00007ffd27a7a000 	C:\Program Files\Android\Android Studio\jre\bin\management.dll
0x00007ffd279e0000 - 0x00007ffd279ed000 	C:\Program Files\Android\Android Studio\jre\bin\management_ext.dll
0x00007ffd29c10000 - 0x00007ffd29c28000 	C:\Windows\SYSTEM32\CRYPTSP.dll
0x00007ffd29590000 - 0x00007ffd295c4000 	C:\Windows\system32\rsaenh.dll
0x00007ffd2ab80000 - 0x00007ffd2aba7000 	C:\Windows\System32\bcrypt.dll
0x00007ffd2a1f0000 - 0x00007ffd2a21e000 	C:\Windows\SYSTEM32\USERENV.dll
0x00007ffd29c30000 - 0x00007ffd29c3c000 	C:\Windows\SYSTEM32\CRYPTBASE.dll
0x00007ffd29730000 - 0x00007ffd2976b000 	C:\Windows\SYSTEM32\IPHLPAPI.DLL
0x00007ffd2b660000 - 0x00007ffd2b668000 	C:\Windows\System32\NSI.dll
0x00007ffd23720000 - 0x00007ffd23737000 	C:\Windows\SYSTEM32\dhcpcsvc6.DLL
0x00007ffd23b80000 - 0x00007ffd23b9d000 	C:\Windows\SYSTEM32\dhcpcsvc.DLL
0x00007ffd29770000 - 0x00007ffd2983c000 	C:\Windows\SYSTEM32\DNSAPI.dll

dbghelp: loaded successfully - version: 4.0.5 - missing functions: none
symbol engine: initialized successfully - sym options: 0x614 - pdb path: .;C:\Program Files\Android\Android Studio\jre\bin;C:\Windows\SYSTEM32;C:\Windows\WinSxS\amd64_microsoft.windows.common-controls_6595b64144ccf1df_6.0.19041.844_none_ca00b6081b84eb1d;C:\Program Files\Android\Android Studio\jre\bin\server;C:\Users\Pixel\.gradle\native\e1d6ef7f7dcc3fd88c89a11ec53ec762bb8ba0a96d01ffa2cd45eb1d1d8dd5c5\windows-amd64;C:\Users\Pixel\.gradle\native\0d407fdbe67a94daf76414ababcb853783967236a71b16ec16e742cd7a986fd3\windows-amd64

VM Arguments:
jvm_args: --add-opens=java.base/java.util=ALL-UNNAMED --add-opens=java.base/java.lang=ALL-UNNAMED --add-opens=java.base/java.lang.invoke=ALL-UNNAMED --add-opens=java.base/java.util=ALL-UNNAMED --add-opens=java.prefs/java.util.prefs=ALL-UNNAMED --add-opens=java.prefs/java.util.prefs=ALL-UNNAMED --add-opens=java.base/java.nio.charset=ALL-UNNAMED --add-opens=java.base/java.net=ALL-UNNAMED --add-opens=java.base/java.util.concurrent.atomic=ALL-UNNAMED -Xmx2048m -Dfile.encoding=UTF-8 -Duser.country=US -Duser.language=en -Duser.variant 
java_command: org.gradle.launcher.daemon.bootstrap.GradleDaemon 7.4.2
java_class_path (initial): F:\gradle\gradle-7.4.2\lib\gradle-launcher-7.4.2.jar
Launcher Type: SUN_STANDARD

[Global flags]
     intx CICompilerCount                          = 3                                         {product} {ergonomic}
     uint ConcGCThreads                            = 1                                         {product} {ergonomic}
     uint G1ConcRefinementThreads                  = 4                                         {product} {ergonomic}
   size_t G1HeapRegionSize                         = 1048576                                   {product} {ergonomic}
    uintx GCDrainStackTargetSize                   = 64                                        {product} {ergonomic}
   size_t InitialHeapSize                          = 67108864                                  {product} {ergonomic}
   size_t MarkStackSize                            = 4194304                                   {product} {ergonomic}
   size_t MaxHeapSize                              = 2147483648                                {product} {command line}
   size_t MaxNewSize                               = 1287651328                                {product} {ergonomic}
   size_t MinHeapDeltaBytes                        = 1048576                                   {product} {ergonomic}
    uintx NonNMethodCodeHeapSize                   = 5830732                                {pd product} {ergonomic}
    uintx NonProfiledCodeHeapSize                  = 122913754                              {pd product} {ergonomic}
    uintx ProfiledCodeHeapSize                     = 122913754                              {pd product} {ergonomic}
    uintx ReservedCodeCacheSize                    = 251658240                              {pd product} {ergonomic}
     bool SegmentedCodeCache                       = true                                      {product} {ergonomic}
     bool UseCompressedClassPointers               = true                                 {lp64_product} {ergonomic}
     bool UseCompressedOops                        = true                                 {lp64_product} {ergonomic}
     bool UseG1GC                                  = true                                      {product} {ergonomic}
     bool UseLargePagesIndividualAllocation        = false                                  {pd product} {ergonomic}

Logging:
Log output configuration:
 #0: stdout all=warning uptime,level,tags
 #1: stderr all=off uptime,level,tags

Environment Variables:
PATH=C:\Windows\system32;C:\Windows;C:\Windows\System32\Wbem;C:\Windows\System32\WindowsPowerShell\v1.0\;C:\Windows\System32\OpenSSH\;C:\Users\Pixel\AppData\Local\Microsoft\WindowsApps;
USERNAME=Pixel
OS=Windows_NT
PROCESSOR_IDENTIFIER=Intel64 Family 6 Model 142 Stepping 10, GenuineIntel



---------------  S Y S T E M  ---------------

OS: Windows 10 , 64 bit Build 19041 (10.0.19041.804)
OS uptime: 0 days 6:46 hours

CPU:total 4 (initial active 4) (2 cores per cpu, 2 threads per core) family 6 model 142 stepping 10 microcode 0xb4, cmov, cx8, fxsr, mmx, sse, sse2, sse3, ssse3, sse4.1, sse4.2, popcnt, avx, avx2, aes, clmul, erms, 3dnowpref, lzcnt, ht, tsc, tscinvbit, bmi1, bmi2, adx, fma

Memory: 4k page, system-wide physical 4011M (107M free)
TotalPageFile size 4011M (AvailPageFile size 101M)
current process WorkingSet (physical memory assigned to process): 195M, peak: 224M
current process commit charge ("private bytes"): 289M, peak: 386M

vm_info: OpenJDK 64-Bit Server VM (11.0.11+9-b60-7590822) for windows-amd64 JRE (11.0.11+9-b60-7590822), built on Jul 29 2021 21:43:44 by "builder" with MS VC++ 14.0 (VS2015)

END.
