#
# There is insufficient memory for the Java Runtime Environment to continue.
# Native memory allocation (malloc) failed to allocate 1968336 bytes for Chunk::new
# Possible reasons:
#   The system is out of physical RAM or swap space
#   The process is running with CompressedOops enabled, and the Java Heap may be blocking the growth of the native heap
# Possible solutions:
#   Reduce memory load on the system
#   Increase physical memory or swap space
#   Check if swap backing store is full
#   Decrease Java heap size (-Xmx/-Xms)
#   Decrease number of Java threads
#   Decrease Java thread stack sizes (-Xss)
#   Set larger code cache with -XX:ReservedCodeCacheSize=
#   JVM is running with Unscaled Compressed Oops mode in which the Java heap is
#     placed in the first 4GB address space. The Java Heap base address is the
#     maximum limit for the native heap growth. Please use -XX:HeapBaseMinAddress
#     to set the Java Heap base and to place the Java Heap above 4GB virtual address.
# This output file may be truncated or incomplete.
#
#  Out of Memory Error (./src/hotspot/share/memory/arena.cpp:197), pid=6972, tid=212
#
# JRE version: OpenJDK Runtime Environment (11.0.11+9) (build 11.0.11+9-b60-7590822)
# Java VM: OpenJDK 64-Bit Server VM (11.0.11+9-b60-7590822, mixed mode, tiered, compressed oops, g1 gc, windows-amd64)
# No core dump will be written. Minidumps are not enabled by default on client versions of Windows
#

---------------  S U M M A R Y ------------

Command Line: --add-opens=java.base/java.util=ALL-UNNAMED --add-opens=java.base/java.lang=ALL-UNNAMED --add-opens=java.base/java.lang.invoke=ALL-UNNAMED --add-opens=java.base/java.util=ALL-UNNAMED --add-opens=java.prefs/java.util.prefs=ALL-UNNAMED --add-opens=java.prefs/java.util.prefs=ALL-UNNAMED --add-opens=java.base/java.nio.charset=ALL-UNNAMED --add-opens=java.base/java.net=ALL-UNNAMED --add-opens=java.base/java.util.concurrent.atomic=ALL-UNNAMED -Xmx2048m -Dfile.encoding=UTF-8 -Duser.country=US -Duser.language=en -Duser.variant org.gradle.launcher.daemon.bootstrap.GradleDaemon 7.4.2

Host: Intel(R) Core(TM) i3-8130U CPU @ 2.20GHz, 4 cores, 3G,  Windows 10 , 64 bit Build 19041 (10.0.19041.804)
Time: Thu Apr 21 14:53:19 2022 Bangladesh Standard Time elapsed time: 49.949528 seconds (0d 0h 0m 49s)

---------------  T H R E A D  ---------------

Current thread (0x000001a9f8d20000):  JavaThread "C2 CompilerThread0" daemon [_thread_in_native, id=212, stack(0x00000090dc300000,0x00000090dc400000)]


Current CompileTask:
C2:  49950 10445       4       com.android.utils.XmlUtils::append (647 bytes)

Stack: [0x00000090dc300000,0x00000090dc400000]
Native frames: (J=compiled Java code, j=interpreted, Vv=VM code, C=native code)
V  [jvm.dll+0x5f214a]
V  [jvm.dll+0x726fb5]
V  [jvm.dll+0x7285cd]
V  [jvm.dll+0x728c83]
V  [jvm.dll+0x243278]
V  [jvm.dll+0xbc53c]
V  [jvm.dll+0xbca3c]
V  [jvm.dll+0x353e3b]
V  [jvm.dll+0x321893]
V  [jvm.dll+0x320d8a]
V  [jvm.dll+0x1fc1e2]
V  [jvm.dll+0x1fb3d4]
V  [jvm.dll+0x183d6c]
V  [jvm.dll+0x209a57]
V  [jvm.dll+0x2082a1]
V  [jvm.dll+0x6ef58f]
V  [jvm.dll+0x6e80b5]
V  [jvm.dll+0x5f1036]
C  [ucrtbase.dll+0x21bb2]
C  [KERNEL32.DLL+0x17034]
C  [ntdll.dll+0x52651]


---------------  P R O C E S S  ---------------

Threads class SMR info:
_java_thread_list=0x000001a9fbc8c810, length=87, elements={
0x000001a9ed946800, 0x000001a9f8cba000, 0x000001a9f8cc3800, 0x000001a9f8d17000,
0x000001a9f8d19000, 0x000001a9f8d1b000, 0x000001a9f8d20000, 0x000001a9f8d24800,
0x000001a9f8d2d800, 0x000001a9f97a3800, 0x000001a9fad85800, 0x000001a9f990d000,
0x000001a9fa823000, 0x000001a9fa1f7000, 0x000001a9fa1f7800, 0x000001a9faf5e800,
0x000001a9faeba000, 0x000001a9fb6a3000, 0x000001a9fae8b800, 0x000001a9fae89800,
0x000001a9fae8a800, 0x000001a9fae8c000, 0x000001a9fae89000, 0x000001a9fae8d000,
0x000001a9fae8d800, 0x000001a9fae88000, 0x000001a9fae8e800, 0x000001a9f9a6a800,
0x000001a9f9a6f800, 0x000001a9f9a6c000, 0x000001a9f9a6d800, 0x000001a9f9a71000,
0x000001a9f9a72800, 0x000001a9f9a6d000, 0x000001a9f9a79000, 0x000001a9f9a73800,
0x000001a9f9a76000, 0x000001a9f9a78800, 0x000001a9f9a76800, 0x000001a9f9a77800,
0x000001a9f9a74000, 0x000001a9f9a75000, 0x000001a9fda67000, 0x000001a9fda61800,
0x000001a9fda68000, 0x000001a9fda65800, 0x000001a9fda66000, 0x000001a9fda63800,
0x000001a9fda62000, 0x000001a9fda68800, 0x000001a9fda64800, 0x000001a9fda63000,
0x000001a9fda6e800, 0x000001a9fda6b000, 0x000001a9fda6a800, 0x000001a9fda6f000,
0x000001a9fda6c000, 0x000001a9fda69800, 0x000001a9fda6c800, 0x000001a9fda6d800,
0x000001a9fda70000, 0x000001a9fe49f800, 0x000001a9fe4a0800, 0x000001a9fe4a1000,
0x000001a9fe49f000, 0x000001a9fe4a8000, 0x000001a9fe4a6000, 0x000001a9fe4a7000,
0x000001a9fe4a2000, 0x000001a9fe4a8800, 0x000001a9fe4a3000, 0x000001a9fe4a9800,
0x000001a9fe4a3800, 0x000001a9fe4aa000, 0x000001a9fe4a4800, 0x000001a9fe4ab000,
0x000001a9fe4a5800, 0x000001a9fe4ac000, 0x000001a9fe4ad800, 0x000001a990be1800,
0x000001a990bde800, 0x000001a990be3000, 0x000001a990be0000, 0x000001a990be4000,
0x000001a990be0800, 0x000001a990be2800, 0x000001a990be5000
}

Java Threads: ( => current thread )
  0x000001a9ed946800 JavaThread "main" [_thread_blocked, id=5052, stack(0x00000090db700000,0x00000090db800000)]
  0x000001a9f8cba000 JavaThread "Reference Handler" daemon [_thread_blocked, id=1308, stack(0x00000090dbe00000,0x00000090dbf00000)]
  0x000001a9f8cc3800 JavaThread "Finalizer" daemon [_thread_blocked, id=6104, stack(0x00000090dbf00000,0x00000090dc000000)]
  0x000001a9f8d17000 JavaThread "Signal Dispatcher" daemon [_thread_blocked, id=1348, stack(0x00000090dc000000,0x00000090dc100000)]
  0x000001a9f8d19000 JavaThread "Attach Listener" daemon [_thread_blocked, id=5236, stack(0x00000090dc100000,0x00000090dc200000)]
  0x000001a9f8d1b000 JavaThread "Service Thread" daemon [_thread_blocked, id=4308, stack(0x00000090dc200000,0x00000090dc300000)]
=>0x000001a9f8d20000 JavaThread "C2 CompilerThread0" daemon [_thread_in_native, id=212, stack(0x00000090dc300000,0x00000090dc400000)]
  0x000001a9f8d24800 JavaThread "C1 CompilerThread0" daemon [_thread_blocked, id=452, stack(0x00000090dc400000,0x00000090dc500000)]
  0x000001a9f8d2d800 JavaThread "Sweeper thread" daemon [_thread_blocked, id=3912, stack(0x00000090dc500000,0x00000090dc600000)]
  0x000001a9f97a3800 JavaThread "Common-Cleaner" daemon [_thread_blocked, id=1948, stack(0x00000090dc600000,0x00000090dc700000)]
  0x000001a9fad85800 JavaThread "Daemon health stats" [_thread_blocked, id=6644, stack(0x00000090dc900000,0x00000090dca00000)]
  0x000001a9f990d000 JavaThread "Incoming local TCP Connector on port 13313" [_thread_in_native, id=2940, stack(0x00000090dca00000,0x00000090dcb00000)]
  0x000001a9fa823000 JavaThread "Daemon periodic checks" [_thread_blocked, id=4604, stack(0x00000090dcb00000,0x00000090dcc00000)]
  0x000001a9fa1f7000 JavaThread "Daemon" [_thread_blocked, id=6120, stack(0x00000090dcc00000,0x00000090dcd00000)]
  0x000001a9fa1f7800 JavaThread "Handler for socket connection from /127.0.0.1:13313 to /127.0.0.1:13314" [_thread_in_native, id=3980, stack(0x00000090dcd00000,0x00000090dce00000)]
  0x000001a9faf5e800 JavaThread "Cancel handler" [_thread_blocked, id=4464, stack(0x00000090dce00000,0x00000090dcf00000)]
  0x000001a9faeba000 JavaThread "Daemon worker" [_thread_blocked, id=6488, stack(0x00000090dcf00000,0x00000090dd000000)]
  0x000001a9fb6a3000 JavaThread "Asynchronous log dispatcher for DefaultDaemonConnection: socket connection from /127.0.0.1:13313 to /127.0.0.1:13314" [_thread_blocked, id=3740, stack(0x00000090dd000000,0x00000090dd100000)]
  0x000001a9fae8b800 JavaThread "Stdin handler" [_thread_blocked, id=5908, stack(0x00000090dd100000,0x00000090dd200000)]
  0x000001a9fae89800 JavaThread "Daemon client event forwarder" [_thread_blocked, id=2708, stack(0x00000090dd200000,0x00000090dd300000)]
  0x000001a9fae8a800 JavaThread "Cache worker for journal cache (C:\Users\Pixel\.gradle\caches\journal-1)" [_thread_blocked, id=4568, stack(0x00000090dd500000,0x00000090dd600000)]
  0x000001a9fae8c000 JavaThread "File lock request listener" [_thread_in_native, id=3340, stack(0x00000090dd600000,0x00000090dd700000)]
  0x000001a9fae89000 JavaThread "Cache worker for file hash cache (C:\Users\Pixel\.gradle\caches\7.4.2\fileHashes)" [_thread_blocked, id=1668, stack(0x00000090dd700000,0x00000090dd800000)]
  0x000001a9fae8d000 JavaThread "File watcher server" daemon [_thread_in_native, id=4636, stack(0x00000090dd800000,0x00000090dd900000)]
  0x000001a9fae8d800 JavaThread "File watcher consumer" daemon [_thread_blocked, id=2000, stack(0x00000090dd900000,0x00000090dda00000)]
  0x000001a9fae88000 JavaThread "Cache worker for checksums cache (F:\Apps\SimInformation\.gradle\7.4.2\checksums)" [_thread_blocked, id=6128, stack(0x00000090dda00000,0x00000090ddb00000)]
  0x000001a9fae8e800 JavaThread "Cache worker for cache directory md-rule (C:\Users\Pixel\.gradle\caches\7.4.2\md-rule)" [_thread_blocked, id=4692, stack(0x00000090ddb00000,0x00000090ddc00000)]
  0x000001a9f9a6a800 JavaThread "Cache worker for file hash cache (F:\Apps\SimInformation\.gradle\7.4.2\fileHashes)" [_thread_blocked, id=1524, stack(0x00000090ddc00000,0x00000090ddd00000)]
  0x000001a9f9a6f800 JavaThread "Cache worker for cache directory md-supplier (C:\Users\Pixel\.gradle\caches\7.4.2\md-supplier)" [_thread_blocked, id=2932, stack(0x00000090ddd00000,0x00000090dde00000)]
  0x000001a9f9a6c000 JavaThread "Cache worker for execution history cache (C:\Users\Pixel\.gradle\caches\7.4.2\executionHistory)" [_thread_blocked, id=1692, stack(0x00000090dde00000,0x00000090ddf00000)]
  0x000001a9f9a6d800 JavaThread "jar transforms" [_thread_blocked, id=3004, stack(0x00000090ddf00000,0x00000090de000000)]
  0x000001a9f9a71000 JavaThread "Cache worker for file content cache (C:\Users\Pixel\.gradle\caches\7.4.2\fileContent)" [_thread_blocked, id=6256, stack(0x00000090de000000,0x00000090de100000)]
  0x000001a9f9a72800 JavaThread "jar transforms Thread 2" [_thread_blocked, id=3168, stack(0x00000090de100000,0x00000090de200000)]
  0x000001a9f9a6d000 JavaThread "Cache worker for dependencies-accessors (F:\Apps\SimInformation\.gradle\7.4.2\dependencies-accessors)" [_thread_blocked, id=7016, stack(0x00000090de200000,0x00000090de300000)]
  0x000001a9f9a79000 JavaThread "jar transforms Thread 3" [_thread_blocked, id=4316, stack(0x00000090de300000,0x00000090de400000)]
  0x000001a9f9a73800 JavaThread "Cache worker for Build Output Cleanup Cache (F:\Apps\SimInformation\.gradle\buildOutputCleanup)" [_thread_blocked, id=7116, stack(0x00000090de400000,0x00000090de500000)]
  0x000001a9f9a76000 JavaThread "Unconstrained build operations" [_thread_blocked, id=7020, stack(0x00000090de500000,0x00000090de600000)]
  0x000001a9f9a78800 JavaThread "Unconstrained build operations Thread 2" [_thread_blocked, id=2928, stack(0x00000090de600000,0x00000090de700000)]
  0x000001a9f9a76800 JavaThread "Unconstrained build operations Thread 3" [_thread_blocked, id=72, stack(0x00000090de700000,0x00000090de800000)]
  0x000001a9f9a77800 JavaThread "Unconstrained build operations Thread 4" [_thread_blocked, id=6976, stack(0x00000090de800000,0x00000090de900000)]
  0x000001a9f9a74000 JavaThread "Unconstrained build operations Thread 5" [_thread_blocked, id=5636, stack(0x00000090de900000,0x00000090dea00000)]
  0x000001a9f9a75000 JavaThread "Unconstrained build operations Thread 6" [_thread_blocked, id=4656, stack(0x00000090dea00000,0x00000090deb00000)]
  0x000001a9fda67000 JavaThread "Unconstrained build operations Thread 7" [_thread_blocked, id=5384, stack(0x00000090deb00000,0x00000090dec00000)]
  0x000001a9fda61800 JavaThread "Unconstrained build operations Thread 8" [_thread_blocked, id=4792, stack(0x00000090dec00000,0x00000090ded00000)]
  0x000001a9fda68000 JavaThread "Unconstrained build operations Thread 9" [_thread_blocked, id=2820, stack(0x00000090ded00000,0x00000090dee00000)]
  0x000001a9fda65800 JavaThread "Unconstrained build operations Thread 10" [_thread_blocked, id=256, stack(0x00000090dee00000,0x00000090def00000)]
  0x000001a9fda66000 JavaThread "Unconstrained build operations Thread 11" [_thread_blocked, id=6108, stack(0x00000090def00000,0x00000090df000000)]
  0x000001a9fda63800 JavaThread "Unconstrained build operations Thread 12" [_thread_blocked, id=4040, stack(0x00000090df000000,0x00000090df100000)]
  0x000001a9fda62000 JavaThread "Unconstrained build operations Thread 13" [_thread_blocked, id=2920, stack(0x00000090df100000,0x00000090df200000)]
  0x000001a9fda68800 JavaThread "Unconstrained build operations Thread 14" [_thread_blocked, id=4644, stack(0x00000090df200000,0x00000090df300000)]
  0x000001a9fda64800 JavaThread "Unconstrained build operations Thread 15" [_thread_blocked, id=2220, stack(0x00000090df300000,0x00000090df400000)]
  0x000001a9fda63000 JavaThread "Unconstrained build operations Thread 16" [_thread_blocked, id=3128, stack(0x00000090df400000,0x00000090df500000)]
  0x000001a9fda6e800 JavaThread "Unconstrained build operations Thread 17" [_thread_blocked, id=4448, stack(0x00000090df500000,0x00000090df600000)]
  0x000001a9fda6b000 JavaThread "Unconstrained build operations Thread 18" [_thread_blocked, id=5872, stack(0x00000090df600000,0x00000090df700000)]
  0x000001a9fda6a800 JavaThread "Unconstrained build operations Thread 19" [_thread_blocked, id=5740, stack(0x00000090df700000,0x00000090df800000)]
  0x000001a9fda6f000 JavaThread "Unconstrained build operations Thread 20" [_thread_blocked, id=312, stack(0x00000090df800000,0x00000090df900000)]
  0x000001a9fda6c000 JavaThread "Unconstrained build operations Thread 21" [_thread_blocked, id=5208, stack(0x00000090df900000,0x00000090dfa00000)]
  0x000001a9fda69800 JavaThread "Unconstrained build operations Thread 22" [_thread_blocked, id=4808, stack(0x00000090dfa00000,0x00000090dfb00000)]
  0x000001a9fda6c800 JavaThread "Unconstrained build operations Thread 23" [_thread_blocked, id=2052, stack(0x00000090dfb00000,0x00000090dfc00000)]
  0x000001a9fda6d800 JavaThread "Unconstrained build operations Thread 24" [_thread_blocked, id=4300, stack(0x00000090dfc00000,0x00000090dfd00000)]
  0x000001a9fda70000 JavaThread "Unconstrained build operations Thread 25" [_thread_blocked, id=2308, stack(0x00000090dfd00000,0x00000090dfe00000)]
  0x000001a9fe49f800 JavaThread "Unconstrained build operations Thread 26" [_thread_blocked, id=6020, stack(0x00000090dfe00000,0x00000090dff00000)]
  0x000001a9fe4a0800 JavaThread "Unconstrained build operations Thread 27" [_thread_blocked, id=1516, stack(0x00000090dff00000,0x00000090e0000000)]
  0x000001a9fe4a1000 JavaThread "Unconstrained build operations Thread 28" [_thread_blocked, id=4752, stack(0x00000090e0000000,0x00000090e0100000)]
  0x000001a9fe49f000 JavaThread "Unconstrained build operations Thread 29" [_thread_blocked, id=4212, stack(0x00000090e0100000,0x00000090e0200000)]
  0x000001a9fe4a8000 JavaThread "Unconstrained build operations Thread 30" [_thread_blocked, id=5396, stack(0x00000090e0200000,0x00000090e0300000)]
  0x000001a9fe4a6000 JavaThread "Unconstrained build operations Thread 31" [_thread_blocked, id=7044, stack(0x00000090e0300000,0x00000090e0400000)]
  0x000001a9fe4a7000 JavaThread "Unconstrained build operations Thread 32" [_thread_blocked, id=2992, stack(0x00000090e0400000,0x00000090e0500000)]
  0x000001a9fe4a2000 JavaThread "Unconstrained build operations Thread 33" [_thread_blocked, id=972, stack(0x00000090e0500000,0x00000090e0600000)]
  0x000001a9fe4a8800 JavaThread "Unconstrained build operations Thread 34" [_thread_blocked, id=5992, stack(0x00000090e0600000,0x00000090e0700000)]
  0x000001a9fe4a3000 JavaThread "Unconstrained build operations Thread 35" [_thread_blocked, id=3164, stack(0x00000090e0700000,0x00000090e0800000)]
  0x000001a9fe4a9800 JavaThread "Unconstrained build operations Thread 36" [_thread_blocked, id=2332, stack(0x00000090e0800000,0x00000090e0900000)]
  0x000001a9fe4a3800 JavaThread "Unconstrained build operations Thread 37" [_thread_blocked, id=6436, stack(0x00000090e0900000,0x00000090e0a00000)]
  0x000001a9fe4aa000 JavaThread "Unconstrained build operations Thread 38" [_thread_blocked, id=2508, stack(0x00000090e0a00000,0x00000090e0b00000)]
  0x000001a9fe4a4800 JavaThread "Unconstrained build operations Thread 39" [_thread_blocked, id=5980, stack(0x00000090e0b00000,0x00000090e0c00000)]
  0x000001a9fe4ab000 JavaThread "Unconstrained build operations Thread 40" [_thread_blocked, id=2096, stack(0x00000090e0c00000,0x00000090e0d00000)]
  0x000001a9fe4a5800 JavaThread "jar transforms Thread 4" [_thread_blocked, id=2300, stack(0x00000090e0d00000,0x00000090e0e00000)]
  0x000001a9fe4ac000 JavaThread "Memory manager" [_thread_blocked, id=1156, stack(0x00000090e0e00000,0x00000090e0f00000)]
  0x000001a9fe4ad800 JavaThread "build event listener" [_thread_blocked, id=5832, stack(0x00000090e0f00000,0x00000090e1000000)]
  0x000001a990be1800 JavaThread "included builds" [_thread_in_native, id=3656, stack(0x00000090e1000000,0x00000090e1100000)]
  0x000001a990bde800 JavaThread "Execution worker for ':'" [_thread_blocked, id=4932, stack(0x00000090e1100000,0x00000090e1200000)]
  0x000001a990be3000 JavaThread "Execution worker for ':' Thread 2" [_thread_blocked, id=4632, stack(0x00000090e1200000,0x00000090e1300000)]
  0x000001a990be0000 JavaThread "Execution worker for ':' Thread 3" [_thread_blocked, id=4396, stack(0x00000090e1300000,0x00000090e1400000)]
  0x000001a990be4000 JavaThread "Cache worker for execution history cache (F:\Apps\SimInformation\.gradle\7.4.2\executionHistory)" [_thread_blocked, id=4368, stack(0x00000090e1400000,0x00000090e1500000)]
  0x000001a990be0800 JavaThread "WorkerExecutor Queue" [_thread_in_vm, id=1980, stack(0x00000090e1700000,0x00000090e1800000)]
  0x000001a990be2800 JavaThread "WorkerExecutor Queue Thread 2" [_thread_blocked, id=6292, stack(0x00000090e1800000,0x00000090e1900000)]
  0x000001a990be5000 JavaThread "WorkerExecutor Queue Thread 3" [_thread_blocked, id=1192, stack(0x00000090e1900000,0x00000090e1a00000)]

Other Threads:
  0x000001a9f8cb4000 VMThread "VM Thread" [stack: 0x00000090dbd00000,0x00000090dbe00000] [id=4968]
  0x000001a9f97c8000 WatcherThread [stack: 0x00000090dc700000,0x00000090dc800000] [id=6652]
  0x000001a9ed960000 GCTaskThread "GC Thread#0" [stack: 0x00000090db800000,0x00000090db900000] [id=3952]
  0x000001a9fa0d7000 GCTaskThread "GC Thread#1" [stack: 0x00000090dc800000,0x00000090dc900000] [id=5548]
  0x000001a9fb6a8000 GCTaskThread "GC Thread#2" [stack: 0x00000090dd300000,0x00000090dd400000] [id=6124]
  0x000001a9faeb9000 GCTaskThread "GC Thread#3" [stack: 0x00000090dd400000,0x00000090dd500000] [id=2400]
  0x000001a9ed993000 ConcurrentGCThread "G1 Main Marker" [stack: 0x00000090db900000,0x00000090dba00000] [id=2288]
  0x000001a9ed994800 ConcurrentGCThread "G1 Conc#0" [stack: 0x00000090dba00000,0x00000090dbb00000] [id=6800]
  0x000001a9ed9f0800 ConcurrentGCThread "G1 Refine#0" [stack: 0x00000090dbb00000,0x00000090dbc00000] [id=1096]
  0x000001a9ed9f1800 ConcurrentGCThread "G1 Young RemSet Sampling" [stack: 0x00000090dbc00000,0x00000090dbd00000] [id=2372]

Threads with active compile tasks:
C2 CompilerThread0  50559 10445       4       com.android.utils.XmlUtils::append (647 bytes)

VM state:not at safepoint (normal execution)

VM Mutex/Monitor currently owned by a thread: None

Heap address: 0x0000000080000000, size: 2048 MB, Compressed Oops mode: 32-bit
Narrow klass base: 0x0000000000000000, Narrow klass shift: 3
Compressed class space size: 1073741824 Address: 0x0000000100000000

Heap:
 garbage-first heap   total 192512K, used 122202K [0x0000000080000000, 0x0000000100000000)
  region size 1024K, 18 young (18432K), 5 survivors (5120K)
 Metaspace       used 86693K, capacity 88715K, committed 88912K, reserved 1126400K
  class space    used 11253K, capacity 12044K, committed 12112K, reserved 1048576K
Heap Regions: E=young(eden), S=young(survivor), O=old, HS=humongous(starts), HC=humongous(continues), CS=collection set, F=free, A=archive, TAMS=top-at-mark-start (previous, next)
|   0|0x0000000080000000, 0x0000000080100000, 0x0000000080100000|100%| O|  |TAMS 0x0000000080100000, 0x0000000080000000| Untracked 
|   1|0x0000000080100000, 0x0000000080200000, 0x0000000080200000|100%| O|  |TAMS 0x0000000080200000, 0x0000000080100000| Untracked 
|   2|0x0000000080200000, 0x0000000080300000, 0x0000000080300000|100%| O|  |TAMS 0x0000000080300000, 0x0000000080200000| Untracked 
|   3|0x0000000080300000, 0x0000000080400000, 0x0000000080400000|100%|HS|  |TAMS 0x0000000080400000, 0x0000000080300000| Complete 
|   4|0x0000000080400000, 0x0000000080500000, 0x0000000080500000|100%|HC|  |TAMS 0x0000000080500000, 0x0000000080400000| Complete 
|   5|0x0000000080500000, 0x0000000080600000, 0x0000000080600000|100%|HC|  |TAMS 0x0000000080600000, 0x0000000080500000| Complete 
|   6|0x0000000080600000, 0x0000000080700000, 0x0000000080700000|100%| O|  |TAMS 0x0000000080700000, 0x0000000080600000| Untracked 
|   7|0x0000000080700000, 0x0000000080800000, 0x0000000080800000|100%| O|  |TAMS 0x0000000080800000, 0x0000000080700000| Untracked 
|   8|0x0000000080800000, 0x0000000080900000, 0x0000000080900000|100%| O|  |TAMS 0x0000000080900000, 0x0000000080800000| Untracked 
|   9|0x0000000080900000, 0x0000000080a00000, 0x0000000080a00000|100%| O|  |TAMS 0x0000000080a00000, 0x0000000080900000| Untracked 
|  10|0x0000000080a00000, 0x0000000080b00000, 0x0000000080b00000|100%| O|  |TAMS 0x0000000080b00000, 0x0000000080a00000| Untracked 
|  11|0x0000000080b00000, 0x0000000080c00000, 0x0000000080c00000|100%| O|  |TAMS 0x0000000080c00000, 0x0000000080b00000| Untracked 
|  12|0x0000000080c00000, 0x0000000080d00000, 0x0000000080d00000|100%| O|  |TAMS 0x0000000080d00000, 0x0000000080c00000| Untracked 
|  13|0x0000000080d00000, 0x0000000080e00000, 0x0000000080e00000|100%| O|  |TAMS 0x0000000080e00000, 0x0000000080d00000| Untracked 
|  14|0x0000000080e00000, 0x0000000080f00000, 0x0000000080f00000|100%| O|  |TAMS 0x0000000080f00000, 0x0000000080e00000| Untracked 
|  15|0x0000000080f00000, 0x0000000081000000, 0x0000000081000000|100%| O|  |TAMS 0x0000000081000000, 0x0000000080f00000| Untracked 
|  16|0x0000000081000000, 0x0000000081100000, 0x0000000081100000|100%| O|  |TAMS 0x0000000081100000, 0x0000000081000000| Untracked 
|  17|0x0000000081100000, 0x0000000081200000, 0x0000000081200000|100%| O|  |TAMS 0x0000000081200000, 0x0000000081100000| Untracked 
|  18|0x0000000081200000, 0x0000000081300000, 0x0000000081300000|100%| O|  |TAMS 0x0000000081300000, 0x0000000081200000| Untracked 
|  19|0x0000000081300000, 0x0000000081400000, 0x0000000081400000|100%| O|  |TAMS 0x0000000081400000, 0x0000000081300000| Untracked 
|  20|0x0000000081400000, 0x0000000081500000, 0x0000000081500000|100%| O|  |TAMS 0x0000000081500000, 0x0000000081400000| Untracked 
|  21|0x0000000081500000, 0x0000000081600000, 0x0000000081600000|100%| O|  |TAMS 0x0000000081600000, 0x0000000081500000| Untracked 
|  22|0x0000000081600000, 0x0000000081700000, 0x0000000081700000|100%| O|  |TAMS 0x0000000081700000, 0x0000000081600000| Untracked 
|  23|0x0000000081700000, 0x0000000081800000, 0x0000000081800000|100%| O|  |TAMS 0x0000000081800000, 0x0000000081700000| Untracked 
|  24|0x0000000081800000, 0x0000000081900000, 0x0000000081900000|100%| O|  |TAMS 0x0000000081900000, 0x0000000081800000| Untracked 
|  25|0x0000000081900000, 0x0000000081a00000, 0x0000000081a00000|100%| O|  |TAMS 0x0000000081a00000, 0x0000000081900000| Untracked 
|  26|0x0000000081a00000, 0x0000000081b00000, 0x0000000081b00000|100%| O|  |TAMS 0x0000000081b00000, 0x0000000081a00000| Untracked 
|  27|0x0000000081b00000, 0x0000000081c00000, 0x0000000081c00000|100%| O|  |TAMS 0x0000000081c00000, 0x0000000081b00000| Untracked 
|  28|0x0000000081c00000, 0x0000000081d00000, 0x0000000081d00000|100%| O|  |TAMS 0x0000000081d00000, 0x0000000081c00000| Untracked 
|  29|0x0000000081d00000, 0x0000000081e00000, 0x0000000081e00000|100%|HS|  |TAMS 0x0000000081e00000, 0x0000000081d00000| Complete 
|  30|0x0000000081e00000, 0x0000000081f00000, 0x0000000081f00000|100%|HS|  |TAMS 0x0000000081f00000, 0x0000000081e00000| Complete 
|  31|0x0000000081f00000, 0x0000000082000000, 0x0000000082000000|100%|HS|  |TAMS 0x0000000082000000, 0x0000000081f00000| Complete 
|  32|0x0000000082000000, 0x0000000082100000, 0x0000000082100000|100%|HS|  |TAMS 0x0000000082100000, 0x0000000082000000| Complete 
|  33|0x0000000082100000, 0x0000000082200000, 0x0000000082200000|100%|HC|  |TAMS 0x0000000082200000, 0x0000000082100000| Complete 
|  34|0x0000000082200000, 0x0000000082300000, 0x0000000082300000|100%| O|  |TAMS 0x0000000082300000, 0x0000000082200000| Untracked 
|  35|0x0000000082300000, 0x0000000082400000, 0x0000000082400000|100%| O|  |TAMS 0x0000000082400000, 0x0000000082300000| Untracked 
|  36|0x0000000082400000, 0x0000000082500000, 0x0000000082500000|100%| O|  |TAMS 0x0000000082500000, 0x0000000082400000| Untracked 
|  37|0x0000000082500000, 0x0000000082600000, 0x0000000082600000|100%| O|  |TAMS 0x0000000082600000, 0x0000000082500000| Untracked 
|  38|0x0000000082600000, 0x0000000082700000, 0x0000000082700000|100%| O|  |TAMS 0x0000000082700000, 0x0000000082600000| Untracked 
|  39|0x0000000082700000, 0x0000000082800000, 0x0000000082800000|100%| O|  |TAMS 0x0000000082800000, 0x0000000082700000| Untracked 
|  40|0x0000000082800000, 0x0000000082900000, 0x0000000082900000|100%| O|  |TAMS 0x0000000082900000, 0x0000000082800000| Untracked 
|  41|0x0000000082900000, 0x0000000082a00000, 0x0000000082a00000|100%| O|  |TAMS 0x0000000082a00000, 0x0000000082900000| Untracked 
|  42|0x0000000082a00000, 0x0000000082b00000, 0x0000000082b00000|100%| O|  |TAMS 0x0000000082b00000, 0x0000000082a00000| Untracked 
|  43|0x0000000082b00000, 0x0000000082c00000, 0x0000000082c00000|100%| O|  |TAMS 0x0000000082c00000, 0x0000000082b00000| Untracked 
|  44|0x0000000082c00000, 0x0000000082d00000, 0x0000000082d00000|100%| O|  |TAMS 0x0000000082d00000, 0x0000000082c00000| Untracked 
|  45|0x0000000082d00000, 0x0000000082e00000, 0x0000000082e00000|100%| O|  |TAMS 0x0000000082e00000, 0x0000000082d00000| Untracked 
|  46|0x0000000082e00000, 0x0000000082f00000, 0x0000000082f00000|100%| O|  |TAMS 0x0000000082f00000, 0x0000000082e00000| Untracked 
|  47|0x0000000082f00000, 0x0000000083000000, 0x0000000083000000|100%| O|  |TAMS 0x0000000083000000, 0x0000000082f00000| Untracked 
|  48|0x0000000083000000, 0x0000000083100000, 0x0000000083100000|100%| O|  |TAMS 0x0000000083100000, 0x0000000083000000| Untracked 
|  49|0x0000000083100000, 0x0000000083200000, 0x0000000083200000|100%| O|  |TAMS 0x0000000083200000, 0x0000000083100000| Untracked 
|  50|0x0000000083200000, 0x0000000083300000, 0x0000000083300000|100%| O|  |TAMS 0x0000000083300000, 0x0000000083200000| Untracked 
|  51|0x0000000083300000, 0x0000000083400000, 0x0000000083400000|100%| O|  |TAMS 0x0000000083400000, 0x0000000083300000| Untracked 
|  52|0x0000000083400000, 0x0000000083500000, 0x0000000083500000|100%| O|  |TAMS 0x0000000083500000, 0x0000000083400000| Untracked 
|  53|0x0000000083500000, 0x0000000083600000, 0x0000000083600000|100%| O|  |TAMS 0x0000000083600000, 0x0000000083500000| Untracked 
|  54|0x0000000083600000, 0x0000000083700000, 0x0000000083700000|100%| O|  |TAMS 0x0000000083700000, 0x0000000083600000| Untracked 
|  55|0x0000000083700000, 0x0000000083800000, 0x0000000083800000|100%| O|  |TAMS 0x0000000083800000, 0x0000000083700000| Untracked 
|  56|0x0000000083800000, 0x0000000083900000, 0x0000000083900000|100%| O|  |TAMS 0x0000000083900000, 0x0000000083800000| Untracked 
|  57|0x0000000083900000, 0x0000000083a00000, 0x0000000083a00000|100%| O|  |TAMS 0x0000000083a00000, 0x0000000083900000| Untracked 
|  58|0x0000000083a00000, 0x0000000083b00000, 0x0000000083b00000|100%| O|  |TAMS 0x0000000083b00000, 0x0000000083a00000| Untracked 
|  59|0x0000000083b00000, 0x0000000083c00000, 0x0000000083c00000|100%| O|  |TAMS 0x0000000083c00000, 0x0000000083b00000| Untracked 
|  60|0x0000000083c00000, 0x0000000083d00000, 0x0000000083d00000|100%| O|  |TAMS 0x0000000083d00000, 0x0000000083c00000| Untracked 
|  61|0x0000000083d00000, 0x0000000083e00000, 0x0000000083e00000|100%| O|  |TAMS 0x0000000083e00000, 0x0000000083d00000| Untracked 
|  62|0x0000000083e00000, 0x0000000083f00000, 0x0000000083f00000|100%| O|  |TAMS 0x0000000083f00000, 0x0000000083e00000| Untracked 
|  63|0x0000000083f00000, 0x0000000084000000, 0x0000000084000000|100%| O|  |TAMS 0x0000000084000000, 0x0000000083f00000| Untracked 
|  64|0x0000000084000000, 0x0000000084100000, 0x0000000084100000|100%| O|  |TAMS 0x0000000084100000, 0x0000000084000000| Untracked 
|  65|0x0000000084100000, 0x0000000084200000, 0x0000000084200000|100%| O|  |TAMS 0x0000000084200000, 0x0000000084100000| Untracked 
|  66|0x0000000084200000, 0x0000000084300000, 0x0000000084300000|100%| O|  |TAMS 0x0000000084300000, 0x0000000084200000| Untracked 
|  67|0x0000000084300000, 0x0000000084400000, 0x0000000084400000|100%| O|  |TAMS 0x0000000084400000, 0x0000000084300000| Untracked 
|  68|0x0000000084400000, 0x0000000084500000, 0x0000000084500000|100%| O|  |TAMS 0x0000000084500000, 0x0000000084400000| Untracked 
|  69|0x0000000084500000, 0x0000000084600000, 0x0000000084600000|100%| O|  |TAMS 0x0000000084600000, 0x0000000084500000| Untracked 
|  70|0x0000000084600000, 0x0000000084700000, 0x0000000084700000|100%| O|  |TAMS 0x0000000084700000, 0x0000000084600000| Untracked 
|  71|0x0000000084700000, 0x0000000084800000, 0x0000000084800000|100%| O|  |TAMS 0x0000000084800000, 0x0000000084700000| Untracked 
|  72|0x0000000084800000, 0x0000000084900000, 0x0000000084900000|100%| O|  |TAMS 0x0000000084900000, 0x0000000084800000| Untracked 
|  73|0x0000000084900000, 0x0000000084a00000, 0x0000000084a00000|100%| O|  |TAMS 0x0000000084a00000, 0x0000000084900000| Untracked 
|  74|0x0000000084a00000, 0x0000000084b00000, 0x0000000084b00000|100%| O|  |TAMS 0x0000000084b00000, 0x0000000084a00000| Untracked 
|  75|0x0000000084b00000, 0x0000000084c00000, 0x0000000084c00000|100%| O|  |TAMS 0x0000000084c00000, 0x0000000084b00000| Untracked 
|  76|0x0000000084c00000, 0x0000000084d00000, 0x0000000084d00000|100%| O|  |TAMS 0x0000000084d00000, 0x0000000084c00000| Untracked 
|  77|0x0000000084d00000, 0x0000000084e00000, 0x0000000084e00000|100%| O|  |TAMS 0x0000000084e00000, 0x0000000084d00000| Untracked 
|  78|0x0000000084e00000, 0x0000000084f00000, 0x0000000084f00000|100%| O|  |TAMS 0x0000000084f00000, 0x0000000084e00000| Untracked 
|  79|0x0000000084f00000, 0x0000000085000000, 0x0000000085000000|100%| O|  |TAMS 0x0000000085000000, 0x0000000084f00000| Untracked 
|  80|0x0000000085000000, 0x0000000085100000, 0x0000000085100000|100%| O|  |TAMS 0x0000000085100000, 0x0000000085000000| Untracked 
|  81|0x0000000085100000, 0x0000000085200000, 0x0000000085200000|100%| O|  |TAMS 0x0000000085200000, 0x0000000085100000| Untracked 
|  82|0x0000000085200000, 0x0000000085300000, 0x0000000085300000|100%| O|  |TAMS 0x0000000085300000, 0x0000000085200000| Untracked 
|  83|0x0000000085300000, 0x0000000085400000, 0x0000000085400000|100%| O|  |TAMS 0x0000000085400000, 0x0000000085300000| Untracked 
|  84|0x0000000085400000, 0x0000000085500000, 0x0000000085500000|100%| O|  |TAMS 0x0000000085500000, 0x0000000085400000| Untracked 
|  85|0x0000000085500000, 0x0000000085600000, 0x0000000085600000|100%| O|  |TAMS 0x0000000085600000, 0x0000000085500000| Untracked 
|  86|0x0000000085600000, 0x0000000085700000, 0x0000000085700000|100%| O|  |TAMS 0x0000000085700000, 0x0000000085600000| Untracked 
|  87|0x0000000085700000, 0x0000000085800000, 0x0000000085800000|100%|HS|  |TAMS 0x0000000085700000, 0x0000000085700000| Complete 
|  88|0x0000000085800000, 0x0000000085900000, 0x0000000085900000|100%|HS|  |TAMS 0x0000000085800000, 0x0000000085800000| Complete 
|  89|0x0000000085900000, 0x0000000085a00000, 0x0000000085a00000|100%|HC|  |TAMS 0x0000000085900000, 0x0000000085900000| Complete 
|  90|0x0000000085a00000, 0x0000000085b00000, 0x0000000085b00000|100%|HS|  |TAMS 0x0000000085a00000, 0x0000000085a00000| Complete 
|  91|0x0000000085b00000, 0x0000000085c00000, 0x0000000085c00000|100%|HC|  |TAMS 0x0000000085b00000, 0x0000000085b00000| Complete 
|  92|0x0000000085c00000, 0x0000000085d00000, 0x0000000085d00000|100%|HC|  |TAMS 0x0000000085c00000, 0x0000000085c00000| Complete 
|  93|0x0000000085d00000, 0x0000000085e00000, 0x0000000085e00000|100%|HC|  |TAMS 0x0000000085d00000, 0x0000000085d00000| Complete 
|  94|0x0000000085e00000, 0x0000000085f00000, 0x0000000085f00000|100%|HS|  |TAMS 0x0000000085e00000, 0x0000000085e00000| Complete 
|  95|0x0000000085f00000, 0x0000000086000000, 0x0000000086000000|100%|HC|  |TAMS 0x0000000085f00000, 0x0000000085f00000| Complete 
|  96|0x0000000086000000, 0x0000000086100000, 0x0000000086100000|100%|HS|  |TAMS 0x0000000086000000, 0x0000000086000000| Complete 
|  97|0x0000000086100000, 0x0000000086200000, 0x0000000086200000|100%|HC|  |TAMS 0x0000000086100000, 0x0000000086100000| Complete 
|  98|0x0000000086200000, 0x0000000086300000, 0x0000000086300000|100%|HC|  |TAMS 0x0000000086200000, 0x0000000086200000| Complete 
|  99|0x0000000086300000, 0x0000000086400000, 0x0000000086400000|100%|HC|  |TAMS 0x0000000086300000, 0x0000000086300000| Complete 
| 100|0x0000000086400000, 0x0000000086500000, 0x0000000086500000|100%|HS|  |TAMS 0x0000000086400000, 0x0000000086400000| Complete 
| 101|0x0000000086500000, 0x0000000086600000, 0x0000000086600000|100%|HC|  |TAMS 0x0000000086500000, 0x0000000086500000| Complete 
| 102|0x0000000086600000, 0x0000000086700000, 0x0000000086700000|100%|HC|  |TAMS 0x0000000086600000, 0x0000000086600000| Complete 
| 103|0x0000000086700000, 0x0000000086800000, 0x0000000086800000|100%|HC|  |TAMS 0x0000000086700000, 0x0000000086700000| Complete 
| 104|0x0000000086800000, 0x0000000086800000, 0x0000000086900000|  0%| F|  |TAMS 0x0000000086800000, 0x0000000086800000| Untracked 
| 105|0x0000000086900000, 0x0000000086900000, 0x0000000086a00000|  0%| F|  |TAMS 0x0000000086900000, 0x0000000086900000| Untracked 
| 106|0x0000000086a00000, 0x0000000086a00000, 0x0000000086b00000|  0%| F|  |TAMS 0x0000000086a00000, 0x0000000086a00000| Untracked 
| 107|0x0000000086b00000, 0x0000000086b00000, 0x0000000086c00000|  0%| F|  |TAMS 0x0000000086b00000, 0x0000000086b00000| Untracked 
| 108|0x0000000086c00000, 0x0000000086c00000, 0x0000000086d00000|  0%| F|  |TAMS 0x0000000086c00000, 0x0000000086c00000| Untracked 
| 109|0x0000000086d00000, 0x0000000086d00000, 0x0000000086e00000|  0%| F|  |TAMS 0x0000000086d00000, 0x0000000086d00000| Untracked 
| 110|0x0000000086e00000, 0x0000000086e00000, 0x0000000086f00000|  0%| F|  |TAMS 0x0000000086e00000, 0x0000000086e00000| Untracked 
| 111|0x0000000086f00000, 0x0000000086f00000, 0x0000000087000000|  0%| F|  |TAMS 0x0000000086f00000, 0x0000000086f00000| Untracked 
| 112|0x0000000087000000, 0x0000000087000000, 0x0000000087100000|  0%| F|  |TAMS 0x0000000087000000, 0x0000000087000000| Untracked 
| 113|0x0000000087100000, 0x0000000087100000, 0x0000000087200000|  0%| F|  |TAMS 0x0000000087100000, 0x0000000087100000| Untracked 
| 114|0x0000000087200000, 0x0000000087200000, 0x0000000087300000|  0%| F|  |TAMS 0x0000000087200000, 0x0000000087200000| Untracked 
| 115|0x0000000087300000, 0x0000000087300000, 0x0000000087400000|  0%| F|  |TAMS 0x0000000087300000, 0x0000000087300000| Untracked 
| 116|0x0000000087400000, 0x0000000087400000, 0x0000000087500000|  0%| F|  |TAMS 0x0000000087400000, 0x0000000087400000| Untracked 
| 117|0x0000000087500000, 0x0000000087500000, 0x0000000087600000|  0%| F|  |TAMS 0x0000000087500000, 0x0000000087500000| Untracked 
| 118|0x0000000087600000, 0x0000000087600000, 0x0000000087700000|  0%| F|  |TAMS 0x0000000087600000, 0x0000000087600000| Untracked 
| 119|0x0000000087700000, 0x0000000087700000, 0x0000000087800000|  0%| F|  |TAMS 0x0000000087700000, 0x0000000087700000| Untracked 
| 120|0x0000000087800000, 0x0000000087856b78, 0x0000000087900000| 33%| S|CS|TAMS 0x0000000087800000, 0x0000000087800000| Complete 
| 121|0x0000000087900000, 0x0000000087a00000, 0x0000000087a00000|100%| S|CS|TAMS 0x0000000087900000, 0x0000000087900000| Complete 
| 122|0x0000000087a00000, 0x0000000087b00000, 0x0000000087b00000|100%| S|CS|TAMS 0x0000000087a00000, 0x0000000087a00000| Complete 
| 123|0x0000000087b00000, 0x0000000087c00000, 0x0000000087c00000|100%| S|CS|TAMS 0x0000000087b00000, 0x0000000087b00000| Complete 
| 124|0x0000000087c00000, 0x0000000087d00000, 0x0000000087d00000|100%| S|CS|TAMS 0x0000000087c00000, 0x0000000087c00000| Complete 
| 125|0x0000000087d00000, 0x0000000087d00000, 0x0000000087e00000|  0%| F|  |TAMS 0x0000000087d00000, 0x0000000087d00000| Untracked 
| 126|0x0000000087e00000, 0x0000000087e00000, 0x0000000087f00000|  0%| F|  |TAMS 0x0000000087e00000, 0x0000000087e00000| Untracked 
| 127|0x0000000087f00000, 0x0000000087f00000, 0x0000000088000000|  0%| F|  |TAMS 0x0000000087f00000, 0x0000000087f00000| Untracked 
| 128|0x0000000088000000, 0x0000000088000000, 0x0000000088100000|  0%| F|  |TAMS 0x0000000088000000, 0x0000000088000000| Untracked 
| 129|0x0000000088100000, 0x0000000088100000, 0x0000000088200000|  0%| F|  |TAMS 0x0000000088100000, 0x0000000088100000| Untracked 
| 130|0x0000000088200000, 0x0000000088200000, 0x0000000088300000|  0%| F|  |TAMS 0x0000000088200000, 0x0000000088200000| Untracked 
| 131|0x0000000088300000, 0x0000000088300000, 0x0000000088400000|  0%| F|  |TAMS 0x0000000088300000, 0x0000000088300000| Untracked 
| 132|0x0000000088400000, 0x0000000088400000, 0x0000000088500000|  0%| F|  |TAMS 0x0000000088400000, 0x0000000088400000| Untracked 
| 133|0x0000000088500000, 0x0000000088500000, 0x0000000088600000|  0%| F|  |TAMS 0x0000000088500000, 0x0000000088500000| Untracked 
| 134|0x0000000088600000, 0x0000000088600000, 0x0000000088700000|  0%| F|  |TAMS 0x0000000088600000, 0x0000000088600000| Untracked 
| 135|0x0000000088700000, 0x0000000088700000, 0x0000000088800000|  0%| F|  |TAMS 0x0000000088700000, 0x0000000088700000| Untracked 
| 136|0x0000000088800000, 0x0000000088800000, 0x0000000088900000|  0%| F|  |TAMS 0x0000000088800000, 0x0000000088800000| Untracked 
| 137|0x0000000088900000, 0x0000000088900000, 0x0000000088a00000|  0%| F|  |TAMS 0x0000000088900000, 0x0000000088900000| Untracked 
| 138|0x0000000088a00000, 0x0000000088a00000, 0x0000000088b00000|  0%| F|  |TAMS 0x0000000088a00000, 0x0000000088a00000| Untracked 
| 139|0x0000000088b00000, 0x0000000088b00000, 0x0000000088c00000|  0%| F|  |TAMS 0x0000000088b00000, 0x0000000088b00000| Untracked 
| 140|0x0000000088c00000, 0x0000000088c00000, 0x0000000088d00000|  0%| F|  |TAMS 0x0000000088c00000, 0x0000000088c00000| Untracked 
| 141|0x0000000088d00000, 0x0000000088d00000, 0x0000000088e00000|  0%| F|  |TAMS 0x0000000088d00000, 0x0000000088d00000| Untracked 
| 142|0x0000000088e00000, 0x0000000088e00000, 0x0000000088f00000|  0%| F|  |TAMS 0x0000000088e00000, 0x0000000088e00000| Untracked 
| 143|0x0000000088f00000, 0x0000000088f00000, 0x0000000089000000|  0%| F|  |TAMS 0x0000000088f00000, 0x0000000088f00000| Untracked 
| 144|0x0000000089000000, 0x0000000089000000, 0x0000000089100000|  0%| F|  |TAMS 0x0000000089000000, 0x0000000089000000| Untracked 
| 145|0x0000000089100000, 0x0000000089100000, 0x0000000089200000|  0%| F|  |TAMS 0x0000000089100000, 0x0000000089100000| Untracked 
| 146|0x0000000089200000, 0x0000000089200000, 0x0000000089300000|  0%| F|  |TAMS 0x0000000089200000, 0x0000000089200000| Untracked 
| 147|0x0000000089300000, 0x0000000089300000, 0x0000000089400000|  0%| F|  |TAMS 0x0000000089300000, 0x0000000089300000| Untracked 
| 148|0x0000000089400000, 0x0000000089400000, 0x0000000089500000|  0%| F|  |TAMS 0x0000000089400000, 0x0000000089400000| Untracked 
| 149|0x0000000089500000, 0x0000000089500000, 0x0000000089600000|  0%| F|  |TAMS 0x0000000089500000, 0x0000000089500000| Untracked 
| 150|0x0000000089600000, 0x0000000089600000, 0x0000000089700000|  0%| F|  |TAMS 0x0000000089600000, 0x0000000089600000| Untracked 
| 151|0x0000000089700000, 0x0000000089700000, 0x0000000089800000|  0%| F|  |TAMS 0x0000000089700000, 0x0000000089700000| Untracked 
| 152|0x0000000089800000, 0x0000000089800000, 0x0000000089900000|  0%| F|  |TAMS 0x0000000089800000, 0x0000000089800000| Untracked 
| 153|0x0000000089900000, 0x0000000089900000, 0x0000000089a00000|  0%| F|  |TAMS 0x0000000089900000, 0x0000000089900000| Untracked 
| 154|0x0000000089a00000, 0x0000000089a00000, 0x0000000089b00000|  0%| F|  |TAMS 0x0000000089a00000, 0x0000000089a00000| Untracked 
| 155|0x0000000089b00000, 0x0000000089b00000, 0x0000000089c00000|  0%| F|  |TAMS 0x0000000089b00000, 0x0000000089b00000| Untracked 
| 156|0x0000000089c00000, 0x0000000089c00000, 0x0000000089d00000|  0%| F|  |TAMS 0x0000000089c00000, 0x0000000089c00000| Untracked 
| 157|0x0000000089d00000, 0x0000000089d00000, 0x0000000089e00000|  0%| F|  |TAMS 0x0000000089d00000, 0x0000000089d00000| Untracked 
| 158|0x0000000089e00000, 0x0000000089e00000, 0x0000000089f00000|  0%| F|  |TAMS 0x0000000089e00000, 0x0000000089e00000| Untracked 
| 159|0x0000000089f00000, 0x0000000089f00000, 0x000000008a000000|  0%| F|  |TAMS 0x0000000089f00000, 0x0000000089f00000| Untracked 
| 160|0x000000008a000000, 0x000000008a000000, 0x000000008a100000|  0%| F|  |TAMS 0x000000008a000000, 0x000000008a000000| Untracked 
| 161|0x000000008a100000, 0x000000008a100000, 0x000000008a200000|  0%| F|  |TAMS 0x000000008a100000, 0x000000008a100000| Untracked 
| 162|0x000000008a200000, 0x000000008a200000, 0x000000008a300000|  0%| F|  |TAMS 0x000000008a200000, 0x000000008a200000| Untracked 
| 163|0x000000008a300000, 0x000000008a300000, 0x000000008a400000|  0%| F|  |TAMS 0x000000008a300000, 0x000000008a300000| Untracked 
| 164|0x000000008a400000, 0x000000008a400000, 0x000000008a500000|  0%| F|  |TAMS 0x000000008a400000, 0x000000008a400000| Untracked 
| 165|0x000000008a500000, 0x000000008a500000, 0x000000008a600000|  0%| F|  |TAMS 0x000000008a500000, 0x000000008a500000| Untracked 
| 166|0x000000008a600000, 0x000000008a600000, 0x000000008a700000|  0%| F|  |TAMS 0x000000008a600000, 0x000000008a600000| Untracked 
| 167|0x000000008a700000, 0x000000008a700000, 0x000000008a800000|  0%| F|  |TAMS 0x000000008a700000, 0x000000008a700000| Untracked 
| 168|0x000000008a800000, 0x000000008a800000, 0x000000008a900000|  0%| F|  |TAMS 0x000000008a800000, 0x000000008a800000| Untracked 
| 169|0x000000008a900000, 0x000000008a900000, 0x000000008aa00000|  0%| F|  |TAMS 0x000000008a900000, 0x000000008a900000| Untracked 
| 170|0x000000008aa00000, 0x000000008aa00000, 0x000000008ab00000|  0%| F|  |TAMS 0x000000008aa00000, 0x000000008aa00000| Untracked 
| 171|0x000000008ab00000, 0x000000008ab00000, 0x000000008ac00000|  0%| F|  |TAMS 0x000000008ab00000, 0x000000008ab00000| Untracked 
| 172|0x000000008ac00000, 0x000000008ac00000, 0x000000008ad00000|  0%| F|  |TAMS 0x000000008ac00000, 0x000000008ac00000| Untracked 
| 173|0x000000008ad00000, 0x000000008ad00000, 0x000000008ae00000|  0%| F|  |TAMS 0x000000008ad00000, 0x000000008ad00000| Untracked 
| 174|0x000000008ae00000, 0x000000008ae00000, 0x000000008af00000|  0%| F|  |TAMS 0x000000008ae00000, 0x000000008ae00000| Untracked 
| 175|0x000000008af00000, 0x000000008af166f0, 0x000000008b000000|  8%| E|  |TAMS 0x000000008af00000, 0x000000008af00000| Complete 
| 176|0x000000008b000000, 0x000000008b100000, 0x000000008b100000|100%| E|  |TAMS 0x000000008b000000, 0x000000008b000000| Complete 
| 177|0x000000008b100000, 0x000000008b200000, 0x000000008b200000|100%| E|CS|TAMS 0x000000008b100000, 0x000000008b100000| Complete 
| 178|0x000000008b200000, 0x000000008b300000, 0x000000008b300000|100%| E|CS|TAMS 0x000000008b200000, 0x000000008b200000| Complete 
| 179|0x000000008b300000, 0x000000008b400000, 0x000000008b400000|100%| E|CS|TAMS 0x000000008b300000, 0x000000008b300000| Complete 
| 180|0x000000008b400000, 0x000000008b500000, 0x000000008b500000|100%| E|CS|TAMS 0x000000008b400000, 0x000000008b400000| Complete 
| 181|0x000000008b500000, 0x000000008b600000, 0x000000008b600000|100%| E|CS|TAMS 0x000000008b500000, 0x000000008b500000| Complete 
| 182|0x000000008b600000, 0x000000008b700000, 0x000000008b700000|100%| E|CS|TAMS 0x000000008b600000, 0x000000008b600000| Complete 
| 183|0x000000008b700000, 0x000000008b800000, 0x000000008b800000|100%| E|CS|TAMS 0x000000008b700000, 0x000000008b700000| Complete 
| 184|0x000000008b800000, 0x000000008b900000, 0x000000008b900000|100%| E|CS|TAMS 0x000000008b800000, 0x000000008b800000| Complete 
| 185|0x000000008b900000, 0x000000008ba00000, 0x000000008ba00000|100%| E|CS|TAMS 0x000000008b900000, 0x000000008b900000| Complete 
| 186|0x000000008ba00000, 0x000000008bb00000, 0x000000008bb00000|100%| E|CS|TAMS 0x000000008ba00000, 0x000000008ba00000| Complete 
| 187|0x000000008bb00000, 0x000000008bc00000, 0x000000008bc00000|100%| E|CS|TAMS 0x000000008bb00000, 0x000000008bb00000| Complete 

Card table byte_map: [0x000001a9f1eb0000,0x000001a9f22b0000] _byte_map_base: 0x000001a9f1ab0000

Marking Bits (Prev, Next): (CMBitMap*) 0x000001a9ed98a430, (CMBitMap*) 0x000001a9ed98a3f8
 Prev Bits: [0x000001a9f46b0000, 0x000001a9f66b0000)
 Next Bits: [0x000001a9f26b0000, 0x000001a9f46b0000)

Polling page: 0x000001a9eda30000

Metaspace:

Usage:
  Non-class:     74.87 MB capacity,    73.67 MB ( 98%) used,   985.30 KB (  1%) free+waste,   245.25 KB ( <1%) overhead. 
      Class:     11.76 MB capacity,    10.99 MB ( 93%) used,   679.27 KB (  6%) free+waste,   111.56 KB ( <1%) overhead. 
       Both:     86.64 MB capacity,    84.66 MB ( 98%) used,     1.63 MB (  2%) free+waste,   356.81 KB ( <1%) overhead. 

Virtual space:
  Non-class space:       76.00 MB reserved,      75.00 MB ( 99%) committed 
      Class space:        1.00 GB reserved,      11.83 MB (  1%) committed 
             Both:        1.07 GB reserved,      86.83 MB (  8%) committed 

Chunk freelists:
   Non-Class:  65.00 KB
       Class:  20.00 KB
        Both:  85.00 KB

MaxMetaspaceSize: 17179869184.00 GB
CompressedClassSpaceSize: 1.00 GB

CodeHeap 'non-profiled nmethods': size=120064Kb used=5621Kb max_used=5621Kb free=114442Kb
 bounds [0x000001a987ac0000, 0x000001a988040000, 0x000001a98f000000]
CodeHeap 'profiled nmethods': size=120000Kb used=21806Kb max_used=21806Kb free=98193Kb
 bounds [0x000001a980590000, 0x000001a981ae0000, 0x000001a987ac0000]
CodeHeap 'non-nmethods': size=5696Kb used=2289Kb max_used=2321Kb free=3406Kb
 bounds [0x000001a980000000, 0x000001a980270000, 0x000001a980590000]
 total_blobs=11222 nmethods=10329 adapters=804
 compilation: enabled
              stopped_count=0, restarted_count=0
 full_count=0

Compilation events (20 events):
Event: 49.574 Thread 0x000001a9f8d20000 nmethod 10402 0x000001a988038a90 code [0x000001a988038ca0, 0x000001a988039758]
Event: 49.574 Thread 0x000001a9f8d20000 10327       4       org.apache.xerces.dom.NodeImpl::isNormalized (17 bytes)
Event: 49.574 Thread 0x000001a9f8d20000 nmethod 10327 0x000001a98803a190 code [0x000001a98803a320, 0x000001a98803a398]
Event: 49.574 Thread 0x000001a9f8d20000 10426       4       java.lang.StringUTF16::putChar (54 bytes)
Event: 49.575 Thread 0x000001a9f8d20000 nmethod 10426 0x000001a98803a410 code [0x000001a98803a5a0, 0x000001a98803a658]
Event: 49.575 Thread 0x000001a9f8d20000 10211       4       org.apache.xerces.xni.XMLString::toString (32 bytes)
Event: 49.581 Thread 0x000001a9f8d20000 nmethod 10211 0x000001a98803a710 code [0x000001a98803a8e0, 0x000001a98803af58]
Event: 49.581 Thread 0x000001a9f8d20000 10347       4       org.apache.xerces.dom.NamedNodeMapImpl::isReadOnly (15 bytes)
Event: 49.581 Thread 0x000001a9f8d20000 nmethod 10347 0x000001a98803b290 code [0x000001a98803b420, 0x000001a98803b498]
Event: 49.581 Thread 0x000001a9f8d20000 10439       4       org.apache.xerces.dom.ElementImpl::getTagName (16 bytes)
Event: 49.583 Thread 0x000001a9f8d20000 nmethod 10439 0x000001a98803b510 code [0x000001a98803b6c0, 0x000001a98803b878]
Event: 49.583 Thread 0x000001a9f8d20000 10454       4       java.util.HashMap::remove (26 bytes)
Event: 49.584 Thread 0x000001a9f8d20000 nmethod 10454 0x000001a98803ba90 code [0x000001a98803bc40, 0x000001a98803bd68]
Event: 49.584 Thread 0x000001a9f8d20000 10419       4       java.util.HashMap::afterNodeRemoval (1 bytes)
Event: 49.584 Thread 0x000001a9f8d20000 nmethod 10419 0x000001a98803be90 code [0x000001a98803c020, 0x000001a98803c078]
Event: 49.584 Thread 0x000001a9f8d20000 10455       4       java.util.HashSet::size (8 bytes)
Event: 49.584 Thread 0x000001a9f8d20000 nmethod 10455 0x000001a98803c110 code [0x000001a98803c2a0, 0x000001a98803c318]
Event: 49.584 Thread 0x000001a9f8d20000 10392       4       org.apache.xerces.dom.AttrNSImpl::getNamespaceURI (16 bytes)
Event: 49.585 Thread 0x000001a9f8d20000 nmethod 10392 0x000001a98803c390 code [0x000001a98803c520, 0x000001a98803c5b8]
Event: 49.585 Thread 0x000001a9f8d20000 10445       4       com.android.utils.XmlUtils::append (647 bytes)

GC Heap History (20 events):
Event: 35.448 GC heap before
{Heap before GC invocations=44 (full 0):
 garbage-first heap   total 78848K, used 66803K [0x0000000080000000, 0x0000000100000000)
  region size 1024K, 11 young (11264K), 2 survivors (2048K)
 Metaspace       used 70885K, capacity 72568K, committed 72656K, reserved 1112064K
  class space    used 9256K, capacity 9882K, committed 9936K, reserved 1048576K
}
Event: 35.451 GC heap after
{Heap after GC invocations=45 (full 0):
 garbage-first heap   total 78848K, used 58110K [0x0000000080000000, 0x0000000100000000)
  region size 1024K, 2 young (2048K), 2 survivors (2048K)
 Metaspace       used 70885K, capacity 72568K, committed 72656K, reserved 1112064K
  class space    used 9256K, capacity 9882K, committed 9936K, reserved 1048576K
}
Event: 35.636 GC heap before
{Heap before GC invocations=45 (full 0):
 garbage-first heap   total 78848K, used 67326K [0x0000000080000000, 0x0000000100000000)
  region size 1024K, 11 young (11264K), 2 survivors (2048K)
 Metaspace       used 71707K, capacity 73265K, committed 73552K, reserved 1112064K
  class space    used 9374K, capacity 10003K, committed 10064K, reserved 1048576K
}
Event: 35.697 GC heap after
{Heap after GC invocations=46 (full 0):
 garbage-first heap   total 95232K, used 58924K [0x0000000080000000, 0x0000000100000000)
  region size 1024K, 2 young (2048K), 2 survivors (2048K)
 Metaspace       used 71707K, capacity 73265K, committed 73552K, reserved 1112064K
  class space    used 9374K, capacity 10003K, committed 10064K, reserved 1048576K
}
Event: 36.145 GC heap before
{Heap before GC invocations=47 (full 0):
 garbage-first heap   total 95232K, used 75308K [0x0000000080000000, 0x0000000100000000)
  region size 1024K, 18 young (18432K), 2 survivors (2048K)
 Metaspace       used 73132K, capacity 74843K, committed 75088K, reserved 1114112K
  class space    used 9592K, capacity 10248K, committed 10320K, reserved 1048576K
}
Event: 36.149 GC heap after
{Heap after GC invocations=48 (full 0):
 garbage-first heap   total 95232K, used 59651K [0x0000000080000000, 0x0000000100000000)
  region size 1024K, 3 young (3072K), 3 survivors (3072K)
 Metaspace       used 73132K, capacity 74843K, committed 75088K, reserved 1114112K
  class space    used 9592K, capacity 10248K, committed 10320K, reserved 1048576K
}
Event: 36.654 GC heap before
{Heap before GC invocations=48 (full 0):
 garbage-first heap   total 95232K, used 76035K [0x0000000080000000, 0x0000000100000000)
  region size 1024K, 19 young (19456K), 3 survivors (3072K)
 Metaspace       used 74684K, capacity 76395K, committed 76624K, reserved 1116160K
  class space    used 9846K, capacity 10522K, committed 10576K, reserved 1048576K
}
Event: 36.663 GC heap after
{Heap after GC invocations=49 (full 0):
 garbage-first heap   total 95232K, used 60284K [0x0000000080000000, 0x0000000100000000)
  region size 1024K, 3 young (3072K), 3 survivors (3072K)
 Metaspace       used 74684K, capacity 76395K, committed 76624K, reserved 1116160K
  class space    used 9846K, capacity 10522K, committed 10576K, reserved 1048576K
}
Event: 37.115 GC heap before
{Heap before GC invocations=50 (full 0):
 garbage-first heap   total 95232K, used 77692K [0x0000000080000000, 0x0000000100000000)
  region size 1024K, 20 young (20480K), 3 survivors (3072K)
 Metaspace       used 77241K, capacity 79088K, committed 79312K, reserved 1118208K
  class space    used 10163K, capacity 10858K, committed 10960K, reserved 1048576K
}
Event: 37.120 GC heap after
{Heap after GC invocations=51 (full 0):
 garbage-first heap   total 95232K, used 61580K [0x0000000080000000, 0x0000000100000000)
  region size 1024K, 3 young (3072K), 3 survivors (3072K)
 Metaspace       used 77241K, capacity 79088K, committed 79312K, reserved 1118208K
  class space    used 10163K, capacity 10858K, committed 10960K, reserved 1048576K
}
Event: 37.481 GC heap before
{Heap before GC invocations=51 (full 0):
 garbage-first heap   total 95232K, used 78988K [0x0000000080000000, 0x0000000100000000)
  region size 1024K, 20 young (20480K), 3 survivors (3072K)
 Metaspace       used 78433K, capacity 80268K, committed 80464K, reserved 1118208K
  class space    used 10287K, capacity 10968K, committed 11088K, reserved 1048576K
}
Event: 37.489 GC heap after
{Heap after GC invocations=52 (full 0):
 garbage-first heap   total 156672K, used 63122K [0x0000000080000000, 0x0000000100000000)
  region size 1024K, 3 young (3072K), 3 survivors (3072K)
 Metaspace       used 78433K, capacity 80268K, committed 80464K, reserved 1118208K
  class space    used 10287K, capacity 10968K, committed 11088K, reserved 1048576K
}
Event: 41.189 GC heap before
{Heap before GC invocations=53 (full 0):
 garbage-first heap   total 156672K, used 111250K [0x0000000080000000, 0x0000000100000000)
  region size 1024K, 51 young (52224K), 3 survivors (3072K)
 Metaspace       used 81208K, capacity 83254K, committed 83536K, reserved 1122304K
  class space    used 10718K, capacity 11514K, committed 11600K, reserved 1048576K
}
Event: 41.213 GC heap after
{Heap after GC invocations=54 (full 0):
 garbage-first heap   total 156672K, used 66180K [0x0000000080000000, 0x0000000100000000)
  region size 1024K, 6 young (6144K), 6 survivors (6144K)
 Metaspace       used 81208K, capacity 83254K, committed 83536K, reserved 1122304K
  class space    used 10718K, capacity 11514K, committed 11600K, reserved 1048576K
}
Event: 44.822 GC heap before
{Heap before GC invocations=54 (full 0):
 garbage-first heap   total 156672K, used 115332K [0x0000000080000000, 0x0000000100000000)
  region size 1024K, 55 young (56320K), 6 survivors (6144K)
 Metaspace       used 81670K, capacity 83786K, committed 84048K, reserved 1122304K
  class space    used 10726K, capacity 11523K, committed 11600K, reserved 1048576K
}
Event: 44.864 GC heap after
{Heap after GC invocations=55 (full 0):
 garbage-first heap   total 156672K, used 69717K [0x0000000080000000, 0x0000000100000000)
  region size 1024K, 7 young (7168K), 7 survivors (7168K)
 Metaspace       used 81670K, capacity 83786K, committed 84048K, reserved 1122304K
  class space    used 10726K, capacity 11523K, committed 11600K, reserved 1048576K
}
Event: 47.458 GC heap before
{Heap before GC invocations=55 (full 0):
 garbage-first heap   total 156672K, used 120917K [0x0000000080000000, 0x0000000100000000)
  region size 1024K, 56 young (57344K), 7 survivors (7168K)
 Metaspace       used 83623K, capacity 85735K, committed 85968K, reserved 1124352K
  class space    used 10908K, capacity 11698K, committed 11728K, reserved 1048576K
}
Event: 47.485 GC heap after
{Heap after GC invocations=56 (full 0):
 garbage-first heap   total 156672K, used 88160K [0x0000000080000000, 0x0000000100000000)
  region size 1024K, 7 young (7168K), 7 survivors (7168K)
 Metaspace       used 83623K, capacity 85735K, committed 85968K, reserved 1124352K
  class space    used 10908K, capacity 11698K, committed 11728K, reserved 1048576K
}
Event: 48.920 GC heap before
{Heap before GC invocations=56 (full 0):
 garbage-first heap   total 156672K, used 115808K [0x0000000080000000, 0x0000000100000000)
  region size 1024K, 35 young (35840K), 7 survivors (7168K)
 Metaspace       used 86185K, capacity 88308K, committed 88400K, reserved 1126400K
  class space    used 11207K, capacity 12023K, committed 12112K, reserved 1048576K
}
Event: 49.067 GC heap after
{Heap after GC invocations=57 (full 0):
 garbage-first heap   total 192512K, used 93530K [0x0000000080000000, 0x0000000100000000)
  region size 1024K, 5 young (5120K), 5 survivors (5120K)
 Metaspace       used 86185K, capacity 88308K, committed 88400K, reserved 1126400K
  class space    used 11207K, capacity 12023K, committed 12112K, reserved 1048576K
}

Deoptimization events (20 events):
Event: 49.268 Thread 0x000001a990be3000 DEOPT PACKING pc=0x000001a987b792f8 sp=0x00000090e12fa1c0
Event: 49.268 Thread 0x000001a990be3000 DEOPT UNPACKING pc=0x000001a98002662f sp=0x00000090e12fa160 mode 2
Event: 49.299 Thread 0x000001a990be3000 DEOPT PACKING pc=0x000001a981ab7978 sp=0x00000090e12fa2b0
Event: 49.299 Thread 0x000001a990be3000 DEOPT UNPACKING pc=0x000001a980026dde sp=0x00000090e12f97e8 mode 0
Event: 49.301 Thread 0x000001a990be3000 DEOPT PACKING pc=0x000001a981ab7978 sp=0x00000090e12fa2b0
Event: 49.301 Thread 0x000001a990be3000 DEOPT UNPACKING pc=0x000001a980026dde sp=0x00000090e12f97e8 mode 0
Event: 49.307 Thread 0x000001a990be3000 DEOPT PACKING pc=0x000001a981ab8550 sp=0x00000090e12fa1e0
Event: 49.307 Thread 0x000001a990be3000 DEOPT UNPACKING pc=0x000001a980026dde sp=0x00000090e12f9718 mode 0
Event: 49.309 Thread 0x000001a990be3000 DEOPT PACKING pc=0x000001a981ab7978 sp=0x00000090e12fa2b0
Event: 49.309 Thread 0x000001a990be3000 DEOPT UNPACKING pc=0x000001a980026dde sp=0x00000090e12f97e8 mode 0
Event: 49.370 Thread 0x000001a990be3000 Uncommon trap: trap_request=0xffffff4d fr.pc=0x000001a988032b7c relative=0x000000000000051c
Event: 49.370 Thread 0x000001a990be3000 Uncommon trap: reason=unstable_if action=reinterpret pc=0x000001a988032b7c method=com.android.utils.XmlUtils.toXmlAttributeValue(Ljava/lang/String;)Ljava/lang/String; @ 27 c2
Event: 49.370 Thread 0x000001a990be3000 DEOPT PACKING pc=0x000001a988032b7c sp=0x00000090e12f9fb0
Event: 49.370 Thread 0x000001a990be3000 DEOPT UNPACKING pc=0x000001a98002662f sp=0x00000090e12f9f50 mode 2
Event: 49.391 Thread 0x000001a990be3000 DEOPT PACKING pc=0x000001a981ac35c4 sp=0x00000090e12f9ba0
Event: 49.393 Thread 0x000001a990be3000 DEOPT UNPACKING pc=0x000001a980026dde sp=0x00000090e12f9038 mode 0
Event: 49.482 Thread 0x000001a990be3000 Uncommon trap: trap_request=0xffffff4d fr.pc=0x000001a987ad2318 relative=0x0000000000000258
Event: 49.482 Thread 0x000001a990be3000 Uncommon trap: reason=unstable_if action=reinterpret pc=0x000001a987ad2318 method=java.lang.String.getChars(II[CI)V @ 23 c2
Event: 49.482 Thread 0x000001a990be3000 DEOPT PACKING pc=0x000001a987ad2318 sp=0x00000090e12fa6f0
Event: 49.482 Thread 0x000001a990be3000 DEOPT UNPACKING pc=0x000001a98002662f sp=0x00000090e12fa6b0 mode 2

Classes redefined (0 events):
No events

Internal exceptions (20 events):
Event: 37.821 Thread 0x000001a9fae89800 Exception <a 'java/lang/NoSuchMethodError'{0x0000000088f52aa8}: <clinit>> (0x0000000088f52aa8) thrown at [./src/hotspot/share/prims/jni.cpp, line 1362]
Event: 37.866 Thread 0x000001a9fae89800 Exception <a 'java/lang/NoSuchMethodError'{0x0000000088fc4c70}: <clinit>> (0x0000000088fc4c70) thrown at [./src/hotspot/share/prims/jni.cpp, line 1362]
Event: 37.906 Thread 0x000001a9fae89800 Exception <a 'java/lang/NoSuchMethodError'{0x0000000088e11a38}: <clinit>> (0x0000000088e11a38) thrown at [./src/hotspot/share/prims/jni.cpp, line 1362]
Event: 37.910 Thread 0x000001a9fae89800 Exception <a 'java/lang/NoSuchMethodError'{0x0000000088e508f0}: <clinit>> (0x0000000088e508f0) thrown at [./src/hotspot/share/prims/jni.cpp, line 1362]
Event: 38.024 Thread 0x000001a9fe4ad800 Exception <a 'java/lang/NoSuchMethodError'{0x0000000088db7550}: <clinit>> (0x0000000088db7550) thrown at [./src/hotspot/share/prims/jni.cpp, line 1362]
Event: 38.039 Thread 0x000001a9fe4ad800 Exception <a 'java/lang/NoSuchMethodError'{0x0000000088dcc210}: <clinit>> (0x0000000088dcc210) thrown at [./src/hotspot/share/prims/jni.cpp, line 1362]
Event: 38.046 Thread 0x000001a9fe4ad800 Exception <a 'java/lang/NoSuchMethodError'{0x0000000088dee668}: <clinit>> (0x0000000088dee668) thrown at [./src/hotspot/share/prims/jni.cpp, line 1362]
Event: 38.057 Thread 0x000001a9fe4ad800 Exception <a 'java/lang/NoSuchMethodError'{0x0000000088df8ae8}: 'void java.lang.invoke.DirectMethodHandle$Holder.invokeSpecial(java.lang.Object, java.lang.Object, java.lang.Object, int)'> (0x0000000088df8ae8) thrown at [./src/hotspot/share/interpreter/linkResolver.cpp, line 773]
Event: 38.153 Thread 0x000001a990be3000 Exception <a 'java/lang/IncompatibleClassChangeError'{0x0000000088cf55e8}: Found class java.lang.Object, but interface was expected> (0x0000000088cf55e8) thrown at [./src/hotspot/share/interpreter/linkResolver.cpp, line 839]
Event: 38.356 Thread 0x000001a9fae89800 Exception <a 'java/lang/NoSuchMethodError'{0x0000000088a482b8}: <clinit>> (0x0000000088a482b8) thrown at [./src/hotspot/share/prims/jni.cpp, line 1362]
Event: 38.462 Thread 0x000001a990be3000 Exception <a 'java/lang/NoSuchMethodError'{0x0000000088abe020}: 'int java.lang.invoke.DirectMethodHandle$Holder.invokeSpecial(java.lang.Object, java.lang.Object, java.lang.Object, java.lang.Object, java.lang.Object)'> (0x0000000088abe020) thrown at [./src/hotspot/share/interpreter/linkResolver.cpp, line 773]
Event: 38.633 Thread 0x000001a990be3000 Exception <a 'java/lang/IncompatibleClassChangeError'{0x0000000088817038}: Found class java.lang.Object, but interface was expected> (0x0000000088817038) thrown at [./src/hotspot/share/interpreter/linkResolver.cpp, line 839]
Event: 39.252 Thread 0x000001a990be3000 Exception <a 'java/lang/NoSuchMethodError'{0x0000000087f2fc18}: 'void java.lang.invoke.DirectMethodHandle$Holder.invokeStatic(java.lang.Object, java.lang.Object, java.lang.Object, java.lang.Object, int, java.lang.Object, java.lang.Object)'> (0x0000000087f2fc18) thrown at [./src/hotspot/share/interpreter/linkResolver.cpp, line 773]
Event: 39.304 Thread 0x000001a9fda61800 Exception <a 'java/lang/NoSuchMethodError'{0x0000000087aa0bb0}: 'java.lang.Object java.lang.invoke.DirectMethodHandle$Holder.invokeSpecialIFC(java.lang.Object, java.lang.Object, java.lang.Object)'> (0x0000000087aa0bb0) thrown at [./src/hotspot/share/interpreter/linkResolver.cpp, line 773]
Event: 39.571 Thread 0x000001a9fda61800 Exception <a 'java/lang/NoSuchMethodError'{0x00000000878e1318}: 'int java.lang.invoke.DirectMethodHandle$Holder.invokeStaticInit(java.lang.Object, java.lang.Object, java.lang.Object, java.lang.Object, java.lang.Object)'> (0x00000000878e1318) thrown at [./src/hotspot/share/interpreter/linkResolver.cpp, line 773]
Event: 41.161 Thread 0x000001a9f9a78800 Exception <a 'java/lang/NoSuchMethodError'{0x000000008693bbd0}: 'void java.lang.invoke.DirectMethodHandle$Holder.invokeVirtual(java.lang.Object, java.lang.Object)'> (0x000000008693bbd0) thrown at [./src/hotspot/share/interpreter/linkResolver.cpp, line 773]
Event: 42.631 Thread 0x000001a9fe49f000 Implicit null exception at 0x000001a987f61ddb to 0x000001a987f61e6c
Event: 42.722 Thread 0x000001a9fda64800 Implicit null exception at 0x000001a987f63fc1 to 0x000001a987f647dc
Event: 44.366 Thread 0x000001a9fe4ab000 Implicit null exception at 0x000001a987f6ead4 to 0x000001a987f6ebb4
Event: 46.434 Thread 0x000001a990be3000 Implicit null exception at 0x000001a987f6d3e4 to 0x000001a987f6d7dc

Events (20 events):
Event: 49.666 loading class org/gradle/workers/internal/DefaultWorkerExecutor$DefaultWorkQueue
Event: 49.666 loading class org/gradle/workers/internal/DefaultWorkerExecutor$DefaultWorkQueue done
Event: 49.681 loading class com/android/build/gradle/internal/res/ResourceCompilerRunnable
Event: 49.681 loading class com/android/build/gradle/internal/res/ResourceCompilerRunnable done
Event: 49.694 loading class com/android/build/gradle/internal/profile/ProfileAwareWorkAction
Event: 49.694 loading class com/android/build/gradle/internal/profile/ProfileAwareWorkAction done
Event: 49.694 loading class org/gradle/workers/WorkAction
Event: 49.694 loading class org/gradle/workers/WorkAction done
Event: 49.695 Executing VM operation: CGC_Operation
Event: 49.747 Executing VM operation: CGC_Operation done
Event: 49.749 loading class com/android/build/gradle/internal/aapt/WorkerExecutorResourceCompilationService$close$1$1
Event: 49.749 loading class com/android/build/gradle/internal/aapt/WorkerExecutorResourceCompilationService$close$1$1 done
Event: 49.768 loading class org/gradle/workers/WorkQueue
Event: 49.768 loading class org/gradle/workers/WorkQueue done
Event: 49.768 loading class com/android/build/gradle/internal/res/ResourceCompilerRunnable$Params
Event: 49.768 loading class com/android/build/gradle/internal/res/ResourceCompilerRunnable$Params done
Event: 49.808 loading class org/gradle/workers/internal/AdapterWorkAction
Event: 49.808 loading class org/gradle/workers/internal/AdapterWorkAction done
Event: 49.832 loading class org/gradle/workers/internal/ProvidesWorkResult
Event: 49.832 loading class org/gradle/workers/internal/ProvidesWorkResult done


Dynamic libraries:
0x00007ff6e7b20000 - 0x00007ff6e7b2a000 	C:\Program Files\Android\Android Studio\jre\bin\java.exe
0x00007ffab5470000 - 0x00007ffab5665000 	C:\Windows\SYSTEM32\ntdll.dll
0x00007ffab4c90000 - 0x00007ffab4d4d000 	C:\Windows\System32\KERNEL32.DLL
0x00007ffab2bb0000 - 0x00007ffab2e78000 	C:\Windows\System32\KERNELBASE.dll
0x00007ffab3350000 - 0x00007ffab3450000 	C:\Windows\System32\ucrtbase.dll
0x00007ffaac390000 - 0x00007ffaac3a7000 	C:\Program Files\Android\Android Studio\jre\bin\VCRUNTIME140.dll
0x00007ffa9de50000 - 0x00007ffa9de69000 	C:\Program Files\Android\Android Studio\jre\bin\jli.dll
0x00007ffab4d50000 - 0x00007ffab4ef0000 	C:\Windows\System32\USER32.dll
0x00007ffab3280000 - 0x00007ffab32a2000 	C:\Windows\System32\win32u.dll
0x00007ffa99db0000 - 0x00007ffa9a04a000 	C:\Windows\WinSxS\amd64_microsoft.windows.common-controls_6595b64144ccf1df_6.0.19041.844_none_ca00b6081b84eb1d\COMCTL32.dll
0x00007ffab3530000 - 0x00007ffab355a000 	C:\Windows\System32\GDI32.dll
0x00007ffab2ee0000 - 0x00007ffab2feb000 	C:\Windows\System32\gdi32full.dll
0x00007ffab3ea0000 - 0x00007ffab3f3e000 	C:\Windows\System32\msvcrt.dll
0x00007ffab32b0000 - 0x00007ffab334d000 	C:\Windows\System32\msvcp_win.dll
0x00007ffab5090000 - 0x00007ffab50c0000 	C:\Windows\System32\IMM32.DLL
0x00007ffa92ee0000 - 0x00007ffa92f7d000 	C:\Program Files\Android\Android Studio\jre\bin\msvcp140.dll
0x00007ffa85b90000 - 0x00007ffa86665000 	C:\Program Files\Android\Android Studio\jre\bin\server\jvm.dll
0x00007ffab3d60000 - 0x00007ffab3e0c000 	C:\Windows\System32\ADVAPI32.dll
0x00007ffab45d0000 - 0x00007ffab466b000 	C:\Windows\System32\sechost.dll
0x00007ffab4b40000 - 0x00007ffab4c6b000 	C:\Windows\System32\RPCRT4.dll
0x00007ffab50c0000 - 0x00007ffab50c8000 	C:\Windows\System32\PSAPI.DLL
0x00007ffaa9b20000 - 0x00007ffaa9b47000 	C:\Windows\SYSTEM32\WINMM.dll
0x00007ffaad960000 - 0x00007ffaad96a000 	C:\Windows\SYSTEM32\VERSION.dll
0x00007ffaad790000 - 0x00007ffaad799000 	C:\Windows\SYSTEM32\WSOCK32.dll
0x00007ffab4670000 - 0x00007ffab46db000 	C:\Windows\System32\ws2_32.DLL
0x00007ffab16a0000 - 0x00007ffab16b2000 	C:\Windows\SYSTEM32\kernel.appcore.dll
0x00007ffa90ac0000 - 0x00007ffa90ad1000 	C:\Program Files\Android\Android Studio\jre\bin\verify.dll
0x00007ffab0bc0000 - 0x00007ffab0da4000 	C:\Windows\SYSTEM32\DBGHELP.DLL
0x00007ffaa81e0000 - 0x00007ffaa820c000 	C:\Windows\SYSTEM32\dbgcore.DLL
0x00007ffab3450000 - 0x00007ffab34d0000 	C:\Windows\System32\bcryptPrimitives.dll
0x00007ffa86770000 - 0x00007ffa86799000 	C:\Program Files\Android\Android Studio\jre\bin\java.dll
0x00007ffa91130000 - 0x00007ffa9113b000 	C:\Program Files\Android\Android Studio\jre\bin\jimage.dll
0x00007ffa90aa0000 - 0x00007ffa90ab8000 	C:\Program Files\Android\Android Studio\jre\bin\zip.dll
0x00007ffab3610000 - 0x00007ffab3d52000 	C:\Windows\System32\SHELL32.dll
0x00007ffab0db0000 - 0x00007ffab1541000 	C:\Windows\SYSTEM32\windows.storage.dll
0x00007ffab50d0000 - 0x00007ffab5425000 	C:\Windows\System32\combase.dll
0x00007ffab2550000 - 0x00007ffab257c000 	C:\Windows\SYSTEM32\Wldp.dll
0x00007ffab3560000 - 0x00007ffab360e000 	C:\Windows\System32\SHCORE.dll
0x00007ffab4800000 - 0x00007ffab4855000 	C:\Windows\System32\shlwapi.dll
0x00007ffab2af0000 - 0x00007ffab2b0f000 	C:\Windows\SYSTEM32\profapi.dll
0x00007ffaa3270000 - 0x00007ffaa328a000 	C:\Program Files\Android\Android Studio\jre\bin\net.dll
0x00007ffaabe40000 - 0x00007ffaabf4b000 	C:\Windows\SYSTEM32\WINHTTP.dll
0x00007ffab22c0000 - 0x00007ffab232a000 	C:\Windows\system32\mswsock.dll
0x00007ffaa2550000 - 0x00007ffaa2564000 	C:\Program Files\Android\Android Studio\jre\bin\nio.dll
0x00007ffab0310000 - 0x00007ffab0337000 	C:\Users\Pixel\.gradle\native\e1d6ef7f7dcc3fd88c89a11ec53ec762bb8ba0a96d01ffa2cd45eb1d1d8dd5c5\windows-amd64\native-platform.dll
0x00007ffa735c0000 - 0x00007ffa73704000 	C:\Users\Pixel\.gradle\native\0d407fdbe67a94daf76414ababcb853783967236a71b16ec16e742cd7a986fd3\windows-amd64\native-platform-file-events.dll
0x00007ffaa2540000 - 0x00007ffaa254a000 	C:\Program Files\Android\Android Studio\jre\bin\management.dll
0x00007ffa92780000 - 0x00007ffa9278d000 	C:\Program Files\Android\Android Studio\jre\bin\management_ext.dll
0x00007ffab2490000 - 0x00007ffab24a8000 	C:\Windows\SYSTEM32\CRYPTSP.dll
0x00007ffab1e10000 - 0x00007ffab1e44000 	C:\Windows\system32\rsaenh.dll
0x00007ffab2ff0000 - 0x00007ffab3017000 	C:\Windows\System32\bcrypt.dll
0x00007ffab2a70000 - 0x00007ffab2a9e000 	C:\Windows\SYSTEM32\USERENV.dll
0x00007ffab24b0000 - 0x00007ffab24bc000 	C:\Windows\SYSTEM32\CRYPTBASE.dll
0x00007ffab1fb0000 - 0x00007ffab1feb000 	C:\Windows\SYSTEM32\IPHLPAPI.DLL
0x00007ffab3f40000 - 0x00007ffab3f48000 	C:\Windows\System32\NSI.dll
0x00007ffaacd40000 - 0x00007ffaacd57000 	C:\Windows\SYSTEM32\dhcpcsvc6.DLL
0x00007ffaacfd0000 - 0x00007ffaacfed000 	C:\Windows\SYSTEM32\dhcpcsvc.DLL
0x00007ffab1ff0000 - 0x00007ffab20bc000 	C:\Windows\SYSTEM32\DNSAPI.dll

dbghelp: loaded successfully - version: 4.0.5 - missing functions: none
symbol engine: initialized successfully - sym options: 0x614 - pdb path: .;C:\Program Files\Android\Android Studio\jre\bin;C:\Windows\SYSTEM32;C:\Windows\WinSxS\amd64_microsoft.windows.common-controls_6595b64144ccf1df_6.0.19041.844_none_ca00b6081b84eb1d;C:\Program Files\Android\Android Studio\jre\bin\server;C:\Users\Pixel\.gradle\native\e1d6ef7f7dcc3fd88c89a11ec53ec762bb8ba0a96d01ffa2cd45eb1d1d8dd5c5\windows-amd64;C:\Users\Pixel\.gradle\native\0d407fdbe67a94daf76414ababcb853783967236a71b16ec16e742cd7a986fd3\windows-amd64

VM Arguments:
jvm_args: --add-opens=java.base/java.util=ALL-UNNAMED --add-opens=java.base/java.lang=ALL-UNNAMED --add-opens=java.base/java.lang.invoke=ALL-UNNAMED --add-opens=java.base/java.util=ALL-UNNAMED --add-opens=java.prefs/java.util.prefs=ALL-UNNAMED --add-opens=java.prefs/java.util.prefs=ALL-UNNAMED --add-opens=java.base/java.nio.charset=ALL-UNNAMED --add-opens=java.base/java.net=ALL-UNNAMED --add-opens=java.base/java.util.concurrent.atomic=ALL-UNNAMED -Xmx2048m -Dfile.encoding=UTF-8 -Duser.country=US -Duser.language=en -Duser.variant 
java_command: org.gradle.launcher.daemon.bootstrap.GradleDaemon 7.4.2
java_class_path (initial): F:\gradle\gradle-7.4.2\lib\gradle-launcher-7.4.2.jar
Launcher Type: SUN_STANDARD

[Global flags]
     intx CICompilerCount                          = 3                                         {product} {ergonomic}
     uint ConcGCThreads                            = 1                                         {product} {ergonomic}
     uint G1ConcRefinementThreads                  = 4                                         {product} {ergonomic}
   size_t G1HeapRegionSize                         = 1048576                                   {product} {ergonomic}
    uintx GCDrainStackTargetSize                   = 64                                        {product} {ergonomic}
   size_t InitialHeapSize                          = 67108864                                  {product} {ergonomic}
   size_t MarkStackSize                            = 4194304                                   {product} {ergonomic}
   size_t MaxHeapSize                              = 2147483648                                {product} {command line}
   size_t MaxNewSize                               = 1287651328                                {product} {ergonomic}
   size_t MinHeapDeltaBytes                        = 1048576                                   {product} {ergonomic}
    uintx NonNMethodCodeHeapSize                   = 5830732                                {pd product} {ergonomic}
    uintx NonProfiledCodeHeapSize                  = 122913754                              {pd product} {ergonomic}
    uintx ProfiledCodeHeapSize                     = 122913754                              {pd product} {ergonomic}
    uintx ReservedCodeCacheSize                    = 251658240                              {pd product} {ergonomic}
     bool SegmentedCodeCache                       = true                                      {product} {ergonomic}
     bool UseCompressedClassPointers               = true                                 {lp64_product} {ergonomic}
     bool UseCompressedOops                        = true                                 {lp64_product} {ergonomic}
     bool UseG1GC                                  = true                                      {product} {ergonomic}
     bool UseLargePagesIndividualAllocation        = false                                  {pd product} {ergonomic}

Logging:
Log output configuration:
 #0: stdout all=warning uptime,level,tags
 #1: stderr all=off uptime,level,tags

Environment Variables:
PATH=C:\Windows\system32;C:\Windows;C:\Windows\System32\Wbem;C:\Windows\System32\WindowsPowerShell\v1.0\;C:\Windows\System32\OpenSSH\;C:\Users\Pixel\AppData\Local\Microsoft\WindowsApps;
USERNAME=Pixel
OS=Windows_NT
PROCESSOR_IDENTIFIER=Intel64 Family 6 Model 142 Stepping 10, GenuineIntel



---------------  S Y S T E M  ---------------

OS: Windows 10 , 64 bit Build 19041 (10.0.19041.804)
OS uptime: 0 days 4:05 hours

CPU:total 4 (initial active 4) (2 cores per cpu, 2 threads per core) family 6 model 142 stepping 10 microcode 0xb4, cmov, cx8, fxsr, mmx, sse, sse2, sse3, ssse3, sse4.1, sse4.2, popcnt, avx, avx2, aes, clmul, erms, 3dnowpref, lzcnt, ht, tsc, tscinvbit, bmi1, bmi2, adx, fma

Memory: 4k page, system-wide physical 4011M (32M free)
TotalPageFile size 4011M (AvailPageFile size 6M)
current process WorkingSet (physical memory assigned to process): 198M, peak: 254M
current process commit charge ("private bytes"): 452M, peak: 454M

vm_info: OpenJDK 64-Bit Server VM (11.0.11+9-b60-7590822) for windows-amd64 JRE (11.0.11+9-b60-7590822), built on Jul 29 2021 21:43:44 by "builder" with MS VC++ 14.0 (VS2015)

END.
