#
# There is insufficient memory for the Java Runtime Environment to continue.
# Native memory allocation (malloc) failed to allocate 32784 bytes for Chunk::new
# Possible reasons:
#   The system is out of physical RAM or swap space
#   The process is running with CompressedOops enabled, and the Java Heap may be blocking the growth of the native heap
# Possible solutions:
#   Reduce memory load on the system
#   Increase physical memory or swap space
#   Check if swap backing store is full
#   Decrease Java heap size (-Xmx/-Xms)
#   Decrease number of Java threads
#   Decrease Java thread stack sizes (-Xss)
#   Set larger code cache with -XX:ReservedCodeCacheSize=
#   JVM is running with Unscaled Compressed Oops mode in which the Java heap is
#     placed in the first 4GB address space. The Java Heap base address is the
#     maximum limit for the native heap growth. Please use -XX:HeapBaseMinAddress
#     to set the Java Heap base and to place the Java Heap above 4GB virtual address.
# This output file may be truncated or incomplete.
#
#  Out of Memory Error (./src/hotspot/share/memory/arena.cpp:197), pid=2824, tid=5748
#
# JRE version: OpenJDK Runtime Environment (11.0.11+9) (build 11.0.11+9-b60-7590822)
# Java VM: OpenJDK 64-Bit Server VM (11.0.11+9-b60-7590822, mixed mode, tiered, compressed oops, g1 gc, windows-amd64)
# No core dump will be written. Minidumps are not enabled by default on client versions of Windows
#

---------------  S U M M A R Y ------------

Command Line: --add-opens=java.base/java.util=ALL-UNNAMED --add-opens=java.base/java.lang=ALL-UNNAMED --add-opens=java.base/java.lang.invoke=ALL-UNNAMED --add-opens=java.base/java.util=ALL-UNNAMED --add-opens=java.prefs/java.util.prefs=ALL-UNNAMED --add-opens=java.prefs/java.util.prefs=ALL-UNNAMED --add-opens=java.base/java.nio.charset=ALL-UNNAMED --add-opens=java.base/java.net=ALL-UNNAMED --add-opens=java.base/java.util.concurrent.atomic=ALL-UNNAMED -Xmx2048m -Dfile.encoding=UTF-8 -Duser.country=US -Duser.language=en -Duser.variant org.gradle.launcher.daemon.bootstrap.GradleDaemon 7.4.2

Host: Intel(R) Core(TM) i3-8130U CPU @ 2.20GHz, 4 cores, 3G,  Windows 10 , 64 bit Build 19041 (10.0.19041.804)
Time: Thu Apr 21 16:16:50 2022 Bangladesh Standard Time elapsed time: 23.078322 seconds (0d 0h 0m 23s)

---------------  T H R E A D  ---------------

Current thread (0x0000022b87110800):  JavaThread "C2 CompilerThread0" daemon [_thread_in_native, id=5748, stack(0x0000004ddfc00000,0x0000004ddfd00000)]


Current CompileTask:
C2:  23078 4318       4       java.net.URLClassLoader::isSealed (70 bytes)

Stack: [0x0000004ddfc00000,0x0000004ddfd00000]
Native frames: (J=compiled Java code, j=interpreted, Vv=VM code, C=native code)
V  [jvm.dll+0x5f214a]
V  [jvm.dll+0x726fb5]
V  [jvm.dll+0x7285cd]
V  [jvm.dll+0x728c83]
V  [jvm.dll+0x243278]
V  [jvm.dll+0xbc53c]
V  [jvm.dll+0xbca3c]
V  [jvm.dll+0xbc638]
V  [jvm.dll+0x5d14e0]
V  [jvm.dll+0x61f9a0]
V  [jvm.dll+0x33cba1]
V  [jvm.dll+0x33800d]
V  [jvm.dll+0x335110]
V  [jvm.dll+0x613ddd]
V  [jvm.dll+0x60f2d3]
V  [jvm.dll+0x6071ba]
V  [jvm.dll+0x606823]
V  [jvm.dll+0x604872]
V  [jvm.dll+0x1865ac]
V  [jvm.dll+0x2b4d13]
V  [jvm.dll+0x60f2b9]
V  [jvm.dll+0x6071ba]
V  [jvm.dll+0x606823]
V  [jvm.dll+0x604872]
V  [jvm.dll+0x1865ac]
V  [jvm.dll+0x2b4d13]
V  [jvm.dll+0x60f2b9]
V  [jvm.dll+0x6071ba]
V  [jvm.dll+0x606823]
V  [jvm.dll+0x604872]
V  [jvm.dll+0x1865ac]
V  [jvm.dll+0x1872f9]
V  [jvm.dll+0x2b4d13]
V  [jvm.dll+0x60f2b9]
V  [jvm.dll+0x6071ba]
V  [jvm.dll+0x606823]
V  [jvm.dll+0x604872]
V  [jvm.dll+0x1865ac]
V  [jvm.dll+0x2b4d13]
V  [jvm.dll+0x60f2b9]
V  [jvm.dll+0x6071ba]
V  [jvm.dll+0x606823]
V  [jvm.dll+0x604872]
V  [jvm.dll+0x1865ac]
V  [jvm.dll+0x2b4d13]
V  [jvm.dll+0x60f2b9]
V  [jvm.dll+0x6071ba]
V  [jvm.dll+0x606823]
V  [jvm.dll+0x604872]
V  [jvm.dll+0x1865ac]
V  [jvm.dll+0x1872f9]
V  [jvm.dll+0x2b4d13]
V  [jvm.dll+0x60f2b9]
V  [jvm.dll+0x6071ba]
V  [jvm.dll+0x606823]
V  [jvm.dll+0x604872]
V  [jvm.dll+0x1865ac]
V  [jvm.dll+0x1fb0f5]
V  [jvm.dll+0x183d6c]
V  [jvm.dll+0x209a57]
V  [jvm.dll+0x2082a1]
V  [jvm.dll+0x6ef58f]
V  [jvm.dll+0x6e80b5]
V  [jvm.dll+0x5f1036]
C  [ucrtbase.dll+0x21bb2]
C  [KERNEL32.DLL+0x17034]
C  [ntdll.dll+0x52651]


---------------  P R O C E S S  ---------------

Threads class SMR info:
_java_thread_list=0x0000022b892d20e0, length=36, elements={
0x0000022beb4d8000, 0x0000022b870aa000, 0x0000022b870b5800, 0x0000022b87108000,
0x0000022b8710a000, 0x0000022b8710c000, 0x0000022b87110800, 0x0000022b87117000,
0x0000022b87a50800, 0x0000022b87ba4800, 0x0000022b89a60800, 0x0000022b8897b000,
0x0000022b894de000, 0x0000022b8980c800, 0x0000022b8980d000, 0x0000022b89b0d800,
0x0000022b8882f800, 0x0000022b88830800, 0x0000022b88a5e800, 0x0000022b888a2000,
0x0000022b888a3800, 0x0000022b888a6000, 0x0000022b888a6800, 0x0000022b888a7800,
0x0000022b888a4800, 0x0000022b888a5000, 0x0000022b888a8800, 0x0000022b888a2800,
0x0000022b8a4f9000, 0x0000022b8a4fe000, 0x0000022b8a4fc800, 0x0000022b8a4fa000,
0x0000022b8a4fb800, 0x0000022b8a4fd000, 0x0000022b8a4fa800, 0x0000022b89e90000
}

Java Threads: ( => current thread )
  0x0000022beb4d8000 JavaThread "main" [_thread_blocked, id=3864, stack(0x0000004ddf000000,0x0000004ddf100000)]
  0x0000022b870aa000 JavaThread "Reference Handler" daemon [_thread_blocked, id=2408, stack(0x0000004ddf700000,0x0000004ddf800000)]
  0x0000022b870b5800 JavaThread "Finalizer" daemon [_thread_blocked, id=5796, stack(0x0000004ddf800000,0x0000004ddf900000)]
  0x0000022b87108000 JavaThread "Signal Dispatcher" daemon [_thread_blocked, id=4348, stack(0x0000004ddf900000,0x0000004ddfa00000)]
  0x0000022b8710a000 JavaThread "Attach Listener" daemon [_thread_blocked, id=4204, stack(0x0000004ddfa00000,0x0000004ddfb00000)]
  0x0000022b8710c000 JavaThread "Service Thread" daemon [_thread_blocked, id=3792, stack(0x0000004ddfb00000,0x0000004ddfc00000)]
=>0x0000022b87110800 JavaThread "C2 CompilerThread0" daemon [_thread_in_native, id=5748, stack(0x0000004ddfc00000,0x0000004ddfd00000)]
  0x0000022b87117000 JavaThread "C1 CompilerThread0" daemon [_thread_in_native, id=4600, stack(0x0000004ddfd00000,0x0000004ddfe00000)]
  0x0000022b87a50800 JavaThread "Sweeper thread" daemon [_thread_blocked, id=6040, stack(0x0000004ddfe00000,0x0000004ddff00000)]
  0x0000022b87ba4800 JavaThread "Common-Cleaner" daemon [_thread_blocked, id=4404, stack(0x0000004ddff00000,0x0000004de0000000)]
  0x0000022b89a60800 JavaThread "Daemon health stats" [_thread_blocked, id=2520, stack(0x0000004de0200000,0x0000004de0300000)]
  0x0000022b8897b000 JavaThread "Incoming local TCP Connector on port 2927" [_thread_in_native, id=1328, stack(0x0000004de0300000,0x0000004de0400000)]
  0x0000022b894de000 JavaThread "Daemon periodic checks" [_thread_blocked, id=5712, stack(0x0000004de0400000,0x0000004de0500000)]
  0x0000022b8980c800 JavaThread "Daemon" [_thread_blocked, id=2056, stack(0x0000004de0500000,0x0000004de0600000)]
  0x0000022b8980d000 JavaThread "Handler for socket connection from /127.0.0.1:2927 to /127.0.0.1:2928" [_thread_in_native, id=552, stack(0x0000004de0600000,0x0000004de0700000)]
  0x0000022b89b0d800 JavaThread "Cancel handler" [_thread_blocked, id=2448, stack(0x0000004de0700000,0x0000004de0800000)]
  0x0000022b8882f800 JavaThread "Daemon worker" [_thread_in_native, id=4732, stack(0x0000004de0800000,0x0000004de0900000)]
  0x0000022b88830800 JavaThread "Asynchronous log dispatcher for DefaultDaemonConnection: socket connection from /127.0.0.1:2927 to /127.0.0.1:2928" [_thread_blocked, id=5412, stack(0x0000004de0900000,0x0000004de0a00000)]
  0x0000022b88a5e800 JavaThread "Stdin handler" [_thread_blocked, id=4828, stack(0x0000004de0a00000,0x0000004de0b00000)]
  0x0000022b888a2000 JavaThread "Daemon client event forwarder" [_thread_blocked, id=4304, stack(0x0000004de0b00000,0x0000004de0c00000)]
  0x0000022b888a3800 JavaThread "Cache worker for journal cache (C:\Users\Pixel\.gradle\caches\journal-1)" [_thread_blocked, id=1488, stack(0x0000004de0e00000,0x0000004de0f00000)]
  0x0000022b888a6000 JavaThread "File lock request listener" [_thread_in_native, id=5200, stack(0x0000004de0f00000,0x0000004de1000000)]
  0x0000022b888a6800 JavaThread "Cache worker for file hash cache (C:\Users\Pixel\.gradle\caches\7.4.2\fileHashes)" [_thread_blocked, id=5112, stack(0x0000004de1000000,0x0000004de1100000)]
  0x0000022b888a7800 JavaThread "File watcher server" daemon [_thread_in_native, id=5180, stack(0x0000004de1100000,0x0000004de1200000)]
  0x0000022b888a4800 JavaThread "File watcher consumer" daemon [_thread_blocked, id=5800, stack(0x0000004de1200000,0x0000004de1300000)]
  0x0000022b888a5000 JavaThread "jar transforms" [_thread_blocked, id=5492, stack(0x0000004de1300000,0x0000004de1400000)]
  0x0000022b888a8800 JavaThread "jar transforms Thread 2" [_thread_blocked, id=2652, stack(0x0000004de1400000,0x0000004de1500000)]
  0x0000022b888a2800 JavaThread "jar transforms Thread 3" [_thread_blocked, id=5612, stack(0x0000004de1500000,0x0000004de1600000)]
  0x0000022b8a4f9000 JavaThread "jar transforms Thread 4" [_thread_blocked, id=5828, stack(0x0000004de1600000,0x0000004de1700000)]
  0x0000022b8a4fe000 JavaThread "Cache worker for checksums cache (F:\Apps\SimInformation\.gradle\7.4.2\checksums)" [_thread_blocked, id=516, stack(0x0000004de1700000,0x0000004de1800000)]
  0x0000022b8a4fc800 JavaThread "Cache worker for cache directory md-rule (C:\Users\Pixel\.gradle\caches\7.4.2\md-rule)" [_thread_blocked, id=3560, stack(0x0000004de1800000,0x0000004de1900000)]
  0x0000022b8a4fa000 JavaThread "Cache worker for file hash cache (F:\Apps\SimInformation\.gradle\7.4.2\fileHashes)" [_thread_blocked, id=4132, stack(0x0000004de1900000,0x0000004de1a00000)]
  0x0000022b8a4fb800 JavaThread "Cache worker for cache directory md-supplier (C:\Users\Pixel\.gradle\caches\7.4.2\md-supplier)" [_thread_blocked, id=2272, stack(0x0000004de1a00000,0x0000004de1b00000)]
  0x0000022b8a4fd000 JavaThread "Cache worker for execution history cache (C:\Users\Pixel\.gradle\caches\7.4.2\executionHistory)" [_thread_blocked, id=4072, stack(0x0000004de1b00000,0x0000004de1c00000)]
  0x0000022b8a4fa800 JavaThread "Cache worker for file content cache (C:\Users\Pixel\.gradle\caches\7.4.2\fileContent)" [_thread_blocked, id=2052, stack(0x0000004de1c00000,0x0000004de1d00000)]
  0x0000022b89e90000 JavaThread "Cache worker for dependencies-accessors (F:\Apps\SimInformation\.gradle\7.4.2\dependencies-accessors)" [_thread_blocked, id=5952, stack(0x0000004de1d00000,0x0000004de1e00000)]

Other Threads:
  0x0000022b870a5000 VMThread "VM Thread" [stack: 0x0000004ddf600000,0x0000004ddf700000] [id=4524]
  0x0000022b87bad800 WatcherThread [stack: 0x0000004de0000000,0x0000004de0100000] [id=4052]
  0x0000022beb4f3800 GCTaskThread "GC Thread#0" [stack: 0x0000004ddf100000,0x0000004ddf200000] [id=2120]
  0x0000022b88334000 GCTaskThread "GC Thread#1" [stack: 0x0000004de0100000,0x0000004de0200000] [id=1056]
  0x0000022b87d2e800 GCTaskThread "GC Thread#2" [stack: 0x0000004de0c00000,0x0000004de0d00000] [id=4264]
  0x0000022b87d98800 GCTaskThread "GC Thread#3" [stack: 0x0000004de0d00000,0x0000004de0e00000] [id=4976]
  0x0000022beb525800 ConcurrentGCThread "G1 Main Marker" [stack: 0x0000004ddf200000,0x0000004ddf300000] [id=3544]
  0x0000022beb526800 ConcurrentGCThread "G1 Conc#0" [stack: 0x0000004ddf300000,0x0000004ddf400000] [id=3756]
  0x0000022beb57f000 ConcurrentGCThread "G1 Refine#0" [stack: 0x0000004ddf400000,0x0000004ddf500000] [id=5380]
  0x0000022beb580000 ConcurrentGCThread "G1 Young RemSet Sampling" [stack: 0x0000004ddf500000,0x0000004ddf600000] [id=5224]

Threads with active compile tasks:
C2 CompilerThread0  23507 4318       4       java.net.URLClassLoader::isSealed (70 bytes)
C1 CompilerThread0  23507 4323       3       java.util.jar.Manifest::read (340 bytes)

VM state:not at safepoint (normal execution)

VM Mutex/Monitor currently owned by a thread: None

Heap address: 0x0000000080000000, size: 2048 MB, Compressed Oops mode: 32-bit
Narrow klass base: 0x0000000000000000, Narrow klass shift: 3
Compressed class space size: 1073741824 Address: 0x0000000100000000

Heap:
 garbage-first heap   total 95232K, used 60554K [0x0000000080000000, 0x0000000100000000)
  region size 1024K, 10 young (10240K), 3 survivors (3072K)
 Metaspace       used 48012K, capacity 49305K, committed 49408K, reserved 1091584K
  class space    used 6146K, capacity 6582K, committed 6656K, reserved 1048576K
Heap Regions: E=young(eden), S=young(survivor), O=old, HS=humongous(starts), HC=humongous(continues), CS=collection set, F=free, A=archive, TAMS=top-at-mark-start (previous, next)
|   0|0x0000000080000000, 0x0000000080100000, 0x0000000080100000|100%| O|  |TAMS 0x0000000080100000, 0x0000000080000000| Untracked 
|   1|0x0000000080100000, 0x0000000080200000, 0x0000000080200000|100%| O|  |TAMS 0x0000000080200000, 0x0000000080100000| Untracked 
|   2|0x0000000080200000, 0x0000000080300000, 0x0000000080300000|100%| O|  |TAMS 0x0000000080300000, 0x0000000080200000| Untracked 
|   3|0x0000000080300000, 0x0000000080400000, 0x0000000080400000|100%|HS|  |TAMS 0x0000000080400000, 0x0000000080300000| Complete 
|   4|0x0000000080400000, 0x0000000080500000, 0x0000000080500000|100%|HC|  |TAMS 0x0000000080500000, 0x0000000080400000| Complete 
|   5|0x0000000080500000, 0x0000000080600000, 0x0000000080600000|100%|HC|  |TAMS 0x0000000080600000, 0x0000000080500000| Complete 
|   6|0x0000000080600000, 0x0000000080700000, 0x0000000080700000|100%| O|  |TAMS 0x0000000080700000, 0x0000000080600000| Untracked 
|   7|0x0000000080700000, 0x0000000080800000, 0x0000000080800000|100%| O|  |TAMS 0x0000000080800000, 0x0000000080700000| Untracked 
|   8|0x0000000080800000, 0x0000000080900000, 0x0000000080900000|100%| O|  |TAMS 0x0000000080900000, 0x0000000080800000| Untracked 
|   9|0x0000000080900000, 0x0000000080a00000, 0x0000000080a00000|100%| O|  |TAMS 0x0000000080a00000, 0x0000000080900000| Untracked 
|  10|0x0000000080a00000, 0x0000000080b00000, 0x0000000080b00000|100%| O|  |TAMS 0x0000000080b00000, 0x0000000080a00000| Untracked 
|  11|0x0000000080b00000, 0x0000000080c00000, 0x0000000080c00000|100%| O|  |TAMS 0x0000000080c00000, 0x0000000080b00000| Untracked 
|  12|0x0000000080c00000, 0x0000000080d00000, 0x0000000080d00000|100%| O|  |TAMS 0x0000000080d00000, 0x0000000080c00000| Untracked 
|  13|0x0000000080d00000, 0x0000000080e00000, 0x0000000080e00000|100%| O|  |TAMS 0x0000000080e00000, 0x0000000080d00000| Untracked 
|  14|0x0000000080e00000, 0x0000000080f00000, 0x0000000080f00000|100%| O|  |TAMS 0x0000000080f00000, 0x0000000080e00000| Untracked 
|  15|0x0000000080f00000, 0x0000000081000000, 0x0000000081000000|100%| O|  |TAMS 0x0000000081000000, 0x0000000080f00000| Untracked 
|  16|0x0000000081000000, 0x0000000081100000, 0x0000000081100000|100%|HS|  |TAMS 0x0000000081100000, 0x0000000081000000| Complete 
|  17|0x0000000081100000, 0x0000000081200000, 0x0000000081200000|100%|HC|  |TAMS 0x0000000081200000, 0x0000000081100000| Complete 
|  18|0x0000000081200000, 0x0000000081300000, 0x0000000081300000|100%|HS|  |TAMS 0x0000000081300000, 0x0000000081200000| Complete 
|  19|0x0000000081300000, 0x0000000081400000, 0x0000000081400000|100%|HC|  |TAMS 0x0000000081400000, 0x0000000081300000| Complete 
|  20|0x0000000081400000, 0x0000000081500000, 0x0000000081500000|100%|HC|  |TAMS 0x0000000081500000, 0x0000000081400000| Complete 
|  21|0x0000000081500000, 0x0000000081600000, 0x0000000081600000|100%|HS|  |TAMS 0x0000000081600000, 0x0000000081500000| Complete 
|  22|0x0000000081600000, 0x0000000081700000, 0x0000000081700000|100%|HC|  |TAMS 0x0000000081700000, 0x0000000081600000| Complete 
|  23|0x0000000081700000, 0x0000000081800000, 0x0000000081800000|100%|HC|  |TAMS 0x0000000081800000, 0x0000000081700000| Complete 
|  24|0x0000000081800000, 0x0000000081900000, 0x0000000081900000|100%|HC|  |TAMS 0x0000000081900000, 0x0000000081800000| Complete 
|  25|0x0000000081900000, 0x0000000081a00000, 0x0000000081a00000|100%| O|  |TAMS 0x0000000081a00000, 0x0000000081900000| Untracked 
|  26|0x0000000081a00000, 0x0000000081b00000, 0x0000000081b00000|100%| O|  |TAMS 0x0000000081b00000, 0x0000000081a00000| Untracked 
|  27|0x0000000081b00000, 0x0000000081c00000, 0x0000000081c00000|100%| O|  |TAMS 0x0000000081c00000, 0x0000000081b00000| Untracked 
|  28|0x0000000081c00000, 0x0000000081d00000, 0x0000000081d00000|100%| O|  |TAMS 0x0000000081d00000, 0x0000000081c00000| Untracked 
|  29|0x0000000081d00000, 0x0000000081e00000, 0x0000000081e00000|100%| O|  |TAMS 0x0000000081e00000, 0x0000000081d00000| Untracked 
|  30|0x0000000081e00000, 0x0000000081f00000, 0x0000000081f00000|100%| O|  |TAMS 0x0000000081f00000, 0x0000000081e00000| Untracked 
|  31|0x0000000081f00000, 0x0000000082000000, 0x0000000082000000|100%| O|  |TAMS 0x0000000082000000, 0x0000000081f00000| Untracked 
|  32|0x0000000082000000, 0x0000000082100000, 0x0000000082100000|100%| O|  |TAMS 0x0000000082100000, 0x0000000082000000| Untracked 
|  33|0x0000000082100000, 0x0000000082200000, 0x0000000082200000|100%| O|  |TAMS 0x0000000082200000, 0x0000000082100000| Untracked 
|  34|0x0000000082200000, 0x0000000082300000, 0x0000000082300000|100%| O|  |TAMS 0x0000000082300000, 0x0000000082200000| Untracked 
|  35|0x0000000082300000, 0x0000000082400000, 0x0000000082400000|100%| O|  |TAMS 0x0000000082400000, 0x0000000082300000| Untracked 
|  36|0x0000000082400000, 0x0000000082500000, 0x0000000082500000|100%| O|  |TAMS 0x0000000082500000, 0x0000000082400000| Untracked 
|  37|0x0000000082500000, 0x0000000082600000, 0x0000000082600000|100%|HS|  |TAMS 0x0000000082600000, 0x0000000082500000| Complete 
|  38|0x0000000082600000, 0x0000000082700000, 0x0000000082700000|100%|HC|  |TAMS 0x0000000082700000, 0x0000000082600000| Complete 
|  39|0x0000000082700000, 0x0000000082800000, 0x0000000082800000|100%|HC|  |TAMS 0x0000000082800000, 0x0000000082700000| Complete 
|  40|0x0000000082800000, 0x0000000082900000, 0x0000000082900000|100%| O|  |TAMS 0x0000000082900000, 0x0000000082800000| Untracked 
|  41|0x0000000082900000, 0x0000000082a00000, 0x0000000082a00000|100%| O|  |TAMS 0x0000000082a00000, 0x0000000082900000| Untracked 
|  42|0x0000000082a00000, 0x0000000082b00000, 0x0000000082b00000|100%| O|  |TAMS 0x0000000082b00000, 0x0000000082a00000| Untracked 
|  43|0x0000000082b00000, 0x0000000082c00000, 0x0000000082c00000|100%| O|  |TAMS 0x0000000082c00000, 0x0000000082b00000| Untracked 
|  44|0x0000000082c00000, 0x0000000082ce9c00, 0x0000000082d00000| 91%| O|  |TAMS 0x0000000082ce9c00, 0x0000000082c00000| Untracked 
|  45|0x0000000082d00000, 0x0000000082e00000, 0x0000000082e00000|100%| O|  |TAMS 0x0000000082e00000, 0x0000000082d00000| Untracked 
|  46|0x0000000082e00000, 0x0000000082f00000, 0x0000000082f00000|100%| O|  |TAMS 0x0000000082f00000, 0x0000000082e00000| Untracked 
|  47|0x0000000082f00000, 0x0000000083000000, 0x0000000083000000|100%|HS|  |TAMS 0x0000000082f00000, 0x0000000082f00000| Complete 
|  48|0x0000000083000000, 0x0000000083100000, 0x0000000083100000|100%|HC|  |TAMS 0x0000000083000000, 0x0000000083000000| Complete 
|  49|0x0000000083100000, 0x0000000083200000, 0x0000000083200000|100%|HC|  |TAMS 0x0000000083100000, 0x0000000083100000| Complete 
|  50|0x0000000083200000, 0x0000000083300000, 0x0000000083300000|100%|HC|  |TAMS 0x0000000083200000, 0x0000000083200000| Complete 
|  51|0x0000000083300000, 0x0000000083300000, 0x0000000083400000|  0%| F|  |TAMS 0x0000000083300000, 0x0000000083300000| Untracked 
|  52|0x0000000083400000, 0x0000000083400000, 0x0000000083500000|  0%| F|  |TAMS 0x0000000083400000, 0x0000000083400000| Untracked 
|  53|0x0000000083500000, 0x0000000083500000, 0x0000000083600000|  0%| F|  |TAMS 0x0000000083500000, 0x0000000083500000| Untracked 
|  54|0x0000000083600000, 0x0000000083600000, 0x0000000083700000|  0%| F|  |TAMS 0x0000000083600000, 0x0000000083600000| Untracked 
|  55|0x0000000083700000, 0x0000000083700000, 0x0000000083800000|  0%| F|  |TAMS 0x0000000083700000, 0x0000000083700000| Untracked 
|  56|0x0000000083800000, 0x0000000083800000, 0x0000000083900000|  0%| F|  |TAMS 0x0000000083800000, 0x0000000083800000| Untracked 
|  57|0x0000000083900000, 0x0000000083900000, 0x0000000083a00000|  0%| F|  |TAMS 0x0000000083900000, 0x0000000083900000| Untracked 
|  58|0x0000000083a00000, 0x0000000083a00000, 0x0000000083b00000|  0%| F|  |TAMS 0x0000000083a00000, 0x0000000083a00000| Untracked 
|  59|0x0000000083b00000, 0x0000000083b00000, 0x0000000083c00000|  0%| F|  |TAMS 0x0000000083b00000, 0x0000000083b00000| Untracked 
|  60|0x0000000083c00000, 0x0000000083c00000, 0x0000000083d00000|  0%| F|  |TAMS 0x0000000083c00000, 0x0000000083c00000| Untracked 
|  61|0x0000000083d00000, 0x0000000083d00000, 0x0000000083e00000|  0%| F|  |TAMS 0x0000000083d00000, 0x0000000083d00000| Untracked 
|  62|0x0000000083e00000, 0x0000000083e00000, 0x0000000083f00000|  0%| F|  |TAMS 0x0000000083e00000, 0x0000000083e00000| Untracked 
|  63|0x0000000083f00000, 0x0000000083f00000, 0x0000000084000000|  0%| F|  |TAMS 0x0000000083f00000, 0x0000000083f00000| Untracked 
|  64|0x0000000084000000, 0x0000000084000000, 0x0000000084100000|  0%| F|  |TAMS 0x0000000084000000, 0x0000000084000000| Untracked 
|  65|0x0000000084100000, 0x0000000084100000, 0x0000000084200000|  0%| F|  |TAMS 0x0000000084100000, 0x0000000084100000| Untracked 
|  66|0x0000000084200000, 0x0000000084200000, 0x0000000084300000|  0%| F|  |TAMS 0x0000000084200000, 0x0000000084200000| Untracked 
|  67|0x0000000084300000, 0x0000000084300000, 0x0000000084400000|  0%| F|  |TAMS 0x0000000084300000, 0x0000000084300000| Untracked 
|  68|0x0000000084400000, 0x0000000084400000, 0x0000000084500000|  0%| F|  |TAMS 0x0000000084400000, 0x0000000084400000| Untracked 
|  69|0x0000000084500000, 0x0000000084500000, 0x0000000084600000|  0%| F|  |TAMS 0x0000000084500000, 0x0000000084500000| Untracked 
|  70|0x0000000084600000, 0x0000000084600000, 0x0000000084700000|  0%| F|  |TAMS 0x0000000084600000, 0x0000000084600000| Untracked 
|  71|0x0000000084700000, 0x0000000084700000, 0x0000000084800000|  0%| F|  |TAMS 0x0000000084700000, 0x0000000084700000| Untracked 
|  72|0x0000000084800000, 0x0000000084800000, 0x0000000084900000|  0%| F|  |TAMS 0x0000000084800000, 0x0000000084800000| Untracked 
|  73|0x0000000084900000, 0x0000000084900000, 0x0000000084a00000|  0%| F|  |TAMS 0x0000000084900000, 0x0000000084900000| Untracked 
|  74|0x0000000084a00000, 0x0000000084a00000, 0x0000000084b00000|  0%| F|  |TAMS 0x0000000084a00000, 0x0000000084a00000| Untracked 
|  75|0x0000000084b00000, 0x0000000084b00000, 0x0000000084c00000|  0%| F|  |TAMS 0x0000000084b00000, 0x0000000084b00000| Untracked 
|  76|0x0000000084c00000, 0x0000000084c00000, 0x0000000084d00000|  0%| F|  |TAMS 0x0000000084c00000, 0x0000000084c00000| Untracked 
|  77|0x0000000084d00000, 0x0000000084d00000, 0x0000000084e00000|  0%| F|  |TAMS 0x0000000084d00000, 0x0000000084d00000| Untracked 
|  78|0x0000000084e00000, 0x0000000084e38d00, 0x0000000084f00000| 22%| S|CS|TAMS 0x0000000084e00000, 0x0000000084e00000| Complete 
|  79|0x0000000084f00000, 0x0000000085000000, 0x0000000085000000|100%| S|CS|TAMS 0x0000000084f00000, 0x0000000084f00000| Complete 
|  80|0x0000000085000000, 0x0000000085100000, 0x0000000085100000|100%| S|CS|TAMS 0x0000000085000000, 0x0000000085000000| Complete 
|  81|0x0000000085100000, 0x0000000085100000, 0x0000000085200000|  0%| F|  |TAMS 0x0000000085100000, 0x0000000085100000| Untracked 
|  82|0x0000000085200000, 0x0000000085200000, 0x0000000085300000|  0%| F|  |TAMS 0x0000000085200000, 0x0000000085200000| Untracked 
|  83|0x0000000085300000, 0x0000000085300000, 0x0000000085400000|  0%| F|  |TAMS 0x0000000085300000, 0x0000000085300000| Untracked 
|  84|0x0000000085400000, 0x0000000085400000, 0x0000000085500000|  0%| F|  |TAMS 0x0000000085400000, 0x0000000085400000| Untracked 
|  85|0x0000000085500000, 0x0000000085500000, 0x0000000085600000|  0%| F|  |TAMS 0x0000000085500000, 0x0000000085500000| Untracked 
|  86|0x0000000085600000, 0x0000000085700000, 0x0000000085700000|100%| E|  |TAMS 0x0000000085600000, 0x0000000085600000| Complete 
|  87|0x0000000085700000, 0x0000000085800000, 0x0000000085800000|100%| E|CS|TAMS 0x0000000085700000, 0x0000000085700000| Complete 
|  88|0x0000000085800000, 0x0000000085900000, 0x0000000085900000|100%| E|CS|TAMS 0x0000000085800000, 0x0000000085800000| Complete 
|  89|0x0000000085900000, 0x0000000085a00000, 0x0000000085a00000|100%| E|CS|TAMS 0x0000000085900000, 0x0000000085900000| Complete 
|  90|0x0000000085a00000, 0x0000000085b00000, 0x0000000085b00000|100%| E|CS|TAMS 0x0000000085a00000, 0x0000000085a00000| Complete 
|  91|0x0000000085b00000, 0x0000000085c00000, 0x0000000085c00000|100%| E|CS|TAMS 0x0000000085b00000, 0x0000000085b00000| Complete 
|  92|0x0000000085c00000, 0x0000000085d00000, 0x0000000085d00000|100%| E|CS|TAMS 0x0000000085c00000, 0x0000000085c00000| Complete 

Card table byte_map: [0x0000022b80400000,0x0000022b80800000] _byte_map_base: 0x0000022b80000000

Marking Bits (Prev, Next): (CMBitMap*) 0x0000022beb51c6f8, (CMBitMap*) 0x0000022beb51c730
 Prev Bits: [0x0000022b80c00000, 0x0000022b82c00000)
 Next Bits: [0x0000022b82c00000, 0x0000022b84c00000)

Polling page: 0x0000022beb5c0000

Metaspace:

Usage:
  Non-class:     41.72 MB capacity,    40.91 MB ( 98%) used,   713.05 KB (  2%) free+waste,   120.75 KB ( <1%) overhead. 
      Class:      6.43 MB capacity,     6.00 MB ( 93%) used,   375.20 KB (  6%) free+waste,    58.19 KB ( <1%) overhead. 
       Both:     48.15 MB capacity,    46.91 MB ( 97%) used,     1.06 MB (  2%) free+waste,   178.94 KB ( <1%) overhead. 

Virtual space:
  Non-class space:       42.00 MB reserved,      41.75 MB (>99%) committed 
      Class space:        1.00 GB reserved,       6.50 MB ( <1%) committed 
             Both:        1.04 GB reserved,      48.25 MB (  5%) committed 

Chunk freelists:
   Non-Class:  29.00 KB
       Class:  10.00 KB
        Both:  39.00 KB

MaxMetaspaceSize: 17179869184.00 GB
CompressedClassSpaceSize: 1.00 GB

CodeHeap 'non-profiled nmethods': size=120064Kb used=2207Kb max_used=2207Kb free=117856Kb
 bounds [0x0000022bf82b0000, 0x0000022bf8520000, 0x0000022bff7f0000]
CodeHeap 'profiled nmethods': size=120000Kb used=9060Kb max_used=9060Kb free=110939Kb
 bounds [0x0000022bf0d80000, 0x0000022bf1660000, 0x0000022bf82b0000]
CodeHeap 'non-nmethods': size=5696Kb used=2214Kb max_used=2256Kb free=3481Kb
 bounds [0x0000022bf07f0000, 0x0000022bf0a60000, 0x0000022bf0d80000]
 total_blobs=5081 nmethods=4292 adapters=699
 compilation: enabled
              stopped_count=0, restarted_count=0
 full_count=0

Compilation events (20 events):
Event: 22.530 Thread 0x0000022b87117000 nmethod 4308 0x0000022bf1652910 code [0x0000022bf1652b20, 0x0000022bf1653238]
Event: 22.545 Thread 0x0000022b87117000 4309       3       org.gradle.internal.service.DefaultServiceRegistry::find (28 bytes)
Event: 22.545 Thread 0x0000022b87117000 nmethod 4309 0x0000022bf1653410 code [0x0000022bf1653620, 0x0000022bf1653968]
Event: 22.545 Thread 0x0000022b87117000 4310       3       org.gradle.internal.service.DefaultServiceRegistry::getService (13 bytes)
Event: 22.546 Thread 0x0000022b87117000 nmethod 4310 0x0000022bf1653b10 code [0x0000022bf1653ce0, 0x0000022bf1653e58]
Event: 22.546 Thread 0x0000022b87117000 4311       3       org.gradle.internal.service.DefaultServiceRegistry::get (44 bytes)
Event: 22.548 Thread 0x0000022b87110800 4312       4       org.gradle.internal.service.DefaultServiceRegistry$CompositeServiceProvider::getService (49 bytes)
Event: 22.550 Thread 0x0000022b87117000 nmethod 4311 0x0000022bf1653f10 code [0x0000022bf1654260, 0x0000022bf1655548]
Event: 22.550 Thread 0x0000022b87117000 4313       3       org.gradle.internal.service.DefaultServiceRegistry$CompositeServiceProvider::getAll (43 bytes)
Event: 22.551 Thread 0x0000022b87117000 nmethod 4313 0x0000022bf1655c10 code [0x0000022bf1655de0, 0x0000022bf1656088]
Event: 22.551 Thread 0x0000022b87117000 4314       3       org.gradle.internal.service.DefaultServiceRegistry$ParentServices::getAll (12 bytes)
Event: 22.552 Thread 0x0000022b87117000 nmethod 4314 0x0000022bf1656210 code [0x0000022bf16563c0, 0x0000022bf1656588]
Event: 22.553 Thread 0x0000022b87110800 nmethod 4312 0x0000022bf84d7b90 code [0x0000022bf84d7d20, 0x0000022bf84d7e18]
Event: 22.624 Thread 0x0000022b87117000 4315       3       java.util.Spliterators::emptySpliterator (4 bytes)
Event: 22.625 Thread 0x0000022b87117000 nmethod 4315 0x0000022bf1656690 code [0x0000022bf1656840, 0x0000022bf1656938]
Event: 22.625 Thread 0x0000022b87117000 4316       3       java.util.Spliterators$EmptySpliterator::forEachRemaining (6 bytes)
Event: 22.626 Thread 0x0000022b87117000 nmethod 4316 0x0000022bf1656990 code [0x0000022bf1656b60, 0x0000022bf1656da8]
Event: 22.626 Thread 0x0000022b87117000 4317       3       java.util.Collections$EmptyList::spliterator (4 bytes)
Event: 22.626 Thread 0x0000022b87117000 nmethod 4317 0x0000022bf1656e90 code [0x0000022bf1657040, 0x0000022bf1657198]
Event: 22.722 Thread 0x0000022b87110800 4318       4       java.net.URLClassLoader::isSealed (70 bytes)

GC Heap History (20 events):
Event: 11.928 GC heap before
{Heap before GC invocations=10 (full 0):
 garbage-first heap   total 78848K, used 57447K [0x0000000080000000, 0x0000000100000000)
  region size 1024K, 27 young (27648K), 2 survivors (2048K)
 Metaspace       used 31743K, capacity 32594K, committed 32896K, reserved 1077248K
  class space    used 4286K, capacity 4609K, committed 4736K, reserved 1048576K
}
Event: 11.937 GC heap after
{Heap after GC invocations=11 (full 0):
 garbage-first heap   total 78848K, used 33446K [0x0000000080000000, 0x0000000100000000)
  region size 1024K, 3 young (3072K), 3 survivors (3072K)
 Metaspace       used 31743K, capacity 32594K, committed 32896K, reserved 1077248K
  class space    used 4286K, capacity 4609K, committed 4736K, reserved 1048576K
}
Event: 12.654 GC heap before
{Heap before GC invocations=11 (full 0):
 garbage-first heap   total 78848K, used 48806K [0x0000000080000000, 0x0000000100000000)
  region size 1024K, 20 young (20480K), 3 survivors (3072K)
 Metaspace       used 34865K, capacity 35726K, committed 35840K, reserved 1081344K
  class space    used 4656K, capacity 4992K, committed 4992K, reserved 1048576K
}
Event: 12.659 GC heap after
{Heap after GC invocations=12 (full 0):
 garbage-first heap   total 78848K, used 34659K [0x0000000080000000, 0x0000000100000000)
  region size 1024K, 4 young (4096K), 4 survivors (4096K)
 Metaspace       used 34865K, capacity 35726K, committed 35840K, reserved 1081344K
  class space    used 4656K, capacity 4992K, committed 4992K, reserved 1048576K
}
Event: 13.323 GC heap before
{Heap before GC invocations=13 (full 0):
 garbage-first heap   total 78848K, used 60259K [0x0000000080000000, 0x0000000100000000)
  region size 1024K, 30 young (30720K), 4 survivors (4096K)
 Metaspace       used 39171K, capacity 40239K, committed 40320K, reserved 1083392K
  class space    used 5098K, capacity 5495K, committed 5504K, reserved 1048576K
}
Event: 13.336 GC heap after
{Heap after GC invocations=14 (full 0):
 garbage-first heap   total 78848K, used 38366K [0x0000000080000000, 0x0000000100000000)
  region size 1024K, 4 young (4096K), 4 survivors (4096K)
 Metaspace       used 39171K, capacity 40239K, committed 40320K, reserved 1083392K
  class space    used 5098K, capacity 5495K, committed 5504K, reserved 1048576K
}
Event: 13.508 GC heap before
{Heap before GC invocations=14 (full 0):
 garbage-first heap   total 78848K, used 52702K [0x0000000080000000, 0x0000000100000000)
  region size 1024K, 20 young (20480K), 4 survivors (4096K)
 Metaspace       used 39712K, capacity 40779K, committed 40960K, reserved 1085440K
  class space    used 5152K, capacity 5564K, committed 5632K, reserved 1048576K
}
Event: 13.521 GC heap after
{Heap after GC invocations=15 (full 0):
 garbage-first heap   total 78848K, used 39905K [0x0000000080000000, 0x0000000100000000)
  region size 1024K, 2 young (2048K), 2 survivors (2048K)
 Metaspace       used 39712K, capacity 40779K, committed 40960K, reserved 1085440K
  class space    used 5152K, capacity 5564K, committed 5632K, reserved 1048576K
}
Event: 14.024 GC heap before
{Heap before GC invocations=16 (full 0):
 garbage-first heap   total 78848K, used 63457K [0x0000000080000000, 0x0000000100000000)
  region size 1024K, 22 young (22528K), 2 survivors (2048K)
 Metaspace       used 42366K, capacity 43448K, committed 43520K, reserved 1087488K
  class space    used 5443K, capacity 5834K, committed 5888K, reserved 1048576K
}
Event: 14.028 GC heap after
{Heap after GC invocations=17 (full 0):
 garbage-first heap   total 78848K, used 40794K [0x0000000080000000, 0x0000000100000000)
  region size 1024K, 2 young (2048K), 2 survivors (2048K)
 Metaspace       used 42366K, capacity 43448K, committed 43520K, reserved 1087488K
  class space    used 5443K, capacity 5834K, committed 5888K, reserved 1048576K
}
Event: 14.275 GC heap before
{Heap before GC invocations=17 (full 0):
 garbage-first heap   total 78848K, used 60250K [0x0000000080000000, 0x0000000100000000)
  region size 1024K, 21 young (21504K), 2 survivors (2048K)
 Metaspace       used 43701K, capacity 44848K, committed 45056K, reserved 1087488K
  class space    used 5642K, capacity 6069K, committed 6144K, reserved 1048576K
}
Event: 14.279 GC heap after
{Heap after GC invocations=18 (full 0):
 garbage-first heap   total 78848K, used 40967K [0x0000000080000000, 0x0000000100000000)
  region size 1024K, 2 young (2048K), 2 survivors (2048K)
 Metaspace       used 43701K, capacity 44848K, committed 45056K, reserved 1087488K
  class space    used 5642K, capacity 6069K, committed 6144K, reserved 1048576K
}
Event: 14.639 GC heap before
{Heap before GC invocations=19 (full 0):
 garbage-first heap   total 78848K, used 45063K [0x0000000080000000, 0x0000000100000000)
  region size 1024K, 7 young (7168K), 2 survivors (2048K)
 Metaspace       used 43958K, capacity 45132K, committed 45312K, reserved 1089536K
  class space    used 5675K, capacity 6092K, committed 6144K, reserved 1048576K
}
Event: 14.644 GC heap after
{Heap after GC invocations=20 (full 0):
 garbage-first heap   total 78848K, used 41531K [0x0000000080000000, 0x0000000100000000)
  region size 1024K, 2 young (2048K), 2 survivors (2048K)
 Metaspace       used 43958K, capacity 45132K, committed 45312K, reserved 1089536K
  class space    used 5675K, capacity 6092K, committed 6144K, reserved 1048576K
}
Event: 16.175 GC heap before
{Heap before GC invocations=21 (full 0):
 garbage-first heap   total 78848K, used 57915K [0x0000000080000000, 0x0000000100000000)
  region size 1024K, 17 young (17408K), 2 survivors (2048K)
 Metaspace       used 44673K, capacity 45915K, committed 46208K, reserved 1089536K
  class space    used 5753K, capacity 6180K, committed 6272K, reserved 1048576K
}
Event: 16.196 GC heap after
{Heap after GC invocations=22 (full 0):
 garbage-first heap   total 78848K, used 47307K [0x0000000080000000, 0x0000000100000000)
  region size 1024K, 3 young (3072K), 3 survivors (3072K)
 Metaspace       used 44673K, capacity 45915K, committed 46208K, reserved 1089536K
  class space    used 5753K, capacity 6180K, committed 6272K, reserved 1048576K
}
Event: 17.228 GC heap before
{Heap before GC invocations=23 (full 0):
 garbage-first heap   total 78848K, used 62667K [0x0000000080000000, 0x0000000100000000)
  region size 1024K, 17 young (17408K), 3 survivors (3072K)
 Metaspace       used 46284K, capacity 47609K, committed 47872K, reserved 1091584K
  class space    used 5863K, capacity 6318K, committed 6400K, reserved 1048576K
}
Event: 17.363 GC heap after
{Heap after GC invocations=24 (full 0):
 garbage-first heap   total 95232K, used 48118K [0x0000000080000000, 0x0000000100000000)
  region size 1024K, 2 young (2048K), 2 survivors (2048K)
 Metaspace       used 46284K, capacity 47609K, committed 47872K, reserved 1091584K
  class space    used 5863K, capacity 6318K, committed 6400K, reserved 1048576K
}
Event: 19.300 GC heap before
{Heap before GC invocations=24 (full 0):
 garbage-first heap   total 95232K, used 68598K [0x0000000080000000, 0x0000000100000000)
  region size 1024K, 22 young (22528K), 2 survivors (2048K)
 Metaspace       used 46813K, capacity 48123K, committed 48256K, reserved 1091584K
  class space    used 5944K, capacity 6401K, committed 6528K, reserved 1048576K
}
Event: 19.346 GC heap after
{Heap after GC invocations=25 (full 0):
 garbage-first heap   total 95232K, used 49581K [0x0000000080000000, 0x0000000100000000)
  region size 1024K, 3 young (3072K), 3 survivors (3072K)
 Metaspace       used 46813K, capacity 48123K, committed 48256K, reserved 1091584K
  class space    used 5944K, capacity 6401K, committed 6528K, reserved 1048576K
}

Deoptimization events (20 events):
Event: 16.985 Thread 0x0000022b8882f800 Uncommon trap: trap_request=0xffffffde fr.pc=0x0000022bf846f180 relative=0x00000000000013c0
Event: 16.985 Thread 0x0000022b8882f800 Uncommon trap: reason=class_check action=maybe_recompile pc=0x0000022bf846f180 method=org.codehaus.groovy.reflection.ParameterTypes.getParametersTypes0()V @ 16 c2
Event: 16.985 Thread 0x0000022b8882f800 DEOPT PACKING pc=0x0000022bf846f180 sp=0x0000004de08f8120
Event: 16.985 Thread 0x0000022b8882f800 DEOPT UNPACKING pc=0x0000022bf081662f sp=0x0000004de08f80e8 mode 2
Event: 16.985 Thread 0x0000022b8882f800 Uncommon trap: trap_request=0xffffffde fr.pc=0x0000022bf846f180 relative=0x00000000000013c0
Event: 16.985 Thread 0x0000022b8882f800 Uncommon trap: reason=class_check action=maybe_recompile pc=0x0000022bf846f180 method=org.codehaus.groovy.reflection.ParameterTypes.getParametersTypes0()V @ 16 c2
Event: 16.985 Thread 0x0000022b8882f800 DEOPT PACKING pc=0x0000022bf846f180 sp=0x0000004de08f8120
Event: 16.985 Thread 0x0000022b8882f800 DEOPT UNPACKING pc=0x0000022bf081662f sp=0x0000004de08f80e8 mode 2
Event: 17.019 Thread 0x0000022b8882f800 Uncommon trap: trap_request=0xffffff4d fr.pc=0x0000022bf83c9a30 relative=0x0000000000000230
Event: 17.019 Thread 0x0000022b8882f800 Uncommon trap: reason=unstable_if action=reinterpret pc=0x0000022bf83c9a30 method=java.util.HashMap.putVal(ILjava/lang/Object;Ljava/lang/Object;ZZ)Ljava/lang/Object; @ 162 c2
Event: 17.019 Thread 0x0000022b8882f800 DEOPT PACKING pc=0x0000022bf83c9a30 sp=0x0000004de08f9b20
Event: 17.019 Thread 0x0000022b8882f800 DEOPT UNPACKING pc=0x0000022bf081662f sp=0x0000004de08f9a30 mode 2
Event: 18.706 Thread 0x0000022b8882f800 Uncommon trap: trap_request=0xffffff4d fr.pc=0x0000022bf83f6e08 relative=0x0000000000000928
Event: 18.706 Thread 0x0000022b8882f800 Uncommon trap: reason=unstable_if action=reinterpret pc=0x0000022bf83f6e08 method=java.util.WeakHashMap.eq(Ljava/lang/Object;Ljava/lang/Object;)Z @ 2 c2
Event: 18.706 Thread 0x0000022b8882f800 DEOPT PACKING pc=0x0000022bf83f6e08 sp=0x0000004de08f5580
Event: 18.706 Thread 0x0000022b8882f800 DEOPT UNPACKING pc=0x0000022bf081662f sp=0x0000004de08f54f0 mode 2
Event: 18.814 Thread 0x0000022b8882f800 Uncommon trap: trap_request=0xffffff4d fr.pc=0x0000022bf83fe034 relative=0x0000000000000114
Event: 18.814 Thread 0x0000022b8882f800 Uncommon trap: reason=unstable_if action=reinterpret pc=0x0000022bf83fe034 method=java.util.Arrays.hashCode([Ljava/lang/Object;)I @ 34 c2
Event: 18.814 Thread 0x0000022b8882f800 DEOPT PACKING pc=0x0000022bf83fe034 sp=0x0000004de08f8480
Event: 18.814 Thread 0x0000022b8882f800 DEOPT UNPACKING pc=0x0000022bf081662f sp=0x0000004de08f83f8 mode 2

Classes redefined (0 events):
No events

Internal exceptions (20 events):
Event: 18.357 Thread 0x0000022b8882f800 Exception <a 'java/lang/NoSuchMethodError'{0x0000000084e41570}: 'void java.lang.invoke.DirectMethodHandle$Holder.invokeInterface(java.lang.Object, java.lang.Object)'> (0x0000000084e41570) thrown at [./src/hotspot/share/interpreter/linkResolver.cpp, line 773]
Event: 18.584 Thread 0x0000022b8882f800 Exception <a 'java/lang/ClassNotFoundException'{0x0000000084ecca90}: settings_am4k4huru2vkck5q9l9tljh4bBeanInfo> (0x0000000084ecca90) thrown at [./src/hotspot/share/classfile/systemDictionary.cpp, line 231]
Event: 18.589 Thread 0x0000022b8882f800 Exception <a 'java/lang/ClassNotFoundException'{0x0000000084ed9128}: settings_am4k4huru2vkck5q9l9tljh4bCustomizer> (0x0000000084ed9128) thrown at [./src/hotspot/share/classfile/systemDictionary.cpp, line 231]
Event: 18.629 Thread 0x0000022b8882f800 Exception <a 'java/lang/ClassNotFoundException'{0x0000000084d73cb0}: org/gradle/internal/management/DefaultDependencyResolutionManagement_DecoratedBeanInfo> (0x0000000084d73cb0) thrown at [./src/hotspot/share/classfile/systemDictionary.cpp, line 231]
Event: 18.631 Thread 0x0000022b8882f800 Exception <a 'java/lang/ClassNotFoundException'{0x0000000084daf590}: org/gradle/internal/management/DefaultDependencyResolutionManagementBeanInfo> (0x0000000084daf590) thrown at [./src/hotspot/share/classfile/systemDictionary.cpp, line 231]
Event: 18.643 Thread 0x0000022b8882f800 Exception <a 'java/lang/ClassNotFoundException'{0x0000000084deb7c0}: org/gradle/internal/management/DefaultDependencyResolutionManagementCustomizer> (0x0000000084deb7c0) thrown at [./src/hotspot/share/classfile/systemDictionary.cpp, line 231]
Event: 18.657 Thread 0x0000022b8882f800 Exception <a 'java/lang/ClassNotFoundException'{0x0000000084c3d630}: org/gradle/internal/management/DefaultDependencyResolutionManagement_DecoratedCustomizer> (0x0000000084c3d630) thrown at [./src/hotspot/share/classfile/systemDictionary.cpp, line 231]
Event: 18.703 Thread 0x0000022b8882f800 Exception <a 'java/lang/ClassNotFoundException'{0x0000000084cc7f10}: org/gradle/api/initialization/resolve/RepositoriesModeBeanInfo> (0x0000000084cc7f10) thrown at [./src/hotspot/share/classfile/systemDictionary.cpp, line 231]
Event: 18.705 Thread 0x0000022b8882f800 Exception <a 'java/lang/ClassNotFoundException'{0x0000000084ccdb28}: java/lang/EnumBeanInfo> (0x0000000084ccdb28) thrown at [./src/hotspot/share/classfile/systemDictionary.cpp, line 231]
Event: 18.706 Thread 0x0000022b8882f800 Exception <a 'java/lang/ClassNotFoundException'{0x0000000084cd34b0}: java/lang/EnumCustomizer> (0x0000000084cd34b0) thrown at [./src/hotspot/share/classfile/systemDictionary.cpp, line 231]
Event: 18.711 Thread 0x0000022b8882f800 Exception <a 'java/lang/ClassNotFoundException'{0x0000000084b04598}: org/gradle/api/initialization/resolve/RepositoriesModeCustomizer> (0x0000000084b04598) thrown at [./src/hotspot/share/classfile/systemDictionary.cpp, line 231]
Event: 18.729 Thread 0x0000022b8882f800 Exception <a 'java/lang/ClassNotFoundException'{0x0000000084b893b8}: org/gradle/api/internal/provider/DefaultPropertyBeanInfo> (0x0000000084b893b8) thrown at [./src/hotspot/share/classfile/systemDictionary.cpp, line 231]
Event: 18.733 Thread 0x0000022b8882f800 Exception <a 'java/lang/ClassNotFoundException'{0x0000000084bb1808}: org/gradle/api/internal/provider/AbstractPropertyBeanInfo> (0x0000000084bb1808) thrown at [./src/hotspot/share/classfile/systemDictionary.cpp, line 231]
Event: 18.736 Thread 0x0000022b8882f800 Exception <a 'java/lang/ClassNotFoundException'{0x0000000084bdbe40}: org/gradle/api/internal/provider/AbstractMinimalProviderBeanInfo> (0x0000000084bdbe40) thrown at [./src/hotspot/share/classfile/systemDictionary.cpp, line 231]
Event: 18.741 Thread 0x0000022b8882f800 Exception <a 'java/lang/ClassNotFoundException'{0x0000000084a074a8}: org/gradle/api/internal/provider/AbstractMinimalProviderCustomizer> (0x0000000084a074a8) thrown at [./src/hotspot/share/classfile/systemDictionary.cpp, line 231]
Event: 18.758 Thread 0x0000022b8882f800 Exception <a 'java/lang/ClassNotFoundException'{0x0000000084a6ab18}: org/gradle/api/internal/provider/AbstractPropertyCustomizer> (0x0000000084a6ab18) thrown at [./src/hotspot/share/classfile/systemDictionary.cpp, line 231]
Event: 18.773 Thread 0x0000022b8882f800 Exception <a 'java/lang/ClassNotFoundException'{0x0000000084a9f660}: org/gradle/api/internal/provider/DefaultPropertyCustomizer> (0x0000000084a9f660) thrown at [./src/hotspot/share/classfile/systemDictionary.cpp, line 231]
Event: 18.799 Thread 0x0000022b8882f800 Exception <a 'java/lang/ClassNotFoundException'{0x0000000084915838}: org/gradle/initialization/DefaultProjectDescriptorBeanInfo> (0x0000000084915838) thrown at [./src/hotspot/share/classfile/systemDictionary.cpp, line 231]
Event: 18.810 Thread 0x0000022b8882f800 Exception <a 'java/lang/ClassNotFoundException'{0x000000008493d950}: org/gradle/initialization/DefaultProjectDescriptorCustomizer> (0x000000008493d950) thrown at [./src/hotspot/share/classfile/systemDictionary.cpp, line 231]
Event: 18.814 Thread 0x0000022b8882f800 Implicit null exception at 0x0000022bf83fdf6f to 0x0000022bf83fe018

Events (20 events):
Event: 22.543 loading class org/gradle/api/Project
Event: 22.543 loading class org/gradle/api/Project done
Event: 22.543 loading class org/gradle/api/internal/project/DefaultProject
Event: 22.543 loading class org/gradle/api/internal/project/DefaultProject done
Event: 22.543 loading class org/gradle/api/internal/project/DefaultProject
Event: 22.543 loading class org/gradle/api/internal/project/DefaultProject done
Event: 22.543 loading class org/gradle/api/Project
Event: 22.543 loading class org/gradle/api/Project done
Event: 22.543 loading class org/gradle/api/internal/project/DefaultProject
Event: 22.543 loading class org/gradle/api/internal/project/DefaultProject done
Event: 22.545 loading class org/gradle/api/internal/project/DefaultCrossProjectModelAccess
Event: 22.545 loading class org/gradle/api/internal/project/DefaultCrossProjectModelAccess done
Event: 22.549 loading class org/gradle/internal/extensibility/ExtensibleDynamicObject$InheritedDynamicObject
Event: 22.549 loading class org/gradle/internal/extensibility/ExtensibleDynamicObject$InheritedDynamicObject done
Event: 22.555 loading class org/gradle/initialization/ProjectPropertySettingBuildLoader$CachingPropertyApplicator
Event: 22.555 loading class org/gradle/initialization/ProjectPropertySettingBuildLoader$CachingPropertyApplicator done
Event: 22.680 loading class org/apache/commons/lang/reflect/MethodUtils
Event: 22.680 loading class org/apache/commons/lang/reflect/MethodUtils done
Event: 22.722 loading class org/gradle/initialization/NotifyingBuildLoader$BuildStructureOperationProject
Event: 22.722 loading class org/gradle/initialization/NotifyingBuildLoader$BuildStructureOperationProject done


Dynamic libraries:
0x00007ff6f8390000 - 0x00007ff6f839a000 	C:\Program Files\Android\Android Studio\jre\bin\java.exe
0x00007fff01210000 - 0x00007fff01405000 	C:\Windows\SYSTEM32\ntdll.dll
0x00007ffeffbf0000 - 0x00007ffeffcad000 	C:\Windows\System32\KERNEL32.DLL
0x00007ffefea50000 - 0x00007ffefed18000 	C:\Windows\System32\KERNELBASE.dll
0x00007ffefe950000 - 0x00007ffefea50000 	C:\Windows\System32\ucrtbase.dll
0x00007ffefa130000 - 0x00007ffefa147000 	C:\Program Files\Android\Android Studio\jre\bin\VCRUNTIME140.dll
0x00007ffefa110000 - 0x00007ffefa129000 	C:\Program Files\Android\Android Studio\jre\bin\jli.dll
0x00007fff00350000 - 0x00007fff004f0000 	C:\Windows\System32\USER32.dll
0x00007ffeff240000 - 0x00007ffeff262000 	C:\Windows\System32\win32u.dll
0x00007ffee4f60000 - 0x00007ffee51fa000 	C:\Windows\WinSxS\amd64_microsoft.windows.common-controls_6595b64144ccf1df_6.0.19041.844_none_ca00b6081b84eb1d\COMCTL32.dll
0x00007fff00ab0000 - 0x00007fff00ada000 	C:\Windows\System32\GDI32.dll
0x00007ffefee10000 - 0x00007ffefef1b000 	C:\Windows\System32\gdi32full.dll
0x00007fff00960000 - 0x00007fff009fe000 	C:\Windows\System32\msvcrt.dll
0x00007ffefed70000 - 0x00007ffefee0d000 	C:\Windows\System32\msvcp_win.dll
0x00007ffeff390000 - 0x00007ffeff3c0000 	C:\Windows\System32\IMM32.DLL
0x00007ffef10a0000 - 0x00007ffef113d000 	C:\Program Files\Android\Android Studio\jre\bin\msvcp140.dll
0x00007ffed13e0000 - 0x00007ffed1eb5000 	C:\Program Files\Android\Android Studio\jre\bin\server\jvm.dll
0x00007fff00a00000 - 0x00007fff00aac000 	C:\Windows\System32\ADVAPI32.dll
0x00007fff008c0000 - 0x00007fff0095b000 	C:\Windows\System32\sechost.dll
0x00007ffeffd70000 - 0x00007ffeffe9b000 	C:\Windows\System32\RPCRT4.dll
0x00007fff00550000 - 0x00007fff00558000 	C:\Windows\System32\PSAPI.DLL
0x00007ffef53d0000 - 0x00007ffef53f7000 	C:\Windows\SYSTEM32\WINMM.dll
0x00007ffedeed0000 - 0x00007ffedeed9000 	C:\Windows\SYSTEM32\WSOCK32.dll
0x00007ffef96c0000 - 0x00007ffef96ca000 	C:\Windows\SYSTEM32\VERSION.dll
0x00007fff000b0000 - 0x00007fff0011b000 	C:\Windows\System32\ws2_32.DLL
0x00007ffefd660000 - 0x00007ffefd672000 	C:\Windows\SYSTEM32\kernel.appcore.dll
0x00007ffedcd50000 - 0x00007ffedcd61000 	C:\Program Files\Android\Android Studio\jre\bin\verify.dll
0x00007ffefc960000 - 0x00007ffefcb44000 	C:\Windows\SYSTEM32\DBGHELP.DLL
0x00007ffef14b0000 - 0x00007ffef14dc000 	C:\Windows\SYSTEM32\dbgcore.DLL
0x00007ffefef20000 - 0x00007ffefefa0000 	C:\Windows\System32\bcryptPrimitives.dll
0x00007ffed5fc0000 - 0x00007ffed5fe9000 	C:\Program Files\Android\Android Studio\jre\bin\java.dll
0x00007ffede640000 - 0x00007ffede64b000 	C:\Program Files\Android\Android Studio\jre\bin\jimage.dll
0x00007ffedc7b0000 - 0x00007ffedc7c8000 	C:\Program Files\Android\Android Studio\jre\bin\zip.dll
0x00007ffeff3c0000 - 0x00007ffeffb02000 	C:\Windows\System32\SHELL32.dll
0x00007ffefcb50000 - 0x00007ffefd2e1000 	C:\Windows\SYSTEM32\windows.storage.dll
0x00007fff00560000 - 0x00007fff008b5000 	C:\Windows\System32\combase.dll
0x00007ffefe2f0000 - 0x00007ffefe31c000 	C:\Windows\SYSTEM32\Wldp.dll
0x00007fff00ae0000 - 0x00007fff00b8e000 	C:\Windows\System32\SHCORE.dll
0x00007fff010e0000 - 0x00007fff01135000 	C:\Windows\System32\shlwapi.dll
0x00007ffefe890000 - 0x00007ffefe8af000 	C:\Windows\SYSTEM32\profapi.dll
0x00007ffed6600000 - 0x00007ffed661a000 	C:\Program Files\Android\Android Studio\jre\bin\net.dll
0x00007ffef7720000 - 0x00007ffef782b000 	C:\Windows\SYSTEM32\WINHTTP.dll
0x00007ffefe060000 - 0x00007ffefe0ca000 	C:\Windows\system32\mswsock.dll
0x00007ffed13c0000 - 0x00007ffed13d4000 	C:\Program Files\Android\Android Studio\jre\bin\nio.dll
0x00007ffee84d0000 - 0x00007ffee84f7000 	C:\Users\Pixel\.gradle\native\e1d6ef7f7dcc3fd88c89a11ec53ec762bb8ba0a96d01ffa2cd45eb1d1d8dd5c5\windows-amd64\native-platform.dll
0x00007ffef0f50000 - 0x00007ffef1094000 	C:\Users\Pixel\.gradle\native\0d407fdbe67a94daf76414ababcb853783967236a71b16ec16e742cd7a986fd3\windows-amd64\native-platform-file-events.dll
0x00007ffedde20000 - 0x00007ffedde2a000 	C:\Program Files\Android\Android Studio\jre\bin\management.dll
0x00007ffedcd40000 - 0x00007ffedcd4d000 	C:\Program Files\Android\Android Studio\jre\bin\management_ext.dll
0x00007ffefe230000 - 0x00007ffefe248000 	C:\Windows\SYSTEM32\CRYPTSP.dll
0x00007ffefdbb0000 - 0x00007ffefdbe4000 	C:\Windows\system32\rsaenh.dll
0x00007ffefefa0000 - 0x00007ffefefc7000 	C:\Windows\System32\bcrypt.dll
0x00007ffefe7c0000 - 0x00007ffefe7ee000 	C:\Windows\SYSTEM32\USERENV.dll
0x00007ffefe250000 - 0x00007ffefe25c000 	C:\Windows\SYSTEM32\CRYPTBASE.dll
0x00007ffefdd50000 - 0x00007ffefdd8b000 	C:\Windows\SYSTEM32\IPHLPAPI.DLL
0x00007ffeffcb0000 - 0x00007ffeffcb8000 	C:\Windows\System32\NSI.dll
0x00007ffef8290000 - 0x00007ffef82a7000 	C:\Windows\SYSTEM32\dhcpcsvc6.DLL
0x00007ffef84d0000 - 0x00007ffef84ed000 	C:\Windows\SYSTEM32\dhcpcsvc.DLL
0x00007ffefdd90000 - 0x00007ffefde5c000 	C:\Windows\SYSTEM32\DNSAPI.dll

dbghelp: loaded successfully - version: 4.0.5 - missing functions: none
symbol engine: initialized successfully - sym options: 0x614 - pdb path: .;C:\Program Files\Android\Android Studio\jre\bin;C:\Windows\SYSTEM32;C:\Windows\WinSxS\amd64_microsoft.windows.common-controls_6595b64144ccf1df_6.0.19041.844_none_ca00b6081b84eb1d;C:\Program Files\Android\Android Studio\jre\bin\server;C:\Users\Pixel\.gradle\native\e1d6ef7f7dcc3fd88c89a11ec53ec762bb8ba0a96d01ffa2cd45eb1d1d8dd5c5\windows-amd64;C:\Users\Pixel\.gradle\native\0d407fdbe67a94daf76414ababcb853783967236a71b16ec16e742cd7a986fd3\windows-amd64

VM Arguments:
jvm_args: --add-opens=java.base/java.util=ALL-UNNAMED --add-opens=java.base/java.lang=ALL-UNNAMED --add-opens=java.base/java.lang.invoke=ALL-UNNAMED --add-opens=java.base/java.util=ALL-UNNAMED --add-opens=java.prefs/java.util.prefs=ALL-UNNAMED --add-opens=java.prefs/java.util.prefs=ALL-UNNAMED --add-opens=java.base/java.nio.charset=ALL-UNNAMED --add-opens=java.base/java.net=ALL-UNNAMED --add-opens=java.base/java.util.concurrent.atomic=ALL-UNNAMED -Xmx2048m -Dfile.encoding=UTF-8 -Duser.country=US -Duser.language=en -Duser.variant 
java_command: org.gradle.launcher.daemon.bootstrap.GradleDaemon 7.4.2
java_class_path (initial): F:\gradle\gradle-7.4.2\lib\gradle-launcher-7.4.2.jar
Launcher Type: SUN_STANDARD

[Global flags]
     intx CICompilerCount                          = 3                                         {product} {ergonomic}
     uint ConcGCThreads                            = 1                                         {product} {ergonomic}
     uint G1ConcRefinementThreads                  = 4                                         {product} {ergonomic}
   size_t G1HeapRegionSize                         = 1048576                                   {product} {ergonomic}
    uintx GCDrainStackTargetSize                   = 64                                        {product} {ergonomic}
   size_t InitialHeapSize                          = 67108864                                  {product} {ergonomic}
   size_t MarkStackSize                            = 4194304                                   {product} {ergonomic}
   size_t MaxHeapSize                              = 2147483648                                {product} {command line}
   size_t MaxNewSize                               = 1287651328                                {product} {ergonomic}
   size_t MinHeapDeltaBytes                        = 1048576                                   {product} {ergonomic}
    uintx NonNMethodCodeHeapSize                   = 5830732                                {pd product} {ergonomic}
    uintx NonProfiledCodeHeapSize                  = 122913754                              {pd product} {ergonomic}
    uintx ProfiledCodeHeapSize                     = 122913754                              {pd product} {ergonomic}
    uintx ReservedCodeCacheSize                    = 251658240                              {pd product} {ergonomic}
     bool SegmentedCodeCache                       = true                                      {product} {ergonomic}
     bool UseCompressedClassPointers               = true                                 {lp64_product} {ergonomic}
     bool UseCompressedOops                        = true                                 {lp64_product} {ergonomic}
     bool UseG1GC                                  = true                                      {product} {ergonomic}
     bool UseLargePagesIndividualAllocation        = false                                  {pd product} {ergonomic}

Logging:
Log output configuration:
 #0: stdout all=warning uptime,level,tags
 #1: stderr all=off uptime,level,tags

Environment Variables:
PATH=C:\Windows\system32;C:\Windows;C:\Windows\System32\Wbem;C:\Windows\System32\WindowsPowerShell\v1.0\;C:\Windows\System32\OpenSSH\;C:\Users\Pixel\AppData\Local\Microsoft\WindowsApps;
USERNAME=Pixel
OS=Windows_NT
PROCESSOR_IDENTIFIER=Intel64 Family 6 Model 142 Stepping 10, GenuineIntel



---------------  S Y S T E M  ---------------

OS: Windows 10 , 64 bit Build 19041 (10.0.19041.804)
OS uptime: 0 days 0:25 hours

CPU:total 4 (initial active 4) (2 cores per cpu, 2 threads per core) family 6 model 142 stepping 10 microcode 0xb4, cmov, cx8, fxsr, mmx, sse, sse2, sse3, ssse3, sse4.1, sse4.2, popcnt, avx, avx2, aes, clmul, erms, 3dnowpref, lzcnt, ht, tsc, tscinvbit, bmi1, bmi2, adx, fma

Memory: 4k page, system-wide physical 4011M (69M free)
TotalPageFile size 4011M (AvailPageFile size 0M)
current process WorkingSet (physical memory assigned to process): 195M, peak: 218M
current process commit charge ("private bytes"): 257M, peak: 276M

vm_info: OpenJDK 64-Bit Server VM (11.0.11+9-b60-7590822) for windows-amd64 JRE (11.0.11+9-b60-7590822), built on Jul 29 2021 21:43:44 by "builder" with MS VC++ 14.0 (VS2015)

END.
