#
# There is insufficient memory for the Java Runtime Environment to continue.
# Native memory allocation (mmap) failed to map 283115520 bytes for Failed to commit area from 0x0000000088700000 to 0x0000000099500000 of length 283115520.
# Possible reasons:
#   The system is out of physical RAM or swap space
#   The process is running with CompressedOops enabled, and the Java Heap may be blocking the growth of the native heap
# Possible solutions:
#   Reduce memory load on the system
#   Increase physical memory or swap space
#   Check if swap backing store is full
#   Decrease Java heap size (-Xmx/-Xms)
#   Decrease number of Java threads
#   Decrease Java thread stack sizes (-Xss)
#   Set larger code cache with -XX:ReservedCodeCacheSize=
#   JVM is running with Unscaled Compressed Oops mode in which the Java heap is
#     placed in the first 4GB address space. The Java Heap base address is the
#     maximum limit for the native heap growth. Please use -XX:HeapBaseMinAddress
#     to set the Java Heap base and to place the Java Heap above 4GB virtual address.
# This output file may be truncated or incomplete.
#
#  Out of Memory Error (./src/hotspot/os/windows/os_windows.cpp:3301), pid=5636, tid=1500
#
# JRE version: OpenJDK Runtime Environment (11.0.11+9) (build 11.0.11+9-b60-7590822)
# Java VM: OpenJDK 64-Bit Server VM (11.0.11+9-b60-7590822, mixed mode, tiered, compressed oops, g1 gc, windows-amd64)
# No core dump will be written. Minidumps are not enabled by default on client versions of Windows
#

---------------  S U M M A R Y ------------

Command Line: --add-opens=java.base/java.util=ALL-UNNAMED --add-opens=java.base/java.lang=ALL-UNNAMED --add-opens=java.base/java.lang.invoke=ALL-UNNAMED --add-opens=java.base/java.util=ALL-UNNAMED --add-opens=java.prefs/java.util.prefs=ALL-UNNAMED --add-opens=java.prefs/java.util.prefs=ALL-UNNAMED --add-opens=java.base/java.nio.charset=ALL-UNNAMED --add-opens=java.base/java.net=ALL-UNNAMED --add-opens=java.base/java.util.concurrent.atomic=ALL-UNNAMED -Xmx2048m -Dfile.encoding=UTF-8 -Duser.country=US -Duser.language=en -Duser.variant org.gradle.launcher.daemon.bootstrap.GradleDaemon 7.4.2

Host: Intel(R) Core(TM) i3-8130U CPU @ 2.20GHz, 4 cores, 3G,  Windows 10 , 64 bit Build 19041 (10.0.19041.804)
Time: Mon Apr 11 21:35:50 2022 Bangladesh Standard Time elapsed time: 18.191377 seconds (0d 0h 0m 18s)

---------------  T H R E A D  ---------------

Current thread (0x0000027fc84e3800):  VMThread "VM Thread" [stack: 0x000000c521600000,0x000000c521700000] [id=1500]

Stack: [0x000000c521600000,0x000000c521700000]
[error occurred during error reporting (printing stack bounds), id 0xc0000005, EXCEPTION_ACCESS_VIOLATION (0xc0000005) at pc=0x0000027fb1cc0f2d]

Native frames: (J=compiled Java code, j=interpreted, Vv=VM code, C=native code)
V  [jvm.dll+0x5f214a]
V  [jvm.dll+0x726fb5]
V  [jvm.dll+0x7285cd]
V  [jvm.dll+0x728be5]
V  [jvm.dll+0x728b9b]
V  [jvm.dll+0x5f14e8]
V  [jvm.dll+0x5f1c78]
C  [ntdll.dll+0xa1f6f]
C  [ntdll.dll+0x51454]
C  [ntdll.dll+0xa0a9e]
C  0x0000027fb1cc0f2d

VM_Operation (0x000000c5266fd950): G1CollectForAllocation, mode: safepoint, requested by thread 0x0000027fcd402000


---------------  P R O C E S S  ---------------

Threads class SMR info:
_java_thread_list=0x0000027fcb9cf970, length=77, elements={
0x0000027fac9c9000, 0x0000027fc84e8800, 0x0000027fc84ea000, 0x0000027fc8545800,
0x0000027fc8547800, 0x0000027fc854a000, 0x0000027fc854f800, 0x0000027fc8553800,
0x0000027fc8558800, 0x0000027fc8fbf000, 0x0000027fc9aad800, 0x0000027fcae38800,
0x0000027fcae39800, 0x0000027fcae55000, 0x0000027fcae2a800, 0x0000027fca4e1000,
0x0000027fcb8cb800, 0x0000027fca5ee000, 0x0000027fcaa1f800, 0x0000027fccaf8800,
0x0000027fccaf9800, 0x0000027fccafc800, 0x0000027fccafa000, 0x0000027fccafb000,
0x0000027fccafc000, 0x0000027fccaf7000, 0x0000027fccafd800, 0x0000027fccaf8000,
0x0000027fcd1cf800, 0x0000027fcd1cd800, 0x0000027fcd1d1000, 0x0000027fcd1ce800,
0x0000027fcd1d3800, 0x0000027fcd1d1800, 0x0000027fcd1d8800, 0x0000027fcd1d2800,
0x0000027fcd1d6000, 0x0000027fcd1db800, 0x0000027fcd1d9000, 0x0000027fcd1da000,
0x0000027fcd1da800, 0x0000027fcd1dc800, 0x0000027fcd1d6800, 0x0000027fcb609000,
0x0000027fcb60a800, 0x0000027fcb60b800, 0x0000027fcb60c800, 0x0000027fcb60d000,
0x0000027fcb60e000, 0x0000027fcb608000, 0x0000027fcb60f000, 0x0000027fcb60f800,
0x0000027fcb60a000, 0x0000027fcb614800, 0x0000027fcb613800, 0x0000027fcb615800,
0x0000027fcb611000, 0x0000027fcb616000, 0x0000027fcb610800, 0x0000027fcb617000,
0x0000027fcb613000, 0x0000027fcb612000, 0x0000027fcd3fe800, 0x0000027fcd3fc800,
0x0000027fcd3ff800, 0x0000027fcd400800, 0x0000027fcd3fd000, 0x0000027fcd3fe000,
0x0000027fcd403000, 0x0000027fcd403800, 0x0000027fcd404800, 0x0000027fcd407000,
0x0000027fcd406000, 0x0000027fcd405800, 0x0000027fcd401000, 0x0000027fcd407800,
0x0000027fcd402000
}

Java Threads: ( => current thread )
  0x0000027fac9c9000 JavaThread "main" [_thread_blocked, id=6628, stack(0x000000c521000000,0x000000c521100000)]
  0x0000027fc84e8800 JavaThread "Reference Handler" daemon [_thread_blocked, id=4516, stack(0x000000c521700000,0x000000c521800000)]
  0x0000027fc84ea000 JavaThread "Finalizer" daemon [_thread_blocked, id=8280, stack(0x000000c521800000,0x000000c521900000)]
  0x0000027fc8545800 JavaThread "Signal Dispatcher" daemon [_thread_blocked, id=1612, stack(0x000000c521900000,0x000000c521a00000)]
  0x0000027fc8547800 JavaThread "Attach Listener" daemon [_thread_blocked, id=904, stack(0x000000c521a00000,0x000000c521b00000)]
  0x0000027fc854a000 JavaThread "Service Thread" daemon [_thread_blocked, id=8536, stack(0x000000c521b00000,0x000000c521c00000)]
  0x0000027fc854f800 JavaThread "C2 CompilerThread0" daemon [_thread_blocked, id=8272, stack(0x000000c521c00000,0x000000c521d00000)]
  0x0000027fc8553800 JavaThread "C1 CompilerThread0" daemon [_thread_blocked, id=5620, stack(0x000000c521d00000,0x000000c521e00000)]
  0x0000027fc8558800 JavaThread "Sweeper thread" daemon [_thread_blocked, id=1524, stack(0x000000c521e00000,0x000000c521f00000)]
  0x0000027fc8fbf000 JavaThread "Common-Cleaner" daemon [_thread_blocked, id=3180, stack(0x000000c521f00000,0x000000c522000000)]
  0x0000027fc9aad800 JavaThread "Daemon health stats" [_thread_blocked, id=4940, stack(0x000000c522200000,0x000000c522300000)]
  0x0000027fcae38800 JavaThread "Incoming local TCP Connector on port 3629" [_thread_in_native, id=2024, stack(0x000000c522500000,0x000000c522600000)]
  0x0000027fcae39800 JavaThread "Daemon periodic checks" [_thread_blocked, id=8568, stack(0x000000c522600000,0x000000c522700000)]
  0x0000027fcae55000 JavaThread "Daemon" [_thread_blocked, id=380, stack(0x000000c522700000,0x000000c522800000)]
  0x0000027fcae2a800 JavaThread "Handler for socket connection from /127.0.0.1:3629 to /127.0.0.1:3630" [_thread_in_native, id=6752, stack(0x000000c522800000,0x000000c522900000)]
  0x0000027fca4e1000 JavaThread "Cancel handler" [_thread_blocked, id=4904, stack(0x000000c522900000,0x000000c522a00000)]
  0x0000027fcb8cb800 JavaThread "Daemon worker" [_thread_blocked, id=8564, stack(0x000000c522a00000,0x000000c522b00000)]
  0x0000027fca5ee000 JavaThread "Asynchronous log dispatcher for DefaultDaemonConnection: socket connection from /127.0.0.1:3629 to /127.0.0.1:3630" [_thread_blocked, id=996, stack(0x000000c522b00000,0x000000c522c00000)]
  0x0000027fcaa1f800 JavaThread "Stdin handler" [_thread_blocked, id=7072, stack(0x000000c522c00000,0x000000c522d00000)]
  0x0000027fccaf8800 JavaThread "Daemon client event forwarder" [_thread_blocked, id=5476, stack(0x000000c522d00000,0x000000c522e00000)]
  0x0000027fccaf9800 JavaThread "Cache worker for journal cache (C:\Users\Pixel\.gradle\caches\journal-1)" [_thread_blocked, id=7844, stack(0x000000c522e00000,0x000000c522f00000)]
  0x0000027fccafc800 JavaThread "File lock request listener" [_thread_in_native, id=5080, stack(0x000000c522f00000,0x000000c523000000)]
  0x0000027fccafa000 JavaThread "Cache worker for file hash cache (C:\Users\Pixel\.gradle\caches\7.4.2\fileHashes)" [_thread_blocked, id=3700, stack(0x000000c523000000,0x000000c523100000)]
  0x0000027fccafb000 JavaThread "File watcher server" daemon [_thread_in_native, id=7640, stack(0x000000c523100000,0x000000c523200000)]
  0x0000027fccafc000 JavaThread "File watcher consumer" daemon [_thread_blocked, id=8128, stack(0x000000c523200000,0x000000c523300000)]
  0x0000027fccaf7000 JavaThread "Cache worker for checksums cache (F:\Apps\SimInformation\.gradle\7.4.2\checksums)" [_thread_blocked, id=4592, stack(0x000000c523300000,0x000000c523400000)]
  0x0000027fccafd800 JavaThread "Cache worker for cache directory md-rule (C:\Users\Pixel\.gradle\caches\7.4.2\md-rule)" [_thread_blocked, id=9108, stack(0x000000c523400000,0x000000c523500000)]
  0x0000027fccaf8000 JavaThread "Cache worker for file hash cache (F:\Apps\SimInformation\.gradle\7.4.2\fileHashes)" [_thread_blocked, id=8576, stack(0x000000c523500000,0x000000c523600000)]
  0x0000027fcd1cf800 JavaThread "Cache worker for cache directory md-supplier (C:\Users\Pixel\.gradle\caches\7.4.2\md-supplier)" [_thread_blocked, id=9064, stack(0x000000c523600000,0x000000c523700000)]
  0x0000027fcd1cd800 JavaThread "Cache worker for execution history cache (C:\Users\Pixel\.gradle\caches\7.4.2\executionHistory)" [_thread_blocked, id=8740, stack(0x000000c523700000,0x000000c523800000)]
  0x0000027fcd1d1000 JavaThread "jar transforms" [_thread_blocked, id=7324, stack(0x000000c523800000,0x000000c523900000)]
  0x0000027fcd1ce800 JavaThread "Cache worker for file content cache (C:\Users\Pixel\.gradle\caches\7.4.2\fileContent)" [_thread_blocked, id=6476, stack(0x000000c523900000,0x000000c523a00000)]
  0x0000027fcd1d3800 JavaThread "jar transforms Thread 2" [_thread_blocked, id=8932, stack(0x000000c523a00000,0x000000c523b00000)]
  0x0000027fcd1d1800 JavaThread "Cache worker for dependencies-accessors (F:\Apps\SimInformation\.gradle\7.4.2\dependencies-accessors)" [_thread_blocked, id=4712, stack(0x000000c523b00000,0x000000c523c00000)]
  0x0000027fcd1d8800 JavaThread "jar transforms Thread 3" [_thread_blocked, id=1436, stack(0x000000c523c00000,0x000000c523d00000)]
  0x0000027fcd1d2800 JavaThread "Cache worker for Build Output Cleanup Cache (F:\Apps\SimInformation\.gradle\buildOutputCleanup)" [_thread_blocked, id=124, stack(0x000000c523d00000,0x000000c523e00000)]
  0x0000027fcd1d6000 JavaThread "Unconstrained build operations" [_thread_blocked, id=2764, stack(0x000000c523e00000,0x000000c523f00000)]
  0x0000027fcd1db800 JavaThread "Unconstrained build operations Thread 2" [_thread_blocked, id=7452, stack(0x000000c523f00000,0x000000c524000000)]
  0x0000027fcd1d9000 JavaThread "Unconstrained build operations Thread 3" [_thread_blocked, id=948, stack(0x000000c524000000,0x000000c524100000)]
  0x0000027fcd1da000 JavaThread "Unconstrained build operations Thread 4" [_thread_blocked, id=5784, stack(0x000000c524100000,0x000000c524200000)]
  0x0000027fcd1da800 JavaThread "Unconstrained build operations Thread 5" [_thread_blocked, id=8652, stack(0x000000c524200000,0x000000c524300000)]
  0x0000027fcd1dc800 JavaThread "Unconstrained build operations Thread 6" [_thread_blocked, id=7528, stack(0x000000c524300000,0x000000c524400000)]
  0x0000027fcd1d6800 JavaThread "Unconstrained build operations Thread 7" [_thread_blocked, id=6028, stack(0x000000c524400000,0x000000c524500000)]
  0x0000027fcb609000 JavaThread "Unconstrained build operations Thread 8" [_thread_blocked, id=8484, stack(0x000000c524500000,0x000000c524600000)]
  0x0000027fcb60a800 JavaThread "Unconstrained build operations Thread 9" [_thread_blocked, id=6972, stack(0x000000c524600000,0x000000c524700000)]
  0x0000027fcb60b800 JavaThread "Unconstrained build operations Thread 10" [_thread_blocked, id=8720, stack(0x000000c524700000,0x000000c524800000)]
  0x0000027fcb60c800 JavaThread "Unconstrained build operations Thread 11" [_thread_blocked, id=1736, stack(0x000000c524800000,0x000000c524900000)]
  0x0000027fcb60d000 JavaThread "Unconstrained build operations Thread 12" [_thread_blocked, id=2296, stack(0x000000c524900000,0x000000c524a00000)]
  0x0000027fcb60e000 JavaThread "Unconstrained build operations Thread 13" [_thread_blocked, id=8260, stack(0x000000c524a00000,0x000000c524b00000)]
  0x0000027fcb608000 JavaThread "Unconstrained build operations Thread 14" [_thread_blocked, id=7472, stack(0x000000c524b00000,0x000000c524c00000)]
  0x0000027fcb60f000 JavaThread "Unconstrained build operations Thread 15" [_thread_blocked, id=6428, stack(0x000000c524c00000,0x000000c524d00000)]
  0x0000027fcb60f800 JavaThread "Unconstrained build operations Thread 16" [_thread_blocked, id=8936, stack(0x000000c524d00000,0x000000c524e00000)]
  0x0000027fcb60a000 JavaThread "Unconstrained build operations Thread 17" [_thread_blocked, id=8824, stack(0x000000c524e00000,0x000000c524f00000)]
  0x0000027fcb614800 JavaThread "Unconstrained build operations Thread 18" [_thread_blocked, id=8764, stack(0x000000c524f00000,0x000000c525000000)]
  0x0000027fcb613800 JavaThread "Unconstrained build operations Thread 19" [_thread_blocked, id=8600, stack(0x000000c525000000,0x000000c525100000)]
  0x0000027fcb615800 JavaThread "Unconstrained build operations Thread 20" [_thread_blocked, id=8944, stack(0x000000c525100000,0x000000c525200000)]
  0x0000027fcb611000 JavaThread "Unconstrained build operations Thread 21" [_thread_blocked, id=8808, stack(0x000000c525200000,0x000000c525300000)]
  0x0000027fcb616000 JavaThread "Unconstrained build operations Thread 22" [_thread_blocked, id=8692, stack(0x000000c525300000,0x000000c525400000)]
  0x0000027fcb610800 JavaThread "Unconstrained build operations Thread 23" [_thread_blocked, id=5268, stack(0x000000c525400000,0x000000c525500000)]
  0x0000027fcb617000 JavaThread "Unconstrained build operations Thread 24" [_thread_blocked, id=6564, stack(0x000000c525500000,0x000000c525600000)]
  0x0000027fcb613000 JavaThread "Unconstrained build operations Thread 25" [_thread_blocked, id=5116, stack(0x000000c525600000,0x000000c525700000)]
  0x0000027fcb612000 JavaThread "Unconstrained build operations Thread 26" [_thread_blocked, id=5820, stack(0x000000c525700000,0x000000c525800000)]
  0x0000027fcd3fe800 JavaThread "Unconstrained build operations Thread 27" [_thread_blocked, id=2648, stack(0x000000c525800000,0x000000c525900000)]
  0x0000027fcd3fc800 JavaThread "Unconstrained build operations Thread 28" [_thread_blocked, id=6672, stack(0x000000c525900000,0x000000c525a00000)]
  0x0000027fcd3ff800 JavaThread "Unconstrained build operations Thread 29" [_thread_blocked, id=7936, stack(0x000000c525a00000,0x000000c525b00000)]
  0x0000027fcd400800 JavaThread "Unconstrained build operations Thread 30" [_thread_blocked, id=4120, stack(0x000000c525b00000,0x000000c525c00000)]
  0x0000027fcd3fd000 JavaThread "Unconstrained build operations Thread 31" [_thread_blocked, id=4356, stack(0x000000c525c00000,0x000000c525d00000)]
  0x0000027fcd3fe000 JavaThread "Unconstrained build operations Thread 32" [_thread_blocked, id=6224, stack(0x000000c525d00000,0x000000c525e00000)]
  0x0000027fcd403000 JavaThread "Unconstrained build operations Thread 33" [_thread_blocked, id=8916, stack(0x000000c525e00000,0x000000c525f00000)]
  0x0000027fcd403800 JavaThread "Unconstrained build operations Thread 34" [_thread_blocked, id=9036, stack(0x000000c525f00000,0x000000c526000000)]
  0x0000027fcd404800 JavaThread "Unconstrained build operations Thread 35" [_thread_blocked, id=5576, stack(0x000000c526000000,0x000000c526100000)]
  0x0000027fcd407000 JavaThread "Unconstrained build operations Thread 36" [_thread_blocked, id=9132, stack(0x000000c526100000,0x000000c526200000)]
  0x0000027fcd406000 JavaThread "Unconstrained build operations Thread 37" [_thread_blocked, id=6468, stack(0x000000c526200000,0x000000c526300000)]
  0x0000027fcd405800 JavaThread "Unconstrained build operations Thread 38" [_thread_blocked, id=8580, stack(0x000000c526300000,0x000000c526400000)]
  0x0000027fcd401000 JavaThread "Unconstrained build operations Thread 39" [_thread_blocked, id=6412, stack(0x000000c526400000,0x000000c526500000)]
  0x0000027fcd407800 JavaThread "Unconstrained build operations Thread 40" [_thread_blocked, id=2196, stack(0x000000c526500000,0x000000c526600000)]
  0x0000027fcd402000 JavaThread "jar transforms Thread 4" [_thread_blocked, id=8844, stack(0x000000c526600000,0x000000c526700000)]

Other Threads:
=>0x0000027fc84e3800 VMThread "VM Thread" [stack: 0x000000c521600000,0x000000c521700000] [id=1500]
  0x0000027fc8fc2800 WatcherThread [stack: 0x000000c522000000,0x000000c522100000] [id=3588]
  0x0000027fac9e1000 GCTaskThread "GC Thread#0" [stack: 0x000000c521100000,0x000000c521200000] [id=252]
  0x0000027fc955a800 GCTaskThread "GC Thread#1" [stack: 0x000000c522100000,0x000000c522200000] [id=5808]
  0x0000027fca5d1000 GCTaskThread "GC Thread#2" [stack: 0x000000c522300000,0x000000c522400000] [id=1440]
  0x0000027fca1f5800 GCTaskThread "GC Thread#3" [stack: 0x000000c522400000,0x000000c522500000] [id=3740]
  0x0000027faca16000 ConcurrentGCThread "G1 Main Marker" [stack: 0x000000c521200000,0x000000c521300000] [id=8000]
  0x0000027faca17000 ConcurrentGCThread "G1 Conc#0" [stack: 0x000000c521300000,0x000000c521400000] [id=7632]
  0x0000027faca70800 ConcurrentGCThread "G1 Refine#0" [stack: 0x000000c521400000,0x000000c521500000] [id=1452]
  0x0000027faca71800 ConcurrentGCThread "G1 Young RemSet Sampling" [stack: 0x000000c521500000,0x000000c521600000] [id=4208]

Threads with active compile tasks:

VM state:at safepoint (normal execution)

VM Mutex/Monitor currently owned by a thread:  ([mutex/lock_event])
[0x0000027fac9c5980] Threads_lock - owner thread: 0x0000027fc84e3800
[0x0000027fac9c68b0] Heap_lock - owner thread: 0x0000027fcd402000

Heap address: 0x0000000080000000, size: 2048 MB, Compressed Oops mode: 32-bit
Narrow klass base: 0x0000000000000000, Narrow klass shift: 3
Compressed class space size: 1073741824 Address: 0x0000000100000000

Heap:
 garbage-first heap   total 414720K, used 39058K [0x0000000080000000, 0x0000000100000000)
  region size 1024K, 3 young (3072K), 3 survivors (3072K)
 Metaspace       used 54540K, capacity 55810K, committed 55936K, reserved 1097728K
  class space    used 6991K, capacity 7468K, committed 7552K, reserved 1048576K
Heap Regions: E=young(eden), S=young(survivor), O=old, HS=humongous(starts), HC=humongous(continues), CS=collection set, F=free, A=archive, TAMS=top-at-mark-start (previous, next)
|   0|0x0000000080000000, 0x0000000080100000, 0x0000000080100000|100%| O|  |TAMS 0x0000000080100000, 0x0000000080000000| Untracked 
|   1|0x0000000080100000, 0x0000000080200000, 0x0000000080200000|100%| O|  |TAMS 0x0000000080200000, 0x0000000080100000| Untracked 
|   2|0x0000000080200000, 0x0000000080300000, 0x0000000080300000|100%| O|  |TAMS 0x0000000080300000, 0x0000000080200000| Untracked 
|   3|0x0000000080300000, 0x0000000080400000, 0x0000000080400000|100%|HS|  |TAMS 0x0000000080400000, 0x0000000080300000| Complete 
|   4|0x0000000080400000, 0x0000000080500000, 0x0000000080500000|100%|HC|  |TAMS 0x0000000080500000, 0x0000000080400000| Complete 
|   5|0x0000000080500000, 0x0000000080600000, 0x0000000080600000|100%|HC|  |TAMS 0x0000000080600000, 0x0000000080500000| Complete 
|   6|0x0000000080600000, 0x0000000080700000, 0x0000000080700000|100%| O|  |TAMS 0x0000000080700000, 0x0000000080600000| Untracked 
|   7|0x0000000080700000, 0x0000000080800000, 0x0000000080800000|100%| O|  |TAMS 0x0000000080800000, 0x0000000080700000| Untracked 
|   8|0x0000000080800000, 0x0000000080900000, 0x0000000080900000|100%| O|  |TAMS 0x0000000080900000, 0x0000000080800000| Untracked 
|   9|0x0000000080900000, 0x0000000080a00000, 0x0000000080a00000|100%| O|  |TAMS 0x0000000080a00000, 0x0000000080900000| Untracked 
|  10|0x0000000080a00000, 0x0000000080b00000, 0x0000000080b00000|100%| O|  |TAMS 0x0000000080b00000, 0x0000000080a00000| Untracked 
|  11|0x0000000080b00000, 0x0000000080c00000, 0x0000000080c00000|100%| O|  |TAMS 0x0000000080c00000, 0x0000000080b00000| Untracked 
|  12|0x0000000080c00000, 0x0000000080d00000, 0x0000000080d00000|100%| O|  |TAMS 0x0000000080d00000, 0x0000000080c00000| Untracked 
|  13|0x0000000080d00000, 0x0000000080e00000, 0x0000000080e00000|100%| O|  |TAMS 0x0000000080e00000, 0x0000000080d00000| Untracked 
|  14|0x0000000080e00000, 0x0000000080f00000, 0x0000000080f00000|100%| O|  |TAMS 0x0000000080f00000, 0x0000000080e00000| Untracked 
|  15|0x0000000080f00000, 0x0000000081000000, 0x0000000081000000|100%| O|  |TAMS 0x0000000081000000, 0x0000000080f00000| Untracked 
|  16|0x0000000081000000, 0x0000000081100000, 0x0000000081100000|100%| O|  |TAMS 0x0000000081100000, 0x0000000081000000| Untracked 
|  17|0x0000000081100000, 0x0000000081200000, 0x0000000081200000|100%| O|  |TAMS 0x00000000811dce00, 0x0000000081100000| Untracked 
|  18|0x0000000081200000, 0x0000000081300000, 0x0000000081300000|100%| O|  |TAMS 0x0000000081200000, 0x0000000081200000| Untracked 
|  19|0x0000000081300000, 0x0000000081400000, 0x0000000081400000|100%| O|  |TAMS 0x0000000081300000, 0x0000000081300000| Untracked 
|  20|0x0000000081400000, 0x0000000081500000, 0x0000000081500000|100%| O|  |TAMS 0x0000000081400000, 0x0000000081400000| Untracked 
|  21|0x0000000081500000, 0x0000000081600000, 0x0000000081600000|100%| O|  |TAMS 0x0000000081500000, 0x0000000081500000| Untracked 
|  22|0x0000000081600000, 0x0000000081700000, 0x0000000081700000|100%| O|  |TAMS 0x0000000081600000, 0x0000000081600000| Untracked 
|  23|0x0000000081700000, 0x0000000081800000, 0x0000000081800000|100%| O|  |TAMS 0x0000000081700000, 0x0000000081700000| Untracked 
|  24|0x0000000081800000, 0x0000000081900000, 0x0000000081900000|100%| O|  |TAMS 0x0000000081800000, 0x0000000081800000| Untracked 
|  25|0x0000000081900000, 0x0000000081a00000, 0x0000000081a00000|100%| O|  |TAMS 0x0000000081900000, 0x0000000081900000| Untracked 
|  26|0x0000000081a00000, 0x0000000081b00000, 0x0000000081b00000|100%| O|  |TAMS 0x0000000081a00000, 0x0000000081a00000| Untracked 
|  27|0x0000000081b00000, 0x0000000081c00000, 0x0000000081c00000|100%| O|  |TAMS 0x0000000081b00000, 0x0000000081b00000| Untracked 
|  28|0x0000000081c00000, 0x0000000081d00000, 0x0000000081d00000|100%| O|  |TAMS 0x0000000081c00000, 0x0000000081c00000| Untracked 
|  29|0x0000000081d00000, 0x0000000081e00000, 0x0000000081e00000|100%| O|  |TAMS 0x0000000081d00000, 0x0000000081d00000| Untracked 
|  30|0x0000000081e00000, 0x0000000081f00000, 0x0000000081f00000|100%| O|  |TAMS 0x0000000081e00000, 0x0000000081e00000| Untracked 
|  31|0x0000000081f00000, 0x0000000082000000, 0x0000000082000000|100%| O|  |TAMS 0x0000000081f00000, 0x0000000081f00000| Untracked 
|  32|0x0000000082000000, 0x0000000082000000, 0x0000000082100000|  0%| F|  |TAMS 0x0000000082000000, 0x0000000082000000| Untracked 
|  33|0x0000000082100000, 0x0000000082100000, 0x0000000082200000|  0%| F|  |TAMS 0x0000000082100000, 0x0000000082100000| Untracked 
|  34|0x0000000082200000, 0x0000000082300000, 0x0000000082300000|100%| O|  |TAMS 0x0000000082200000, 0x0000000082200000| Untracked 
|  35|0x0000000082300000, 0x0000000082400000, 0x0000000082400000|100%| O|  |TAMS 0x0000000082300000, 0x0000000082300000| Untracked 
|  36|0x0000000082400000, 0x0000000082500000, 0x0000000082500000|100%|HS|  |TAMS 0x0000000082400000, 0x0000000082400000| Complete 
|  37|0x0000000082500000, 0x000000008258f000, 0x0000000082600000| 55%| O|  |TAMS 0x0000000082500000, 0x0000000082500000| Untracked 
|  38|0x0000000082600000, 0x0000000082600000, 0x0000000082700000|  0%| F|  |TAMS 0x0000000082600000, 0x0000000082600000| Untracked 
|  39|0x0000000082700000, 0x0000000082700000, 0x0000000082800000|  0%| F|  |TAMS 0x0000000082700000, 0x0000000082700000| Untracked 
|  40|0x0000000082800000, 0x0000000082800000, 0x0000000082900000|  0%| F|  |TAMS 0x0000000082800000, 0x0000000082800000| Untracked 
|  41|0x0000000082900000, 0x0000000082900000, 0x0000000082a00000|  0%| F|  |TAMS 0x0000000082900000, 0x0000000082900000| Untracked 
|  42|0x0000000082a00000, 0x0000000082a00000, 0x0000000082b00000|  0%| F|  |TAMS 0x0000000082a00000, 0x0000000082a00000| Untracked 
|  43|0x0000000082b00000, 0x0000000082b00000, 0x0000000082c00000|  0%| F|  |TAMS 0x0000000082b00000, 0x0000000082b00000| Untracked 
|  44|0x0000000082c00000, 0x0000000082c00000, 0x0000000082d00000|  0%| F|  |TAMS 0x0000000082c00000, 0x0000000082c00000| Untracked 
|  45|0x0000000082d00000, 0x0000000082d00000, 0x0000000082e00000|  0%| F|  |TAMS 0x0000000082d00000, 0x0000000082d00000| Untracked 
|  46|0x0000000082e00000, 0x0000000082e00000, 0x0000000082f00000|  0%| F|  |TAMS 0x0000000082e00000, 0x0000000082e00000| Untracked 
|  47|0x0000000082f00000, 0x0000000082f00000, 0x0000000083000000|  0%| F|  |TAMS 0x0000000082f00000, 0x0000000082f00000| Untracked 
|  48|0x0000000083000000, 0x0000000083000000, 0x0000000083100000|  0%| F|  |TAMS 0x0000000083000000, 0x0000000083000000| Untracked 
|  49|0x0000000083100000, 0x0000000083100000, 0x0000000083200000|  0%| F|  |TAMS 0x0000000083100000, 0x0000000083100000| Untracked 
|  50|0x0000000083200000, 0x0000000083200000, 0x0000000083300000|  0%| F|  |TAMS 0x0000000083200000, 0x0000000083200000| Untracked 
|  51|0x0000000083300000, 0x0000000083300000, 0x0000000083400000|  0%| F|  |TAMS 0x0000000083300000, 0x0000000083300000| Untracked 
|  52|0x0000000083400000, 0x0000000083400000, 0x0000000083500000|  0%| F|  |TAMS 0x0000000083400000, 0x0000000083400000| Untracked 
|  53|0x0000000083500000, 0x0000000083500000, 0x0000000083600000|  0%| F|  |TAMS 0x0000000083500000, 0x0000000083500000| Untracked 
|  54|0x0000000083600000, 0x0000000083600000, 0x0000000083700000|  0%| F|  |TAMS 0x0000000083600000, 0x0000000083600000| Untracked 
|  55|0x0000000083700000, 0x0000000083700000, 0x0000000083800000|  0%| F|  |TAMS 0x0000000083700000, 0x0000000083700000| Untracked 
|  56|0x0000000083800000, 0x0000000083800000, 0x0000000083900000|  0%| F|  |TAMS 0x0000000083800000, 0x0000000083800000| Untracked 
|  57|0x0000000083900000, 0x0000000083900000, 0x0000000083a00000|  0%| F|  |TAMS 0x0000000083900000, 0x0000000083900000| Untracked 
|  58|0x0000000083a00000, 0x0000000083a00000, 0x0000000083b00000|  0%| F|  |TAMS 0x0000000083a00000, 0x0000000083a00000| Untracked 
|  59|0x0000000083b00000, 0x0000000083b95a18, 0x0000000083c00000| 58%| S|CS|TAMS 0x0000000083b00000, 0x0000000083b00000| Complete 
|  60|0x0000000083c00000, 0x0000000083d00000, 0x0000000083d00000|100%| S|CS|TAMS 0x0000000083c00000, 0x0000000083c00000| Complete 
|  61|0x0000000083d00000, 0x0000000083e00000, 0x0000000083e00000|100%| S|CS|TAMS 0x0000000083d00000, 0x0000000083d00000| Complete 
|  62|0x0000000083e00000, 0x0000000083e00000, 0x0000000083f00000|  0%| F|  |TAMS 0x0000000083e00000, 0x0000000083e00000| Untracked 
|  63|0x0000000083f00000, 0x0000000083f00000, 0x0000000084000000|  0%| F|  |TAMS 0x0000000083f00000, 0x0000000083f00000| Untracked 
|  64|0x0000000084000000, 0x0000000084000000, 0x0000000084100000|  0%| F|  |TAMS 0x0000000084000000, 0x0000000084000000| Untracked 
|  65|0x0000000084100000, 0x0000000084100000, 0x0000000084200000|  0%| F|  |TAMS 0x0000000084100000, 0x0000000084100000| Untracked 
|  66|0x0000000084200000, 0x0000000084200000, 0x0000000084300000|  0%| F|  |TAMS 0x0000000084200000, 0x0000000084200000| Untracked 
|  67|0x0000000084300000, 0x0000000084300000, 0x0000000084400000|  0%| F|  |TAMS 0x0000000084300000, 0x0000000084300000| Untracked 
|  68|0x0000000084400000, 0x0000000084400000, 0x0000000084500000|  0%| F|  |TAMS 0x0000000084400000, 0x0000000084400000| Untracked 
|  69|0x0000000084500000, 0x0000000084500000, 0x0000000084600000|  0%| F|  |TAMS 0x0000000084500000, 0x0000000084500000| Untracked 
|  70|0x0000000084600000, 0x0000000084600000, 0x0000000084700000|  0%| F|  |TAMS 0x0000000084600000, 0x0000000084600000| Untracked 
|  71|0x0000000084700000, 0x0000000084700000, 0x0000000084800000|  0%| F|  |TAMS 0x0000000084700000, 0x0000000084700000| Untracked 
|  72|0x0000000084800000, 0x0000000084800000, 0x0000000084900000|  0%| F|  |TAMS 0x0000000084800000, 0x0000000084800000| Untracked 
|  73|0x0000000084900000, 0x0000000084900000, 0x0000000084a00000|  0%| F|  |TAMS 0x0000000084900000, 0x0000000084900000| Untracked 
|  74|0x0000000084a00000, 0x0000000084a00000, 0x0000000084b00000|  0%| F|  |TAMS 0x0000000084a00000, 0x0000000084a00000| Untracked 
|  75|0x0000000084b00000, 0x0000000084b00000, 0x0000000084c00000|  0%| F|  |TAMS 0x0000000084b00000, 0x0000000084b00000| Untracked 
|  76|0x0000000084c00000, 0x0000000084c00000, 0x0000000084d00000|  0%| F|  |TAMS 0x0000000084c00000, 0x0000000084c00000| Untracked 
|  77|0x0000000084d00000, 0x0000000084d00000, 0x0000000084e00000|  0%| F|  |TAMS 0x0000000084d00000, 0x0000000084d00000| Untracked 
|  78|0x0000000084e00000, 0x0000000084e00000, 0x0000000084f00000|  0%| F|  |TAMS 0x0000000084e00000, 0x0000000084e00000| Untracked 
|  79|0x0000000084f00000, 0x0000000084f00000, 0x0000000085000000|  0%| F|  |TAMS 0x0000000084f00000, 0x0000000084f00000| Untracked 
|  80|0x0000000085000000, 0x0000000085000000, 0x0000000085100000|  0%| F|  |TAMS 0x0000000085000000, 0x0000000085000000| Untracked 
|  81|0x0000000085100000, 0x0000000085100000, 0x0000000085200000|  0%| F|  |TAMS 0x0000000085100000, 0x0000000085100000| Untracked 
|  82|0x0000000085200000, 0x0000000085200000, 0x0000000085300000|  0%| F|  |TAMS 0x0000000085200000, 0x0000000085200000| Untracked 
|  83|0x0000000085300000, 0x0000000085300000, 0x0000000085400000|  0%| F|  |TAMS 0x0000000085300000, 0x0000000085300000| Untracked 
|  84|0x0000000085400000, 0x0000000085400000, 0x0000000085500000|  0%| F|  |TAMS 0x0000000085400000, 0x0000000085400000| Untracked 
|  85|0x0000000085500000, 0x0000000085500000, 0x0000000085600000|  0%| F|  |TAMS 0x0000000085500000, 0x0000000085500000| Untracked 
|  86|0x0000000085600000, 0x0000000085600000, 0x0000000085700000|  0%| F|  |TAMS 0x0000000085600000, 0x0000000085600000| Untracked 
|  87|0x0000000085700000, 0x0000000085700000, 0x0000000085800000|  0%| F|  |TAMS 0x0000000085700000, 0x0000000085700000| Untracked 
|  88|0x0000000085800000, 0x0000000085800000, 0x0000000085900000|  0%| F|  |TAMS 0x0000000085800000, 0x0000000085800000| Untracked 
|  89|0x0000000085900000, 0x0000000085900000, 0x0000000085a00000|  0%| F|  |TAMS 0x0000000085900000, 0x0000000085900000| Untracked 
|  90|0x0000000085a00000, 0x0000000085a00000, 0x0000000085b00000|  0%| F|  |TAMS 0x0000000085a00000, 0x0000000085a00000| Untracked 
|  91|0x0000000085b00000, 0x0000000085b00000, 0x0000000085c00000|  0%| F|  |TAMS 0x0000000085b00000, 0x0000000085b00000| Untracked 
|  92|0x0000000085c00000, 0x0000000085c00000, 0x0000000085d00000|  0%| F|  |TAMS 0x0000000085c00000, 0x0000000085c00000| Untracked 
|  93|0x0000000085d00000, 0x0000000085d00000, 0x0000000085e00000|  0%| F|  |TAMS 0x0000000085d00000, 0x0000000085d00000| Untracked 
|  94|0x0000000085e00000, 0x0000000085e00000, 0x0000000085f00000|  0%| F|  |TAMS 0x0000000085e00000, 0x0000000085e00000| Untracked 
|  95|0x0000000085f00000, 0x0000000085f00000, 0x0000000086000000|  0%| F|  |TAMS 0x0000000085f00000, 0x0000000085f00000| Untracked 
|  96|0x0000000086000000, 0x0000000086000000, 0x0000000086100000|  0%| F|  |TAMS 0x0000000086000000, 0x0000000086000000| Untracked 
|  97|0x0000000086100000, 0x0000000086100000, 0x0000000086200000|  0%| F|  |TAMS 0x0000000086100000, 0x0000000086100000| Untracked 
|  98|0x0000000086200000, 0x0000000086200000, 0x0000000086300000|  0%| F|  |TAMS 0x0000000086200000, 0x0000000086200000| Untracked 
|  99|0x0000000086300000, 0x0000000086300000, 0x0000000086400000|  0%| F|  |TAMS 0x0000000086300000, 0x0000000086300000| Untracked 
| 100|0x0000000086400000, 0x0000000086400000, 0x0000000086500000|  0%| F|  |TAMS 0x0000000086400000, 0x0000000086400000| Untracked 
| 101|0x0000000086500000, 0x0000000086500000, 0x0000000086600000|  0%| F|  |TAMS 0x0000000086500000, 0x0000000086500000| Untracked 
| 102|0x0000000086600000, 0x0000000086600000, 0x0000000086700000|  0%| F|  |TAMS 0x0000000086600000, 0x0000000086600000| Untracked 
| 103|0x0000000086700000, 0x0000000086700000, 0x0000000086800000|  0%| F|  |TAMS 0x0000000086700000, 0x0000000086700000| Untracked 
| 104|0x0000000086800000, 0x0000000086800000, 0x0000000086900000|  0%| F|  |TAMS 0x0000000086800000, 0x0000000086800000| Untracked 
| 105|0x0000000086900000, 0x0000000086900000, 0x0000000086a00000|  0%| F|  |TAMS 0x0000000086900000, 0x0000000086900000| Untracked 
| 106|0x0000000086a00000, 0x0000000086a00000, 0x0000000086b00000|  0%| F|  |TAMS 0x0000000086a00000, 0x0000000086a00000| Untracked 
| 107|0x0000000086b00000, 0x0000000086b00000, 0x0000000086c00000|  0%| F|  |TAMS 0x0000000086b00000, 0x0000000086b00000| Untracked 
| 108|0x0000000086c00000, 0x0000000086c00000, 0x0000000086d00000|  0%| F|  |TAMS 0x0000000086c00000, 0x0000000086c00000| Untracked 
| 109|0x0000000086d00000, 0x0000000086d00000, 0x0000000086e00000|  0%| F|  |TAMS 0x0000000086d00000, 0x0000000086d00000| Untracked 
| 110|0x0000000086e00000, 0x0000000086e00000, 0x0000000086f00000|  0%| F|  |TAMS 0x0000000086e00000, 0x0000000086e00000| Untracked 
| 111|0x0000000086f00000, 0x0000000086f00000, 0x0000000087000000|  0%| F|  |TAMS 0x0000000086f00000, 0x0000000086f00000| Untracked 
| 112|0x0000000087000000, 0x0000000087000000, 0x0000000087100000|  0%| F|  |TAMS 0x0000000087000000, 0x0000000087000000| Untracked 
| 113|0x0000000087100000, 0x0000000087100000, 0x0000000087200000|  0%| F|  |TAMS 0x0000000087100000, 0x0000000087100000| Untracked 
| 114|0x0000000087200000, 0x0000000087200000, 0x0000000087300000|  0%| F|  |TAMS 0x0000000087200000, 0x0000000087200000| Untracked 
| 115|0x0000000087300000, 0x0000000087300000, 0x0000000087400000|  0%| F|  |TAMS 0x0000000087300000, 0x0000000087300000| Untracked 
| 116|0x0000000087400000, 0x0000000087400000, 0x0000000087500000|  0%| F|  |TAMS 0x0000000087400000, 0x0000000087400000| Untracked 
| 117|0x0000000087500000, 0x0000000087500000, 0x0000000087600000|  0%| F|  |TAMS 0x0000000087500000, 0x0000000087500000| Untracked 
| 118|0x0000000087600000, 0x0000000087600000, 0x0000000087700000|  0%| F|  |TAMS 0x0000000087600000, 0x0000000087600000| Untracked 
| 119|0x0000000087700000, 0x0000000087700000, 0x0000000087800000|  0%| F|  |TAMS 0x0000000087700000, 0x0000000087700000| Untracked 
| 120|0x0000000087800000, 0x0000000087800000, 0x0000000087900000|  0%| F|  |TAMS 0x0000000087800000, 0x0000000087800000| Untracked 
| 121|0x0000000087900000, 0x0000000087900000, 0x0000000087a00000|  0%| F|  |TAMS 0x0000000087900000, 0x0000000087900000| Untracked 
| 122|0x0000000087a00000, 0x0000000087a00000, 0x0000000087b00000|  0%| F|  |TAMS 0x0000000087a00000, 0x0000000087a00000| Untracked 
| 123|0x0000000087b00000, 0x0000000087b00000, 0x0000000087c00000|  0%| F|  |TAMS 0x0000000087b00000, 0x0000000087b00000| Untracked 
| 124|0x0000000087c00000, 0x0000000087c00000, 0x0000000087d00000|  0%| F|  |TAMS 0x0000000087c00000, 0x0000000087c00000| Untracked 
| 125|0x0000000087d00000, 0x0000000087d00000, 0x0000000087e00000|  0%| F|  |TAMS 0x0000000087d00000, 0x0000000087d00000| Untracked 
| 126|0x0000000087e00000, 0x0000000087e00000, 0x0000000087f00000|  0%| F|  |TAMS 0x0000000087e00000, 0x0000000087e00000| Untracked 
| 127|0x0000000087f00000, 0x0000000087f00000, 0x0000000088000000|  0%| F|  |TAMS 0x0000000087f00000, 0x0000000087f00000| Untracked 
| 128|0x0000000088000000, 0x0000000088000000, 0x0000000088100000|  0%| F|  |TAMS 0x0000000088000000, 0x0000000088000000| Untracked 
| 129|0x0000000088100000, 0x0000000088100000, 0x0000000088200000|  0%| F|  |TAMS 0x0000000088100000, 0x0000000088100000| Untracked 
| 130|0x0000000088200000, 0x0000000088200000, 0x0000000088300000|  0%| F|  |TAMS 0x0000000088200000, 0x0000000088200000| Untracked 
| 131|0x0000000088300000, 0x0000000088300000, 0x0000000088400000|  0%| F|  |TAMS 0x0000000088300000, 0x0000000088300000| Untracked 
| 132|0x0000000088400000, 0x0000000088400000, 0x0000000088500000|  0%| F|  |TAMS 0x0000000088400000, 0x0000000088400000| Untracked 
| 133|0x0000000088500000, 0x0000000088500000, 0x0000000088600000|  0%| F|  |TAMS 0x0000000088500000, 0x0000000088500000| Untracked 
| 134|0x0000000088600000, 0x0000000088600000, 0x0000000088700000|  0%| F|  |TAMS 0x0000000088600000, 0x0000000088600000| Untracked 

Card table byte_map: [0x0000027fc16e0000,0x0000027fc1ae0000] _byte_map_base: 0x0000027fc12e0000

Marking Bits (Prev, Next): (CMBitMap*) 0x0000027faca0cca8, (CMBitMap*) 0x0000027faca0cce0
 Prev Bits: [0x0000027fc1ee0000, 0x0000027fc3ee0000)
 Next Bits: [0x0000027fc3ee0000, 0x0000027fc5ee0000)

Polling page: 0x0000027fac890000

Metaspace:

Usage:
  Non-class:     47.21 MB capacity,    46.43 MB ( 98%) used,   649.34 KB (  1%) free+waste,   144.00 KB ( <1%) overhead. 
      Class:      7.29 MB capacity,     6.83 MB ( 94%) used,   408.21 KB (  5%) free+waste,    68.06 KB ( <1%) overhead. 
       Both:     54.50 MB capacity,    53.26 MB ( 98%) used,     1.03 MB (  2%) free+waste,   212.06 KB ( <1%) overhead. 

Virtual space:
  Non-class space:       48.00 MB reserved,      47.25 MB ( 98%) committed 
      Class space:        1.00 GB reserved,       7.38 MB ( <1%) committed 
             Both:        1.05 GB reserved,      54.63 MB (  5%) committed 

Chunk freelists:
   Non-Class:  42.00 KB
       Class:  0 bytes
        Both:  42.00 KB

MaxMetaspaceSize: 17179869184.00 GB
CompressedClassSpaceSize: 1.00 GB

CodeHeap 'non-profiled nmethods': size=120064Kb used=4002Kb max_used=4002Kb free=116062Kb
 bounds [0x0000027fb9780000, 0x0000027fb9b70000, 0x0000027fc0cc0000]
CodeHeap 'profiled nmethods': size=120000Kb used=13798Kb max_used=13798Kb free=106201Kb
 bounds [0x0000027fb2250000, 0x0000027fb2fd0000, 0x0000027fb9780000]
CodeHeap 'non-nmethods': size=5696Kb used=2232Kb max_used=2290Kb free=3463Kb
 bounds [0x0000027fb1cc0000, 0x0000027fb1f30000, 0x0000027fb2250000]
 total_blobs=7385 nmethods=6570 adapters=724
 compilation: enabled
              stopped_count=0, restarted_count=0
 full_count=0

Compilation events (20 events):
Event: 17.693 Thread 0x0000027fc8553800 6626       3       org.apache.tools.zip.ZipUtil::toDosTime (108 bytes)
Event: 17.695 Thread 0x0000027fc8553800 nmethod 6626 0x0000027fb2fc2390 code [0x0000027fb2fc2640, 0x0000027fb2fc3648]
Event: 17.695 Thread 0x0000027fc8553800 6627       3       org.apache.tools.zip.ZipOutputStream::getGeneralPurposeBits (43 bytes)
Event: 17.696 Thread 0x0000027fc8553800 nmethod 6627 0x0000027fb2fc3c90 code [0x0000027fb2fc3e60, 0x0000027fb2fc4278]
Event: 17.696 Thread 0x0000027fc8553800 6629       3       org.apache.tools.zip.GeneralPurposeBit::encode (61 bytes)
Event: 17.696 Thread 0x0000027fc8553800 nmethod 6629 0x0000027fb2fc4390 code [0x0000027fb2fc4560, 0x0000027fb2fc4898]
Event: 17.696 Thread 0x0000027fc8553800 6628       3       java.lang.Math::floorDiv (31 bytes)
Event: 17.697 Thread 0x0000027fc8553800 nmethod 6628 0x0000027fb2fc4a10 code [0x0000027fb2fc4bc0, 0x0000027fb2fc4d78]
Event: 17.698 Thread 0x0000027fc8553800 6630       3       org.apache.tools.zip.ZipEntry::getExtraField (55 bytes)
Event: 17.699 Thread 0x0000027fc8553800 nmethod 6630 0x0000027fb2fc4e10 code [0x0000027fb2fc5000, 0x0000027fb2fc5548]
Event: 17.703 Thread 0x0000027fc8553800 6631       3       org.objectweb.asm.ClassVisitor::visit (50 bytes)
Event: 17.704 Thread 0x0000027fc8553800 nmethod 6631 0x0000027fb2fc5710 code [0x0000027fb2fc58e0, 0x0000027fb2fc5c38]
Event: 17.705 Thread 0x0000027fc8553800 6632       3       org.objectweb.asm.ClassVisitor::<init> (94 bytes)
Event: 17.706 Thread 0x0000027fc8553800 nmethod 6632 0x0000027fb2fc5d90 code [0x0000027fb2fc6020, 0x0000027fb2fc6b48]
Event: 17.708 Thread 0x0000027fc8553800 6633       3       org.gradle.internal.classpath.InstrumentingBackwardsCompatibilityVisitor::visitField (19 bytes)
Event: 17.708 Thread 0x0000027fc8553800 nmethod 6633 0x0000027fb2fc6e90 code [0x0000027fb2fc7060, 0x0000027fb2fc7358]
Event: 17.709 Thread 0x0000027fc8553800 6634   !   3       java.util.zip.ZipUtils::dosToJavaTime (159 bytes)
Event: 17.711 Thread 0x0000027fc8553800 nmethod 6634 0x0000027fb2fc7490 code [0x0000027fb2fc77a0, 0x0000027fb2fc8ba8]
Event: 17.711 Thread 0x0000027fc8553800 6635       3       java.util.zip.ZipEntry::getTime (40 bytes)
Event: 17.711 Thread 0x0000027fc8553800 nmethod 6635 0x0000027fb2fc9310 code [0x0000027fb2fc94e0, 0x0000027fb2fc9778]

GC Heap History (20 events):
Event: 14.359 GC heap after
{Heap after GC invocations=27 (full 0):
 garbage-first heap   total 114688K, used 40642K [0x0000000080000000, 0x0000000100000000)
  region size 1024K, 5 young (5120K), 5 survivors (5120K)
 Metaspace       used 54510K, capacity 55809K, committed 55936K, reserved 1097728K
  class space    used 6991K, capacity 7468K, committed 7552K, reserved 1048576K
}
Event: 14.549 GC heap before
{Heap before GC invocations=27 (full 0):
 garbage-first heap   total 114688K, used 94914K [0x0000000080000000, 0x0000000100000000)
  region size 1024K, 60 young (61440K), 5 survivors (5120K)
 Metaspace       used 54512K, capacity 55809K, committed 55936K, reserved 1097728K
  class space    used 6991K, capacity 7468K, committed 7552K, reserved 1048576K
}
Event: 14.555 GC heap after
{Heap after GC invocations=28 (full 0):
 garbage-first heap   total 114688K, used 41083K [0x0000000080000000, 0x0000000100000000)
  region size 1024K, 3 young (3072K), 3 survivors (3072K)
 Metaspace       used 54512K, capacity 55809K, committed 55936K, reserved 1097728K
  class space    used 6991K, capacity 7468K, committed 7552K, reserved 1048576K
}
Event: 14.775 GC heap before
{Heap before GC invocations=28 (full 0):
 garbage-first heap   total 114688K, used 95355K [0x0000000080000000, 0x0000000100000000)
  region size 1024K, 57 young (58368K), 3 survivors (3072K)
 Metaspace       used 54515K, capacity 55809K, committed 55936K, reserved 1097728K
  class space    used 6991K, capacity 7468K, committed 7552K, reserved 1048576K
}
Event: 14.779 GC heap after
{Heap after GC invocations=29 (full 0):
 garbage-first heap   total 114688K, used 41448K [0x0000000080000000, 0x0000000100000000)
  region size 1024K, 4 young (4096K), 4 survivors (4096K)
 Metaspace       used 54515K, capacity 55809K, committed 55936K, reserved 1097728K
  class space    used 6991K, capacity 7468K, committed 7552K, reserved 1048576K
}
Event: 15.075 GC heap before
{Heap before GC invocations=29 (full 0):
 garbage-first heap   total 114688K, used 95720K [0x0000000080000000, 0x0000000100000000)
  region size 1024K, 58 young (59392K), 4 survivors (4096K)
 Metaspace       used 54515K, capacity 55809K, committed 55936K, reserved 1097728K
  class space    used 6991K, capacity 7468K, committed 7552K, reserved 1048576K
}
Event: 15.079 GC heap after
{Heap after GC invocations=30 (full 0):
 garbage-first heap   total 114688K, used 41757K [0x0000000080000000, 0x0000000100000000)
  region size 1024K, 4 young (4096K), 4 survivors (4096K)
 Metaspace       used 54515K, capacity 55809K, committed 55936K, reserved 1097728K
  class space    used 6991K, capacity 7468K, committed 7552K, reserved 1048576K
}
Event: 15.306 GC heap before
{Heap before GC invocations=30 (full 0):
 garbage-first heap   total 114688K, used 96029K [0x0000000080000000, 0x0000000100000000)
  region size 1024K, 59 young (60416K), 4 survivors (4096K)
 Metaspace       used 54517K, capacity 55809K, committed 55936K, reserved 1097728K
  class space    used 6991K, capacity 7468K, committed 7552K, reserved 1048576K
}
Event: 15.310 GC heap after
{Heap after GC invocations=31 (full 0):
 garbage-first heap   total 114688K, used 42169K [0x0000000080000000, 0x0000000100000000)
  region size 1024K, 4 young (4096K), 4 survivors (4096K)
 Metaspace       used 54517K, capacity 55809K, committed 55936K, reserved 1097728K
  class space    used 6991K, capacity 7468K, committed 7552K, reserved 1048576K
}
Event: 15.504 GC heap before
{Heap before GC invocations=31 (full 0):
 garbage-first heap   total 114688K, used 97465K [0x0000000080000000, 0x0000000100000000)
  region size 1024K, 58 young (59392K), 4 survivors (4096K)
 Metaspace       used 54519K, capacity 55809K, committed 55936K, reserved 1097728K
  class space    used 6991K, capacity 7468K, committed 7552K, reserved 1048576K
}
Event: 15.857 GC heap after
{Heap after GC invocations=32 (full 0):
 garbage-first heap   total 138240K, used 42529K [0x0000000080000000, 0x0000000100000000)
  region size 1024K, 5 young (5120K), 5 survivors (5120K)
 Metaspace       used 54519K, capacity 55809K, committed 55936K, reserved 1097728K
  class space    used 6991K, capacity 7468K, committed 7552K, reserved 1048576K
}
Event: 16.178 GC heap before
{Heap before GC invocations=32 (full 0):
 garbage-first heap   total 138240K, used 108065K [0x0000000080000000, 0x0000000100000000)
  region size 1024K, 69 young (70656K), 5 survivors (5120K)
 Metaspace       used 54525K, capacity 55809K, committed 55936K, reserved 1097728K
  class space    used 6991K, capacity 7468K, committed 7552K, reserved 1048576K
}
Event: 16.182 GC heap after
{Heap after GC invocations=33 (full 0):
 garbage-first heap   total 138240K, used 42953K [0x0000000080000000, 0x0000000100000000)
  region size 1024K, 5 young (5120K), 5 survivors (5120K)
 Metaspace       used 54525K, capacity 55809K, committed 55936K, reserved 1097728K
  class space    used 6991K, capacity 7468K, committed 7552K, reserved 1048576K
}
Event: 16.381 GC heap before
{Heap before GC invocations=33 (full 0):
 garbage-first heap   total 138240K, used 114633K [0x0000000080000000, 0x0000000100000000)
  region size 1024K, 76 young (77824K), 5 survivors (5120K)
 Metaspace       used 54528K, capacity 55809K, committed 55936K, reserved 1097728K
  class space    used 6991K, capacity 7468K, committed 7552K, reserved 1048576K
}
Event: 16.385 GC heap after
{Heap after GC invocations=34 (full 0):
 garbage-first heap   total 138240K, used 41156K [0x0000000080000000, 0x0000000100000000)
  region size 1024K, 4 young (4096K), 4 survivors (4096K)
 Metaspace       used 54528K, capacity 55809K, committed 55936K, reserved 1097728K
  class space    used 6991K, capacity 7468K, committed 7552K, reserved 1048576K
}
Event: 16.729 GC heap before
{Heap before GC invocations=34 (full 0):
 garbage-first heap   total 138240K, used 113860K [0x0000000080000000, 0x0000000100000000)
  region size 1024K, 76 young (77824K), 4 survivors (4096K)
 Metaspace       used 54529K, capacity 55809K, committed 55936K, reserved 1097728K
  class space    used 6991K, capacity 7468K, committed 7552K, reserved 1048576K
}
Event: 16.733 GC heap after
{Heap after GC invocations=35 (full 0):
 garbage-first heap   total 138240K, used 41301K [0x0000000080000000, 0x0000000100000000)
  region size 1024K, 4 young (4096K), 4 survivors (4096K)
 Metaspace       used 54529K, capacity 55809K, committed 55936K, reserved 1097728K
  class space    used 6991K, capacity 7468K, committed 7552K, reserved 1048576K
}
Event: 17.134 GC heap before
{Heap before GC invocations=35 (full 0):
 garbage-first heap   total 138240K, used 115029K [0x0000000080000000, 0x0000000100000000)
  region size 1024K, 77 young (78848K), 4 survivors (4096K)
 Metaspace       used 54537K, capacity 55810K, committed 55936K, reserved 1097728K
  class space    used 6991K, capacity 7468K, committed 7552K, reserved 1048576K
}
Event: 17.181 GC heap after
{Heap after GC invocations=36 (full 0):
 garbage-first heap   total 138240K, used 41022K [0x0000000080000000, 0x0000000100000000)
  region size 1024K, 5 young (5120K), 5 survivors (5120K)
 Metaspace       used 54537K, capacity 55810K, committed 55936K, reserved 1097728K
  class space    used 6991K, capacity 7468K, committed 7552K, reserved 1048576K
}
Event: 17.996 GC heap before
{Heap before GC invocations=36 (full 0):
 garbage-first heap   total 138240K, used 115774K [0x0000000080000000, 0x0000000100000000)
  region size 1024K, 78 young (79872K), 5 survivors (5120K)
 Metaspace       used 54540K, capacity 55810K, committed 55936K, reserved 1097728K
  class space    used 6991K, capacity 7468K, committed 7552K, reserved 1048576K
}

Deoptimization events (20 events):
Event: 16.300 Thread 0x0000027fcd1d3800 DEOPT PACKING pc=0x0000027fb2f60d76 sp=0x000000c523afe3a0
Event: 16.300 Thread 0x0000027fcd1d3800 DEOPT UNPACKING pc=0x0000027fb1ce6dde sp=0x000000c523afd8c0 mode 0
Event: 16.306 Thread 0x0000027fcd1d3800 DEOPT PACKING pc=0x0000027fb2f60d76 sp=0x000000c523afe3a0
Event: 16.306 Thread 0x0000027fcd1d3800 DEOPT UNPACKING pc=0x0000027fb1ce6dde sp=0x000000c523afd8c0 mode 0
Event: 16.315 Thread 0x0000027fcd1d3800 DEOPT PACKING pc=0x0000027fb2f60d76 sp=0x000000c523afe3a0
Event: 16.315 Thread 0x0000027fcd1d3800 DEOPT UNPACKING pc=0x0000027fb1ce6dde sp=0x000000c523afd8c0 mode 0
Event: 16.340 Thread 0x0000027fcd1d3800 DEOPT PACKING pc=0x0000027fb2f60d76 sp=0x000000c523afe3a0
Event: 16.340 Thread 0x0000027fcd1d3800 DEOPT UNPACKING pc=0x0000027fb1ce6dde sp=0x000000c523afd8c0 mode 0
Event: 16.688 Thread 0x0000027fcd1d1000 DEOPT PACKING pc=0x0000027fb2ea052a sp=0x000000c5238fd9b0
Event: 16.688 Thread 0x0000027fcd1d1000 DEOPT UNPACKING pc=0x0000027fb1ce6dde sp=0x000000c5238fcdc8 mode 0
Event: 16.761 Thread 0x0000027fcd1d3800 Uncommon trap: trap_request=0xffffff4d fr.pc=0x0000027fb9a78788 relative=0x0000000000002628
Event: 16.761 Thread 0x0000027fcd1d3800 Uncommon trap: reason=unstable_if action=reinterpret pc=0x0000027fb9a78788 method=org.objectweb.asm.SymbolTable.addConstantMemberReference(ILjava/lang/String;Ljava/lang/String;Ljava/lang/String;)Lorg/objectweb/asm/SymbolTable$Entry; @ 51 c2
Event: 16.761 Thread 0x0000027fcd1d3800 DEOPT PACKING pc=0x0000027fb9a78788 sp=0x000000c523afdd00
Event: 16.761 Thread 0x0000027fcd1d3800 DEOPT UNPACKING pc=0x0000027fb1ce662f sp=0x000000c523afdd18 mode 2
Event: 16.813 Thread 0x0000027fcd1d8800 DEOPT PACKING pc=0x0000027fb2efe01b sp=0x000000c523cfe520
Event: 16.813 Thread 0x0000027fcd1d8800 DEOPT UNPACKING pc=0x0000027fb1ce6dde sp=0x000000c523cfd990 mode 0
Event: 16.816 Thread 0x0000027fcd1d3800 DEOPT PACKING pc=0x0000027fb2e84e08 sp=0x000000c523afe2c0
Event: 16.816 Thread 0x0000027fcd1d3800 DEOPT UNPACKING pc=0x0000027fb1ce6dde sp=0x000000c523afd748 mode 0
Event: 17.186 Thread 0x0000027fcd1d3800 DEOPT PACKING pc=0x0000027fb2ec8971 sp=0x000000c523afe760
Event: 17.186 Thread 0x0000027fcd1d3800 DEOPT UNPACKING pc=0x0000027fb1ce6dde sp=0x000000c523afdbf8 mode 0

Classes redefined (0 events):
No events

Internal exceptions (20 events):
Event: 16.466 Thread 0x0000027fcd402000 Exception <a 'sun/nio/fs/WindowsException'{0x00000000874c5660}> (0x00000000874c5660) thrown at [./src/hotspot/share/prims/jni.cpp, line 615]
Event: 16.564 Thread 0x0000027fcd402000 Exception <a 'sun/nio/fs/WindowsException'{0x0000000086f5ce60}> (0x0000000086f5ce60) thrown at [./src/hotspot/share/prims/jni.cpp, line 615]
Event: 16.565 Thread 0x0000027fcd402000 Exception <a 'sun/nio/fs/WindowsException'{0x0000000086f5cff8}> (0x0000000086f5cff8) thrown at [./src/hotspot/share/prims/jni.cpp, line 615]
Event: 16.569 Thread 0x0000027fcd1d8800 Exception <a 'sun/nio/fs/WindowsException'{0x0000000086a93480}> (0x0000000086a93480) thrown at [./src/hotspot/share/prims/jni.cpp, line 615]
Event: 16.570 Thread 0x0000027fcd1d8800 Exception <a 'sun/nio/fs/WindowsException'{0x0000000086a93618}> (0x0000000086a93618) thrown at [./src/hotspot/share/prims/jni.cpp, line 615]
Event: 16.683 Thread 0x0000027fcd1d8800 Exception <a 'sun/nio/fs/WindowsException'{0x00000000859833e8}> (0x00000000859833e8) thrown at [./src/hotspot/share/prims/jni.cpp, line 615]
Event: 16.695 Thread 0x0000027fcd1d8800 Exception <a 'sun/nio/fs/WindowsException'{0x0000000084fe7e50}> (0x0000000084fe7e50) thrown at [./src/hotspot/share/prims/jni.cpp, line 615]
Event: 16.695 Thread 0x0000027fcd1d8800 Exception <a 'sun/nio/fs/WindowsException'{0x0000000084fe7fc8}> (0x0000000084fe7fc8) thrown at [./src/hotspot/share/prims/jni.cpp, line 615]
Event: 16.814 Thread 0x0000027fcd1d8800 Exception <a 'sun/nio/fs/WindowsException'{0x0000000086d0dfc8}> (0x0000000086d0dfc8) thrown at [./src/hotspot/share/prims/jni.cpp, line 615]
Event: 16.829 Thread 0x0000027fcd1d8800 Exception <a 'sun/nio/fs/WindowsException'{0x00000000863fa3a0}> (0x00000000863fa3a0) thrown at [./src/hotspot/share/prims/jni.cpp, line 615]
Event: 16.829 Thread 0x0000027fcd1d8800 Exception <a 'sun/nio/fs/WindowsException'{0x00000000863fa528}> (0x00000000863fa528) thrown at [./src/hotspot/share/prims/jni.cpp, line 615]
Event: 16.857 Thread 0x0000027fcd402000 Exception <a 'sun/nio/fs/WindowsException'{0x0000000085179660}> (0x0000000085179660) thrown at [./src/hotspot/share/prims/jni.cpp, line 615]
Event: 16.872 Thread 0x0000027fcd402000 Exception <a 'sun/nio/fs/WindowsException'{0x00000000847f67f0}> (0x00000000847f67f0) thrown at [./src/hotspot/share/prims/jni.cpp, line 615]
Event: 16.873 Thread 0x0000027fcd402000 Exception <a 'sun/nio/fs/WindowsException'{0x00000000847f6978}> (0x00000000847f6978) thrown at [./src/hotspot/share/prims/jni.cpp, line 615]
Event: 17.188 Thread 0x0000027fcd402000 Exception <a 'sun/nio/fs/WindowsException'{0x000000008862df78}> (0x000000008862df78) thrown at [./src/hotspot/share/prims/jni.cpp, line 615]
Event: 17.188 Thread 0x0000027fcd1d3800 Exception <a 'sun/nio/fs/WindowsException'{0x0000000088463b78}> (0x0000000088463b78) thrown at [./src/hotspot/share/prims/jni.cpp, line 615]
Event: 17.191 Thread 0x0000027fcd1d3800 Exception <a 'sun/nio/fs/WindowsException'{0x0000000088463d08}> (0x0000000088463d08) thrown at [./src/hotspot/share/prims/jni.cpp, line 615]
Event: 17.363 Thread 0x0000027fcd1d3800 Exception <a 'sun/nio/fs/WindowsException'{0x000000008846dc18}> (0x000000008846dc18) thrown at [./src/hotspot/share/prims/jni.cpp, line 615]
Event: 17.627 Thread 0x0000027fcd1d3800 Exception <a 'sun/nio/fs/WindowsException'{0x0000000084bd7150}> (0x0000000084bd7150) thrown at [./src/hotspot/share/prims/jni.cpp, line 615]
Event: 17.635 Thread 0x0000027fcd1d3800 Exception <a 'sun/nio/fs/WindowsException'{0x0000000084bd72e8}> (0x0000000084bd72e8) thrown at [./src/hotspot/share/prims/jni.cpp, line 615]

Events (20 events):
Event: 15.079 Executing VM operation: G1CollectForAllocation done
Event: 15.306 Executing VM operation: G1CollectForAllocation
Event: 15.306 Executing VM operation: G1CollectForAllocation done
Event: 15.306 Executing VM operation: G1CollectForAllocation
Event: 15.310 Executing VM operation: G1CollectForAllocation done
Event: 15.504 Executing VM operation: G1CollectForAllocation
Event: 15.857 Executing VM operation: G1CollectForAllocation done
Event: 16.177 Executing VM operation: G1CollectForAllocation
Event: 16.182 Executing VM operation: G1CollectForAllocation done
Event: 16.381 Executing VM operation: G1CollectForAllocation
Event: 16.385 Executing VM operation: G1CollectForAllocation done
Event: 16.729 Executing VM operation: G1CollectForAllocation
Event: 16.729 Executing VM operation: G1CollectForAllocation done
Event: 16.729 Executing VM operation: G1CollectForAllocation
Event: 16.733 Executing VM operation: G1CollectForAllocation done
Event: 17.121 Executing VM operation: G1CollectForAllocation
Event: 17.181 Executing VM operation: G1CollectForAllocation done
Event: 17.407 loading class java/nio/channels/FileChannel$MapMode
Event: 17.714 Executing VM operation: G1CollectForAllocation
Event: 17.991 loading class java/nio/channels/FileChannel$MapMode done


Dynamic libraries:
0x00007ff7fb6f0000 - 0x00007ff7fb6fa000 	C:\Program Files\Android\Android Studio\jre\bin\java.exe
0x00007ffd2cbf0000 - 0x00007ffd2cde5000 	C:\Windows\SYSTEM32\ntdll.dll
0x00007ffd2bb90000 - 0x00007ffd2bc4d000 	C:\Windows\System32\KERNEL32.DLL
0x00007ffd2a800000 - 0x00007ffd2aac8000 	C:\Windows\System32\KERNELBASE.dll
0x00007ffd2a5a0000 - 0x00007ffd2a6a0000 	C:\Windows\System32\ucrtbase.dll
0x00007ffd23c10000 - 0x00007ffd23c29000 	C:\Program Files\Android\Android Studio\jre\bin\jli.dll
0x00007ffd2b150000 - 0x00007ffd2b2f0000 	C:\Windows\System32\USER32.dll
0x00007ffd2aad0000 - 0x00007ffd2aaf2000 	C:\Windows\System32\win32u.dll
0x00007ffd10bb0000 - 0x00007ffd10e4a000 	C:\Windows\WinSxS\amd64_microsoft.windows.common-controls_6595b64144ccf1df_6.0.19041.844_none_ca00b6081b84eb1d\COMCTL32.dll
0x00007ffd2b680000 - 0x00007ffd2b6aa000 	C:\Windows\System32\GDI32.dll
0x00007ffd2b7f0000 - 0x00007ffd2b88e000 	C:\Windows\System32\msvcrt.dll
0x00007ffd2a490000 - 0x00007ffd2a59b000 	C:\Windows\System32\gdi32full.dll
0x00007ffd2abb0000 - 0x00007ffd2ac4d000 	C:\Windows\System32\msvcp_win.dll
0x00007ffd22930000 - 0x00007ffd22947000 	C:\Program Files\Android\Android Studio\jre\bin\VCRUNTIME140.dll
0x00007ffd2bae0000 - 0x00007ffd2bb10000 	C:\Windows\System32\IMM32.DLL
0x00007ffd1de70000 - 0x00007ffd1df0d000 	C:\Program Files\Android\Android Studio\jre\bin\msvcp140.dll
0x00007ffcfeda0000 - 0x00007ffcff875000 	C:\Program Files\Android\Android Studio\jre\bin\server\jvm.dll
0x00007ffd2c970000 - 0x00007ffd2ca1c000 	C:\Windows\System32\ADVAPI32.dll
0x00007ffd2c180000 - 0x00007ffd2c21b000 	C:\Windows\System32\sechost.dll
0x00007ffd2ca80000 - 0x00007ffd2cbab000 	C:\Windows\System32\RPCRT4.dll
0x00007ffd2bc50000 - 0x00007ffd2bc58000 	C:\Windows\System32\PSAPI.DLL
0x00007ffd27af0000 - 0x00007ffd27afa000 	C:\Windows\SYSTEM32\VERSION.dll
0x00007ffd1ec50000 - 0x00007ffd1ec77000 	C:\Windows\SYSTEM32\WINMM.dll
0x00007ffd27c00000 - 0x00007ffd27c09000 	C:\Windows\SYSTEM32\WSOCK32.dll
0x00007ffd2b780000 - 0x00007ffd2b7eb000 	C:\Windows\System32\WS2_32.dll
0x00007ffd28dd0000 - 0x00007ffd28de2000 	C:\Windows\SYSTEM32\kernel.appcore.dll
0x00007ffd27ad0000 - 0x00007ffd27ae1000 	C:\Program Files\Android\Android Studio\jre\bin\verify.dll
0x00007ffd281f0000 - 0x00007ffd283d4000 	C:\Windows\SYSTEM32\DBGHELP.DLL
0x00007ffd18060000 - 0x00007ffd1808c000 	C:\Windows\SYSTEM32\dbgcore.DLL
0x00007ffd2ab00000 - 0x00007ffd2ab80000 	C:\Windows\System32\bcryptPrimitives.dll
0x00007ffd27aa0000 - 0x00007ffd27ac9000 	C:\Program Files\Android\Android Studio\jre\bin\java.dll
0x00007ffd27b40000 - 0x00007ffd27b4b000 	C:\Program Files\Android\Android Studio\jre\bin\jimage.dll
0x00007ffd27a80000 - 0x00007ffd27a98000 	C:\Program Files\Android\Android Studio\jre\bin\zip.dll
0x00007ffd2c220000 - 0x00007ffd2c962000 	C:\Windows\System32\SHELL32.dll
0x00007ffd28620000 - 0x00007ffd28db1000 	C:\Windows\SYSTEM32\windows.storage.dll
0x00007ffd2bd10000 - 0x00007ffd2c065000 	C:\Windows\System32\combase.dll
0x00007ffd29cd0000 - 0x00007ffd29cfc000 	C:\Windows\SYSTEM32\Wldp.dll
0x00007ffd2bc60000 - 0x00007ffd2bd0e000 	C:\Windows\System32\SHCORE.dll
0x00007ffd2ca20000 - 0x00007ffd2ca75000 	C:\Windows\System32\shlwapi.dll
0x00007ffd2a270000 - 0x00007ffd2a28f000 	C:\Windows\SYSTEM32\profapi.dll
0x00007ffd24670000 - 0x00007ffd2468a000 	C:\Program Files\Android\Android Studio\jre\bin\net.dll
0x00007ffd22a90000 - 0x00007ffd22b9b000 	C:\Windows\SYSTEM32\WINHTTP.dll
0x00007ffd29a40000 - 0x00007ffd29aaa000 	C:\Windows\system32\mswsock.dll
0x00007ffd24650000 - 0x00007ffd24664000 	C:\Program Files\Android\Android Studio\jre\bin\nio.dll
0x00007ffd1ef50000 - 0x00007ffd1ef77000 	C:\Users\Pixel\.gradle\native\e1d6ef7f7dcc3fd88c89a11ec53ec762bb8ba0a96d01ffa2cd45eb1d1d8dd5c5\windows-amd64\native-platform.dll
0x00007ffd099b0000 - 0x00007ffd09af4000 	C:\Users\Pixel\.gradle\native\0d407fdbe67a94daf76414ababcb853783967236a71b16ec16e742cd7a986fd3\windows-amd64\native-platform-file-events.dll
0x00007ffd27a70000 - 0x00007ffd27a7a000 	C:\Program Files\Android\Android Studio\jre\bin\management.dll
0x00007ffd279e0000 - 0x00007ffd279ed000 	C:\Program Files\Android\Android Studio\jre\bin\management_ext.dll
0x00007ffd29c10000 - 0x00007ffd29c28000 	C:\Windows\SYSTEM32\CRYPTSP.dll
0x00007ffd29590000 - 0x00007ffd295c4000 	C:\Windows\system32\rsaenh.dll
0x00007ffd2ab80000 - 0x00007ffd2aba7000 	C:\Windows\System32\bcrypt.dll
0x00007ffd2a1f0000 - 0x00007ffd2a21e000 	C:\Windows\SYSTEM32\USERENV.dll
0x00007ffd29c30000 - 0x00007ffd29c3c000 	C:\Windows\SYSTEM32\CRYPTBASE.dll
0x00007ffd29730000 - 0x00007ffd2976b000 	C:\Windows\SYSTEM32\IPHLPAPI.DLL
0x00007ffd2b660000 - 0x00007ffd2b668000 	C:\Windows\System32\NSI.dll
0x00007ffd23720000 - 0x00007ffd23737000 	C:\Windows\SYSTEM32\dhcpcsvc6.DLL
0x00007ffd23b80000 - 0x00007ffd23b9d000 	C:\Windows\SYSTEM32\dhcpcsvc.DLL
0x00007ffd29770000 - 0x00007ffd2983c000 	C:\Windows\SYSTEM32\DNSAPI.dll

dbghelp: loaded successfully - version: 4.0.5 - missing functions: none
symbol engine: initialized successfully - sym options: 0x614 - pdb path: .;C:\Program Files\Android\Android Studio\jre\bin;C:\Windows\SYSTEM32;C:\Windows\WinSxS\amd64_microsoft.windows.common-controls_6595b64144ccf1df_6.0.19041.844_none_ca00b6081b84eb1d;C:\Program Files\Android\Android Studio\jre\bin\server;C:\Users\Pixel\.gradle\native\e1d6ef7f7dcc3fd88c89a11ec53ec762bb8ba0a96d01ffa2cd45eb1d1d8dd5c5\windows-amd64;C:\Users\Pixel\.gradle\native\0d407fdbe67a94daf76414ababcb853783967236a71b16ec16e742cd7a986fd3\windows-amd64

VM Arguments:
jvm_args: --add-opens=java.base/java.util=ALL-UNNAMED --add-opens=java.base/java.lang=ALL-UNNAMED --add-opens=java.base/java.lang.invoke=ALL-UNNAMED --add-opens=java.base/java.util=ALL-UNNAMED --add-opens=java.prefs/java.util.prefs=ALL-UNNAMED --add-opens=java.prefs/java.util.prefs=ALL-UNNAMED --add-opens=java.base/java.nio.charset=ALL-UNNAMED --add-opens=java.base/java.net=ALL-UNNAMED --add-opens=java.base/java.util.concurrent.atomic=ALL-UNNAMED -Xmx2048m -Dfile.encoding=UTF-8 -Duser.country=US -Duser.language=en -Duser.variant 
java_command: org.gradle.launcher.daemon.bootstrap.GradleDaemon 7.4.2
java_class_path (initial): F:\gradle\gradle-7.4.2\lib\gradle-launcher-7.4.2.jar
Launcher Type: SUN_STANDARD

[Global flags]
     intx CICompilerCount                          = 3                                         {product} {ergonomic}
     uint ConcGCThreads                            = 1                                         {product} {ergonomic}
     uint G1ConcRefinementThreads                  = 4                                         {product} {ergonomic}
   size_t G1HeapRegionSize                         = 1048576                                   {product} {ergonomic}
    uintx GCDrainStackTargetSize                   = 64                                        {product} {ergonomic}
   size_t InitialHeapSize                          = 67108864                                  {product} {ergonomic}
   size_t MarkStackSize                            = 4194304                                   {product} {ergonomic}
   size_t MaxHeapSize                              = 2147483648                                {product} {command line}
   size_t MaxNewSize                               = 1287651328                                {product} {ergonomic}
   size_t MinHeapDeltaBytes                        = 1048576                                   {product} {ergonomic}
    uintx NonNMethodCodeHeapSize                   = 5830732                                {pd product} {ergonomic}
    uintx NonProfiledCodeHeapSize                  = 122913754                              {pd product} {ergonomic}
    uintx ProfiledCodeHeapSize                     = 122913754                              {pd product} {ergonomic}
    uintx ReservedCodeCacheSize                    = 251658240                              {pd product} {ergonomic}
     bool SegmentedCodeCache                       = true                                      {product} {ergonomic}
     bool UseCompressedClassPointers               = true                                 {lp64_product} {ergonomic}
     bool UseCompressedOops                        = true                                 {lp64_product} {ergonomic}
     bool UseG1GC                                  = true                                      {product} {ergonomic}
     bool UseLargePagesIndividualAllocation        = false                                  {pd product} {ergonomic}

Logging:
Log output configuration:
 #0: stdout all=warning uptime,level,tags
 #1: stderr all=off uptime,level,tags

Environment Variables:
PATH=C:\Windows\system32;C:\Windows;C:\Windows\System32\Wbem;C:\Windows\System32\WindowsPowerShell\v1.0\;C:\Windows\System32\OpenSSH\;C:\Users\Pixel\AppData\Local\Microsoft\WindowsApps;
USERNAME=Pixel
OS=Windows_NT
PROCESSOR_IDENTIFIER=Intel64 Family 6 Model 142 Stepping 10, GenuineIntel



---------------  S Y S T E M  ---------------

OS: Windows 10 , 64 bit Build 19041 (10.0.19041.804)
OS uptime: 0 days 6:44 hours

CPU:total 4 (initial active 4) (2 cores per cpu, 2 threads per core) family 6 model 142 stepping 10 microcode 0xb4, cmov, cx8, fxsr, mmx, sse, sse2, sse3, ssse3, sse4.1, sse4.2, popcnt, avx, avx2, aes, clmul, erms, 3dnowpref, lzcnt, ht, tsc, tscinvbit, bmi1, bmi2, adx, fma

Memory: 4k page, system-wide physical 4011M (102M free)
TotalPageFile size 4011M (AvailPageFile size 90M)
current process WorkingSet (physical memory assigned to process): 198M, peak: 200M
current process commit charge ("private bytes"): 341M, peak: 611M

vm_info: OpenJDK 64-Bit Server VM (11.0.11+9-b60-7590822) for windows-amd64 JRE (11.0.11+9-b60-7590822), built on Jul 29 2021 21:43:44 by "builder" with MS VC++ 14.0 (VS2015)

END.
