#
# There is insufficient memory for the Java Runtime Environment to continue.
# Native memory allocation (mmap) failed to map 35651584 bytes for Failed to commit area from 0x000000008a200000 to 0x000000008c400000 of length 35651584.
# Possible reasons:
#   The system is out of physical RAM or swap space
#   The process is running with CompressedOops enabled, and the Java Heap may be blocking the growth of the native heap
# Possible solutions:
#   Reduce memory load on the system
#   Increase physical memory or swap space
#   Check if swap backing store is full
#   Decrease Java heap size (-Xmx/-Xms)
#   Decrease number of Java threads
#   Decrease Java thread stack sizes (-Xss)
#   Set larger code cache with -XX:ReservedCodeCacheSize=
#   JVM is running with Unscaled Compressed Oops mode in which the Java heap is
#     placed in the first 4GB address space. The Java Heap base address is the
#     maximum limit for the native heap growth. Please use -XX:HeapBaseMinAddress
#     to set the Java Heap base and to place the Java Heap above 4GB virtual address.
# This output file may be truncated or incomplete.
#
#  Out of Memory Error (./src/hotspot/os/windows/os_windows.cpp:3301), pid=1196, tid=5200
#
# JRE version: OpenJDK Runtime Environment (11.0.11+9) (build 11.0.11+9-b60-7590822)
# Java VM: OpenJDK 64-Bit Server VM (11.0.11+9-b60-7590822, mixed mode, tiered, compressed oops, g1 gc, windows-amd64)
# No core dump will be written. Minidumps are not enabled by default on client versions of Windows
#

---------------  S U M M A R Y ------------

Command Line: --add-opens=java.base/java.util=ALL-UNNAMED --add-opens=java.base/java.lang=ALL-UNNAMED --add-opens=java.base/java.lang.invoke=ALL-UNNAMED --add-opens=java.base/java.util=ALL-UNNAMED --add-opens=java.prefs/java.util.prefs=ALL-UNNAMED --add-opens=java.prefs/java.util.prefs=ALL-UNNAMED --add-opens=java.base/java.nio.charset=ALL-UNNAMED --add-opens=java.base/java.net=ALL-UNNAMED --add-opens=java.base/java.util.concurrent.atomic=ALL-UNNAMED -Xmx2048m -Dfile.encoding=UTF-8 -Duser.country=US -Duser.language=en -Duser.variant org.gradle.launcher.daemon.bootstrap.GradleDaemon 7.4.2

Host: Intel(R) Core(TM) i3-8130U CPU @ 2.20GHz, 4 cores, 3G,  Windows 10 , 64 bit Build 19041 (10.0.19041.804)
Time: Mon Apr 11 21:38:44 2022 Bangladesh Standard Time elapsed time: 9.247036 seconds (0d 0h 0m 9s)

---------------  T H R E A D  ---------------

Current thread (0x000001e741ea4000):  VMThread "VM Thread" [stack: 0x00000064bca00000,0x00000064bcb00000] [id=5200]

Stack: [0x00000064bca00000,0x00000064bcb00000]
[error occurred during error reporting (printing stack bounds), id 0xc0000005, EXCEPTION_ACCESS_VIOLATION (0xc0000005) at pc=0x000001e72b670f2d]

Native frames: (J=compiled Java code, j=interpreted, Vv=VM code, C=native code)
V  [jvm.dll+0x5f214a]
V  [jvm.dll+0x726fb5]
V  [jvm.dll+0x7285cd]
V  [jvm.dll+0x728be5]
V  [jvm.dll+0x728b9b]
V  [jvm.dll+0x5f14e8]
V  [jvm.dll+0x5f1c78]
C  [ntdll.dll+0xa1f6f]
C  [ntdll.dll+0x51454]
C  [ntdll.dll+0xa0a9e]
C  0x000001e72b670f2d

VM_Operation (0x00000064be2fe5c0): G1CollectForAllocation, mode: safepoint, requested by thread 0x000001e7450d4000


---------------  P R O C E S S  ---------------

Threads class SMR info:
_java_thread_list=0x000001e7484aaeb0, length=77, elements={
0x000001e727b48000, 0x000001e741ea9800, 0x000001e741eab800, 0x000001e741f02000,
0x000001e741f07800, 0x000001e741f0b800, 0x000001e741f0f800, 0x000001e741f14000,
0x000001e741f15800, 0x000001e742984800, 0x000001e7447ac000, 0x000001e74354c000,
0x000001e74474b800, 0x000001e74500d800, 0x000001e7463f5000, 0x000001e743fd5800,
0x000001e74474c000, 0x000001e7464f5000, 0x000001e745224800, 0x000001e7450d0800,
0x000001e7450d4000, 0x000001e7450d3000, 0x000001e7450d2800, 0x000001e7450d1800,
0x000001e7450ce000, 0x000001e7450d4800, 0x000001e7450cf000, 0x000001e7450d0000,
0x000001e746d48000, 0x000001e746d43000, 0x000001e746d45800, 0x000001e746d47800,
0x000001e746d4a000, 0x000001e746d44000, 0x000001e746d4a800, 0x000001e746d45000,
0x000001e746d4b800, 0x000001e746d4c000, 0x000001e746d52000, 0x000001e746d4e800,
0x000001e746d4f800, 0x000001e746d50800, 0x000001e746d4d000, 0x000001e746d4e000,
0x000001e746d51000, 0x000001e7481d4800, 0x000001e7481d3800, 0x000001e7481d3000,
0x000001e7481d8800, 0x000001e7481d7000, 0x000001e7481da000, 0x000001e7481d7800,
0x000001e7481d6000, 0x000001e7481d9800, 0x000001e7481d5000, 0x000001e7481db800,
0x000001e7481dc800, 0x000001e7481db000, 0x000001e7481df000, 0x000001e7481de000,
0x000001e7481dd800, 0x000001e7481e0800, 0x000001e7481e1800, 0x000001e7481e0000,
0x000001e7483e4000, 0x000001e7483e5000, 0x000001e7483e9000, 0x000001e7483e6800,
0x000001e7483e8000, 0x000001e7483e5800, 0x000001e7483e3000, 0x000001e7483ec000,
0x000001e7483e7800, 0x000001e7483ed000, 0x000001e7483ee800, 0x000001e7483eb800,
0x000001e7483ee000
}

Java Threads: ( => current thread )
  0x000001e727b48000 JavaThread "main" [_thread_blocked, id=776, stack(0x00000064bc400000,0x00000064bc500000)]
  0x000001e741ea9800 JavaThread "Reference Handler" daemon [_thread_blocked, id=6960, stack(0x00000064bcb00000,0x00000064bcc00000)]
  0x000001e741eab800 JavaThread "Finalizer" daemon [_thread_blocked, id=1032, stack(0x00000064bcc00000,0x00000064bcd00000)]
  0x000001e741f02000 JavaThread "Signal Dispatcher" daemon [_thread_blocked, id=8476, stack(0x00000064bcd00000,0x00000064bce00000)]
  0x000001e741f07800 JavaThread "Attach Listener" daemon [_thread_blocked, id=9164, stack(0x00000064bce00000,0x00000064bcf00000)]
  0x000001e741f0b800 JavaThread "Service Thread" daemon [_thread_blocked, id=2812, stack(0x00000064bcf00000,0x00000064bd000000)]
  0x000001e741f0f800 JavaThread "C2 CompilerThread0" daemon [_thread_blocked, id=8208, stack(0x00000064bd000000,0x00000064bd100000)]
  0x000001e741f14000 JavaThread "C1 CompilerThread0" daemon [_thread_blocked, id=3608, stack(0x00000064bd100000,0x00000064bd200000)]
  0x000001e741f15800 JavaThread "Sweeper thread" daemon [_thread_blocked, id=8216, stack(0x00000064bd200000,0x00000064bd300000)]
  0x000001e742984800 JavaThread "Common-Cleaner" daemon [_thread_blocked, id=4424, stack(0x00000064bd300000,0x00000064bd400000)]
  0x000001e7447ac000 JavaThread "Daemon health stats" [_thread_blocked, id=3100, stack(0x00000064bd600000,0x00000064bd700000)]
  0x000001e74354c000 JavaThread "Incoming local TCP Connector on port 3641" [_thread_in_native, id=9028, stack(0x00000064bd900000,0x00000064bda00000)]
  0x000001e74474b800 JavaThread "Daemon periodic checks" [_thread_blocked, id=5728, stack(0x00000064bda00000,0x00000064bdb00000)]
  0x000001e74500d800 JavaThread "Daemon" [_thread_blocked, id=2012, stack(0x00000064bdb00000,0x00000064bdc00000)]
  0x000001e7463f5000 JavaThread "Handler for socket connection from /127.0.0.1:3641 to /127.0.0.1:3642" [_thread_in_native, id=3200, stack(0x00000064bdc00000,0x00000064bdd00000)]
  0x000001e743fd5800 JavaThread "Cancel handler" [_thread_blocked, id=8732, stack(0x00000064bdd00000,0x00000064bde00000)]
  0x000001e74474c000 JavaThread "Daemon worker" [_thread_blocked, id=7092, stack(0x00000064bde00000,0x00000064bdf00000)]
  0x000001e7464f5000 JavaThread "Asynchronous log dispatcher for DefaultDaemonConnection: socket connection from /127.0.0.1:3641 to /127.0.0.1:3642" [_thread_blocked, id=2360, stack(0x00000064bdf00000,0x00000064be000000)]
  0x000001e745224800 JavaThread "Stdin handler" [_thread_blocked, id=3848, stack(0x00000064be000000,0x00000064be100000)]
  0x000001e7450d0800 JavaThread "Daemon client event forwarder" [_thread_blocked, id=7596, stack(0x00000064be100000,0x00000064be200000)]
  0x000001e7450d4000 JavaThread "Cache worker for journal cache (C:\Users\Pixel\.gradle\caches\journal-1)" [_thread_blocked, id=5472, stack(0x00000064be200000,0x00000064be300000)]
  0x000001e7450d3000 JavaThread "File lock request listener" [_thread_in_native, id=8508, stack(0x00000064be300000,0x00000064be400000)]
  0x000001e7450d2800 JavaThread "Cache worker for file hash cache (C:\Users\Pixel\.gradle\caches\7.4.2\fileHashes)" [_thread_blocked, id=5136, stack(0x00000064be400000,0x00000064be500000)]
  0x000001e7450d1800 JavaThread "File watcher server" daemon [_thread_in_native, id=4628, stack(0x00000064be500000,0x00000064be600000)]
  0x000001e7450ce000 JavaThread "File watcher consumer" daemon [_thread_blocked, id=424, stack(0x00000064be600000,0x00000064be700000)]
  0x000001e7450d4800 JavaThread "Cache worker for checksums cache (F:\Apps\SimInformation\.gradle\7.4.2\checksums)" [_thread_blocked, id=6888, stack(0x00000064be700000,0x00000064be800000)]
  0x000001e7450cf000 JavaThread "Cache worker for cache directory md-rule (C:\Users\Pixel\.gradle\caches\7.4.2\md-rule)" [_thread_blocked, id=4456, stack(0x00000064be800000,0x00000064be900000)]
  0x000001e7450d0000 JavaThread "Cache worker for file hash cache (F:\Apps\SimInformation\.gradle\7.4.2\fileHashes)" [_thread_blocked, id=744, stack(0x00000064be900000,0x00000064bea00000)]
  0x000001e746d48000 JavaThread "Cache worker for cache directory md-supplier (C:\Users\Pixel\.gradle\caches\7.4.2\md-supplier)" [_thread_blocked, id=6140, stack(0x00000064bea00000,0x00000064beb00000)]
  0x000001e746d43000 JavaThread "Cache worker for execution history cache (C:\Users\Pixel\.gradle\caches\7.4.2\executionHistory)" [_thread_blocked, id=7136, stack(0x00000064beb00000,0x00000064bec00000)]
  0x000001e746d45800 JavaThread "jar transforms" [_thread_blocked, id=6596, stack(0x00000064bec00000,0x00000064bed00000)]
  0x000001e746d47800 JavaThread "Cache worker for file content cache (C:\Users\Pixel\.gradle\caches\7.4.2\fileContent)" [_thread_blocked, id=9112, stack(0x00000064bed00000,0x00000064bee00000)]
  0x000001e746d4a000 JavaThread "jar transforms Thread 2" [_thread_blocked, id=8620, stack(0x00000064bee00000,0x00000064bef00000)]
  0x000001e746d44000 JavaThread "Cache worker for dependencies-accessors (F:\Apps\SimInformation\.gradle\7.4.2\dependencies-accessors)" [_thread_blocked, id=2336, stack(0x00000064bef00000,0x00000064bf000000)]
  0x000001e746d4a800 JavaThread "jar transforms Thread 3" [_thread_blocked, id=5688, stack(0x00000064bf000000,0x00000064bf100000)]
  0x000001e746d45000 JavaThread "Cache worker for Build Output Cleanup Cache (F:\Apps\SimInformation\.gradle\buildOutputCleanup)" [_thread_blocked, id=6576, stack(0x00000064bf100000,0x00000064bf200000)]
  0x000001e746d4b800 JavaThread "Unconstrained build operations" [_thread_blocked, id=6360, stack(0x00000064bf200000,0x00000064bf300000)]
  0x000001e746d4c000 JavaThread "Unconstrained build operations Thread 2" [_thread_blocked, id=2868, stack(0x00000064bf300000,0x00000064bf400000)]
  0x000001e746d52000 JavaThread "Unconstrained build operations Thread 3" [_thread_blocked, id=5172, stack(0x00000064bf400000,0x00000064bf500000)]
  0x000001e746d4e800 JavaThread "Unconstrained build operations Thread 4" [_thread_blocked, id=4660, stack(0x00000064bf500000,0x00000064bf600000)]
  0x000001e746d4f800 JavaThread "Unconstrained build operations Thread 5" [_thread_blocked, id=2548, stack(0x00000064bf600000,0x00000064bf700000)]
  0x000001e746d50800 JavaThread "Unconstrained build operations Thread 6" [_thread_blocked, id=8648, stack(0x00000064bf700000,0x00000064bf800000)]
  0x000001e746d4d000 JavaThread "Unconstrained build operations Thread 7" [_thread_blocked, id=2592, stack(0x00000064bf800000,0x00000064bf900000)]
  0x000001e746d4e000 JavaThread "Unconstrained build operations Thread 8" [_thread_blocked, id=8968, stack(0x00000064bf900000,0x00000064bfa00000)]
  0x000001e746d51000 JavaThread "Unconstrained build operations Thread 9" [_thread_blocked, id=5792, stack(0x00000064bfa00000,0x00000064bfb00000)]
  0x000001e7481d4800 JavaThread "Unconstrained build operations Thread 10" [_thread_blocked, id=2736, stack(0x00000064bfb00000,0x00000064bfc00000)]
  0x000001e7481d3800 JavaThread "Unconstrained build operations Thread 11" [_thread_blocked, id=8544, stack(0x00000064bfc00000,0x00000064bfd00000)]
  0x000001e7481d3000 JavaThread "Unconstrained build operations Thread 12" [_thread_blocked, id=1464, stack(0x00000064bfd00000,0x00000064bfe00000)]
  0x000001e7481d8800 JavaThread "Unconstrained build operations Thread 13" [_thread_blocked, id=5248, stack(0x00000064bfe00000,0x00000064bff00000)]
  0x000001e7481d7000 JavaThread "Unconstrained build operations Thread 14" [_thread_blocked, id=8704, stack(0x00000064bff00000,0x00000064c0000000)]
  0x000001e7481da000 JavaThread "Unconstrained build operations Thread 15" [_thread_blocked, id=4828, stack(0x00000064c0000000,0x00000064c0100000)]
  0x000001e7481d7800 JavaThread "Unconstrained build operations Thread 16" [_thread_blocked, id=8100, stack(0x00000064c0100000,0x00000064c0200000)]
  0x000001e7481d6000 JavaThread "Unconstrained build operations Thread 17" [_thread_blocked, id=7416, stack(0x00000064c0200000,0x00000064c0300000)]
  0x000001e7481d9800 JavaThread "Unconstrained build operations Thread 18" [_thread_blocked, id=8900, stack(0x00000064c0300000,0x00000064c0400000)]
  0x000001e7481d5000 JavaThread "Unconstrained build operations Thread 19" [_thread_blocked, id=5544, stack(0x00000064c0400000,0x00000064c0500000)]
  0x000001e7481db800 JavaThread "Unconstrained build operations Thread 20" [_thread_blocked, id=8624, stack(0x00000064c0500000,0x00000064c0600000)]
  0x000001e7481dc800 JavaThread "Unconstrained build operations Thread 21" [_thread_blocked, id=8780, stack(0x00000064c0600000,0x00000064c0700000)]
  0x000001e7481db000 JavaThread "Unconstrained build operations Thread 22" [_thread_blocked, id=2292, stack(0x00000064c0700000,0x00000064c0800000)]
  0x000001e7481df000 JavaThread "Unconstrained build operations Thread 23" [_thread_blocked, id=8516, stack(0x00000064c0800000,0x00000064c0900000)]
  0x000001e7481de000 JavaThread "Unconstrained build operations Thread 24" [_thread_blocked, id=8864, stack(0x00000064c0900000,0x00000064c0a00000)]
  0x000001e7481dd800 JavaThread "Unconstrained build operations Thread 25" [_thread_blocked, id=8024, stack(0x00000064c0a00000,0x00000064c0b00000)]
  0x000001e7481e0800 JavaThread "Unconstrained build operations Thread 26" [_thread_blocked, id=6532, stack(0x00000064c0b00000,0x00000064c0c00000)]
  0x000001e7481e1800 JavaThread "Unconstrained build operations Thread 27" [_thread_blocked, id=6040, stack(0x00000064c0c00000,0x00000064c0d00000)]
  0x000001e7481e0000 JavaThread "Unconstrained build operations Thread 28" [_thread_blocked, id=6816, stack(0x00000064c0d00000,0x00000064c0e00000)]
  0x000001e7483e4000 JavaThread "Unconstrained build operations Thread 29" [_thread_blocked, id=8804, stack(0x00000064c0e00000,0x00000064c0f00000)]
  0x000001e7483e5000 JavaThread "Unconstrained build operations Thread 30" [_thread_blocked, id=5448, stack(0x00000064c0f00000,0x00000064c1000000)]
  0x000001e7483e9000 JavaThread "Unconstrained build operations Thread 31" [_thread_blocked, id=2860, stack(0x00000064c1000000,0x00000064c1100000)]
  0x000001e7483e6800 JavaThread "Unconstrained build operations Thread 32" [_thread_blocked, id=5676, stack(0x00000064c1100000,0x00000064c1200000)]
  0x000001e7483e8000 JavaThread "Unconstrained build operations Thread 33" [_thread_blocked, id=3872, stack(0x00000064c1200000,0x00000064c1300000)]
  0x000001e7483e5800 JavaThread "Unconstrained build operations Thread 34" [_thread_blocked, id=6704, stack(0x00000064c1300000,0x00000064c1400000)]
  0x000001e7483e3000 JavaThread "Unconstrained build operations Thread 35" [_thread_blocked, id=9068, stack(0x00000064c1400000,0x00000064c1500000)]
  0x000001e7483ec000 JavaThread "Unconstrained build operations Thread 36" [_thread_blocked, id=8428, stack(0x00000064c1500000,0x00000064c1600000)]
  0x000001e7483e7800 JavaThread "Unconstrained build operations Thread 37" [_thread_blocked, id=6968, stack(0x00000064c1600000,0x00000064c1700000)]
  0x000001e7483ed000 JavaThread "Unconstrained build operations Thread 38" [_thread_blocked, id=5744, stack(0x00000064c1700000,0x00000064c1800000)]
  0x000001e7483ee800 JavaThread "Unconstrained build operations Thread 39" [_thread_blocked, id=5128, stack(0x00000064c1800000,0x00000064c1900000)]
  0x000001e7483eb800 JavaThread "Unconstrained build operations Thread 40" [_thread_blocked, id=344, stack(0x00000064c1900000,0x00000064c1a00000)]
  0x000001e7483ee000 JavaThread "jar transforms Thread 4" [_thread_blocked, id=2644, stack(0x00000064c1a00000,0x00000064c1b00000)]

Other Threads:
=>0x000001e741ea4000 VMThread "VM Thread" [stack: 0x00000064bca00000,0x00000064bcb00000] [id=5200]
  0x000001e7429a4800 WatcherThread [stack: 0x00000064bd400000,0x00000064bd500000] [id=868]
  0x000001e727b61800 GCTaskThread "GC Thread#0" [stack: 0x00000064bc500000,0x00000064bc600000] [id=6308]
  0x000001e742cde800 GCTaskThread "GC Thread#1" [stack: 0x00000064bd500000,0x00000064bd600000] [id=7992]
  0x000001e743423800 GCTaskThread "GC Thread#2" [stack: 0x00000064bd700000,0x00000064bd800000] [id=4504]
  0x000001e7443d6800 GCTaskThread "GC Thread#3" [stack: 0x00000064bd800000,0x00000064bd900000] [id=7880]
  0x000001e727b96800 ConcurrentGCThread "G1 Main Marker" [stack: 0x00000064bc600000,0x00000064bc700000] [id=5156]
  0x000001e727b98800 ConcurrentGCThread "G1 Conc#0" [stack: 0x00000064bc700000,0x00000064bc800000] [id=8896]
  0x000001e727bf1000 ConcurrentGCThread "G1 Refine#0" [stack: 0x00000064bc800000,0x00000064bc900000] [id=8472]
  0x000001e727bf2800 ConcurrentGCThread "G1 Young RemSet Sampling" [stack: 0x00000064bc900000,0x00000064bca00000] [id=6444]

Threads with active compile tasks:
C2 CompilerThread0   9350 5397       4       org.objectweb.asm.ClassReader::readCode (5109 bytes)

VM state:at safepoint (normal execution)

VM Mutex/Monitor currently owned by a thread:  ([mutex/lock_event])
[0x000001e727b44d40] Threads_lock - owner thread: 0x000001e741ea4000
[0x000001e727b456d0] Heap_lock - owner thread: 0x000001e7450d4000

Heap address: 0x0000000080000000, size: 2048 MB, Compressed Oops mode: 32-bit
Narrow klass base: 0x0000000000000000, Narrow klass shift: 3
Compressed class space size: 1073741824 Address: 0x0000000100000000

Heap:
 garbage-first heap   total 200704K, used 34258K [0x0000000080000000, 0x0000000100000000)
  region size 1024K, 4 young (4096K), 4 survivors (4096K)
 Metaspace       used 48989K, capacity 50186K, committed 50304K, reserved 1093632K
  class space    used 6243K, capacity 6684K, committed 6784K, reserved 1048576K
Heap Regions: E=young(eden), S=young(survivor), O=old, HS=humongous(starts), HC=humongous(continues), CS=collection set, F=free, A=archive, TAMS=top-at-mark-start (previous, next)
|   0|0x0000000080000000, 0x0000000080100000, 0x0000000080100000|100%| O|  |TAMS 0x0000000080100000, 0x0000000080000000| Untracked 
|   1|0x0000000080100000, 0x0000000080200000, 0x0000000080200000|100%| O|  |TAMS 0x0000000080200000, 0x0000000080100000| Untracked 
|   2|0x0000000080200000, 0x0000000080300000, 0x0000000080300000|100%| O|  |TAMS 0x0000000080300000, 0x0000000080200000| Untracked 
|   3|0x0000000080300000, 0x0000000080400000, 0x0000000080400000|100%|HS|  |TAMS 0x0000000080400000, 0x0000000080300000| Complete 
|   4|0x0000000080400000, 0x0000000080500000, 0x0000000080500000|100%|HC|  |TAMS 0x0000000080500000, 0x0000000080400000| Complete 
|   5|0x0000000080500000, 0x0000000080600000, 0x0000000080600000|100%|HC|  |TAMS 0x0000000080600000, 0x0000000080500000| Complete 
|   6|0x0000000080600000, 0x0000000080700000, 0x0000000080700000|100%| O|  |TAMS 0x0000000080700000, 0x0000000080600000| Untracked 
|   7|0x0000000080700000, 0x0000000080800000, 0x0000000080800000|100%| O|  |TAMS 0x0000000080800000, 0x0000000080700000| Untracked 
|   8|0x0000000080800000, 0x0000000080900000, 0x0000000080900000|100%| O|  |TAMS 0x0000000080900000, 0x0000000080800000| Untracked 
|   9|0x0000000080900000, 0x0000000080a00000, 0x0000000080a00000|100%| O|  |TAMS 0x0000000080a00000, 0x0000000080900000| Untracked 
|  10|0x0000000080a00000, 0x0000000080b00000, 0x0000000080b00000|100%| O|  |TAMS 0x0000000080b00000, 0x0000000080a00000| Untracked 
|  11|0x0000000080b00000, 0x0000000080c00000, 0x0000000080c00000|100%| O|  |TAMS 0x0000000080c00000, 0x0000000080b00000| Untracked 
|  12|0x0000000080c00000, 0x0000000080d00000, 0x0000000080d00000|100%| O|  |TAMS 0x0000000080d00000, 0x0000000080c00000| Untracked 
|  13|0x0000000080d00000, 0x0000000080e00000, 0x0000000080e00000|100%| O|  |TAMS 0x0000000080e00000, 0x0000000080d00000| Untracked 
|  14|0x0000000080e00000, 0x0000000080f00000, 0x0000000080f00000|100%| O|  |TAMS 0x0000000080f00000, 0x0000000080e00000| Untracked 
|  15|0x0000000080f00000, 0x0000000081000000, 0x0000000081000000|100%| O|  |TAMS 0x0000000081000000, 0x0000000080f00000| Untracked 
|  16|0x0000000081000000, 0x0000000081100000, 0x0000000081100000|100%| O|  |TAMS 0x0000000081100000, 0x0000000081000000| Untracked 
|  17|0x0000000081100000, 0x0000000081200000, 0x0000000081200000|100%| O|  |TAMS 0x0000000081172000, 0x0000000081100000| Untracked 
|  18|0x0000000081200000, 0x0000000081300000, 0x0000000081300000|100%| O|  |TAMS 0x0000000081200000, 0x0000000081200000| Untracked 
|  19|0x0000000081300000, 0x0000000081400000, 0x0000000081400000|100%| O|  |TAMS 0x0000000081300000, 0x0000000081300000| Untracked 
|  20|0x0000000081400000, 0x0000000081500000, 0x0000000081500000|100%| O|  |TAMS 0x0000000081400000, 0x0000000081400000| Untracked 
|  21|0x0000000081500000, 0x0000000081600000, 0x0000000081600000|100%| O|  |TAMS 0x0000000081500000, 0x0000000081500000| Untracked 
|  22|0x0000000081600000, 0x0000000081700000, 0x0000000081700000|100%| O|  |TAMS 0x0000000081600000, 0x0000000081600000| Untracked 
|  23|0x0000000081700000, 0x0000000081800000, 0x0000000081800000|100%| O|  |TAMS 0x0000000081700000, 0x0000000081700000| Untracked 
|  24|0x0000000081800000, 0x0000000081900000, 0x0000000081900000|100%| O|  |TAMS 0x0000000081800000, 0x0000000081800000| Untracked 
|  25|0x0000000081900000, 0x0000000081a00000, 0x0000000081a00000|100%| O|  |TAMS 0x0000000081900000, 0x0000000081900000| Untracked 
|  26|0x0000000081a00000, 0x0000000081b00000, 0x0000000081b00000|100%| O|  |TAMS 0x0000000081a00000, 0x0000000081a00000| Untracked 
|  27|0x0000000081b00000, 0x0000000081c00000, 0x0000000081c00000|100%| O|  |TAMS 0x0000000081b00000, 0x0000000081b00000| Untracked 
|  28|0x0000000081c00000, 0x0000000081d00000, 0x0000000081d00000|100%|HS|  |TAMS 0x0000000081c00000, 0x0000000081c00000| Complete 
|  29|0x0000000081d00000, 0x0000000081dd9000, 0x0000000081e00000| 84%| O|  |TAMS 0x0000000081d00000, 0x0000000081d00000| Untracked 
|  30|0x0000000081e00000, 0x0000000081e00000, 0x0000000081f00000|  0%| F|  |TAMS 0x0000000081e00000, 0x0000000081e00000| Untracked 
|  31|0x0000000081f00000, 0x0000000081f00000, 0x0000000082000000|  0%| F|  |TAMS 0x0000000081f00000, 0x0000000081f00000| Untracked 
|  32|0x0000000082000000, 0x0000000082000000, 0x0000000082100000|  0%| F|  |TAMS 0x0000000082000000, 0x0000000082000000| Untracked 
|  33|0x0000000082100000, 0x0000000082100000, 0x0000000082200000|  0%| F|  |TAMS 0x0000000082100000, 0x0000000082100000| Untracked 
|  34|0x0000000082200000, 0x0000000082200000, 0x0000000082300000|  0%| F|  |TAMS 0x0000000082200000, 0x0000000082200000| Untracked 
|  35|0x0000000082300000, 0x0000000082300000, 0x0000000082400000|  0%| F|  |TAMS 0x0000000082300000, 0x0000000082300000| Untracked 
|  36|0x0000000082400000, 0x0000000082400000, 0x0000000082500000|  0%| F|  |TAMS 0x0000000082400000, 0x0000000082400000| Untracked 
|  37|0x0000000082500000, 0x0000000082500000, 0x0000000082600000|  0%| F|  |TAMS 0x0000000082500000, 0x0000000082500000| Untracked 
|  38|0x0000000082600000, 0x0000000082600000, 0x0000000082700000|  0%| F|  |TAMS 0x0000000082600000, 0x0000000082600000| Untracked 
|  39|0x0000000082700000, 0x0000000082700000, 0x0000000082800000|  0%| F|  |TAMS 0x0000000082700000, 0x0000000082700000| Untracked 
|  40|0x0000000082800000, 0x0000000082800000, 0x0000000082900000|  0%| F|  |TAMS 0x0000000082800000, 0x0000000082800000| Untracked 
|  41|0x0000000082900000, 0x0000000082900000, 0x0000000082a00000|  0%| F|  |TAMS 0x0000000082900000, 0x0000000082900000| Untracked 
|  42|0x0000000082a00000, 0x0000000082a00000, 0x0000000082b00000|  0%| F|  |TAMS 0x0000000082a00000, 0x0000000082a00000| Untracked 
|  43|0x0000000082b00000, 0x0000000082b00000, 0x0000000082c00000|  0%| F|  |TAMS 0x0000000082b00000, 0x0000000082b00000| Untracked 
|  44|0x0000000082c00000, 0x0000000082c00000, 0x0000000082d00000|  0%| F|  |TAMS 0x0000000082c00000, 0x0000000082c00000| Untracked 
|  45|0x0000000082d00000, 0x0000000082d00000, 0x0000000082e00000|  0%| F|  |TAMS 0x0000000082d00000, 0x0000000082d00000| Untracked 
|  46|0x0000000082e00000, 0x0000000082e00000, 0x0000000082f00000|  0%| F|  |TAMS 0x0000000082e00000, 0x0000000082e00000| Untracked 
|  47|0x0000000082f00000, 0x0000000082f00000, 0x0000000083000000|  0%| F|  |TAMS 0x0000000082f00000, 0x0000000082f00000| Untracked 
|  48|0x0000000083000000, 0x0000000083000000, 0x0000000083100000|  0%| F|  |TAMS 0x0000000083000000, 0x0000000083000000| Untracked 
|  49|0x0000000083100000, 0x0000000083100000, 0x0000000083200000|  0%| F|  |TAMS 0x0000000083100000, 0x0000000083100000| Untracked 
|  50|0x0000000083200000, 0x0000000083200000, 0x0000000083300000|  0%| F|  |TAMS 0x0000000083200000, 0x0000000083200000| Untracked 
|  51|0x0000000083300000, 0x0000000083300000, 0x0000000083400000|  0%| F|  |TAMS 0x0000000083300000, 0x0000000083300000| Untracked 
|  52|0x0000000083400000, 0x0000000083400000, 0x0000000083500000|  0%| F|  |TAMS 0x0000000083400000, 0x0000000083400000| Untracked 
|  53|0x0000000083500000, 0x0000000083500000, 0x0000000083600000|  0%| F|  |TAMS 0x0000000083500000, 0x0000000083500000| Untracked 
|  54|0x0000000083600000, 0x0000000083600000, 0x0000000083700000|  0%| F|  |TAMS 0x0000000083600000, 0x0000000083600000| Untracked 
|  55|0x0000000083700000, 0x0000000083700000, 0x0000000083800000|  0%| F|  |TAMS 0x0000000083700000, 0x0000000083700000| Untracked 
|  56|0x0000000083800000, 0x0000000083800000, 0x0000000083900000|  0%| F|  |TAMS 0x0000000083800000, 0x0000000083800000| Untracked 
|  57|0x0000000083900000, 0x0000000083900000, 0x0000000083a00000|  0%| F|  |TAMS 0x0000000083900000, 0x0000000083900000| Untracked 
|  58|0x0000000083a00000, 0x0000000083a00000, 0x0000000083b00000|  0%| F|  |TAMS 0x0000000083a00000, 0x0000000083a00000| Untracked 
|  59|0x0000000083b00000, 0x0000000083b00000, 0x0000000083c00000|  0%| F|  |TAMS 0x0000000083b00000, 0x0000000083b00000| Untracked 
|  60|0x0000000083c00000, 0x0000000083c00000, 0x0000000083d00000|  0%| F|  |TAMS 0x0000000083c00000, 0x0000000083c00000| Untracked 
|  61|0x0000000083d00000, 0x0000000083d00000, 0x0000000083e00000|  0%| F|  |TAMS 0x0000000083d00000, 0x0000000083d00000| Untracked 
|  62|0x0000000083e00000, 0x0000000083e00000, 0x0000000083f00000|  0%| F|  |TAMS 0x0000000083e00000, 0x0000000083e00000| Untracked 
|  63|0x0000000083f00000, 0x0000000083f00000, 0x0000000084000000|  0%| F|  |TAMS 0x0000000083f00000, 0x0000000083f00000| Untracked 
|  64|0x0000000084000000, 0x0000000084000000, 0x0000000084100000|  0%| F|  |TAMS 0x0000000084000000, 0x0000000084000000| Untracked 
|  65|0x0000000084100000, 0x000000008419ba60, 0x0000000084200000| 60%| S|CS|TAMS 0x0000000084100000, 0x0000000084100000| Complete 
|  66|0x0000000084200000, 0x0000000084300000, 0x0000000084300000|100%| S|CS|TAMS 0x0000000084200000, 0x0000000084200000| Complete 
|  67|0x0000000084300000, 0x0000000084400000, 0x0000000084400000|100%| S|CS|TAMS 0x0000000084300000, 0x0000000084300000| Complete 
|  68|0x0000000084400000, 0x0000000084500000, 0x0000000084500000|100%| S|CS|TAMS 0x0000000084400000, 0x0000000084400000| Complete 
|  69|0x0000000084500000, 0x0000000084500000, 0x0000000084600000|  0%| F|  |TAMS 0x0000000084500000, 0x0000000084500000| Untracked 
|  70|0x0000000084600000, 0x0000000084600000, 0x0000000084700000|  0%| F|  |TAMS 0x0000000084600000, 0x0000000084600000| Untracked 
|  71|0x0000000084700000, 0x0000000084700000, 0x0000000084800000|  0%| F|  |TAMS 0x0000000084700000, 0x0000000084700000| Untracked 
|  72|0x0000000084800000, 0x0000000084800000, 0x0000000084900000|  0%| F|  |TAMS 0x0000000084800000, 0x0000000084800000| Untracked 
|  73|0x0000000084900000, 0x0000000084900000, 0x0000000084a00000|  0%| F|  |TAMS 0x0000000084900000, 0x0000000084900000| Untracked 
|  74|0x0000000084a00000, 0x0000000084a00000, 0x0000000084b00000|  0%| F|  |TAMS 0x0000000084a00000, 0x0000000084a00000| Untracked 
|  75|0x0000000084b00000, 0x0000000084b00000, 0x0000000084c00000|  0%| F|  |TAMS 0x0000000084b00000, 0x0000000084b00000| Untracked 
|  76|0x0000000084c00000, 0x0000000084c00000, 0x0000000084d00000|  0%| F|  |TAMS 0x0000000084c00000, 0x0000000084c00000| Untracked 
|  77|0x0000000084d00000, 0x0000000084d00000, 0x0000000084e00000|  0%| F|  |TAMS 0x0000000084d00000, 0x0000000084d00000| Untracked 
|  78|0x0000000084e00000, 0x0000000084e00000, 0x0000000084f00000|  0%| F|  |TAMS 0x0000000084e00000, 0x0000000084e00000| Untracked 
|  79|0x0000000084f00000, 0x0000000084f00000, 0x0000000085000000|  0%| F|  |TAMS 0x0000000084f00000, 0x0000000084f00000| Untracked 
|  80|0x0000000085000000, 0x0000000085000000, 0x0000000085100000|  0%| F|  |TAMS 0x0000000085000000, 0x0000000085000000| Untracked 
|  81|0x0000000085100000, 0x0000000085100000, 0x0000000085200000|  0%| F|  |TAMS 0x0000000085100000, 0x0000000085100000| Untracked 
|  82|0x0000000085200000, 0x0000000085200000, 0x0000000085300000|  0%| F|  |TAMS 0x0000000085200000, 0x0000000085200000| Untracked 
|  83|0x0000000085300000, 0x0000000085300000, 0x0000000085400000|  0%| F|  |TAMS 0x0000000085300000, 0x0000000085300000| Untracked 
|  84|0x0000000085400000, 0x0000000085400000, 0x0000000085500000|  0%| F|  |TAMS 0x0000000085400000, 0x0000000085400000| Untracked 
|  85|0x0000000085500000, 0x0000000085500000, 0x0000000085600000|  0%| F|  |TAMS 0x0000000085500000, 0x0000000085500000| Untracked 
|  86|0x0000000085600000, 0x0000000085600000, 0x0000000085700000|  0%| F|  |TAMS 0x0000000085600000, 0x0000000085600000| Untracked 
|  87|0x0000000085700000, 0x0000000085700000, 0x0000000085800000|  0%| F|  |TAMS 0x0000000085700000, 0x0000000085700000| Untracked 
|  88|0x0000000085800000, 0x0000000085800000, 0x0000000085900000|  0%| F|  |TAMS 0x0000000085800000, 0x0000000085800000| Untracked 
|  89|0x0000000085900000, 0x0000000085900000, 0x0000000085a00000|  0%| F|  |TAMS 0x0000000085900000, 0x0000000085900000| Untracked 
|  90|0x0000000085a00000, 0x0000000085a00000, 0x0000000085b00000|  0%| F|  |TAMS 0x0000000085a00000, 0x0000000085a00000| Untracked 
|  91|0x0000000085b00000, 0x0000000085b00000, 0x0000000085c00000|  0%| F|  |TAMS 0x0000000085b00000, 0x0000000085b00000| Untracked 
|  92|0x0000000085c00000, 0x0000000085c00000, 0x0000000085d00000|  0%| F|  |TAMS 0x0000000085c00000, 0x0000000085c00000| Untracked 
|  93|0x0000000085d00000, 0x0000000085d00000, 0x0000000085e00000|  0%| F|  |TAMS 0x0000000085d00000, 0x0000000085d00000| Untracked 
|  94|0x0000000085e00000, 0x0000000085e00000, 0x0000000085f00000|  0%| F|  |TAMS 0x0000000085e00000, 0x0000000085e00000| Untracked 
|  95|0x0000000085f00000, 0x0000000085f00000, 0x0000000086000000|  0%| F|  |TAMS 0x0000000085f00000, 0x0000000085f00000| Untracked 
|  96|0x0000000086000000, 0x0000000086000000, 0x0000000086100000|  0%| F|  |TAMS 0x0000000086000000, 0x0000000086000000| Untracked 
|  97|0x0000000086100000, 0x0000000086100000, 0x0000000086200000|  0%| F|  |TAMS 0x0000000086100000, 0x0000000086100000| Untracked 
|  98|0x0000000086200000, 0x0000000086200000, 0x0000000086300000|  0%| F|  |TAMS 0x0000000086200000, 0x0000000086200000| Untracked 
|  99|0x0000000086300000, 0x0000000086300000, 0x0000000086400000|  0%| F|  |TAMS 0x0000000086300000, 0x0000000086300000| Untracked 
| 100|0x0000000086400000, 0x0000000086400000, 0x0000000086500000|  0%| F|  |TAMS 0x0000000086400000, 0x0000000086400000| Untracked 
| 101|0x0000000086500000, 0x0000000086500000, 0x0000000086600000|  0%| F|  |TAMS 0x0000000086500000, 0x0000000086500000| Untracked 
| 102|0x0000000086600000, 0x0000000086600000, 0x0000000086700000|  0%| F|  |TAMS 0x0000000086600000, 0x0000000086600000| Untracked 
| 103|0x0000000086700000, 0x0000000086700000, 0x0000000086800000|  0%| F|  |TAMS 0x0000000086700000, 0x0000000086700000| Untracked 
| 104|0x0000000086800000, 0x0000000086800000, 0x0000000086900000|  0%| F|  |TAMS 0x0000000086800000, 0x0000000086800000| Untracked 
| 105|0x0000000086900000, 0x0000000086900000, 0x0000000086a00000|  0%| F|  |TAMS 0x0000000086900000, 0x0000000086900000| Untracked 
| 106|0x0000000086a00000, 0x0000000086a00000, 0x0000000086b00000|  0%| F|  |TAMS 0x0000000086a00000, 0x0000000086a00000| Untracked 
| 107|0x0000000086b00000, 0x0000000086b00000, 0x0000000086c00000|  0%| F|  |TAMS 0x0000000086b00000, 0x0000000086b00000| Untracked 
| 108|0x0000000086c00000, 0x0000000086c00000, 0x0000000086d00000|  0%| F|  |TAMS 0x0000000086c00000, 0x0000000086c00000| Untracked 
| 109|0x0000000086d00000, 0x0000000086d00000, 0x0000000086e00000|  0%| F|  |TAMS 0x0000000086d00000, 0x0000000086d00000| Untracked 
| 110|0x0000000086e00000, 0x0000000086e00000, 0x0000000086f00000|  0%| F|  |TAMS 0x0000000086e00000, 0x0000000086e00000| Untracked 
| 111|0x0000000086f00000, 0x0000000086f00000, 0x0000000087000000|  0%| F|  |TAMS 0x0000000086f00000, 0x0000000086f00000| Untracked 
| 112|0x0000000087000000, 0x0000000087000000, 0x0000000087100000|  0%| F|  |TAMS 0x0000000087000000, 0x0000000087000000| Untracked 
| 113|0x0000000087100000, 0x0000000087100000, 0x0000000087200000|  0%| F|  |TAMS 0x0000000087100000, 0x0000000087100000| Untracked 
| 114|0x0000000087200000, 0x0000000087200000, 0x0000000087300000|  0%| F|  |TAMS 0x0000000087200000, 0x0000000087200000| Untracked 
| 115|0x0000000087300000, 0x0000000087300000, 0x0000000087400000|  0%| F|  |TAMS 0x0000000087300000, 0x0000000087300000| Untracked 
| 116|0x0000000087400000, 0x0000000087400000, 0x0000000087500000|  0%| F|  |TAMS 0x0000000087400000, 0x0000000087400000| Untracked 
| 117|0x0000000087500000, 0x0000000087500000, 0x0000000087600000|  0%| F|  |TAMS 0x0000000087500000, 0x0000000087500000| Untracked 
| 118|0x0000000087600000, 0x0000000087600000, 0x0000000087700000|  0%| F|  |TAMS 0x0000000087600000, 0x0000000087600000| Untracked 
| 119|0x0000000087700000, 0x0000000087700000, 0x0000000087800000|  0%| F|  |TAMS 0x0000000087700000, 0x0000000087700000| Untracked 
| 120|0x0000000087800000, 0x0000000087800000, 0x0000000087900000|  0%| F|  |TAMS 0x0000000087800000, 0x0000000087800000| Untracked 
| 121|0x0000000087900000, 0x0000000087900000, 0x0000000087a00000|  0%| F|  |TAMS 0x0000000087900000, 0x0000000087900000| Untracked 
| 122|0x0000000087a00000, 0x0000000087a00000, 0x0000000087b00000|  0%| F|  |TAMS 0x0000000087a00000, 0x0000000087a00000| Untracked 
| 123|0x0000000087b00000, 0x0000000087b00000, 0x0000000087c00000|  0%| F|  |TAMS 0x0000000087b00000, 0x0000000087b00000| Untracked 
| 124|0x0000000087c00000, 0x0000000087c00000, 0x0000000087d00000|  0%| F|  |TAMS 0x0000000087c00000, 0x0000000087c00000| Untracked 
| 125|0x0000000087d00000, 0x0000000087d00000, 0x0000000087e00000|  0%| F|  |TAMS 0x0000000087d00000, 0x0000000087d00000| Untracked 
| 126|0x0000000087e00000, 0x0000000087e00000, 0x0000000087f00000|  0%| F|  |TAMS 0x0000000087e00000, 0x0000000087e00000| Untracked 
| 127|0x0000000087f00000, 0x0000000087f00000, 0x0000000088000000|  0%| F|  |TAMS 0x0000000087f00000, 0x0000000087f00000| Untracked 
| 128|0x0000000088000000, 0x0000000088000000, 0x0000000088100000|  0%| F|  |TAMS 0x0000000088000000, 0x0000000088000000| Untracked 
| 129|0x0000000088100000, 0x0000000088100000, 0x0000000088200000|  0%| F|  |TAMS 0x0000000088100000, 0x0000000088100000| Untracked 
| 130|0x0000000088200000, 0x0000000088200000, 0x0000000088300000|  0%| F|  |TAMS 0x0000000088200000, 0x0000000088200000| Untracked 
| 131|0x0000000088300000, 0x0000000088300000, 0x0000000088400000|  0%| F|  |TAMS 0x0000000088300000, 0x0000000088300000| Untracked 
| 132|0x0000000088400000, 0x0000000088400000, 0x0000000088500000|  0%| F|  |TAMS 0x0000000088400000, 0x0000000088400000| Untracked 
| 133|0x0000000088500000, 0x0000000088500000, 0x0000000088600000|  0%| F|  |TAMS 0x0000000088500000, 0x0000000088500000| Untracked 
| 134|0x0000000088600000, 0x0000000088600000, 0x0000000088700000|  0%| F|  |TAMS 0x0000000088600000, 0x0000000088600000| Untracked 
| 135|0x0000000088700000, 0x0000000088700000, 0x0000000088800000|  0%| F|  |TAMS 0x0000000088700000, 0x0000000088700000| Untracked 
| 136|0x0000000088800000, 0x0000000088800000, 0x0000000088900000|  0%| F|  |TAMS 0x0000000088800000, 0x0000000088800000| Untracked 
| 137|0x0000000088900000, 0x0000000088900000, 0x0000000088a00000|  0%| F|  |TAMS 0x0000000088900000, 0x0000000088900000| Untracked 
| 138|0x0000000088a00000, 0x0000000088a00000, 0x0000000088b00000|  0%| F|  |TAMS 0x0000000088a00000, 0x0000000088a00000| Untracked 
| 139|0x0000000088b00000, 0x0000000088b00000, 0x0000000088c00000|  0%| F|  |TAMS 0x0000000088b00000, 0x0000000088b00000| Untracked 
| 140|0x0000000088c00000, 0x0000000088c00000, 0x0000000088d00000|  0%| F|  |TAMS 0x0000000088c00000, 0x0000000088c00000| Untracked 
| 141|0x0000000088d00000, 0x0000000088d00000, 0x0000000088e00000|  0%| F|  |TAMS 0x0000000088d00000, 0x0000000088d00000| Untracked 
| 142|0x0000000088e00000, 0x0000000088e00000, 0x0000000088f00000|  0%| F|  |TAMS 0x0000000088e00000, 0x0000000088e00000| Untracked 
| 143|0x0000000088f00000, 0x0000000088f00000, 0x0000000089000000|  0%| F|  |TAMS 0x0000000088f00000, 0x0000000088f00000| Untracked 
| 144|0x0000000089000000, 0x0000000089000000, 0x0000000089100000|  0%| F|  |TAMS 0x0000000089000000, 0x0000000089000000| Untracked 
| 145|0x0000000089100000, 0x0000000089100000, 0x0000000089200000|  0%| F|  |TAMS 0x0000000089100000, 0x0000000089100000| Untracked 
| 146|0x0000000089200000, 0x0000000089200000, 0x0000000089300000|  0%| F|  |TAMS 0x0000000089200000, 0x0000000089200000| Untracked 
| 147|0x0000000089300000, 0x0000000089300000, 0x0000000089400000|  0%| F|  |TAMS 0x0000000089300000, 0x0000000089300000| Untracked 
| 148|0x0000000089400000, 0x0000000089400000, 0x0000000089500000|  0%| F|  |TAMS 0x0000000089400000, 0x0000000089400000| Untracked 
| 149|0x0000000089500000, 0x0000000089500000, 0x0000000089600000|  0%| F|  |TAMS 0x0000000089500000, 0x0000000089500000| Untracked 
| 150|0x0000000089600000, 0x0000000089600000, 0x0000000089700000|  0%| F|  |TAMS 0x0000000089600000, 0x0000000089600000| Untracked 
| 151|0x0000000089700000, 0x0000000089700000, 0x0000000089800000|  0%| F|  |TAMS 0x0000000089700000, 0x0000000089700000| Untracked 
| 152|0x0000000089800000, 0x0000000089800000, 0x0000000089900000|  0%| F|  |TAMS 0x0000000089800000, 0x0000000089800000| Untracked 
| 153|0x0000000089900000, 0x0000000089900000, 0x0000000089a00000|  0%| F|  |TAMS 0x0000000089900000, 0x0000000089900000| Untracked 
| 154|0x0000000089a00000, 0x0000000089a00000, 0x0000000089b00000|  0%| F|  |TAMS 0x0000000089a00000, 0x0000000089a00000| Untracked 
| 155|0x0000000089b00000, 0x0000000089b00000, 0x0000000089c00000|  0%| F|  |TAMS 0x0000000089b00000, 0x0000000089b00000| Untracked 
| 156|0x0000000089c00000, 0x0000000089c00000, 0x0000000089d00000|  0%| F|  |TAMS 0x0000000089c00000, 0x0000000089c00000| Untracked 
| 157|0x0000000089d00000, 0x0000000089d00000, 0x0000000089e00000|  0%| F|  |TAMS 0x0000000089d00000, 0x0000000089d00000| Untracked 
| 158|0x0000000089e00000, 0x0000000089e00000, 0x0000000089f00000|  0%| F|  |TAMS 0x0000000089e00000, 0x0000000089e00000| Untracked 
| 159|0x0000000089f00000, 0x0000000089f00000, 0x000000008a000000|  0%| F|  |TAMS 0x0000000089f00000, 0x0000000089f00000| Untracked 
| 160|0x000000008a000000, 0x000000008a000000, 0x000000008a100000|  0%| F|  |TAMS 0x000000008a000000, 0x000000008a000000| Untracked 
| 161|0x000000008a100000, 0x000000008a100000, 0x000000008a200000|  0%| F|  |TAMS 0x000000008a100000, 0x000000008a100000| Untracked 

Card table byte_map: [0x000001e73b0a0000,0x000001e73b4a0000] _byte_map_base: 0x000001e73aca0000

Marking Bits (Prev, Next): (CMBitMap*) 0x000001e727b8d738, (CMBitMap*) 0x000001e727b8d770
 Prev Bits: [0x000001e73b8a0000, 0x000001e73d8a0000)
 Next Bits: [0x000001e73d8a0000, 0x000001e73f8a0000)

Polling page: 0x000001e72b650000

Metaspace:

Usage:
  Non-class:     42.48 MB capacity,    41.74 MB ( 98%) used,   628.49 KB (  1%) free+waste,   126.69 KB ( <1%) overhead. 
      Class:      6.53 MB capacity,     6.10 MB ( 93%) used,   380.73 KB (  6%) free+waste,    60.25 KB ( <1%) overhead. 
       Both:     49.01 MB capacity,    47.84 MB ( 98%) used,  1009.22 KB (  2%) free+waste,   186.94 KB ( <1%) overhead. 

Virtual space:
  Non-class space:       44.00 MB reserved,      42.50 MB ( 97%) committed 
      Class space:        1.00 GB reserved,       6.63 MB ( <1%) committed 
             Both:        1.04 GB reserved,      49.13 MB (  5%) committed 

Chunk freelists:
   Non-Class:  18.00 KB
       Class:  4.00 KB
        Both:  22.00 KB

MaxMetaspaceSize: 17179869184.00 GB
CompressedClassSpaceSize: 1.00 GB

CodeHeap 'non-profiled nmethods': size=120064Kb used=2250Kb max_used=2250Kb free=117813Kb
 bounds [0x000001e733130000, 0x000001e7333a0000, 0x000001e73a670000]
CodeHeap 'profiled nmethods': size=120000Kb used=10456Kb max_used=10456Kb free=109543Kb
 bounds [0x000001e72bc00000, 0x000001e72c640000, 0x000001e733130000]
CodeHeap 'non-nmethods': size=5696Kb used=2218Kb max_used=2278Kb free=3477Kb
 bounds [0x000001e72b670000, 0x000001e72b8e0000, 0x000001e72bc00000]
 total_blobs=6114 nmethods=5318 adapters=706
 compilation: enabled
              stopped_count=0, restarted_count=0
 full_count=0

Compilation events (20 events):
Event: 8.950 Thread 0x000001e741f14000 5423       2       sun.nio.fs.NativeBuffers::getNativeBuffer (21 bytes)
Event: 8.951 Thread 0x000001e741f14000 nmethod 5423 0x000001e72c634610 code [0x000001e72c6347e0, 0x000001e72c6349d8]
Event: 8.954 Thread 0x000001e741f14000 5424       2       java.util.Collections::eq (22 bytes)
Event: 8.954 Thread 0x000001e741f14000 nmethod 5424 0x000001e72c634b10 code [0x000001e72c634cc0, 0x000001e72c634de8]
Event: 8.954 Thread 0x000001e741f14000 5425       1       javax.management.ObjectName$Property::setKeyIndex (6 bytes)
Event: 8.954 Thread 0x000001e741f14000 nmethod 5425 0x000001e733361b90 code [0x000001e733361d40, 0x000001e733361df8]
Event: 8.954 Thread 0x000001e741f14000 5426       1       java.util.Spliterators$EmptySpliterator::characteristics (4 bytes)
Event: 8.954 Thread 0x000001e741f14000 nmethod 5426 0x000001e733361e90 code [0x000001e733362040, 0x000001e7333620f8]
Event: 8.954 Thread 0x000001e741f14000 5427       1       sun.management.MemoryPoolImpl::getName (5 bytes)
Event: 8.954 Thread 0x000001e741f14000 nmethod 5427 0x000001e733362190 code [0x000001e733362340, 0x000001e7333623f8]
Event: 8.956 Thread 0x000001e741f14000 5428       2       org.objectweb.asm.AnnotationWriter::visitEnum (63 bytes)
Event: 8.956 Thread 0x000001e741f14000 nmethod 5428 0x000001e72c634e90 code [0x000001e72c635080, 0x000001e72c6352b8]
Event: 9.012 Thread 0x000001e741f14000 5429       1       java.nio.channels.FileLock::position (5 bytes)
Event: 9.012 Thread 0x000001e741f14000 nmethod 5429 0x000001e733362490 code [0x000001e733362640, 0x000001e7333626f8]
Event: 9.012 Thread 0x000001e741f14000 5430       1       java.nio.channels.FileLock::size (5 bytes)
Event: 9.012 Thread 0x000001e741f14000 nmethod 5430 0x000001e733362790 code [0x000001e733362940, 0x000001e7333629f8]
Event: 9.044 Thread 0x000001e741f14000 5431       2       com.google.common.collect.AbstractIterator::<init> (12 bytes)
Event: 9.045 Thread 0x000001e741f14000 nmethod 5431 0x000001e72c635510 code [0x000001e72c6356c0, 0x000001e72c635818]
Event: 9.072 Thread 0x000001e741f14000 5432       2       org.objectweb.asm.Label::addSubroutineRetSuccessors (125 bytes)
Event: 9.073 Thread 0x000001e741f14000 nmethod 5432 0x000001e72c635890 code [0x000001e72c635a80, 0x000001e72c635f48]

GC Heap History (20 events):
Event: 6.612 GC heap after
{Heap after GC invocations=19 (full 0):
 garbage-first heap   total 114688K, used 33521K [0x0000000080000000, 0x0000000100000000)
  region size 1024K, 4 young (4096K), 4 survivors (4096K)
 Metaspace       used 48892K, capacity 50058K, committed 50304K, reserved 1093632K
  class space    used 6240K, capacity 6684K, committed 6784K, reserved 1048576K
}
Event: 6.800 GC heap before
{Heap before GC invocations=19 (full 0):
 garbage-first heap   total 114688K, used 87793K [0x0000000080000000, 0x0000000100000000)
  region size 1024K, 57 young (58368K), 4 survivors (4096K)
 Metaspace       used 48921K, capacity 50122K, committed 50304K, reserved 1093632K
  class space    used 6241K, capacity 6684K, committed 6784K, reserved 1048576K
}
Event: 6.806 GC heap after
{Heap after GC invocations=20 (full 0):
 garbage-first heap   total 114688K, used 33342K [0x0000000080000000, 0x0000000100000000)
  region size 1024K, 4 young (4096K), 4 survivors (4096K)
 Metaspace       used 48921K, capacity 50122K, committed 50304K, reserved 1093632K
  class space    used 6241K, capacity 6684K, committed 6784K, reserved 1048576K
}
Event: 6.959 GC heap before
{Heap before GC invocations=20 (full 0):
 garbage-first heap   total 114688K, used 89662K [0x0000000080000000, 0x0000000100000000)
  region size 1024K, 60 young (61440K), 4 survivors (4096K)
 Metaspace       used 48934K, capacity 50122K, committed 50304K, reserved 1093632K
  class space    used 6241K, capacity 6684K, committed 6784K, reserved 1048576K
}
Event: 6.965 GC heap after
{Heap after GC invocations=21 (full 0):
 garbage-first heap   total 138240K, used 33826K [0x0000000080000000, 0x0000000100000000)
  region size 1024K, 4 young (4096K), 4 survivors (4096K)
 Metaspace       used 48934K, capacity 50122K, committed 50304K, reserved 1093632K
  class space    used 6241K, capacity 6684K, committed 6784K, reserved 1048576K
}
Event: 7.245 GC heap before
{Heap before GC invocations=21 (full 0):
 garbage-first heap   total 138240K, used 100386K [0x0000000080000000, 0x0000000100000000)
  region size 1024K, 70 young (71680K), 4 survivors (4096K)
 Metaspace       used 48966K, capacity 50186K, committed 50304K, reserved 1093632K
  class space    used 6243K, capacity 6684K, committed 6784K, reserved 1048576K
}
Event: 7.249 GC heap after
{Heap after GC invocations=22 (full 0):
 garbage-first heap   total 138240K, used 34661K [0x0000000080000000, 0x0000000100000000)
  region size 1024K, 5 young (5120K), 5 survivors (5120K)
 Metaspace       used 48966K, capacity 50186K, committed 50304K, reserved 1093632K
  class space    used 6243K, capacity 6684K, committed 6784K, reserved 1048576K
}
Event: 7.396 GC heap before
{Heap before GC invocations=22 (full 0):
 garbage-first heap   total 138240K, used 104293K [0x0000000080000000, 0x0000000100000000)
  region size 1024K, 75 young (76800K), 5 survivors (5120K)
 Metaspace       used 48967K, capacity 50186K, committed 50304K, reserved 1093632K
  class space    used 6243K, capacity 6684K, committed 6784K, reserved 1048576K
}
Event: 7.401 GC heap after
{Heap after GC invocations=23 (full 0):
 garbage-first heap   total 138240K, used 34908K [0x0000000080000000, 0x0000000100000000)
  region size 1024K, 5 young (5120K), 5 survivors (5120K)
 Metaspace       used 48967K, capacity 50186K, committed 50304K, reserved 1093632K
  class space    used 6243K, capacity 6684K, committed 6784K, reserved 1048576K
}
Event: 7.641 GC heap before
{Heap before GC invocations=23 (full 0):
 garbage-first heap   total 138240K, used 108636K [0x0000000080000000, 0x0000000100000000)
  region size 1024K, 77 young (78848K), 5 survivors (5120K)
 Metaspace       used 48967K, capacity 50186K, committed 50304K, reserved 1093632K
  class space    used 6243K, capacity 6684K, committed 6784K, reserved 1048576K
}
Event: 7.648 GC heap after
{Heap after GC invocations=24 (full 0):
 garbage-first heap   total 138240K, used 34939K [0x0000000080000000, 0x0000000100000000)
  region size 1024K, 5 young (5120K), 5 survivors (5120K)
 Metaspace       used 48967K, capacity 50186K, committed 50304K, reserved 1093632K
  class space    used 6243K, capacity 6684K, committed 6784K, reserved 1048576K
}
Event: 7.883 GC heap before
{Heap before GC invocations=24 (full 0):
 garbage-first heap   total 138240K, used 109691K [0x0000000080000000, 0x0000000100000000)
  region size 1024K, 78 young (79872K), 5 survivors (5120K)
 Metaspace       used 48967K, capacity 50186K, committed 50304K, reserved 1093632K
  class space    used 6243K, capacity 6684K, committed 6784K, reserved 1048576K
}
Event: 7.891 GC heap after
{Heap after GC invocations=25 (full 0):
 garbage-first heap   total 165888K, used 35774K [0x0000000080000000, 0x0000000100000000)
  region size 1024K, 6 young (6144K), 6 survivors (6144K)
 Metaspace       used 48967K, capacity 50186K, committed 50304K, reserved 1093632K
  class space    used 6243K, capacity 6684K, committed 6784K, reserved 1048576K
}
Event: 8.132 GC heap before
{Heap before GC invocations=25 (full 0):
 garbage-first heap   total 165888K, used 117694K [0x0000000080000000, 0x0000000100000000)
  region size 1024K, 87 young (89088K), 6 survivors (6144K)
 Metaspace       used 48967K, capacity 50186K, committed 50304K, reserved 1093632K
  class space    used 6243K, capacity 6684K, committed 6784K, reserved 1048576K
}
Event: 8.138 GC heap after
{Heap after GC invocations=26 (full 0):
 garbage-first heap   total 165888K, used 36865K [0x0000000080000000, 0x0000000100000000)
  region size 1024K, 7 young (7168K), 7 survivors (7168K)
 Metaspace       used 48967K, capacity 50186K, committed 50304K, reserved 1093632K
  class space    used 6243K, capacity 6684K, committed 6784K, reserved 1048576K
}
Event: 8.548 GC heap before
{Heap before GC invocations=26 (full 0):
 garbage-first heap   total 165888K, used 124929K [0x0000000080000000, 0x0000000100000000)
  region size 1024K, 93 young (95232K), 7 survivors (7168K)
 Metaspace       used 48977K, capacity 50186K, committed 50304K, reserved 1093632K
  class space    used 6243K, capacity 6684K, committed 6784K, reserved 1048576K
}
Event: 8.555 GC heap after
{Heap after GC invocations=27 (full 0):
 garbage-first heap   total 165888K, used 35679K [0x0000000080000000, 0x0000000100000000)
  region size 1024K, 5 young (5120K), 5 survivors (5120K)
 Metaspace       used 48977K, capacity 50186K, committed 50304K, reserved 1093632K
  class space    used 6243K, capacity 6684K, committed 6784K, reserved 1048576K
}
Event: 8.875 GC heap before
{Heap before GC invocations=27 (full 0):
 garbage-first heap   total 165888K, used 128863K [0x0000000080000000, 0x0000000100000000)
  region size 1024K, 97 young (99328K), 5 survivors (5120K)
 Metaspace       used 48988K, capacity 50186K, committed 50304K, reserved 1093632K
  class space    used 6243K, capacity 6684K, committed 6784K, reserved 1048576K
}
Event: 8.880 GC heap after
{Heap after GC invocations=28 (full 0):
 garbage-first heap   total 165888K, used 34908K [0x0000000080000000, 0x0000000100000000)
  region size 1024K, 5 young (5120K), 5 survivors (5120K)
 Metaspace       used 48988K, capacity 50186K, committed 50304K, reserved 1093632K
  class space    used 6243K, capacity 6684K, committed 6784K, reserved 1048576K
}
Event: 9.087 GC heap before
{Heap before GC invocations=28 (full 0):
 garbage-first heap   total 165888K, used 129116K [0x0000000080000000, 0x0000000100000000)
  region size 1024K, 97 young (99328K), 5 survivors (5120K)
 Metaspace       used 48989K, capacity 50186K, committed 50304K, reserved 1093632K
  class space    used 6243K, capacity 6684K, committed 6784K, reserved 1048576K
}

Deoptimization events (20 events):
Event: 9.042 Thread 0x000001e746d4a800 DEOPT PACKING pc=0x000001e72c5f596e sp=0x00000064bf0fdbc0
Event: 9.042 Thread 0x000001e746d4a800 DEOPT UNPACKING pc=0x000001e72b696dde sp=0x00000064bf0fd230 mode 0
Event: 9.047 Thread 0x000001e746d45800 DEOPT PACKING pc=0x000001e72c5f692c sp=0x00000064becfdd70
Event: 9.047 Thread 0x000001e746d45800 DEOPT UNPACKING pc=0x000001e72b696dde sp=0x00000064becfd3e0 mode 0
Event: 9.056 Thread 0x000001e746d4a800 DEOPT PACKING pc=0x000001e72c5f596e sp=0x00000064bf0fdbc0
Event: 9.056 Thread 0x000001e746d4a800 DEOPT UNPACKING pc=0x000001e72b696dde sp=0x00000064bf0fd230 mode 0
Event: 9.060 Thread 0x000001e746d4a800 DEOPT PACKING pc=0x000001e72c5f596e sp=0x00000064bf0fdbc0
Event: 9.060 Thread 0x000001e746d4a800 DEOPT UNPACKING pc=0x000001e72b696dde sp=0x00000064bf0fd230 mode 0
Event: 9.064 Thread 0x000001e746d45800 DEOPT PACKING pc=0x000001e72c5f596e sp=0x00000064becfdd70
Event: 9.064 Thread 0x000001e746d45800 DEOPT UNPACKING pc=0x000001e72b696dde sp=0x00000064becfd3e0 mode 0
Event: 9.069 Thread 0x000001e746d4a800 DEOPT PACKING pc=0x000001e72c5f692c sp=0x00000064bf0fdbc0
Event: 9.069 Thread 0x000001e746d4a800 DEOPT UNPACKING pc=0x000001e72b696dde sp=0x00000064bf0fd230 mode 0
Event: 9.071 Thread 0x000001e746d45800 DEOPT PACKING pc=0x000001e72c5f692c sp=0x00000064becfdd70
Event: 9.071 Thread 0x000001e746d45800 DEOPT UNPACKING pc=0x000001e72b696dde sp=0x00000064becfd3e0 mode 0
Event: 9.075 Thread 0x000001e746d45800 DEOPT PACKING pc=0x000001e72c5f692c sp=0x00000064becfdd70
Event: 9.075 Thread 0x000001e746d45800 DEOPT UNPACKING pc=0x000001e72b696dde sp=0x00000064becfd3e0 mode 0
Event: 9.078 Thread 0x000001e746d45800 DEOPT PACKING pc=0x000001e72c5f692c sp=0x00000064becfdd70
Event: 9.078 Thread 0x000001e746d45800 DEOPT UNPACKING pc=0x000001e72b696dde sp=0x00000064becfd3e0 mode 0
Event: 9.086 Thread 0x000001e746d45800 DEOPT PACKING pc=0x000001e72c5f692c sp=0x00000064becfdd70
Event: 9.086 Thread 0x000001e746d45800 DEOPT UNPACKING pc=0x000001e72b696dde sp=0x00000064becfd3e0 mode 0

Classes redefined (0 events):
No events

Internal exceptions (20 events):
Event: 8.704 Thread 0x000001e7483ee000 Exception <a 'sun/nio/fs/WindowsException'{0x0000000088cc4f20}> (0x0000000088cc4f20) thrown at [./src/hotspot/share/prims/jni.cpp, line 615]
Event: 8.705 Thread 0x000001e746d4a000 Exception <a 'sun/nio/fs/WindowsException'{0x0000000087c427f0}> (0x0000000087c427f0) thrown at [./src/hotspot/share/prims/jni.cpp, line 615]
Event: 8.705 Thread 0x000001e746d4a800 Exception <a 'sun/nio/fs/WindowsException'{0x00000000899d8a50}> (0x00000000899d8a50) thrown at [./src/hotspot/share/prims/jni.cpp, line 615]
Event: 8.746 Thread 0x000001e7483ee000 Exception <a 'sun/nio/fs/WindowsException'{0x000000008791e138}> (0x000000008791e138) thrown at [./src/hotspot/share/prims/jni.cpp, line 615]
Event: 8.769 Thread 0x000001e746d4a000 Exception <a 'sun/nio/fs/WindowsException'{0x0000000087971478}> (0x0000000087971478) thrown at [./src/hotspot/share/prims/jni.cpp, line 615]
Event: 8.918 Thread 0x000001e7483ee000 Exception <a 'sun/nio/fs/WindowsException'{0x0000000088dc4e20}> (0x0000000088dc4e20) thrown at [./src/hotspot/share/prims/jni.cpp, line 615]
Event: 8.918 Thread 0x000001e7483ee000 Exception <a 'sun/nio/fs/WindowsException'{0x0000000088dc4fd0}> (0x0000000088dc4fd0) thrown at [./src/hotspot/share/prims/jni.cpp, line 615]
Event: 8.950 Thread 0x000001e7483ee000 Exception <a 'sun/nio/fs/WindowsException'{0x0000000088de07b8}> (0x0000000088de07b8) thrown at [./src/hotspot/share/prims/jni.cpp, line 615]
Event: 8.996 Thread 0x000001e746d4a000 Exception <a 'sun/nio/fs/WindowsException'{0x0000000086d3aed0}> (0x0000000086d3aed0) thrown at [./src/hotspot/share/prims/jni.cpp, line 615]
Event: 9.011 Thread 0x000001e746d4a000 Exception <a 'sun/nio/fs/WindowsException'{0x0000000086d3b068}> (0x0000000086d3b068) thrown at [./src/hotspot/share/prims/jni.cpp, line 615]
Event: 9.020 Thread 0x000001e7483ee000 Exception <a 'sun/nio/fs/WindowsException'{0x0000000085e07e80}> (0x0000000085e07e80) thrown at [./src/hotspot/share/prims/jni.cpp, line 615]
Event: 9.031 Thread 0x000001e7483ee000 Exception <a 'sun/nio/fs/WindowsException'{0x0000000085e08018}> (0x0000000085e08018) thrown at [./src/hotspot/share/prims/jni.cpp, line 615]
Event: 9.034 Thread 0x000001e746d4a000 Exception <a 'sun/nio/fs/WindowsException'{0x0000000086d450d0}> (0x0000000086d450d0) thrown at [./src/hotspot/share/prims/jni.cpp, line 615]
Event: 9.045 Thread 0x000001e7483ee000 Exception <a 'sun/nio/fs/WindowsException'{0x0000000085e0e3f8}> (0x0000000085e0e3f8) thrown at [./src/hotspot/share/prims/jni.cpp, line 615]
Event: 9.074 Thread 0x000001e746d4a000 Exception <a 'sun/nio/fs/WindowsException'{0x000000008529c608}> (0x000000008529c608) thrown at [./src/hotspot/share/prims/jni.cpp, line 615]
Event: 9.074 Thread 0x000001e7483ee000 Exception <a 'sun/nio/fs/WindowsException'{0x00000000851fbc38}> (0x00000000851fbc38) thrown at [./src/hotspot/share/prims/jni.cpp, line 615]
Event: 9.082 Thread 0x000001e746d4a800 Exception <a 'sun/nio/fs/WindowsException'{0x0000000084784998}> (0x0000000084784998) thrown at [./src/hotspot/share/prims/jni.cpp, line 615]
Event: 9.082 Thread 0x000001e746d4a800 Exception <a 'sun/nio/fs/WindowsException'{0x0000000084784b30}> (0x0000000084784b30) thrown at [./src/hotspot/share/prims/jni.cpp, line 615]
Event: 9.082 Thread 0x000001e746d4a000 Exception <a 'sun/nio/fs/WindowsException'{0x000000008529c7b8}> (0x000000008529c7b8) thrown at [./src/hotspot/share/prims/jni.cpp, line 615]
Event: 9.086 Thread 0x000001e7483ee000 Exception <a 'sun/nio/fs/WindowsException'{0x00000000851fbdd0}> (0x00000000851fbdd0) thrown at [./src/hotspot/share/prims/jni.cpp, line 615]

Events (20 events):
Event: 7.046 loading class org/objectweb/asm/TypePath done
Event: 7.244 Executing VM operation: G1CollectForAllocation
Event: 7.249 Executing VM operation: G1CollectForAllocation done
Event: 7.396 Executing VM operation: G1CollectForAllocation
Event: 7.396 Executing VM operation: G1CollectForAllocation done
Event: 7.396 Executing VM operation: G1CollectForAllocation
Event: 7.401 Executing VM operation: G1CollectForAllocation done
Event: 7.640 Executing VM operation: G1CollectForAllocation
Event: 7.648 Executing VM operation: G1CollectForAllocation done
Event: 7.883 Executing VM operation: G1CollectForAllocation
Event: 7.883 Executing VM operation: G1CollectForAllocation done
Event: 7.883 Executing VM operation: G1CollectForAllocation
Event: 7.892 Executing VM operation: G1CollectForAllocation done
Event: 8.132 Executing VM operation: G1CollectForAllocation
Event: 8.138 Executing VM operation: G1CollectForAllocation done
Event: 8.548 Executing VM operation: G1CollectForAllocation
Event: 8.555 Executing VM operation: G1CollectForAllocation done
Event: 8.875 Executing VM operation: G1CollectForAllocation
Event: 8.881 Executing VM operation: G1CollectForAllocation done
Event: 9.087 Executing VM operation: G1CollectForAllocation


Dynamic libraries:
0x00007ff7fb6f0000 - 0x00007ff7fb6fa000 	C:\Program Files\Android\Android Studio\jre\bin\java.exe
0x00007ffd2cbf0000 - 0x00007ffd2cde5000 	C:\Windows\SYSTEM32\ntdll.dll
0x00007ffd2bb90000 - 0x00007ffd2bc4d000 	C:\Windows\System32\KERNEL32.DLL
0x00007ffd2a800000 - 0x00007ffd2aac8000 	C:\Windows\System32\KERNELBASE.dll
0x00007ffd2a5a0000 - 0x00007ffd2a6a0000 	C:\Windows\System32\ucrtbase.dll
0x00007ffd23c10000 - 0x00007ffd23c29000 	C:\Program Files\Android\Android Studio\jre\bin\jli.dll
0x00007ffd22930000 - 0x00007ffd22947000 	C:\Program Files\Android\Android Studio\jre\bin\VCRUNTIME140.dll
0x00007ffd2b150000 - 0x00007ffd2b2f0000 	C:\Windows\System32\USER32.dll
0x00007ffd2aad0000 - 0x00007ffd2aaf2000 	C:\Windows\System32\win32u.dll
0x00007ffd10bb0000 - 0x00007ffd10e4a000 	C:\Windows\WinSxS\amd64_microsoft.windows.common-controls_6595b64144ccf1df_6.0.19041.844_none_ca00b6081b84eb1d\COMCTL32.dll
0x00007ffd2b680000 - 0x00007ffd2b6aa000 	C:\Windows\System32\GDI32.dll
0x00007ffd2b7f0000 - 0x00007ffd2b88e000 	C:\Windows\System32\msvcrt.dll
0x00007ffd2a490000 - 0x00007ffd2a59b000 	C:\Windows\System32\gdi32full.dll
0x00007ffd2abb0000 - 0x00007ffd2ac4d000 	C:\Windows\System32\msvcp_win.dll
0x00007ffd2bae0000 - 0x00007ffd2bb10000 	C:\Windows\System32\IMM32.DLL
0x00007ffd1de70000 - 0x00007ffd1df0d000 	C:\Program Files\Android\Android Studio\jre\bin\msvcp140.dll
0x00007ffcfeda0000 - 0x00007ffcff875000 	C:\Program Files\Android\Android Studio\jre\bin\server\jvm.dll
0x00007ffd2c970000 - 0x00007ffd2ca1c000 	C:\Windows\System32\ADVAPI32.dll
0x00007ffd2c180000 - 0x00007ffd2c21b000 	C:\Windows\System32\sechost.dll
0x00007ffd2ca80000 - 0x00007ffd2cbab000 	C:\Windows\System32\RPCRT4.dll
0x00007ffd2bc50000 - 0x00007ffd2bc58000 	C:\Windows\System32\PSAPI.DLL
0x00007ffd1ec50000 - 0x00007ffd1ec77000 	C:\Windows\SYSTEM32\WINMM.dll
0x00007ffd27c00000 - 0x00007ffd27c09000 	C:\Windows\SYSTEM32\WSOCK32.dll
0x00007ffd27af0000 - 0x00007ffd27afa000 	C:\Windows\SYSTEM32\VERSION.dll
0x00007ffd2b780000 - 0x00007ffd2b7eb000 	C:\Windows\System32\ws2_32.DLL
0x00007ffd28dd0000 - 0x00007ffd28de2000 	C:\Windows\SYSTEM32\kernel.appcore.dll
0x00007ffd27ad0000 - 0x00007ffd27ae1000 	C:\Program Files\Android\Android Studio\jre\bin\verify.dll
0x00007ffd281f0000 - 0x00007ffd283d4000 	C:\Windows\SYSTEM32\DBGHELP.DLL
0x00007ffd18060000 - 0x00007ffd1808c000 	C:\Windows\SYSTEM32\dbgcore.DLL
0x00007ffd2ab00000 - 0x00007ffd2ab80000 	C:\Windows\System32\bcryptPrimitives.dll
0x00007ffd27aa0000 - 0x00007ffd27ac9000 	C:\Program Files\Android\Android Studio\jre\bin\java.dll
0x00007ffd27b40000 - 0x00007ffd27b4b000 	C:\Program Files\Android\Android Studio\jre\bin\jimage.dll
0x00007ffd27a80000 - 0x00007ffd27a98000 	C:\Program Files\Android\Android Studio\jre\bin\zip.dll
0x00007ffd2c220000 - 0x00007ffd2c962000 	C:\Windows\System32\SHELL32.dll
0x00007ffd28620000 - 0x00007ffd28db1000 	C:\Windows\SYSTEM32\windows.storage.dll
0x00007ffd2bd10000 - 0x00007ffd2c065000 	C:\Windows\System32\combase.dll
0x00007ffd29cd0000 - 0x00007ffd29cfc000 	C:\Windows\SYSTEM32\Wldp.dll
0x00007ffd2bc60000 - 0x00007ffd2bd0e000 	C:\Windows\System32\SHCORE.dll
0x00007ffd2ca20000 - 0x00007ffd2ca75000 	C:\Windows\System32\shlwapi.dll
0x00007ffd2a270000 - 0x00007ffd2a28f000 	C:\Windows\SYSTEM32\profapi.dll
0x00007ffd24670000 - 0x00007ffd2468a000 	C:\Program Files\Android\Android Studio\jre\bin\net.dll
0x00007ffd22a90000 - 0x00007ffd22b9b000 	C:\Windows\SYSTEM32\WINHTTP.dll
0x00007ffd29a40000 - 0x00007ffd29aaa000 	C:\Windows\system32\mswsock.dll
0x00007ffd24650000 - 0x00007ffd24664000 	C:\Program Files\Android\Android Studio\jre\bin\nio.dll
0x00007ffd1ef50000 - 0x00007ffd1ef77000 	C:\Users\Pixel\.gradle\native\e1d6ef7f7dcc3fd88c89a11ec53ec762bb8ba0a96d01ffa2cd45eb1d1d8dd5c5\windows-amd64\native-platform.dll
0x00007ffd1da60000 - 0x00007ffd1dba4000 	C:\Users\Pixel\.gradle\native\0d407fdbe67a94daf76414ababcb853783967236a71b16ec16e742cd7a986fd3\windows-amd64\native-platform-file-events.dll
0x00007ffd27a70000 - 0x00007ffd27a7a000 	C:\Program Files\Android\Android Studio\jre\bin\management.dll
0x00007ffd279e0000 - 0x00007ffd279ed000 	C:\Program Files\Android\Android Studio\jre\bin\management_ext.dll
0x00007ffd29c10000 - 0x00007ffd29c28000 	C:\Windows\SYSTEM32\CRYPTSP.dll
0x00007ffd29590000 - 0x00007ffd295c4000 	C:\Windows\system32\rsaenh.dll
0x00007ffd2ab80000 - 0x00007ffd2aba7000 	C:\Windows\System32\bcrypt.dll
0x00007ffd2a1f0000 - 0x00007ffd2a21e000 	C:\Windows\SYSTEM32\USERENV.dll
0x00007ffd29c30000 - 0x00007ffd29c3c000 	C:\Windows\SYSTEM32\CRYPTBASE.dll
0x00007ffd29730000 - 0x00007ffd2976b000 	C:\Windows\SYSTEM32\IPHLPAPI.DLL
0x00007ffd2b660000 - 0x00007ffd2b668000 	C:\Windows\System32\NSI.dll
0x00007ffd23720000 - 0x00007ffd23737000 	C:\Windows\SYSTEM32\dhcpcsvc6.DLL
0x00007ffd23b80000 - 0x00007ffd23b9d000 	C:\Windows\SYSTEM32\dhcpcsvc.DLL
0x00007ffd29770000 - 0x00007ffd2983c000 	C:\Windows\SYSTEM32\DNSAPI.dll

dbghelp: loaded successfully - version: 4.0.5 - missing functions: none
symbol engine: initialized successfully - sym options: 0x614 - pdb path: .;C:\Program Files\Android\Android Studio\jre\bin;C:\Windows\SYSTEM32;C:\Windows\WinSxS\amd64_microsoft.windows.common-controls_6595b64144ccf1df_6.0.19041.844_none_ca00b6081b84eb1d;C:\Program Files\Android\Android Studio\jre\bin\server;C:\Users\Pixel\.gradle\native\e1d6ef7f7dcc3fd88c89a11ec53ec762bb8ba0a96d01ffa2cd45eb1d1d8dd5c5\windows-amd64;C:\Users\Pixel\.gradle\native\0d407fdbe67a94daf76414ababcb853783967236a71b16ec16e742cd7a986fd3\windows-amd64

VM Arguments:
jvm_args: --add-opens=java.base/java.util=ALL-UNNAMED --add-opens=java.base/java.lang=ALL-UNNAMED --add-opens=java.base/java.lang.invoke=ALL-UNNAMED --add-opens=java.base/java.util=ALL-UNNAMED --add-opens=java.prefs/java.util.prefs=ALL-UNNAMED --add-opens=java.prefs/java.util.prefs=ALL-UNNAMED --add-opens=java.base/java.nio.charset=ALL-UNNAMED --add-opens=java.base/java.net=ALL-UNNAMED --add-opens=java.base/java.util.concurrent.atomic=ALL-UNNAMED -Xmx2048m -Dfile.encoding=UTF-8 -Duser.country=US -Duser.language=en -Duser.variant 
java_command: org.gradle.launcher.daemon.bootstrap.GradleDaemon 7.4.2
java_class_path (initial): F:\gradle\gradle-7.4.2\lib\gradle-launcher-7.4.2.jar
Launcher Type: SUN_STANDARD

[Global flags]
     intx CICompilerCount                          = 3                                         {product} {ergonomic}
     uint ConcGCThreads                            = 1                                         {product} {ergonomic}
     uint G1ConcRefinementThreads                  = 4                                         {product} {ergonomic}
   size_t G1HeapRegionSize                         = 1048576                                   {product} {ergonomic}
    uintx GCDrainStackTargetSize                   = 64                                        {product} {ergonomic}
   size_t InitialHeapSize                          = 67108864                                  {product} {ergonomic}
   size_t MarkStackSize                            = 4194304                                   {product} {ergonomic}
   size_t MaxHeapSize                              = 2147483648                                {product} {command line}
   size_t MaxNewSize                               = 1287651328                                {product} {ergonomic}
   size_t MinHeapDeltaBytes                        = 1048576                                   {product} {ergonomic}
    uintx NonNMethodCodeHeapSize                   = 5830732                                {pd product} {ergonomic}
    uintx NonProfiledCodeHeapSize                  = 122913754                              {pd product} {ergonomic}
    uintx ProfiledCodeHeapSize                     = 122913754                              {pd product} {ergonomic}
    uintx ReservedCodeCacheSize                    = 251658240                              {pd product} {ergonomic}
     bool SegmentedCodeCache                       = true                                      {product} {ergonomic}
     bool UseCompressedClassPointers               = true                                 {lp64_product} {ergonomic}
     bool UseCompressedOops                        = true                                 {lp64_product} {ergonomic}
     bool UseG1GC                                  = true                                      {product} {ergonomic}
     bool UseLargePagesIndividualAllocation        = false                                  {pd product} {ergonomic}

Logging:
Log output configuration:
 #0: stdout all=warning uptime,level,tags
 #1: stderr all=off uptime,level,tags

Environment Variables:
PATH=C:\Windows\system32;C:\Windows;C:\Windows\System32\Wbem;C:\Windows\System32\WindowsPowerShell\v1.0\;C:\Windows\System32\OpenSSH\;C:\Users\Pixel\AppData\Local\Microsoft\WindowsApps;
USERNAME=Pixel
OS=Windows_NT
PROCESSOR_IDENTIFIER=Intel64 Family 6 Model 142 Stepping 10, GenuineIntel



---------------  S Y S T E M  ---------------

OS: Windows 10 , 64 bit Build 19041 (10.0.19041.804)
OS uptime: 0 days 6:47 hours

CPU:total 4 (initial active 4) (2 cores per cpu, 2 threads per core) family 6 model 142 stepping 10 microcode 0xb4, cmov, cx8, fxsr, mmx, sse, sse2, sse3, ssse3, sse4.1, sse4.2, popcnt, avx, avx2, aes, clmul, erms, 3dnowpref, lzcnt, ht, tsc, tscinvbit, bmi1, bmi2, adx, fma

Memory: 4k page, system-wide physical 4011M (91M free)
TotalPageFile size 4011M (AvailPageFile size 16M)
current process WorkingSet (physical memory assigned to process): 196M, peak: 259M
current process commit charge ("private bytes"): 362M, peak: 401M

vm_info: OpenJDK 64-Bit Server VM (11.0.11+9-b60-7590822) for windows-amd64 JRE (11.0.11+9-b60-7590822), built on Jul 29 2021 21:43:44 by "builder" with MS VC++ 14.0 (VS2015)

END.
