#
# There is insufficient memory for the Java Runtime Environment to continue.
# Native memory allocation (malloc) failed to allocate 1337136 bytes for Chunk::new
# Possible reasons:
#   The system is out of physical RAM or swap space
#   The process is running with CompressedOops enabled, and the Java Heap may be blocking the growth of the native heap
# Possible solutions:
#   Reduce memory load on the system
#   Increase physical memory or swap space
#   Check if swap backing store is full
#   Decrease Java heap size (-Xmx/-Xms)
#   Decrease number of Java threads
#   Decrease Java thread stack sizes (-Xss)
#   Set larger code cache with -XX:ReservedCodeCacheSize=
#   JVM is running with Unscaled Compressed Oops mode in which the Java heap is
#     placed in the first 4GB address space. The Java Heap base address is the
#     maximum limit for the native heap growth. Please use -XX:HeapBaseMinAddress
#     to set the Java Heap base and to place the Java Heap above 4GB virtual address.
# This output file may be truncated or incomplete.
#
#  Out of Memory Error (./src/hotspot/share/memory/arena.cpp:197), pid=5500, tid=3404
#
# JRE version: OpenJDK Runtime Environment (11.0.11+9) (build 11.0.11+9-b60-7590822)
# Java VM: OpenJDK 64-Bit Server VM (11.0.11+9-b60-7590822, mixed mode, tiered, compressed oops, g1 gc, windows-amd64)
# No core dump will be written. Minidumps are not enabled by default on client versions of Windows
#

---------------  S U M M A R Y ------------

Command Line: --add-opens=java.base/java.util=ALL-UNNAMED --add-opens=java.base/java.lang=ALL-UNNAMED --add-opens=java.base/java.lang.invoke=ALL-UNNAMED --add-opens=java.base/java.util=ALL-UNNAMED --add-opens=java.prefs/java.util.prefs=ALL-UNNAMED --add-opens=java.prefs/java.util.prefs=ALL-UNNAMED --add-opens=java.base/java.nio.charset=ALL-UNNAMED --add-opens=java.base/java.net=ALL-UNNAMED --add-opens=java.base/java.util.concurrent.atomic=ALL-UNNAMED -Xmx2048m -Dfile.encoding=UTF-8 -Duser.country=US -Duser.language=en -Duser.variant org.gradle.launcher.daemon.bootstrap.GradleDaemon 7.4.2

Host: Intel(R) Core(TM) i3-8130U CPU @ 2.20GHz, 4 cores, 3G,  Windows 10 , 64 bit Build 19041 (10.0.19041.804)
Time: Thu Apr 21 17:07:17 2022 Bangladesh Standard Time elapsed time: 53.040491 seconds (0d 0h 0m 53s)

---------------  T H R E A D  ---------------

Current thread (0x000001d5540dc800):  JavaThread "C2 CompilerThread0" daemon [_thread_in_native, id=3404, stack(0x000000863b100000,0x000000863b200000)]


Current CompileTask:
C2:  53040 9825       4       java.lang.reflect.Method::invoke (65 bytes)

Stack: [0x000000863b100000,0x000000863b200000]
Native frames: (J=compiled Java code, j=interpreted, Vv=VM code, C=native code)
V  [jvm.dll+0x5f214a]
V  [jvm.dll+0x726fb5]
V  [jvm.dll+0x7285cd]
V  [jvm.dll+0x728c83]
V  [jvm.dll+0x243278]
V  [jvm.dll+0xbc53c]
V  [jvm.dll+0xbca3c]
V  [jvm.dll+0x353e7d]
V  [jvm.dll+0x19895c]
V  [jvm.dll+0x1fc2ee]
V  [jvm.dll+0x1fb3d4]
V  [jvm.dll+0x183d6c]
V  [jvm.dll+0x209a57]
V  [jvm.dll+0x2082a1]
V  [jvm.dll+0x6ef58f]
V  [jvm.dll+0x6e80b5]
V  [jvm.dll+0x5f1036]
C  [ucrtbase.dll+0x21bb2]
C  [KERNEL32.DLL+0x17034]
C  [ntdll.dll+0x52651]


---------------  P R O C E S S  ---------------

Threads class SMR info:
_java_thread_list=0x000001d559d50010, length=85, elements={
0x000001d537b9c000, 0x000001d553743800, 0x000001d553746800, 0x000001d5540d2800,
0x000001d5540d7800, 0x000001d5537b2800, 0x000001d5540dc800, 0x000001d5537ba000,
0x000001d5537b3000, 0x000001d5537b0000, 0x000001d5537ad800, 0x000001d5537b4000,
0x000001d5537ae000, 0x000001d5537b1800, 0x000001d5537b0800, 0x000001d5537af000,
0x000001d555b08000, 0x000001d555b0a000, 0x000001d555b09000, 0x000001d555b0a800,
0x000001d555b0b800, 0x000001d555b07800, 0x000001d555b0d000, 0x000001d555b0e000,
0x000001d555b10800, 0x000001d555b0f000, 0x000001d555b11000, 0x000001d555b12000,
0x000001d555b0f800, 0x000001d555b0c800, 0x000001d555b13800, 0x000001d555b13000,
0x000001d555b15800, 0x000001d555b76800, 0x000001d555b75800, 0x000001d555b7c000,
0x000001d555b7d000, 0x000001d555b79000, 0x000001d555b7a800, 0x000001d555b78000,
0x000001d555b77000, 0x000001d555b7e000, 0x000001d555b7e800, 0x000001d555b7f800,
0x000001d555b7b800, 0x000001d555b79800, 0x000001d555b80000, 0x000001d555b82000,
0x000001d555b81000, 0x000001d555b84800, 0x000001d555b82800, 0x000001d555b83800,
0x000001d5571dd800, 0x000001d5571e0800, 0x000001d5571df000, 0x000001d5571e3000,
0x000001d5571df800, 0x000001d5571de000, 0x000001d5571e7000, 0x000001d5571e2000,
0x000001d5571e6800, 0x000001d5571e4000, 0x000001d5571e4800, 0x000001d5571e1800,
0x000001d5571eb000, 0x000001d5571e8000, 0x000001d5571e8800, 0x000001d5571e9800,
0x000001d5571ea800, 0x000001d5571e5800, 0x000001d5571ec000, 0x000001d55994b800,
0x000001d55994c800, 0x000001d55994a800, 0x000001d559949000, 0x000001d55994d000,
0x000001d55994a000, 0x000001d55994e000, 0x000001d559951800, 0x000001d55994f000,
0x000001d559953000, 0x000001d559953800, 0x000001d559952000, 0x000001d559950800,
0x000001d559954800
}

Java Threads: ( => current thread )
  0x000001d537b9c000 JavaThread "main" [_thread_blocked, id=2312, stack(0x000000863a500000,0x000000863a600000)]
  0x000001d553743800 JavaThread "Reference Handler" daemon [_thread_blocked, id=3308, stack(0x000000863ac00000,0x000000863ad00000)]
  0x000001d553746800 JavaThread "Finalizer" daemon [_thread_blocked, id=3260, stack(0x000000863ad00000,0x000000863ae00000)]
  0x000001d5540d2800 JavaThread "Signal Dispatcher" daemon [_thread_blocked, id=3672, stack(0x000000863ae00000,0x000000863af00000)]
  0x000001d5540d7800 JavaThread "Attach Listener" daemon [_thread_blocked, id=2384, stack(0x000000863af00000,0x000000863b000000)]
  0x000001d5537b2800 JavaThread "Service Thread" daemon [_thread_blocked, id=4924, stack(0x000000863b000000,0x000000863b100000)]
=>0x000001d5540dc800 JavaThread "C2 CompilerThread0" daemon [_thread_in_native, id=3404, stack(0x000000863b100000,0x000000863b200000)]
  0x000001d5537ba000 JavaThread "C1 CompilerThread0" daemon [_thread_blocked, id=3472, stack(0x000000863b200000,0x000000863b300000)]
  0x000001d5537b3000 JavaThread "Sweeper thread" daemon [_thread_blocked, id=212, stack(0x000000863b300000,0x000000863b400000)]
  0x000001d5537b0000 JavaThread "Common-Cleaner" daemon [_thread_blocked, id=3592, stack(0x000000863b400000,0x000000863b500000)]
  0x000001d5537ad800 JavaThread "Daemon health stats" [_thread_blocked, id=3184, stack(0x000000863b600000,0x000000863b700000)]
  0x000001d5537b4000 JavaThread "Incoming local TCP Connector on port 9947" [_thread_in_native, id=4860, stack(0x000000863ba00000,0x000000863bb00000)]
  0x000001d5537ae000 JavaThread "Daemon periodic checks" [_thread_blocked, id=4908, stack(0x000000863bb00000,0x000000863bc00000)]
  0x000001d5537b1800 JavaThread "Daemon" [_thread_blocked, id=512, stack(0x000000863bc00000,0x000000863bd00000)]
  0x000001d5537b0800 JavaThread "Handler for socket connection from /127.0.0.1:9947 to /127.0.0.1:9948" [_thread_in_native, id=3828, stack(0x000000863bd00000,0x000000863be00000)]
  0x000001d5537af000 JavaThread "Cancel handler" [_thread_blocked, id=6108, stack(0x000000863be00000,0x000000863bf00000)]
  0x000001d555b08000 JavaThread "Daemon worker" [_thread_blocked, id=1616, stack(0x000000863bf00000,0x000000863c000000)]
  0x000001d555b0a000 JavaThread "Asynchronous log dispatcher for DefaultDaemonConnection: socket connection from /127.0.0.1:9947 to /127.0.0.1:9948" [_thread_blocked, id=2392, stack(0x000000863c000000,0x000000863c100000)]
  0x000001d555b09000 JavaThread "Stdin handler" [_thread_blocked, id=6060, stack(0x000000863c100000,0x000000863c200000)]
  0x000001d555b0a800 JavaThread "Daemon client event forwarder" [_thread_in_vm, id=5432, stack(0x000000863c200000,0x000000863c300000)]
  0x000001d555b0b800 JavaThread "Cache worker for journal cache (C:\Users\Pixel\.gradle\caches\journal-1)" [_thread_blocked, id=6068, stack(0x000000863c300000,0x000000863c400000)]
  0x000001d555b07800 JavaThread "File lock request listener" [_thread_in_native, id=2676, stack(0x000000863c400000,0x000000863c500000)]
  0x000001d555b0d000 JavaThread "Cache worker for file hash cache (C:\Users\Pixel\.gradle\caches\7.4.2\fileHashes)" [_thread_blocked, id=5316, stack(0x000000863c500000,0x000000863c600000)]
  0x000001d555b0e000 JavaThread "File watcher server" daemon [_thread_in_native, id=3400, stack(0x000000863c600000,0x000000863c700000)]
  0x000001d555b10800 JavaThread "File watcher consumer" daemon [_thread_blocked, id=972, stack(0x000000863c700000,0x000000863c800000)]
  0x000001d555b0f000 JavaThread "Cache worker for checksums cache (F:\Apps\SimInformation\.gradle\7.4.2\checksums)" [_thread_blocked, id=5152, stack(0x000000863c800000,0x000000863c900000)]
  0x000001d555b11000 JavaThread "Cache worker for cache directory md-rule (C:\Users\Pixel\.gradle\caches\7.4.2\md-rule)" [_thread_blocked, id=6008, stack(0x000000863c900000,0x000000863ca00000)]
  0x000001d555b12000 JavaThread "Cache worker for file hash cache (F:\Apps\SimInformation\.gradle\7.4.2\fileHashes)" [_thread_blocked, id=1456, stack(0x000000863ca00000,0x000000863cb00000)]
  0x000001d555b0f800 JavaThread "Cache worker for cache directory md-supplier (C:\Users\Pixel\.gradle\caches\7.4.2\md-supplier)" [_thread_blocked, id=5384, stack(0x000000863cb00000,0x000000863cc00000)]
  0x000001d555b0c800 JavaThread "Cache worker for execution history cache (C:\Users\Pixel\.gradle\caches\7.4.2\executionHistory)" [_thread_blocked, id=1860, stack(0x000000863cc00000,0x000000863cd00000)]
  0x000001d555b13800 JavaThread "jar transforms" [_thread_blocked, id=2688, stack(0x000000863cd00000,0x000000863ce00000)]
  0x000001d555b13000 JavaThread "Cache worker for file content cache (C:\Users\Pixel\.gradle\caches\7.4.2\fileContent)" [_thread_blocked, id=5980, stack(0x000000863ce00000,0x000000863cf00000)]
  0x000001d555b15800 JavaThread "jar transforms Thread 2" [_thread_blocked, id=4604, stack(0x000000863cf00000,0x000000863d000000)]
  0x000001d555b76800 JavaThread "Cache worker for dependencies-accessors (F:\Apps\SimInformation\.gradle\7.4.2\dependencies-accessors)" [_thread_blocked, id=5164, stack(0x000000863d000000,0x000000863d100000)]
  0x000001d555b75800 JavaThread "jar transforms Thread 3" [_thread_blocked, id=3024, stack(0x000000863d100000,0x000000863d200000)]
  0x000001d555b7c000 JavaThread "Cache worker for Build Output Cleanup Cache (F:\Apps\SimInformation\.gradle\buildOutputCleanup)" [_thread_blocked, id=5368, stack(0x000000863d200000,0x000000863d300000)]
  0x000001d555b7d000 JavaThread "Unconstrained build operations" [_thread_blocked, id=4616, stack(0x000000863d300000,0x000000863d400000)]
  0x000001d555b79000 JavaThread "Unconstrained build operations Thread 2" [_thread_blocked, id=1556, stack(0x000000863d400000,0x000000863d500000)]
  0x000001d555b7a800 JavaThread "Unconstrained build operations Thread 3" [_thread_blocked, id=5760, stack(0x000000863d500000,0x000000863d600000)]
  0x000001d555b78000 JavaThread "Unconstrained build operations Thread 4" [_thread_blocked, id=4396, stack(0x000000863d600000,0x000000863d700000)]
  0x000001d555b77000 JavaThread "Unconstrained build operations Thread 5" [_thread_blocked, id=1552, stack(0x000000863d700000,0x000000863d800000)]
  0x000001d555b7e000 JavaThread "Unconstrained build operations Thread 6" [_thread_blocked, id=1312, stack(0x000000863d800000,0x000000863d900000)]
  0x000001d555b7e800 JavaThread "Unconstrained build operations Thread 7" [_thread_blocked, id=3584, stack(0x000000863d900000,0x000000863da00000)]
  0x000001d555b7f800 JavaThread "Unconstrained build operations Thread 8" [_thread_blocked, id=3304, stack(0x000000863da00000,0x000000863db00000)]
  0x000001d555b7b800 JavaThread "Unconstrained build operations Thread 9" [_thread_blocked, id=1452, stack(0x000000863db00000,0x000000863dc00000)]
  0x000001d555b79800 JavaThread "Unconstrained build operations Thread 10" [_thread_blocked, id=6056, stack(0x000000863dc00000,0x000000863dd00000)]
  0x000001d555b80000 JavaThread "Unconstrained build operations Thread 11" [_thread_blocked, id=1704, stack(0x000000863dd00000,0x000000863de00000)]
  0x000001d555b82000 JavaThread "Unconstrained build operations Thread 12" [_thread_blocked, id=4408, stack(0x000000863de00000,0x000000863df00000)]
  0x000001d555b81000 JavaThread "Unconstrained build operations Thread 13" [_thread_blocked, id=4612, stack(0x000000863df00000,0x000000863e000000)]
  0x000001d555b84800 JavaThread "Unconstrained build operations Thread 14" [_thread_blocked, id=3872, stack(0x000000863e000000,0x000000863e100000)]
  0x000001d555b82800 JavaThread "Unconstrained build operations Thread 15" [_thread_blocked, id=5492, stack(0x000000863e100000,0x000000863e200000)]
  0x000001d555b83800 JavaThread "Unconstrained build operations Thread 16" [_thread_blocked, id=2724, stack(0x000000863e200000,0x000000863e300000)]
  0x000001d5571dd800 JavaThread "Unconstrained build operations Thread 17" [_thread_blocked, id=1604, stack(0x000000863e300000,0x000000863e400000)]
  0x000001d5571e0800 JavaThread "Unconstrained build operations Thread 18" [_thread_blocked, id=5248, stack(0x000000863e400000,0x000000863e500000)]
  0x000001d5571df000 JavaThread "Unconstrained build operations Thread 19" [_thread_blocked, id=6076, stack(0x000000863e500000,0x000000863e600000)]
  0x000001d5571e3000 JavaThread "Unconstrained build operations Thread 20" [_thread_blocked, id=1348, stack(0x000000863e600000,0x000000863e700000)]
  0x000001d5571df800 JavaThread "Unconstrained build operations Thread 21" [_thread_blocked, id=3728, stack(0x000000863e700000,0x000000863e800000)]
  0x000001d5571de000 JavaThread "Unconstrained build operations Thread 22" [_thread_blocked, id=4940, stack(0x000000863e800000,0x000000863e900000)]
  0x000001d5571e7000 JavaThread "Unconstrained build operations Thread 23" [_thread_blocked, id=2272, stack(0x000000863e900000,0x000000863ea00000)]
  0x000001d5571e2000 JavaThread "Unconstrained build operations Thread 24" [_thread_blocked, id=3796, stack(0x000000863ea00000,0x000000863eb00000)]
  0x000001d5571e6800 JavaThread "Unconstrained build operations Thread 25" [_thread_blocked, id=1492, stack(0x000000863eb00000,0x000000863ec00000)]
  0x000001d5571e4000 JavaThread "Unconstrained build operations Thread 26" [_thread_blocked, id=4932, stack(0x000000863ec00000,0x000000863ed00000)]
  0x000001d5571e4800 JavaThread "Unconstrained build operations Thread 27" [_thread_blocked, id=544, stack(0x000000863ed00000,0x000000863ee00000)]
  0x000001d5571e1800 JavaThread "Unconstrained build operations Thread 28" [_thread_blocked, id=3824, stack(0x000000863ee00000,0x000000863ef00000)]
  0x000001d5571eb000 JavaThread "Unconstrained build operations Thread 29" [_thread_blocked, id=5296, stack(0x000000863ef00000,0x000000863f000000)]
  0x000001d5571e8000 JavaThread "Unconstrained build operations Thread 30" [_thread_blocked, id=5052, stack(0x000000863f000000,0x000000863f100000)]
  0x000001d5571e8800 JavaThread "Unconstrained build operations Thread 31" [_thread_blocked, id=3652, stack(0x000000863f100000,0x000000863f200000)]
  0x000001d5571e9800 JavaThread "Unconstrained build operations Thread 32" [_thread_blocked, id=5708, stack(0x000000863f200000,0x000000863f300000)]
  0x000001d5571ea800 JavaThread "Unconstrained build operations Thread 33" [_thread_blocked, id=3544, stack(0x000000863f300000,0x000000863f400000)]
  0x000001d5571e5800 JavaThread "Unconstrained build operations Thread 34" [_thread_blocked, id=2576, stack(0x000000863f400000,0x000000863f500000)]
  0x000001d5571ec000 JavaThread "Unconstrained build operations Thread 35" [_thread_blocked, id=4852, stack(0x000000863f500000,0x000000863f600000)]
  0x000001d55994b800 JavaThread "Unconstrained build operations Thread 36" [_thread_blocked, id=3272, stack(0x000000863f600000,0x000000863f700000)]
  0x000001d55994c800 JavaThread "Unconstrained build operations Thread 37" [_thread_blocked, id=4200, stack(0x000000863f700000,0x000000863f800000)]
  0x000001d55994a800 JavaThread "Unconstrained build operations Thread 38" [_thread_blocked, id=4652, stack(0x000000863f800000,0x000000863f900000)]
  0x000001d559949000 JavaThread "Unconstrained build operations Thread 39" [_thread_blocked, id=2884, stack(0x000000863f900000,0x000000863fa00000)]
  0x000001d55994d000 JavaThread "Unconstrained build operations Thread 40" [_thread_blocked, id=1212, stack(0x000000863fa00000,0x000000863fb00000)]
  0x000001d55994a000 JavaThread "jar transforms Thread 4" [_thread_blocked, id=6044, stack(0x000000863fb00000,0x000000863fc00000)]
  0x000001d55994e000 JavaThread "Memory manager" [_thread_blocked, id=2424, stack(0x000000863fc00000,0x000000863fd00000)]
  0x000001d559951800 JavaThread "build event listener" [_thread_blocked, id=632, stack(0x000000863ff00000,0x0000008640000000)]
  0x000001d55994f000 JavaThread "included builds" [_thread_in_Java, id=4236, stack(0x0000008640000000,0x0000008640100000)]
  0x000001d559953000 JavaThread "Execution worker for ':'" [_thread_blocked, id=5864, stack(0x0000008640100000,0x0000008640200000)]
  0x000001d559953800 JavaThread "Execution worker for ':' Thread 2" [_thread_blocked, id=1608, stack(0x0000008640200000,0x0000008640300000)]
  0x000001d559952000 JavaThread "Execution worker for ':' Thread 3" [_thread_blocked, id=1316, stack(0x0000008640300000,0x0000008640400000)]
  0x000001d559950800 JavaThread "Cache worker for execution history cache (F:\Apps\SimInformation\.gradle\7.4.2\executionHistory)" [_thread_blocked, id=4380, stack(0x0000008640400000,0x0000008640500000)]
  0x000001d559954800 JavaThread "WorkerExecutor Queue" [_thread_in_vm, id=3628, stack(0x0000008640500000,0x0000008640600000)]

Other Threads:
  0x000001d55373e000 VMThread "VM Thread" [stack: 0x000000863ab00000,0x000000863ac00000] [id=4316]
  0x000001d554255800 WatcherThread [stack: 0x000000863b500000,0x000000863b600000] [id=5800]
  0x000001d539bb1000 GCTaskThread "GC Thread#0" [stack: 0x000000863a600000,0x000000863a700000] [id=1680]
  0x000001d55492e000 GCTaskThread "GC Thread#1" [stack: 0x000000863b700000,0x000000863b800000] [id=5700]
  0x000001d556421000 GCTaskThread "GC Thread#2" [stack: 0x000000863b800000,0x000000863b900000] [id=5188]
  0x000001d55604d800 GCTaskThread "GC Thread#3" [stack: 0x000000863b900000,0x000000863ba00000] [id=2180]
  0x000001d539be4800 ConcurrentGCThread "G1 Main Marker" [stack: 0x000000863a700000,0x000000863a800000] [id=2296]
  0x000001d539be5800 ConcurrentGCThread "G1 Conc#0" [stack: 0x000000863a800000,0x000000863a900000] [id=4748]
  0x000001d539c3e000 ConcurrentGCThread "G1 Refine#0" [stack: 0x000000863a900000,0x000000863aa00000] [id=3316]
  0x000001d539c3f000 ConcurrentGCThread "G1 Young RemSet Sampling" [stack: 0x000000863aa00000,0x000000863ab00000] [id=4840]

Threads with active compile tasks:
C2 CompilerThread0  53683 9825       4       java.lang.reflect.Method::invoke (65 bytes)

VM state:not at safepoint (normal execution)

VM Mutex/Monitor currently owned by a thread: None

Heap address: 0x0000000080000000, size: 2048 MB, Compressed Oops mode: 32-bit
Narrow klass base: 0x0000000000000000, Narrow klass shift: 3
Compressed class space size: 1073741824 Address: 0x0000000100000000

Heap:
 garbage-first heap   total 146432K, used 108191K [0x0000000080000000, 0x0000000100000000)
  region size 1024K, 36 young (36864K), 2 survivors (2048K)
 Metaspace       used 86718K, capacity 88778K, committed 89216K, reserved 1126400K
  class space    used 11314K, capacity 12077K, committed 12160K, reserved 1048576K
Heap Regions: E=young(eden), S=young(survivor), O=old, HS=humongous(starts), HC=humongous(continues), CS=collection set, F=free, A=archive, TAMS=top-at-mark-start (previous, next)
|   0|0x0000000080000000, 0x0000000080100000, 0x0000000080100000|100%| O|  |TAMS 0x0000000080100000, 0x0000000080000000| Untracked 
|   1|0x0000000080100000, 0x0000000080200000, 0x0000000080200000|100%| O|  |TAMS 0x0000000080200000, 0x0000000080100000| Untracked 
|   2|0x0000000080200000, 0x0000000080300000, 0x0000000080300000|100%| O|  |TAMS 0x0000000080300000, 0x0000000080200000| Untracked 
|   3|0x0000000080300000, 0x0000000080400000, 0x0000000080400000|100%|HS|  |TAMS 0x0000000080400000, 0x0000000080300000| Complete 
|   4|0x0000000080400000, 0x0000000080500000, 0x0000000080500000|100%|HC|  |TAMS 0x0000000080500000, 0x0000000080400000| Complete 
|   5|0x0000000080500000, 0x0000000080600000, 0x0000000080600000|100%|HC|  |TAMS 0x0000000080600000, 0x0000000080500000| Complete 
|   6|0x0000000080600000, 0x0000000080700000, 0x0000000080700000|100%| O|  |TAMS 0x0000000080700000, 0x0000000080600000| Untracked 
|   7|0x0000000080700000, 0x0000000080800000, 0x0000000080800000|100%| O|  |TAMS 0x0000000080800000, 0x0000000080700000| Untracked 
|   8|0x0000000080800000, 0x0000000080900000, 0x0000000080900000|100%| O|  |TAMS 0x0000000080900000, 0x0000000080800000| Untracked 
|   9|0x0000000080900000, 0x0000000080a00000, 0x0000000080a00000|100%| O|  |TAMS 0x0000000080a00000, 0x0000000080900000| Untracked 
|  10|0x0000000080a00000, 0x0000000080b00000, 0x0000000080b00000|100%| O|  |TAMS 0x0000000080b00000, 0x0000000080a00000| Untracked 
|  11|0x0000000080b00000, 0x0000000080c00000, 0x0000000080c00000|100%| O|  |TAMS 0x0000000080c00000, 0x0000000080b00000| Untracked 
|  12|0x0000000080c00000, 0x0000000080d00000, 0x0000000080d00000|100%| O|  |TAMS 0x0000000080d00000, 0x0000000080c00000| Untracked 
|  13|0x0000000080d00000, 0x0000000080e00000, 0x0000000080e00000|100%| O|  |TAMS 0x0000000080e00000, 0x0000000080d00000| Untracked 
|  14|0x0000000080e00000, 0x0000000080f00000, 0x0000000080f00000|100%| O|  |TAMS 0x0000000080f00000, 0x0000000080e00000| Untracked 
|  15|0x0000000080f00000, 0x0000000081000000, 0x0000000081000000|100%| O|  |TAMS 0x0000000081000000, 0x0000000080f00000| Untracked 
|  16|0x0000000081000000, 0x0000000081100000, 0x0000000081100000|100%| O|  |TAMS 0x0000000081100000, 0x0000000081000000| Untracked 
|  17|0x0000000081100000, 0x0000000081200000, 0x0000000081200000|100%| O|  |TAMS 0x0000000081200000, 0x0000000081100000| Untracked 
|  18|0x0000000081200000, 0x0000000081300000, 0x0000000081300000|100%| O|  |TAMS 0x0000000081300000, 0x0000000081200000| Untracked 
|  19|0x0000000081300000, 0x0000000081400000, 0x0000000081400000|100%| O|  |TAMS 0x0000000081400000, 0x0000000081300000| Untracked 
|  20|0x0000000081400000, 0x0000000081500000, 0x0000000081500000|100%| O|  |TAMS 0x0000000081500000, 0x0000000081400000| Untracked 
|  21|0x0000000081500000, 0x0000000081600000, 0x0000000081600000|100%| O|  |TAMS 0x0000000081600000, 0x0000000081500000| Untracked 
|  22|0x0000000081600000, 0x0000000081700000, 0x0000000081700000|100%| O|  |TAMS 0x0000000081700000, 0x0000000081600000| Untracked 
|  23|0x0000000081700000, 0x0000000081800000, 0x0000000081800000|100%| O|  |TAMS 0x0000000081800000, 0x0000000081700000| Untracked 
|  24|0x0000000081800000, 0x0000000081900000, 0x0000000081900000|100%| O|  |TAMS 0x0000000081900000, 0x0000000081800000| Untracked 
|  25|0x0000000081900000, 0x0000000081a00000, 0x0000000081a00000|100%| O|  |TAMS 0x0000000081a00000, 0x0000000081900000| Untracked 
|  26|0x0000000081a00000, 0x0000000081b00000, 0x0000000081b00000|100%| O|  |TAMS 0x0000000081b00000, 0x0000000081a00000| Untracked 
|  27|0x0000000081b00000, 0x0000000081c00000, 0x0000000081c00000|100%| O|  |TAMS 0x0000000081c00000, 0x0000000081b00000| Untracked 
|  28|0x0000000081c00000, 0x0000000081d00000, 0x0000000081d00000|100%| O|  |TAMS 0x0000000081d00000, 0x0000000081c00000| Untracked 
|  29|0x0000000081d00000, 0x0000000081e00000, 0x0000000081e00000|100%| O|  |TAMS 0x0000000081e00000, 0x0000000081d00000| Untracked 
|  30|0x0000000081e00000, 0x0000000081f00000, 0x0000000081f00000|100%| O|  |TAMS 0x0000000081f00000, 0x0000000081e00000| Untracked 
|  31|0x0000000081f00000, 0x0000000082000000, 0x0000000082000000|100%|HS|  |TAMS 0x0000000082000000, 0x0000000081f00000| Complete 
|  32|0x0000000082000000, 0x0000000082100000, 0x0000000082100000|100%| O|  |TAMS 0x0000000082100000, 0x0000000082000000| Untracked 
|  33|0x0000000082100000, 0x0000000082200000, 0x0000000082200000|100%|HS|  |TAMS 0x0000000082200000, 0x0000000082100000| Complete 
|  34|0x0000000082200000, 0x0000000082300000, 0x0000000082300000|100%|HS|  |TAMS 0x0000000082300000, 0x0000000082200000| Complete 
|  35|0x0000000082300000, 0x0000000082400000, 0x0000000082400000|100%| O|  |TAMS 0x0000000082400000, 0x0000000082300000| Untracked 
|  36|0x0000000082400000, 0x0000000082500000, 0x0000000082500000|100%| O|  |TAMS 0x0000000082500000, 0x0000000082400000| Untracked 
|  37|0x0000000082500000, 0x0000000082600000, 0x0000000082600000|100%| O|  |TAMS 0x0000000082600000, 0x0000000082500000| Untracked 
|  38|0x0000000082600000, 0x0000000082700000, 0x0000000082700000|100%|HS|  |TAMS 0x0000000082700000, 0x0000000082600000| Complete 
|  39|0x0000000082700000, 0x0000000082800000, 0x0000000082800000|100%|HC|  |TAMS 0x0000000082800000, 0x0000000082700000| Complete 
|  40|0x0000000082800000, 0x0000000082900000, 0x0000000082900000|100%| O|  |TAMS 0x0000000082900000, 0x0000000082800000| Untracked 
|  41|0x0000000082900000, 0x0000000082a00000, 0x0000000082a00000|100%| O|  |TAMS 0x0000000082a00000, 0x0000000082900000| Untracked 
|  42|0x0000000082a00000, 0x0000000082b00000, 0x0000000082b00000|100%| O|  |TAMS 0x0000000082b00000, 0x0000000082a00000| Untracked 
|  43|0x0000000082b00000, 0x0000000082c00000, 0x0000000082c00000|100%| O|  |TAMS 0x0000000082c00000, 0x0000000082b00000| Untracked 
|  44|0x0000000082c00000, 0x0000000082d00000, 0x0000000082d00000|100%| O|  |TAMS 0x0000000082d00000, 0x0000000082c00000| Untracked 
|  45|0x0000000082d00000, 0x0000000082e00000, 0x0000000082e00000|100%| O|  |TAMS 0x0000000082e00000, 0x0000000082d00000| Untracked 
|  46|0x0000000082e00000, 0x0000000082f00000, 0x0000000082f00000|100%| O|  |TAMS 0x0000000082f00000, 0x0000000082e00000| Untracked 
|  47|0x0000000082f00000, 0x0000000083000000, 0x0000000083000000|100%| O|  |TAMS 0x0000000083000000, 0x0000000082f00000| Untracked 
|  48|0x0000000083000000, 0x0000000083100000, 0x0000000083100000|100%| O|  |TAMS 0x0000000083100000, 0x0000000083000000| Untracked 
|  49|0x0000000083100000, 0x0000000083200000, 0x0000000083200000|100%| O|  |TAMS 0x0000000083200000, 0x0000000083100000| Untracked 
|  50|0x0000000083200000, 0x0000000083300000, 0x0000000083300000|100%| O|  |TAMS 0x0000000083300000, 0x0000000083200000| Untracked 
|  51|0x0000000083300000, 0x0000000083400000, 0x0000000083400000|100%| O|  |TAMS 0x0000000083400000, 0x0000000083300000| Untracked 
|  52|0x0000000083400000, 0x0000000083500000, 0x0000000083500000|100%| O|  |TAMS 0x0000000083500000, 0x0000000083400000| Untracked 
|  53|0x0000000083500000, 0x0000000083600000, 0x0000000083600000|100%| O|  |TAMS 0x0000000083600000, 0x0000000083500000| Untracked 
|  54|0x0000000083600000, 0x0000000083700000, 0x0000000083700000|100%| O|  |TAMS 0x0000000083700000, 0x0000000083600000| Untracked 
|  55|0x0000000083700000, 0x0000000083800000, 0x0000000083800000|100%| O|  |TAMS 0x0000000083800000, 0x0000000083700000| Untracked 
|  56|0x0000000083800000, 0x0000000083900000, 0x0000000083900000|100%| O|  |TAMS 0x0000000083900000, 0x0000000083800000| Untracked 
|  57|0x0000000083900000, 0x0000000083a00000, 0x0000000083a00000|100%| O|  |TAMS 0x0000000083a00000, 0x0000000083900000| Untracked 
|  58|0x0000000083a00000, 0x0000000083b00000, 0x0000000083b00000|100%| O|  |TAMS 0x0000000083b00000, 0x0000000083a00000| Untracked 
|  59|0x0000000083b00000, 0x0000000083c00000, 0x0000000083c00000|100%| O|  |TAMS 0x0000000083c00000, 0x0000000083b00000| Untracked 
|  60|0x0000000083c00000, 0x0000000083d00000, 0x0000000083d00000|100%| O|  |TAMS 0x0000000083d00000, 0x0000000083c00000| Untracked 
|  61|0x0000000083d00000, 0x0000000083e00000, 0x0000000083e00000|100%| O|  |TAMS 0x0000000083e00000, 0x0000000083d00000| Untracked 
|  62|0x0000000083e00000, 0x0000000083f00000, 0x0000000083f00000|100%| O|  |TAMS 0x0000000083f00000, 0x0000000083e00000| Untracked 
|  63|0x0000000083f00000, 0x0000000084000000, 0x0000000084000000|100%| O|  |TAMS 0x0000000084000000, 0x0000000083f00000| Untracked 
|  64|0x0000000084000000, 0x0000000084100000, 0x0000000084100000|100%| O|  |TAMS 0x0000000084100000, 0x0000000084000000| Untracked 
|  65|0x0000000084100000, 0x0000000084200000, 0x0000000084200000|100%| O|  |TAMS 0x00000000841ae200, 0x0000000084100000| Untracked 
|  66|0x0000000084200000, 0x0000000084300000, 0x0000000084300000|100%| O|  |TAMS 0x0000000084200000, 0x0000000084200000| Untracked 
|  67|0x0000000084300000, 0x0000000084400000, 0x0000000084400000|100%| O|  |TAMS 0x0000000084300000, 0x0000000084300000| Untracked 
|  68|0x0000000084400000, 0x0000000084500000, 0x0000000084500000|100%| O|  |TAMS 0x0000000084400000, 0x0000000084400000| Untracked 
|  69|0x0000000084500000, 0x0000000084600000, 0x0000000084600000|100%| O|  |TAMS 0x0000000084500000, 0x0000000084500000| Untracked 
|  70|0x0000000084600000, 0x00000000846bc400, 0x0000000084700000| 73%| O|  |TAMS 0x0000000084600000, 0x0000000084600000| Untracked 
|  71|0x0000000084700000, 0x0000000084700000, 0x0000000084800000|  0%| F|  |TAMS 0x0000000084700000, 0x0000000084700000| Untracked 
|  72|0x0000000084800000, 0x0000000084800000, 0x0000000084900000|  0%| F|  |TAMS 0x0000000084800000, 0x0000000084800000| Untracked 
|  73|0x0000000084900000, 0x0000000084900000, 0x0000000084a00000|  0%| F|  |TAMS 0x0000000084900000, 0x0000000084900000| Untracked 
|  74|0x0000000084a00000, 0x0000000084a00000, 0x0000000084b00000|  0%| F|  |TAMS 0x0000000084a00000, 0x0000000084a00000| Untracked 
|  75|0x0000000084b00000, 0x0000000084b00000, 0x0000000084c00000|  0%| F|  |TAMS 0x0000000084b00000, 0x0000000084b00000| Untracked 
|  76|0x0000000084c00000, 0x0000000084c00000, 0x0000000084d00000|  0%| F|  |TAMS 0x0000000084c00000, 0x0000000084c00000| Untracked 
|  77|0x0000000084d00000, 0x0000000084d00000, 0x0000000084e00000|  0%| F|  |TAMS 0x0000000084d00000, 0x0000000084d00000| Untracked 
|  78|0x0000000084e00000, 0x0000000084e00000, 0x0000000084f00000|  0%| F|  |TAMS 0x0000000084e00000, 0x0000000084e00000| Untracked 
|  79|0x0000000084f00000, 0x0000000084f00000, 0x0000000085000000|  0%| F|  |TAMS 0x0000000084f00000, 0x0000000084f00000| Untracked 
|  80|0x0000000085000000, 0x0000000085000000, 0x0000000085100000|  0%| F|  |TAMS 0x0000000085000000, 0x0000000085000000| Untracked 
|  81|0x0000000085100000, 0x0000000085100000, 0x0000000085200000|  0%| F|  |TAMS 0x0000000085100000, 0x0000000085100000| Untracked 
|  82|0x0000000085200000, 0x0000000085200000, 0x0000000085300000|  0%| F|  |TAMS 0x0000000085200000, 0x0000000085200000| Untracked 
|  83|0x0000000085300000, 0x0000000085300000, 0x0000000085400000|  0%| F|  |TAMS 0x0000000085300000, 0x0000000085300000| Untracked 
|  84|0x0000000085400000, 0x0000000085400000, 0x0000000085500000|  0%| F|  |TAMS 0x0000000085400000, 0x0000000085400000| Untracked 
|  85|0x0000000085500000, 0x0000000085500000, 0x0000000085600000|  0%| F|  |TAMS 0x0000000085500000, 0x0000000085500000| Untracked 
|  86|0x0000000085600000, 0x0000000085600000, 0x0000000085700000|  0%| F|  |TAMS 0x0000000085600000, 0x0000000085600000| Untracked 
|  87|0x0000000085700000, 0x0000000085700000, 0x0000000085800000|  0%| F|  |TAMS 0x0000000085700000, 0x0000000085700000| Untracked 
|  88|0x0000000085800000, 0x0000000085800000, 0x0000000085900000|  0%| F|  |TAMS 0x0000000085800000, 0x0000000085800000| Untracked 
|  89|0x0000000085900000, 0x0000000085900000, 0x0000000085a00000|  0%| F|  |TAMS 0x0000000085900000, 0x0000000085900000| Untracked 
|  90|0x0000000085a00000, 0x0000000085a00000, 0x0000000085b00000|  0%| F|  |TAMS 0x0000000085a00000, 0x0000000085a00000| Untracked 
|  91|0x0000000085b00000, 0x0000000085b00000, 0x0000000085c00000|  0%| F|  |TAMS 0x0000000085b00000, 0x0000000085b00000| Untracked 
|  92|0x0000000085c00000, 0x0000000085c00000, 0x0000000085d00000|  0%| F|  |TAMS 0x0000000085c00000, 0x0000000085c00000| Untracked 
|  93|0x0000000085d00000, 0x0000000085d00000, 0x0000000085e00000|  0%| F|  |TAMS 0x0000000085d00000, 0x0000000085d00000| Untracked 
|  94|0x0000000085e00000, 0x0000000085e00000, 0x0000000085f00000|  0%| F|  |TAMS 0x0000000085e00000, 0x0000000085e00000| Untracked 
|  95|0x0000000085f00000, 0x0000000085f00000, 0x0000000086000000|  0%| F|  |TAMS 0x0000000085f00000, 0x0000000085f00000| Untracked 
|  96|0x0000000086000000, 0x0000000086000000, 0x0000000086100000|  0%| F|  |TAMS 0x0000000086000000, 0x0000000086000000| Untracked 
|  97|0x0000000086100000, 0x0000000086100000, 0x0000000086200000|  0%| F|  |TAMS 0x0000000086100000, 0x0000000086100000| Untracked 
|  98|0x0000000086200000, 0x0000000086200000, 0x0000000086300000|  0%| F|  |TAMS 0x0000000086200000, 0x0000000086200000| Untracked 
|  99|0x0000000086300000, 0x0000000086300000, 0x0000000086400000|  0%| F|  |TAMS 0x0000000086300000, 0x0000000086300000| Untracked 
| 100|0x0000000086400000, 0x0000000086400000, 0x0000000086500000|  0%| F|  |TAMS 0x0000000086400000, 0x0000000086400000| Untracked 
| 101|0x0000000086500000, 0x0000000086500000, 0x0000000086600000|  0%| F|  |TAMS 0x0000000086500000, 0x0000000086500000| Untracked 
| 102|0x0000000086600000, 0x00000000866ebb00, 0x0000000086700000| 92%| S|CS|TAMS 0x0000000086600000, 0x0000000086600000| Complete 
| 103|0x0000000086700000, 0x0000000086800000, 0x0000000086800000|100%| S|CS|TAMS 0x0000000086700000, 0x0000000086700000| Complete 
| 104|0x0000000086800000, 0x0000000086800000, 0x0000000086900000|  0%| F|  |TAMS 0x0000000086800000, 0x0000000086800000| Untracked 
| 105|0x0000000086900000, 0x0000000086900000, 0x0000000086a00000|  0%| F|  |TAMS 0x0000000086900000, 0x0000000086900000| Untracked 
| 106|0x0000000086a00000, 0x0000000086a00000, 0x0000000086b00000|  0%| F|  |TAMS 0x0000000086a00000, 0x0000000086a00000| Untracked 
| 107|0x0000000086b00000, 0x0000000086b00000, 0x0000000086c00000|  0%| F|  |TAMS 0x0000000086b00000, 0x0000000086b00000| Untracked 
| 108|0x0000000086c00000, 0x0000000086c00000, 0x0000000086d00000|  0%| F|  |TAMS 0x0000000086c00000, 0x0000000086c00000| Untracked 
| 109|0x0000000086d00000, 0x0000000086d01ec0, 0x0000000086e00000|  0%| E|  |TAMS 0x0000000086d00000, 0x0000000086d00000| Complete 
| 110|0x0000000086e00000, 0x0000000086f00000, 0x0000000086f00000|100%| E|CS|TAMS 0x0000000086e00000, 0x0000000086e00000| Complete 
| 111|0x0000000086f00000, 0x0000000087000000, 0x0000000087000000|100%| E|CS|TAMS 0x0000000086f00000, 0x0000000086f00000| Complete 
| 112|0x0000000087000000, 0x0000000087100000, 0x0000000087100000|100%| E|CS|TAMS 0x0000000087000000, 0x0000000087000000| Complete 
| 113|0x0000000087100000, 0x0000000087200000, 0x0000000087200000|100%| E|CS|TAMS 0x0000000087100000, 0x0000000087100000| Complete 
| 114|0x0000000087200000, 0x0000000087300000, 0x0000000087300000|100%| E|CS|TAMS 0x0000000087200000, 0x0000000087200000| Complete 
| 115|0x0000000087300000, 0x0000000087400000, 0x0000000087400000|100%| E|CS|TAMS 0x0000000087300000, 0x0000000087300000| Complete 
| 116|0x0000000087400000, 0x0000000087500000, 0x0000000087500000|100%| E|CS|TAMS 0x0000000087400000, 0x0000000087400000| Complete 
| 117|0x0000000087500000, 0x0000000087600000, 0x0000000087600000|100%| E|CS|TAMS 0x0000000087500000, 0x0000000087500000| Complete 
| 118|0x0000000087600000, 0x0000000087700000, 0x0000000087700000|100%| E|CS|TAMS 0x0000000087600000, 0x0000000087600000| Complete 
| 119|0x0000000087700000, 0x0000000087800000, 0x0000000087800000|100%| E|CS|TAMS 0x0000000087700000, 0x0000000087700000| Complete 
| 120|0x0000000087800000, 0x0000000087900000, 0x0000000087900000|100%| E|CS|TAMS 0x0000000087800000, 0x0000000087800000| Complete 
| 121|0x0000000087900000, 0x0000000087a00000, 0x0000000087a00000|100%| E|CS|TAMS 0x0000000087900000, 0x0000000087900000| Complete 
| 122|0x0000000087a00000, 0x0000000087b00000, 0x0000000087b00000|100%| E|CS|TAMS 0x0000000087a00000, 0x0000000087a00000| Complete 
| 123|0x0000000087b00000, 0x0000000087c00000, 0x0000000087c00000|100%| E|CS|TAMS 0x0000000087b00000, 0x0000000087b00000| Complete 
| 124|0x0000000087c00000, 0x0000000087d00000, 0x0000000087d00000|100%| E|CS|TAMS 0x0000000087c00000, 0x0000000087c00000| Complete 
| 125|0x0000000087d00000, 0x0000000087e00000, 0x0000000087e00000|100%| E|CS|TAMS 0x0000000087d00000, 0x0000000087d00000| Complete 
| 126|0x0000000087e00000, 0x0000000087f00000, 0x0000000087f00000|100%| E|CS|TAMS 0x0000000087e00000, 0x0000000087e00000| Complete 
| 127|0x0000000087f00000, 0x0000000088000000, 0x0000000088000000|100%| E|CS|TAMS 0x0000000087f00000, 0x0000000087f00000| Complete 
| 128|0x0000000088000000, 0x0000000088100000, 0x0000000088100000|100%| E|CS|TAMS 0x0000000088000000, 0x0000000088000000| Complete 
| 129|0x0000000088100000, 0x0000000088200000, 0x0000000088200000|100%| E|CS|TAMS 0x0000000088100000, 0x0000000088100000| Complete 
| 130|0x0000000088200000, 0x0000000088300000, 0x0000000088300000|100%| E|CS|TAMS 0x0000000088200000, 0x0000000088200000| Complete 
| 131|0x0000000088300000, 0x0000000088400000, 0x0000000088400000|100%| E|CS|TAMS 0x0000000088300000, 0x0000000088300000| Complete 
| 132|0x0000000088400000, 0x0000000088500000, 0x0000000088500000|100%| E|CS|TAMS 0x0000000088400000, 0x0000000088400000| Complete 
| 133|0x0000000088500000, 0x0000000088600000, 0x0000000088600000|100%| E|CS|TAMS 0x0000000088500000, 0x0000000088500000| Complete 
| 134|0x0000000088600000, 0x0000000088700000, 0x0000000088700000|100%| E|CS|TAMS 0x0000000088600000, 0x0000000088600000| Complete 
| 135|0x0000000088700000, 0x0000000088800000, 0x0000000088800000|100%| E|CS|TAMS 0x0000000088700000, 0x0000000088700000| Complete 
| 136|0x0000000088800000, 0x0000000088900000, 0x0000000088900000|100%| E|CS|TAMS 0x0000000088800000, 0x0000000088800000| Complete 
| 137|0x0000000088900000, 0x0000000088a00000, 0x0000000088a00000|100%| E|CS|TAMS 0x0000000088900000, 0x0000000088900000| Complete 
| 138|0x0000000088a00000, 0x0000000088b00000, 0x0000000088b00000|100%| E|CS|TAMS 0x0000000088a00000, 0x0000000088a00000| Complete 
| 139|0x0000000088b00000, 0x0000000088c00000, 0x0000000088c00000|100%| E|CS|TAMS 0x0000000088b00000, 0x0000000088b00000| Complete 
| 140|0x0000000088c00000, 0x0000000088d00000, 0x0000000088d00000|100%| E|CS|TAMS 0x0000000088c00000, 0x0000000088c00000| Complete 
| 141|0x0000000088d00000, 0x0000000088e00000, 0x0000000088e00000|100%| E|CS|TAMS 0x0000000088d00000, 0x0000000088d00000| Complete 
| 142|0x0000000088e00000, 0x0000000088f00000, 0x0000000088f00000|100%| E|CS|TAMS 0x0000000088e00000, 0x0000000088e00000| Complete 

Card table byte_map: [0x000001d54caa0000,0x000001d54cea0000] _byte_map_base: 0x000001d54c6a0000

Marking Bits (Prev, Next): (CMBitMap*) 0x000001d539bdbcc0, (CMBitMap*) 0x000001d539bdbc88
 Prev Bits: [0x000001d54f2a0000, 0x000001d5512a0000)
 Next Bits: [0x000001d54d2a0000, 0x000001d54f2a0000)

Polling page: 0x000001d537a10000

Metaspace:

Usage:
  Non-class:     74.90 MB capacity,    73.64 MB ( 98%) used,     1.03 MB (  1%) free+waste,   248.06 KB ( <1%) overhead. 
      Class:     11.79 MB capacity,    11.05 MB ( 94%) used,   650.40 KB (  5%) free+waste,   111.69 KB ( <1%) overhead. 
       Both:     86.70 MB capacity,    84.69 MB ( 98%) used,     1.66 MB (  2%) free+waste,   359.75 KB ( <1%) overhead. 

Virtual space:
  Non-class space:       76.00 MB reserved,      75.25 MB (>99%) committed 
      Class space:        1.00 GB reserved,      11.88 MB (  1%) committed 
             Both:        1.07 GB reserved,      87.13 MB (  8%) committed 

Chunk freelists:
   Non-Class:  163.00 KB
       Class:  83.00 KB
        Both:  246.00 KB

MaxMetaspaceSize: 17179869184.00 GB
CompressedClassSpaceSize: 1.00 GB

CodeHeap 'non-profiled nmethods': size=120064Kb used=5847Kb max_used=5847Kb free=114216Kb
 bounds [0x000001d545160000, 0x000001d545720000, 0x000001d54c6a0000]
CodeHeap 'profiled nmethods': size=120000Kb used=21771Kb max_used=21771Kb free=98228Kb
 bounds [0x000001d53dc30000, 0x000001d53f180000, 0x000001d545160000]
CodeHeap 'non-nmethods': size=5696Kb used=2285Kb max_used=2329Kb free=3410Kb
 bounds [0x000001d53d6a0000, 0x000001d53d910000, 0x000001d53dc30000]
 total_blobs=10915 nmethods=10024 adapters=802
 compilation: enabled
              stopped_count=0, restarted_count=0
 full_count=0

Compilation events (20 events):
Event: 52.959 Thread 0x000001d5537ba000 nmethod 9856 0x000001d53f0ebf10 code [0x000001d53f0ec100, 0x000001d53f0ec478]
Event: 52.959 Thread 0x000001d5537ba000 9855       1       kotlin.reflect.jvm.internal.impl.descriptors.runtime.components.ReflectKotlinClass::getClassHeader (5 bytes)
Event: 52.959 Thread 0x000001d5537ba000 nmethod 9855 0x000001d545708710 code [0x000001d5457088c0, 0x000001d545708978]
Event: 52.959 Thread 0x000001d5537ba000 9857       1       kotlin.reflect.jvm.internal.impl.metadata.deserialization.BinaryVersion::getMajor (5 bytes)
Event: 52.959 Thread 0x000001d5537ba000 nmethod 9857 0x000001d545708a10 code [0x000001d545708bc0, 0x000001d545708c78]
Event: 52.959 Thread 0x000001d5537ba000 9858       1       kotlin.reflect.jvm.internal.impl.metadata.deserialization.BinaryVersion::getMinor (5 bytes)
Event: 52.959 Thread 0x000001d5537ba000 nmethod 9858 0x000001d545708d10 code [0x000001d545708ec0, 0x000001d545708f78]
Event: 52.959 Thread 0x000001d5537ba000 9859       1       kotlin.reflect.jvm.internal.impl.metadata.ProtoBuf$Class::getFlags (5 bytes)
Event: 52.959 Thread 0x000001d5537ba000 nmethod 9859 0x000001d545709010 code [0x000001d5457091c0, 0x000001d545709278]
Event: 52.959 Thread 0x000001d5537ba000 9860       1       kotlin.reflect.jvm.internal.impl.serialization.deserialization.DeserializationContext::getComponents (5 bytes)
Event: 52.959 Thread 0x000001d5537ba000 nmethod 9860 0x000001d545709310 code [0x000001d5457094c0, 0x000001d545709578]
Event: 52.960 Thread 0x000001d5537ba000 9862       3       kotlin.reflect.jvm.internal.impl.protobuf.CodedOutputStream::newInstance (12 bytes)
Event: 52.960 Thread 0x000001d5537ba000 nmethod 9862 0x000001d53f0ec590 code [0x000001d53f0ec760, 0x000001d53f0ecab8]
Event: 52.960 Thread 0x000001d5537ba000 9863       3       kotlin.reflect.jvm.internal.impl.protobuf.CodedOutputStream::<init> (31 bytes)
Event: 52.960 Thread 0x000001d5537ba000 nmethod 9863 0x000001d53f0ecc10 code [0x000001d53f0ecdc0, 0x000001d53f0ecff8]
Event: 52.960 Thread 0x000001d5537ba000 9864       3       kotlin.reflect.jvm.internal.impl.protobuf.CodedOutputStream::flush (12 bytes)
Event: 52.960 Thread 0x000001d5537ba000 nmethod 9864 0x000001d53f0ed110 code [0x000001d53f0ed2c0, 0x000001d53f0ed428]
Event: 52.960 Thread 0x000001d5537ba000 9865       3       kotlin.reflect.jvm.internal.impl.protobuf.WireFormat::getTagFieldNumber (4 bytes)
Event: 52.960 Thread 0x000001d5537ba000 nmethod 9865 0x000001d53f0ed510 code [0x000001d53f0ed6c0, 0x000001d53f0ed798]
Event: 52.961 Thread 0x000001d5537ba000 9866       3       kotlin.reflect.jvm.internal.impl.name.Name::guessByFirstCharacter (28 bytes)

GC Heap History (20 events):
Event: 37.367 GC heap before
{Heap before GC invocations=54 (full 0):
 garbage-first heap   total 95232K, used 73083K [0x0000000080000000, 0x0000000100000000)
  region size 1024K, 17 young (17408K), 2 survivors (2048K)
 Metaspace       used 71269K, capacity 72882K, committed 72960K, reserved 1112064K
  class space    used 9319K, capacity 9963K, committed 9984K, reserved 1048576K
}
Event: 37.383 GC heap after
{Heap after GC invocations=55 (full 0):
 garbage-first heap   total 95232K, used 58995K [0x0000000080000000, 0x0000000100000000)
  region size 1024K, 3 young (3072K), 3 survivors (3072K)
 Metaspace       used 71269K, capacity 72882K, committed 72960K, reserved 1112064K
  class space    used 9319K, capacity 9963K, committed 9984K, reserved 1048576K
}
Event: 37.785 GC heap before
{Heap before GC invocations=55 (full 0):
 garbage-first heap   total 95232K, used 74355K [0x0000000080000000, 0x0000000100000000)
  region size 1024K, 18 young (18432K), 3 survivors (3072K)
 Metaspace       used 72370K, capacity 74001K, committed 74240K, reserved 1114112K
  class space    used 9485K, capacity 10117K, committed 10240K, reserved 1048576K
}
Event: 37.792 GC heap after
{Heap after GC invocations=56 (full 0):
 garbage-first heap   total 95232K, used 60060K [0x0000000080000000, 0x0000000100000000)
  region size 1024K, 3 young (3072K), 3 survivors (3072K)
 Metaspace       used 72370K, capacity 74001K, committed 74240K, reserved 1114112K
  class space    used 9485K, capacity 10117K, committed 10240K, reserved 1048576K
}
Event: 38.566 GC heap before
{Heap before GC invocations=57 (full 0):
 garbage-first heap   total 95232K, used 75420K [0x0000000080000000, 0x0000000100000000)
  region size 1024K, 18 young (18432K), 3 survivors (3072K)
 Metaspace       used 74105K, capacity 75784K, committed 76032K, reserved 1114112K
  class space    used 9752K, capacity 10411K, committed 10496K, reserved 1048576K
}
Event: 38.573 GC heap after
{Heap after GC invocations=58 (full 0):
 garbage-first heap   total 114688K, used 60309K [0x0000000080000000, 0x0000000100000000)
  region size 1024K, 2 young (2048K), 2 survivors (2048K)
 Metaspace       used 74105K, capacity 75784K, committed 76032K, reserved 1114112K
  class space    used 9752K, capacity 10411K, committed 10496K, reserved 1048576K
}
Event: 39.918 GC heap before
{Heap before GC invocations=58 (full 0):
 garbage-first heap   total 114688K, used 84885K [0x0000000080000000, 0x0000000100000000)
  region size 1024K, 26 young (26624K), 2 survivors (2048K)
 Metaspace       used 77221K, capacity 79028K, committed 79232K, reserved 1118208K
  class space    used 10173K, capacity 10858K, committed 10880K, reserved 1048576K
}
Event: 39.933 GC heap after
{Heap after GC invocations=59 (full 0):
 garbage-first heap   total 114688K, used 61950K [0x0000000080000000, 0x0000000100000000)
  region size 1024K, 3 young (3072K), 3 survivors (3072K)
 Metaspace       used 77221K, capacity 79028K, committed 79232K, reserved 1118208K
  class space    used 10173K, capacity 10858K, committed 10880K, reserved 1048576K
}
Event: 41.374 GC heap before
{Heap before GC invocations=60 (full 0):
 garbage-first heap   total 114688K, used 86526K [0x0000000080000000, 0x0000000100000000)
  region size 1024K, 27 young (27648K), 3 survivors (3072K)
 Metaspace       used 79158K, capacity 81089K, committed 81408K, reserved 1120256K
  class space    used 10428K, capacity 11155K, committed 11264K, reserved 1048576K
}
Event: 41.404 GC heap after
{Heap after GC invocations=61 (full 0):
 garbage-first heap   total 114688K, used 64170K [0x0000000080000000, 0x0000000100000000)
  region size 1024K, 4 young (4096K), 4 survivors (4096K)
 Metaspace       used 79158K, capacity 81089K, committed 81408K, reserved 1120256K
  class space    used 10428K, capacity 11155K, committed 11264K, reserved 1048576K
}
Event: 43.313 GC heap before
{Heap before GC invocations=61 (full 0):
 garbage-first heap   total 114688K, used 87722K [0x0000000080000000, 0x0000000100000000)
  region size 1024K, 28 young (28672K), 4 survivors (4096K)
 Metaspace       used 80885K, capacity 82922K, committed 82944K, reserved 1120256K
  class space    used 10721K, capacity 11511K, committed 11520K, reserved 1048576K
}
Event: 43.339 GC heap after
{Heap after GC invocations=62 (full 0):
 garbage-first heap   total 114688K, used 65937K [0x0000000080000000, 0x0000000100000000)
  region size 1024K, 2 young (2048K), 2 survivors (2048K)
 Metaspace       used 80885K, capacity 82922K, committed 82944K, reserved 1120256K
  class space    used 10721K, capacity 11511K, committed 11520K, reserved 1048576K
}
Event: 45.362 GC heap before
{Heap before GC invocations=63 (full 0):
 garbage-first heap   total 114688K, used 89489K [0x0000000080000000, 0x0000000100000000)
  region size 1024K, 26 young (26624K), 2 survivors (2048K)
 Metaspace       used 81294K, capacity 83431K, committed 83584K, reserved 1122304K
  class space    used 10770K, capacity 11593K, committed 11648K, reserved 1048576K
}
Event: 45.387 GC heap after
{Heap after GC invocations=64 (full 0):
 garbage-first heap   total 146432K, used 67508K [0x0000000080000000, 0x0000000100000000)
  region size 1024K, 4 young (4096K), 4 survivors (4096K)
 Metaspace       used 81294K, capacity 83431K, committed 83584K, reserved 1122304K
  class space    used 10770K, capacity 11593K, committed 11648K, reserved 1048576K
}
Event: 47.733 GC heap before
{Heap before GC invocations=64 (full 0):
 garbage-first heap   total 146432K, used 102324K [0x0000000080000000, 0x0000000100000000)
  region size 1024K, 39 young (39936K), 4 survivors (4096K)
 Metaspace       used 81644K, capacity 83817K, committed 84096K, reserved 1122304K
  class space    used 10777K, capacity 11602K, committed 11648K, reserved 1048576K
}
Event: 47.744 GC heap after
{Heap after GC invocations=65 (full 0):
 garbage-first heap   total 146432K, used 69430K [0x0000000080000000, 0x0000000100000000)
  region size 1024K, 4 young (4096K), 4 survivors (4096K)
 Metaspace       used 81644K, capacity 83817K, committed 84096K, reserved 1122304K
  class space    used 10777K, capacity 11602K, committed 11648K, reserved 1048576K
}
Event: 50.090 GC heap before
{Heap before GC invocations=65 (full 0):
 garbage-first heap   total 146432K, used 108342K [0x0000000080000000, 0x0000000100000000)
  region size 1024K, 43 young (44032K), 4 survivors (4096K)
 Metaspace       used 82253K, capacity 84420K, committed 84736K, reserved 1122304K
  class space    used 10822K, capacity 11655K, committed 11776K, reserved 1048576K
}
Event: 50.119 GC heap after
{Heap after GC invocations=66 (full 0):
 garbage-first heap   total 146432K, used 72726K [0x0000000080000000, 0x0000000100000000)
  region size 1024K, 6 young (6144K), 6 survivors (6144K)
 Metaspace       used 82253K, capacity 84420K, committed 84736K, reserved 1122304K
  class space    used 10822K, capacity 11655K, committed 11776K, reserved 1048576K
}
Event: 52.273 GC heap before
{Heap before GC invocations=67 (full 0):
 garbage-first heap   total 146432K, used 111638K [0x0000000080000000, 0x0000000100000000)
  region size 1024K, 45 young (46080K), 6 survivors (6144K)
 Metaspace       used 84379K, capacity 86483K, committed 87040K, reserved 1124352K
  class space    used 11037K, capacity 11845K, committed 12032K, reserved 1048576K
}
Event: 52.301 GC heap after
{Heap after GC invocations=68 (full 0):
 garbage-first heap   total 146432K, used 74399K [0x0000000080000000, 0x0000000100000000)
  region size 1024K, 2 young (2048K), 2 survivors (2048K)
 Metaspace       used 84379K, capacity 86483K, committed 87040K, reserved 1124352K
  class space    used 11037K, capacity 11845K, committed 12032K, reserved 1048576K
}

Deoptimization events (20 events):
Event: 50.271 Thread 0x000001d559953000 DEOPT PACKING pc=0x000001d5456c7174 sp=0x00000086401fcbc0
Event: 50.272 Thread 0x000001d559953000 DEOPT UNPACKING pc=0x000001d53d6c662f sp=0x00000086401fcbb8 mode 2
Event: 50.312 Thread 0x000001d559953000 Uncommon trap: trap_request=0xffffff4d fr.pc=0x000001d54563e860 relative=0x0000000000000840
Event: 50.312 Thread 0x000001d559953000 Uncommon trap: reason=unstable_if action=reinterpret pc=0x000001d54563e860 method=org.gradle.internal.snapshot.VfsRelativePath.compareToFirstSegment(Ljava/lang/String;Lorg/gradle/internal/snapshot/CaseSensitivity;)I @ 134 c2
Event: 50.312 Thread 0x000001d559953000 DEOPT PACKING pc=0x000001d54563e860 sp=0x00000086401fb8b0
Event: 50.312 Thread 0x000001d559953000 DEOPT UNPACKING pc=0x000001d53d6c662f sp=0x00000086401fb758 mode 2
Event: 50.358 Thread 0x000001d559953000 Uncommon trap: trap_request=0xffffffc6 fr.pc=0x000001d5456c7174 relative=0x0000000000002e14
Event: 50.358 Thread 0x000001d559953000 Uncommon trap: reason=bimorphic_or_optimized_type_check action=maybe_recompile pc=0x000001d5456c7174 method=org.gradle.internal.snapshot.impl.AbstractValueProcessor.processValue(Ljava/lang/Object;Lorg/gradle/internal/snapshot/impl/AbstractValueProcessor$V
Event: 50.358 Thread 0x000001d559953000 DEOPT PACKING pc=0x000001d5456c7174 sp=0x00000086401fcbc0
Event: 50.358 Thread 0x000001d559953000 DEOPT UNPACKING pc=0x000001d53d6c662f sp=0x00000086401fcbb8 mode 2
Event: 51.128 Thread 0x000001d559953000 Uncommon trap: trap_request=0xffffff7e fr.pc=0x000001d5456b268c relative=0x0000000000000bcc
Event: 51.128 Thread 0x000001d559953000 Uncommon trap: reason=predicate action=maybe_recompile pc=0x000001d5456b268c method=com.google.common.collect.RegularImmutableMap.fromEntryArray(I[Ljava/util/Map$Entry;)Lcom/google/common/collect/ImmutableMap; @ 59 c2
Event: 51.129 Thread 0x000001d559953000 DEOPT PACKING pc=0x000001d5456b268c sp=0x00000086401fca70
Event: 51.129 Thread 0x000001d559953000 DEOPT UNPACKING pc=0x000001d53d6c662f sp=0x00000086401fca18 mode 2
Event: 51.131 Thread 0x000001d559953000 DEOPT PACKING pc=0x000001d53f073734 sp=0x00000086401fd410
Event: 51.131 Thread 0x000001d559953000 DEOPT UNPACKING pc=0x000001d53d6c6dde sp=0x00000086401fc820 mode 0
Event: 51.999 Thread 0x000001d559953000 Uncommon trap: trap_request=0xffffff4d fr.pc=0x000001d545584e50 relative=0x0000000000001890
Event: 52.002 Thread 0x000001d559953000 Uncommon trap: reason=unstable_if action=reinterpret pc=0x000001d545584e50 method=java.util.jar.JarFile.getVersionedEntry(Ljava/lang/String;Ljava/util/jar/JarEntry;)Ljava/util/jar/JarEntry; @ 7 c2
Event: 52.002 Thread 0x000001d559953000 DEOPT PACKING pc=0x000001d545584e50 sp=0x00000086401f6cf0
Event: 52.002 Thread 0x000001d559953000 DEOPT UNPACKING pc=0x000001d53d6c662f sp=0x00000086401f6c90 mode 2

Classes redefined (0 events):
No events

Internal exceptions (20 events):
Event: 41.523 Thread 0x000001d555b0a800 Exception <a 'java/lang/NoSuchMethodError'{0x0000000086e4b250}: <clinit>> (0x0000000086e4b250) thrown at [./src/hotspot/share/prims/jni.cpp, line 1362]
Event: 41.529 Thread 0x000001d555b0a800 Exception <a 'java/lang/NoSuchMethodError'{0x0000000086e80c90}: <clinit>> (0x0000000086e80c90) thrown at [./src/hotspot/share/prims/jni.cpp, line 1362]
Event: 41.529 Thread 0x000001d555b0a800 Exception <a 'java/lang/NoSuchMethodError'{0x0000000086e82410}: <clinit>> (0x0000000086e82410) thrown at [./src/hotspot/share/prims/jni.cpp, line 1362]
Event: 41.681 Thread 0x000001d559951800 Exception <a 'java/lang/NoSuchMethodError'{0x0000000086cdaed8}: <clinit>> (0x0000000086cdaed8) thrown at [./src/hotspot/share/prims/jni.cpp, line 1362]
Event: 41.683 Thread 0x000001d559951800 Exception <a 'java/lang/NoSuchMethodError'{0x0000000086cefd90}: <clinit>> (0x0000000086cefd90) thrown at [./src/hotspot/share/prims/jni.cpp, line 1362]
Event: 41.747 Thread 0x000001d559951800 Exception <a 'java/lang/NoSuchMethodError'{0x0000000086b12bc8}: <clinit>> (0x0000000086b12bc8) thrown at [./src/hotspot/share/prims/jni.cpp, line 1362]
Event: 41.750 Thread 0x000001d559951800 Exception <a 'java/lang/NoSuchMethodError'{0x0000000086b1cd08}: 'void java.lang.invoke.DirectMethodHandle$Holder.invokeSpecial(java.lang.Object, java.lang.Object, java.lang.Object, int)'> (0x0000000086b1cd08) thrown at [./src/hotspot/share/interpreter/linkResolver.cpp, line 773]
Event: 41.829 Thread 0x000001d559953000 Exception <a 'java/lang/IncompatibleClassChangeError'{0x0000000086be9618}: Found class java.lang.Object, but interface was expected> (0x0000000086be9618) thrown at [./src/hotspot/share/interpreter/linkResolver.cpp, line 839]
Event: 41.905 Thread 0x000001d555b0a800 Exception <a 'java/lang/NoSuchMethodError'{0x000000008694f1b0}: <clinit>> (0x000000008694f1b0) thrown at [./src/hotspot/share/prims/jni.cpp, line 1362]
Event: 41.938 Thread 0x000001d559953000 Exception <a 'java/lang/NoSuchMethodError'{0x00000000869ebc78}: 'int java.lang.invoke.DirectMethodHandle$Holder.invokeSpecial(java.lang.Object, java.lang.Object, java.lang.Object, java.lang.Object, java.lang.Object)'> (0x00000000869ebc78) thrown at [./src/hotspot/share/interpreter/linkResolver.cpp, line 773]
Event: 42.014 Thread 0x000001d559953000 Exception <a 'java/lang/IncompatibleClassChangeError'{0x0000000086738988}: Found class java.lang.Object, but interface was expected> (0x0000000086738988) thrown at [./src/hotspot/share/interpreter/linkResolver.cpp, line 839]
Event: 42.762 Thread 0x000001d559953000 Exception <a 'java/lang/NoSuchMethodError'{0x0000000085e47378}: 'void java.lang.invoke.DirectMethodHandle$Holder.invokeStatic(java.lang.Object, java.lang.Object, java.lang.Object, java.lang.Object, int, java.lang.Object, java.lang.Object)'> (0x0000000085e47378) thrown at [./src/hotspot/share/interpreter/linkResolver.cpp, line 773]
Event: 42.938 Thread 0x000001d555b7f800 Exception <a 'java/lang/NoSuchMethodError'{0x0000000085be9750}: 'java.lang.Object java.lang.invoke.DirectMethodHandle$Holder.invokeSpecialIFC(java.lang.Object, java.lang.Object, java.lang.Object)'> (0x0000000085be9750) thrown at [./src/hotspot/share/interpreter/linkResolver.cpp, line 773]
Event: 42.938 Thread 0x000001d5571e6800 Exception <a 'java/lang/NoSuchMethodError'{0x0000000085bdf4a8}: 'java.lang.Object java.lang.invoke.DirectMethodHandle$Holder.invokeSpecialIFC(java.lang.Object, java.lang.Object, java.lang.Object)'> (0x0000000085bdf4a8) thrown at [./src/hotspot/share/interpreter/linkResolver.cpp, line 773]
Event: 42.938 Thread 0x000001d559953000 Exception <a 'java/lang/NoSuchMethodError'{0x0000000085ba4178}: 'java.lang.Object java.lang.invoke.DirectMethodHandle$Holder.invokeSpecialIFC(java.lang.Object, java.lang.Object, java.lang.Object)'> (0x0000000085ba4178) thrown at [./src/hotspot/share/interpreter/linkResolver.cpp, line 773]
Event: 43.341 Thread 0x000001d555b7e000 Exception <a 'java/lang/NoSuchMethodError'{0x0000000086f06ab0}: 'int java.lang.invoke.DirectMethodHandle$Holder.invokeStaticInit(java.lang.Object, java.lang.Object, java.lang.Object, java.lang.Object, java.lang.Object)'> (0x0000000086f06ab0) thrown at [./src/hotspot/share/interpreter/linkResolver.cpp, line 773]
Event: 44.787 Thread 0x000001d555b7f800 Exception <a 'java/lang/NoSuchMethodError'{0x00000000861eed28}: 'void java.lang.invoke.DirectMethodHandle$Holder.invokeVirtual(java.lang.Object, java.lang.Object)'> (0x00000000861eed28) thrown at [./src/hotspot/share/interpreter/linkResolver.cpp, line 773]
Event: 46.347 Thread 0x000001d5571e8000 Implicit null exception at 0x000001d54567325b to 0x000001d5456732ec
Event: 47.715 Thread 0x000001d55994b800 Implicit null exception at 0x000001d545692ac6 to 0x000001d545693314
Event: 47.715 Thread 0x000001d555b83800 Implicit null exception at 0x000001d545692ac6 to 0x000001d545693314

Events (20 events):
Event: 52.944 loading class kotlin/reflect/jvm/internal/impl/serialization/deserialization/descriptors/DeserializedMemberScope$OptimizedImplementation$variableNames$2
Event: 52.944 loading class kotlin/reflect/jvm/internal/impl/serialization/deserialization/descriptors/DeserializedMemberScope$OptimizedImplementation$variableNames$2 done
Event: 52.944 loading class kotlin/reflect/jvm/internal/impl/serialization/deserialization/descriptors/DeserializedMemberScope$classNames$2
Event: 52.944 loading class kotlin/reflect/jvm/internal/impl/serialization/deserialization/descriptors/DeserializedMemberScope$classNames$2 done
Event: 52.945 loading class kotlin/reflect/jvm/internal/impl/serialization/deserialization/descriptors/DeserializedMemberScope$classifierNamesLazy$2
Event: 52.945 loading class kotlin/reflect/jvm/internal/impl/serialization/deserialization/descriptors/DeserializedMemberScope$classifierNamesLazy$2 done
Event: 52.945 loading class kotlin/reflect/jvm/internal/impl/serialization/deserialization/descriptors/DeserializedClassDescriptor$DeserializedClassMemberScope$allDescriptors$1
Event: 52.945 loading class kotlin/reflect/jvm/internal/impl/serialization/deserialization/descriptors/DeserializedClassDescriptor$DeserializedClassMemberScope$allDescriptors$1 done
Event: 52.946 loading class kotlin/reflect/jvm/internal/impl/serialization/deserialization/descriptors/DeserializedClassDescriptor$DeserializedClassMemberScope$refinedSupertypes$1
Event: 52.946 loading class kotlin/reflect/jvm/internal/impl/serialization/deserialization/descriptors/DeserializedClassDescriptor$DeserializedClassMemberScope$refinedSupertypes$1 done
Event: 52.950 loading class com/android/build/api/artifact/SingleArtifact$PUBLIC_ANDROID_RESOURCES_LIST
Event: 52.950 loading class com/android/build/api/artifact/SingleArtifact$PUBLIC_ANDROID_RESOURCES_LIST done
Event: 52.951 loading class kotlin/reflect/jvm/internal/impl/serialization/deserialization/descriptors/NonEmptyDeserializedAnnotations
Event: 52.951 loading class kotlin/reflect/jvm/internal/impl/serialization/deserialization/descriptors/NonEmptyDeserializedAnnotations done
Event: 52.951 loading class kotlin/reflect/jvm/internal/impl/serialization/deserialization/descriptors/DeserializedClassDescriptor$annotations$1
Event: 52.951 loading class kotlin/reflect/jvm/internal/impl/serialization/deserialization/descriptors/DeserializedClassDescriptor$annotations$1 done
Event: 52.952 loading class kotlin/reflect/jvm/internal/UtilKt
Event: 52.952 loading class kotlin/reflect/jvm/internal/UtilKt done
Event: 52.954 loading class kotlin/reflect/jvm/internal/impl/resolve/scopes/InnerClassesScopeWrapper
Event: 52.954 loading class kotlin/reflect/jvm/internal/impl/resolve/scopes/InnerClassesScopeWrapper done


Dynamic libraries:
0x00007ff6d2970000 - 0x00007ff6d297a000 	C:\Program Files\Android\Android Studio\jre\bin\java.exe
0x00007ffee5b30000 - 0x00007ffee5d25000 	C:\Windows\SYSTEM32\ntdll.dll
0x00007ffee4040000 - 0x00007ffee40fd000 	C:\Windows\System32\KERNEL32.DLL
0x00007ffee37d0000 - 0x00007ffee3a98000 	C:\Windows\System32\KERNELBASE.dll
0x00007ffee35c0000 - 0x00007ffee36c0000 	C:\Windows\System32\ucrtbase.dll
0x00007ffed0820000 - 0x00007ffed0837000 	C:\Program Files\Android\Android Studio\jre\bin\VCRUNTIME140.dll
0x00007ffed4c30000 - 0x00007ffed4c49000 	C:\Program Files\Android\Android Studio\jre\bin\jli.dll
0x00007ffee5950000 - 0x00007ffee5af0000 	C:\Windows\System32\USER32.dll
0x00007ffee36f0000 - 0x00007ffee3712000 	C:\Windows\System32\win32u.dll
0x00007ffee5100000 - 0x00007ffee512a000 	C:\Windows\System32\GDI32.dll
0x00007ffeca070000 - 0x00007ffeca30a000 	C:\Windows\WinSxS\amd64_microsoft.windows.common-controls_6595b64144ccf1df_6.0.19041.844_none_ca00b6081b84eb1d\COMCTL32.dll
0x00007ffee33d0000 - 0x00007ffee34db000 	C:\Windows\System32\gdi32full.dll
0x00007ffee5190000 - 0x00007ffee522e000 	C:\Windows\System32\msvcrt.dll
0x00007ffee3af0000 - 0x00007ffee3b8d000 	C:\Windows\System32\msvcp_win.dll
0x00007ffee3f00000 - 0x00007ffee3f30000 	C:\Windows\System32\IMM32.DLL
0x00007ffec3a50000 - 0x00007ffec3aed000 	C:\Program Files\Android\Android Studio\jre\bin\msvcp140.dll
0x00007ffea4660000 - 0x00007ffea5135000 	C:\Program Files\Android\Android Studio\jre\bin\server\jvm.dll
0x00007ffee4910000 - 0x00007ffee49bc000 	C:\Windows\System32\ADVAPI32.dll
0x00007ffee3f40000 - 0x00007ffee3fdb000 	C:\Windows\System32\sechost.dll
0x00007ffee5820000 - 0x00007ffee594b000 	C:\Windows\System32\RPCRT4.dll
0x00007ffee5380000 - 0x00007ffee5388000 	C:\Windows\System32\PSAPI.DLL
0x00007ffedeae0000 - 0x00007ffedeae9000 	C:\Windows\SYSTEM32\WSOCK32.dll
0x00007ffed93f0000 - 0x00007ffed9417000 	C:\Windows\SYSTEM32\WINMM.dll
0x00007ffee3cd0000 - 0x00007ffee3d3b000 	C:\Windows\System32\WS2_32.dll
0x00007ffede620000 - 0x00007ffede62a000 	C:\Windows\SYSTEM32\VERSION.dll
0x00007ffee1d60000 - 0x00007ffee1d72000 	C:\Windows\SYSTEM32\kernel.appcore.dll
0x00007ffedb610000 - 0x00007ffedb621000 	C:\Program Files\Android\Android Studio\jre\bin\verify.dll
0x00007ffee10f0000 - 0x00007ffee12d4000 	C:\Windows\SYSTEM32\DBGHELP.DLL
0x00007ffed7270000 - 0x00007ffed729c000 	C:\Windows\SYSTEM32\dbgcore.DLL
0x00007ffee34e0000 - 0x00007ffee3560000 	C:\Windows\System32\bcryptPrimitives.dll
0x00007ffedb5e0000 - 0x00007ffedb609000 	C:\Program Files\Android\Android Studio\jre\bin\java.dll
0x00007ffedead0000 - 0x00007ffedeadb000 	C:\Program Files\Android\Android Studio\jre\bin\jimage.dll
0x00007ffedb5c0000 - 0x00007ffedb5d8000 	C:\Program Files\Android\Android Studio\jre\bin\zip.dll
0x00007ffee41b0000 - 0x00007ffee48f2000 	C:\Windows\System32\SHELL32.dll
0x00007ffee1560000 - 0x00007ffee1cf1000 	C:\Windows\SYSTEM32\windows.storage.dll
0x00007ffee5390000 - 0x00007ffee56e5000 	C:\Windows\System32\combase.dll
0x00007ffee2c10000 - 0x00007ffee2c3c000 	C:\Windows\SYSTEM32\Wldp.dll
0x00007ffee3e50000 - 0x00007ffee3efe000 	C:\Windows\System32\SHCORE.dll
0x00007ffee3b90000 - 0x00007ffee3be5000 	C:\Windows\System32\shlwapi.dll
0x00007ffee31b0000 - 0x00007ffee31cf000 	C:\Windows\SYSTEM32\profapi.dll
0x00007ffedb5a0000 - 0x00007ffedb5ba000 	C:\Program Files\Android\Android Studio\jre\bin\net.dll
0x00007ffedbf10000 - 0x00007ffedc01b000 	C:\Windows\SYSTEM32\WINHTTP.dll
0x00007ffee2980000 - 0x00007ffee29ea000 	C:\Windows\system32\mswsock.dll
0x00007ffedb580000 - 0x00007ffedb594000 	C:\Program Files\Android\Android Studio\jre\bin\nio.dll
0x00007ffed3720000 - 0x00007ffed3747000 	C:\Users\Pixel\.gradle\native\e1d6ef7f7dcc3fd88c89a11ec53ec762bb8ba0a96d01ffa2cd45eb1d1d8dd5c5\windows-amd64\native-platform.dll
0x00007ffec3800000 - 0x00007ffec3944000 	C:\Users\Pixel\.gradle\native\0d407fdbe67a94daf76414ababcb853783967236a71b16ec16e742cd7a986fd3\windows-amd64\native-platform-file-events.dll
0x00007ffedb570000 - 0x00007ffedb57a000 	C:\Program Files\Android\Android Studio\jre\bin\management.dll
0x00007ffedb560000 - 0x00007ffedb56d000 	C:\Program Files\Android\Android Studio\jre\bin\management_ext.dll
0x00007ffee2b50000 - 0x00007ffee2b68000 	C:\Windows\SYSTEM32\CRYPTSP.dll
0x00007ffee24d0000 - 0x00007ffee2504000 	C:\Windows\system32\rsaenh.dll
0x00007ffee36c0000 - 0x00007ffee36e7000 	C:\Windows\System32\bcrypt.dll
0x00007ffee30e0000 - 0x00007ffee310e000 	C:\Windows\SYSTEM32\USERENV.dll
0x00007ffee2b70000 - 0x00007ffee2b7c000 	C:\Windows\SYSTEM32\CRYPTBASE.dll
0x00007ffee2670000 - 0x00007ffee26ab000 	C:\Windows\SYSTEM32\IPHLPAPI.DLL
0x00007ffee3f30000 - 0x00007ffee3f38000 	C:\Windows\System32\NSI.dll
0x00007ffedd710000 - 0x00007ffedd727000 	C:\Windows\SYSTEM32\dhcpcsvc6.DLL
0x00007ffedd910000 - 0x00007ffedd92d000 	C:\Windows\SYSTEM32\dhcpcsvc.DLL
0x00007ffee2710000 - 0x00007ffee27dc000 	C:\Windows\SYSTEM32\DNSAPI.dll

dbghelp: loaded successfully - version: 4.0.5 - missing functions: none
symbol engine: initialized successfully - sym options: 0x614 - pdb path: .;C:\Program Files\Android\Android Studio\jre\bin;C:\Windows\SYSTEM32;C:\Windows\WinSxS\amd64_microsoft.windows.common-controls_6595b64144ccf1df_6.0.19041.844_none_ca00b6081b84eb1d;C:\Program Files\Android\Android Studio\jre\bin\server;C:\Users\Pixel\.gradle\native\e1d6ef7f7dcc3fd88c89a11ec53ec762bb8ba0a96d01ffa2cd45eb1d1d8dd5c5\windows-amd64;C:\Users\Pixel\.gradle\native\0d407fdbe67a94daf76414ababcb853783967236a71b16ec16e742cd7a986fd3\windows-amd64

VM Arguments:
jvm_args: --add-opens=java.base/java.util=ALL-UNNAMED --add-opens=java.base/java.lang=ALL-UNNAMED --add-opens=java.base/java.lang.invoke=ALL-UNNAMED --add-opens=java.base/java.util=ALL-UNNAMED --add-opens=java.prefs/java.util.prefs=ALL-UNNAMED --add-opens=java.prefs/java.util.prefs=ALL-UNNAMED --add-opens=java.base/java.nio.charset=ALL-UNNAMED --add-opens=java.base/java.net=ALL-UNNAMED --add-opens=java.base/java.util.concurrent.atomic=ALL-UNNAMED -Xmx2048m -Dfile.encoding=UTF-8 -Duser.country=US -Duser.language=en -Duser.variant 
java_command: org.gradle.launcher.daemon.bootstrap.GradleDaemon 7.4.2
java_class_path (initial): F:\gradle\gradle-7.4.2\lib\gradle-launcher-7.4.2.jar
Launcher Type: SUN_STANDARD

[Global flags]
     intx CICompilerCount                          = 3                                         {product} {ergonomic}
     uint ConcGCThreads                            = 1                                         {product} {ergonomic}
     uint G1ConcRefinementThreads                  = 4                                         {product} {ergonomic}
   size_t G1HeapRegionSize                         = 1048576                                   {product} {ergonomic}
    uintx GCDrainStackTargetSize                   = 64                                        {product} {ergonomic}
   size_t InitialHeapSize                          = 67108864                                  {product} {ergonomic}
   size_t MarkStackSize                            = 4194304                                   {product} {ergonomic}
   size_t MaxHeapSize                              = 2147483648                                {product} {command line}
   size_t MaxNewSize                               = 1287651328                                {product} {ergonomic}
   size_t MinHeapDeltaBytes                        = 1048576                                   {product} {ergonomic}
    uintx NonNMethodCodeHeapSize                   = 5830732                                {pd product} {ergonomic}
    uintx NonProfiledCodeHeapSize                  = 122913754                              {pd product} {ergonomic}
    uintx ProfiledCodeHeapSize                     = 122913754                              {pd product} {ergonomic}
    uintx ReservedCodeCacheSize                    = 251658240                              {pd product} {ergonomic}
     bool SegmentedCodeCache                       = true                                      {product} {ergonomic}
     bool UseCompressedClassPointers               = true                                 {lp64_product} {ergonomic}
     bool UseCompressedOops                        = true                                 {lp64_product} {ergonomic}
     bool UseG1GC                                  = true                                      {product} {ergonomic}
     bool UseLargePagesIndividualAllocation        = false                                  {pd product} {ergonomic}

Logging:
Log output configuration:
 #0: stdout all=warning uptime,level,tags
 #1: stderr all=off uptime,level,tags

Environment Variables:
PATH=C:\Windows\system32;C:\Windows;C:\Windows\System32\Wbem;C:\Windows\System32\WindowsPowerShell\v1.0\;C:\Windows\System32\OpenSSH\;C:\Users\Pixel\AppData\Local\Microsoft\WindowsApps;
USERNAME=Pixel
OS=Windows_NT
PROCESSOR_IDENTIFIER=Intel64 Family 6 Model 142 Stepping 10, GenuineIntel



---------------  S Y S T E M  ---------------

OS: Windows 10 , 64 bit Build 19041 (10.0.19041.804)
OS uptime: 0 days 0:39 hours

CPU:total 4 (initial active 4) (2 cores per cpu, 2 threads per core) family 6 model 142 stepping 10 microcode 0xb4, cmov, cx8, fxsr, mmx, sse, sse2, sse3, ssse3, sse4.1, sse4.2, popcnt, avx, avx2, aes, clmul, erms, 3dnowpref, lzcnt, ht, tsc, tscinvbit, bmi1, bmi2, adx, fma

Memory: 4k page, system-wide physical 4011M (39M free)
TotalPageFile size 4011M (AvailPageFile size 5M)
current process WorkingSet (physical memory assigned to process): 199M, peak: 231M
current process commit charge ("private bytes"): 406M, peak: 406M

vm_info: OpenJDK 64-Bit Server VM (11.0.11+9-b60-7590822) for windows-amd64 JRE (11.0.11+9-b60-7590822), built on Jul 29 2021 21:43:44 by "builder" with MS VC++ 14.0 (VS2015)

END.
